[0.013s] Invoking command in '/home/kortex_ws/build/robotiq_driver': AMENT_PREFIX_PATH=/home/kortex_ws/install/hardware_interface:/home/kortex_ws/install/serial:/home/kortex_ws/install/ros2_control_test_assets:/home/kortex_ws/install/control_msgs:${AMENT_PREFIX_PATH} CMAKE_PREFIX_PATH=/home/kortex_ws/install/hardware_interface:/home/kortex_ws/install/serial:/home/kortex_ws/install/ros2_control_test_assets:/home/kortex_ws/install/control_msgs:/opt/ros/humble LD_LIBRARY_PATH=/home/kortex_ws/install/hardware_interface/lib:/home/kortex_ws/install/serial/lib:/home/kortex_ws/install/control_msgs/lib:${LD_LIBRARY_PATH} PYTHONPATH=/home/kortex_ws/install/control_msgs/local/lib/python3.10/dist-packages:${PYTHONPATH} /usr/bin/cmake /home/kortex_ws/src/ros2_robotiq_gripper/robotiq_driver -DCMAKE_INSTALL_PREFIX=/home/kortex_ws/install/robotiq_driver
[0.080s] -- The CXX compiler identification is GNU 11.4.0
[0.088s] -- Detecting CXX compiler ABI info
[0.176s] -- Detecting CXX compiler ABI info - done
[0.183s] -- Check for working CXX compiler: /usr/bin/c++ - skipped
[0.183s] -- Detecting CXX compile features
[0.183s] -- Detecting CXX compile features - done
[0.190s] -- Found ament_cmake: 1.3.8 (/opt/ros/humble/share/ament_cmake/cmake)
[0.342s] -- Found Python3: /usr/bin/python3 (found version "3.10.12") found components: Interpreter 
[0.457s] -- Found hardware_interface: 2.41.0 (/home/kortex_ws/install/hardware_interface/share/hardware_interface/cmake)
[0.518s] -- Found rosidl_generator_c: 3.1.5 (/opt/ros/humble/share/rosidl_generator_c/cmake)
[0.526s] -- Found rosidl_adapter: 3.1.5 (/opt/ros/humble/share/rosidl_adapter/cmake)
[0.537s] -- Found rosidl_generator_cpp: 3.1.5 (/opt/ros/humble/share/rosidl_generator_cpp/cmake)
[0.553s] -- Using all available rosidl_typesupport_c: rosidl_typesupport_fastrtps_c;rosidl_typesupport_introspection_c
[0.576s] -- Using all available rosidl_typesupport_cpp: rosidl_typesupport_fastrtps_cpp;rosidl_typesupport_introspection_cpp
[1.259s] -- Found rmw_implementation_cmake: 6.1.1 (/opt/ros/humble/share/rmw_implementation_cmake/cmake)
[1.263s] -- Found rmw_cyclonedds_cpp: 1.3.4 (/opt/ros/humble/share/rmw_cyclonedds_cpp/cmake)
[1.301s] -- Using RMW implementation 'rmw_cyclonedds_cpp' as default
[1.318s] -- Looking for C++ include pthread.h
[1.414s] -- Looking for C++ include pthread.h - found
[1.414s] -- Performing Test CMAKE_HAVE_LIBC_PTHREAD
[1.506s] -- Performing Test CMAKE_HAVE_LIBC_PTHREAD - Success
[1.507s] -- Found Threads: TRUE  
[1.654s] -- Found serial: 1.2.1 (/home/kortex_ws/install/serial/share/serial/cmake)
[1.726s] -- Found ament_cmake_gtest: 1.3.8 (/opt/ros/humble/share/ament_cmake_gtest/cmake)
[1.732s] -- Found ament_cmake_gmock: 1.3.8 (/opt/ros/humble/share/ament_cmake_gmock/cmake)
[1.737s] -- Found ament_lint_auto: 0.12.10 (/opt/ros/humble/share/ament_lint_auto/cmake)
[1.738s] -- Found ros2_control_test_assets: 2.41.0 (/home/kortex_ws/install/ros2_control_test_assets/share/ros2_control_test_assets/cmake)
[1.896s] -- Found gmock sources under '/opt/ros/humble/src/gmock_vendor': C++ tests using 'Google Mock' will be built
[1.939s] -- The C compiler identification is GNU 11.4.0
[1.946s] -- Detecting C compiler ABI info
[2.026s] -- Detecting C compiler ABI info - done
[2.038s] -- Check for working C compiler: /usr/bin/cc - skipped
[2.038s] -- Detecting C compile features
[2.039s] -- Detecting C compile features - done
[2.047s] -- Found gtest sources under '/opt/ros/humble/src/gtest_vendor': C++ tests using 'Google Test' will be built
[2.127s] -- Configuring done
[2.347s] -- Generating done
[2.354s] -- Build files have been written to: /home/kortex_ws/build/robotiq_driver
[2.386s] Invoked command in '/home/kortex_ws/build/robotiq_driver' returned '0': AMENT_PREFIX_PATH=/home/kortex_ws/install/hardware_interface:/home/kortex_ws/install/serial:/home/kortex_ws/install/ros2_control_test_assets:/home/kortex_ws/install/control_msgs:${AMENT_PREFIX_PATH} CMAKE_PREFIX_PATH=/home/kortex_ws/install/hardware_interface:/home/kortex_ws/install/serial:/home/kortex_ws/install/ros2_control_test_assets:/home/kortex_ws/install/control_msgs:/opt/ros/humble LD_LIBRARY_PATH=/home/kortex_ws/install/hardware_interface/lib:/home/kortex_ws/install/serial/lib:/home/kortex_ws/install/control_msgs/lib:${LD_LIBRARY_PATH} PYTHONPATH=/home/kortex_ws/install/control_msgs/local/lib/python3.10/dist-packages:${PYTHONPATH} /usr/bin/cmake /home/kortex_ws/src/ros2_robotiq_gripper/robotiq_driver -DCMAKE_INSTALL_PREFIX=/home/kortex_ws/install/robotiq_driver
[2.386s] Invoking command in '/home/kortex_ws/build/robotiq_driver': AMENT_PREFIX_PATH=/home/kortex_ws/install/hardware_interface:/home/kortex_ws/install/serial:/home/kortex_ws/install/ros2_control_test_assets:/home/kortex_ws/install/control_msgs:${AMENT_PREFIX_PATH} CMAKE_PREFIX_PATH=/home/kortex_ws/install/hardware_interface:/home/kortex_ws/install/serial:/home/kortex_ws/install/ros2_control_test_assets:/home/kortex_ws/install/control_msgs:/opt/ros/humble LD_LIBRARY_PATH=/home/kortex_ws/install/hardware_interface/lib:/home/kortex_ws/install/serial/lib:/home/kortex_ws/install/control_msgs/lib:${LD_LIBRARY_PATH} PYTHONPATH=/home/kortex_ws/install/control_msgs/local/lib/python3.10/dist-packages:${PYTHONPATH} /usr/bin/cmake --build /home/kortex_ws/build/robotiq_driver -- -j16 -l16
[2.519s] [  4%] [32mBuilding CXX object CMakeFiles/robotiq_driver.dir/src/hardware_interface.cpp.o[0m
[2.536s] [  8%] [32mBuilding CXX object CMakeFiles/robotiq_driver.dir/src/data_utils.cpp.o[0m
[2.537s] [ 12%] [32mBuilding CXX object CMakeFiles/robotiq_driver.dir/src/crc_utils.cpp.o[0m
[2.538s] [ 20%] [32mBuilding CXX object gmock/CMakeFiles/gmock.dir/opt/ros/humble/src/gtest_vendor/src/gtest-all.cc.o[0m
[2.538s] [ 16%] [32mBuilding CXX object CMakeFiles/robotiq_driver.dir/src/default_driver.cpp.o[0m
[2.549s] [ 25%] [32mBuilding CXX object gmock/CMakeFiles/gmock.dir/src/gmock-all.cc.o[0m
[2.554s] [ 29%] [32mBuilding CXX object CMakeFiles/robotiq_driver.dir/src/default_driver_factory.cpp.o[0m
[2.566s] [ 33%] [32mBuilding CXX object gmock/CMakeFiles/gmock_main.dir/src/gmock_main.cc.o[0m
[2.626s] [ 37%] [32mBuilding CXX object CMakeFiles/robotiq_driver.dir/src/fake/fake_driver.cpp.o[0m
[2.627s] [ 41%] [32mBuilding CXX object CMakeFiles/robotiq_driver.dir/src/default_serial.cpp.o[0m
[2.646s] [ 45%] [32mBuilding CXX object CMakeFiles/robotiq_driver.dir/src/default_serial_factory.cpp.o[0m
[6.701s] [ 50%] [32m[1mLinking CXX static library libgmock_main.a[0m
[7.023s] [ 50%] Built target gmock_main
[9.852s] [ 54%] [32m[1mLinking CXX static library libgmock.a[0m
[10.088s] [ 54%] Built target gmock
[10.289s] [ 58%] [32m[1mLinking CXX shared library librobotiq_driver.so[0m
[11.362s] [ 58%] Built target robotiq_driver
[11.493s] [ 62%] [32mBuilding CXX object tests/CMakeFiles/test_robotiq_gripper_hardware_interface.dir/test_robotiq_gripper_hardware_interface.cpp.o[0m
[11.503s] [ 66%] [32mBuilding CXX object tests/CMakeFiles/test_default_serial_factory.dir/test_default_serial_factory.cpp.o[0m
[11.538s] [ 70%] [32mBuilding CXX object tests/CMakeFiles/test_default_driver_factory.dir/test_default_driver_factory.cpp.o[0m
[11.597s] [ 75%] [32mBuilding CXX object tests/CMakeFiles/test_crc_utils.dir/test_crc_utils.cpp.o[0m
[11.620s] [ 79%] [32mBuilding CXX object tests/CMakeFiles/test_data_utils.dir/test_data_utils.cpp.o[0m
[14.973s] [ 83%] [32m[1mLinking CXX executable test_data_utils[0m
[15.083s] [ 87%] [32m[1mLinking CXX executable test_crc_utils[0m
[16.085s] [ 87%] Built target test_crc_utils
[16.169s] [ 87%] Built target test_data_utils
[19.016s] [ 91%] [32m[1mLinking CXX executable test_default_serial_factory[0m
[19.950s] [ 91%] Built target test_default_serial_factory
[21.983s] [ 95%] [32m[1mLinking CXX executable test_robotiq_gripper_hardware_interface[0m
[22.426s] [ 95%] Built target test_robotiq_gripper_hardware_interface
[22.934s] [100%] [32m[1mLinking CXX executable test_default_driver_factory[0m
[23.264s] [100%] Built target test_default_driver_factory
[23.280s] Invoked command in '/home/kortex_ws/build/robotiq_driver' returned '0': AMENT_PREFIX_PATH=/home/kortex_ws/install/hardware_interface:/home/kortex_ws/install/serial:/home/kortex_ws/install/ros2_control_test_assets:/home/kortex_ws/install/control_msgs:${AMENT_PREFIX_PATH} CMAKE_PREFIX_PATH=/home/kortex_ws/install/hardware_interface:/home/kortex_ws/install/serial:/home/kortex_ws/install/ros2_control_test_assets:/home/kortex_ws/install/control_msgs:/opt/ros/humble LD_LIBRARY_PATH=/home/kortex_ws/install/hardware_interface/lib:/home/kortex_ws/install/serial/lib:/home/kortex_ws/install/control_msgs/lib:${LD_LIBRARY_PATH} PYTHONPATH=/home/kortex_ws/install/control_msgs/local/lib/python3.10/dist-packages:${PYTHONPATH} /usr/bin/cmake --build /home/kortex_ws/build/robotiq_driver -- -j16 -l16
[23.348s] Invoking command in '/home/kortex_ws/build/robotiq_driver': AMENT_PREFIX_PATH=/home/kortex_ws/install/hardware_interface:/home/kortex_ws/install/serial:/home/kortex_ws/install/ros2_control_test_assets:/home/kortex_ws/install/control_msgs:${AMENT_PREFIX_PATH} CMAKE_PREFIX_PATH=/home/kortex_ws/install/hardware_interface:/home/kortex_ws/install/serial:/home/kortex_ws/install/ros2_control_test_assets:/home/kortex_ws/install/control_msgs:/opt/ros/humble LD_LIBRARY_PATH=/home/kortex_ws/install/hardware_interface/lib:/home/kortex_ws/install/serial/lib:/home/kortex_ws/install/control_msgs/lib:${LD_LIBRARY_PATH} PYTHONPATH=/home/kortex_ws/install/control_msgs/local/lib/python3.10/dist-packages:${PYTHONPATH} /usr/bin/cmake --install /home/kortex_ws/build/robotiq_driver
[23.358s] -- Install configuration: ""
[23.358s] -- Installing: /home/kortex_ws/install/robotiq_driver/share/robotiq_driver/hardware_interface_plugin.xml
[23.358s] -- Installing: /home/kortex_ws/install/robotiq_driver/share/robotiq_driver/environment/library_path.sh
[23.359s] -- Installing: /home/kortex_ws/install/robotiq_driver/share/robotiq_driver/environment/library_path.dsv
[23.359s] -- Installing: /home/kortex_ws/install/robotiq_driver/include
[23.359s] -- Installing: /home/kortex_ws/install/robotiq_driver/include/robotiq_driver
[23.359s] -- Installing: /home/kortex_ws/install/robotiq_driver/include/robotiq_driver/driver_factory.hpp
[23.359s] -- Installing: /home/kortex_ws/install/robotiq_driver/include/robotiq_driver/driver_exception.hpp
[23.359s] -- Installing: /home/kortex_ws/install/robotiq_driver/include/robotiq_driver/default_driver_factory.hpp
[23.359s] -- Installing: /home/kortex_ws/install/robotiq_driver/include/robotiq_driver/serial_factory.hpp
[23.360s] -- Installing: /home/kortex_ws/install/robotiq_driver/include/robotiq_driver/default_serial.hpp
[23.360s] -- Installing: /home/kortex_ws/install/robotiq_driver/include/robotiq_driver/data_utils.hpp
[23.360s] -- Installing: /home/kortex_ws/install/robotiq_driver/include/robotiq_driver/fake
[23.360s] -- Installing: /home/kortex_ws/install/robotiq_driver/include/robotiq_driver/fake/fake_driver.hpp
[23.360s] -- Installing: /home/kortex_ws/install/robotiq_driver/include/robotiq_driver/crc_utils.hpp
[23.360s] -- Installing: /home/kortex_ws/install/robotiq_driver/include/robotiq_driver/default_serial_factory.hpp
[23.360s] -- Installing: /home/kortex_ws/install/robotiq_driver/include/robotiq_driver/visibility_control.hpp
[23.360s] -- Installing: /home/kortex_ws/install/robotiq_driver/include/robotiq_driver/hardware_interface.hpp
[23.360s] -- Installing: /home/kortex_ws/install/robotiq_driver/include/robotiq_driver/driver.hpp
[23.361s] -- Installing: /home/kortex_ws/install/robotiq_driver/include/robotiq_driver/default_driver.hpp
[23.361s] -- Installing: /home/kortex_ws/install/robotiq_driver/include/robotiq_driver/serial.hpp
[23.361s] -- Installing: /home/kortex_ws/install/robotiq_driver/lib/librobotiq_driver.so
[23.364s] -- Set runtime path of "/home/kortex_ws/install/robotiq_driver/lib/librobotiq_driver.so" to ""
[23.364s] -- Installing: /home/kortex_ws/install/robotiq_driver/share/ament_index/resource_index/package_run_dependencies/robotiq_driver
[23.364s] -- Installing: /home/kortex_ws/install/robotiq_driver/share/ament_index/resource_index/parent_prefix_path/robotiq_driver
[23.364s] -- Installing: /home/kortex_ws/install/robotiq_driver/share/robotiq_driver/environment/ament_prefix_path.sh
[23.364s] -- Installing: /home/kortex_ws/install/robotiq_driver/share/robotiq_driver/environment/ament_prefix_path.dsv
[23.364s] -- Installing: /home/kortex_ws/install/robotiq_driver/share/robotiq_driver/environment/path.sh
[23.365s] -- Installing: /home/kortex_ws/install/robotiq_driver/share/robotiq_driver/environment/path.dsv
[23.365s] -- Installing: /home/kortex_ws/install/robotiq_driver/share/robotiq_driver/local_setup.bash
[23.365s] -- Installing: /home/kortex_ws/install/robotiq_driver/share/robotiq_driver/local_setup.sh
[23.365s] -- Installing: /home/kortex_ws/install/robotiq_driver/share/robotiq_driver/local_setup.zsh
[23.365s] -- Installing: /home/kortex_ws/install/robotiq_driver/share/robotiq_driver/local_setup.dsv
[23.366s] -- Installing: /home/kortex_ws/install/robotiq_driver/share/robotiq_driver/package.dsv
[23.366s] -- Installing: /home/kortex_ws/install/robotiq_driver/share/ament_index/resource_index/packages/robotiq_driver
[23.366s] -- Installing: /home/kortex_ws/install/robotiq_driver/share/ament_index/resource_index/hardware_interface__pluginlib__plugin/robotiq_driver
[23.366s] -- Installing: /home/kortex_ws/install/robotiq_driver/share/robotiq_driver/cmake/robotiq_driver_targetsExport.cmake
[23.366s] -- Installing: /home/kortex_ws/install/robotiq_driver/share/robotiq_driver/cmake/robotiq_driver_targetsExport-noconfig.cmake
[23.366s] -- Installing: /home/kortex_ws/install/robotiq_driver/share/robotiq_driver/cmake/ament_cmake_export_targets-extras.cmake
[23.367s] -- Installing: /home/kortex_ws/install/robotiq_driver/share/robotiq_driver/cmake/ament_cmake_export_dependencies-extras.cmake
[23.367s] -- Installing: /home/kortex_ws/install/robotiq_driver/share/robotiq_driver/cmake/ament_cmake_export_include_directories-extras.cmake
[23.367s] -- Installing: /home/kortex_ws/install/robotiq_driver/share/robotiq_driver/cmake/ament_cmake_export_libraries-extras.cmake
[23.367s] -- Installing: /home/kortex_ws/install/robotiq_driver/share/robotiq_driver/cmake/robotiq_driverConfig.cmake
[23.367s] -- Installing: /home/kortex_ws/install/robotiq_driver/share/robotiq_driver/cmake/robotiq_driverConfig-version.cmake
[23.367s] -- Installing: /home/kortex_ws/install/robotiq_driver/share/robotiq_driver/package.xml
[23.370s] Invoked command in '/home/kortex_ws/build/robotiq_driver' returned '0': AMENT_PREFIX_PATH=/home/kortex_ws/install/hardware_interface:/home/kortex_ws/install/serial:/home/kortex_ws/install/ros2_control_test_assets:/home/kortex_ws/install/control_msgs:${AMENT_PREFIX_PATH} CMAKE_PREFIX_PATH=/home/kortex_ws/install/hardware_interface:/home/kortex_ws/install/serial:/home/kortex_ws/install/ros2_control_test_assets:/home/kortex_ws/install/control_msgs:/opt/ros/humble LD_LIBRARY_PATH=/home/kortex_ws/install/hardware_interface/lib:/home/kortex_ws/install/serial/lib:/home/kortex_ws/install/control_msgs/lib:${LD_LIBRARY_PATH} PYTHONPATH=/home/kortex_ws/install/control_msgs/local/lib/python3.10/dist-packages:${PYTHONPATH} /usr/bin/cmake --install /home/kortex_ws/build/robotiq_driver
