[1.366s] Invoking command in '/home/kortex_ws/src/ros2_control/ros2controlcli': AMENT_PREFIX_PATH=/home/kortex_ws/install/controller_manager:/home/kortex_ws/install/controller_interface:/home/kortex_ws/install/hardware_interface:/home/kortex_ws/install/ros2_control_test_assets:/home/kortex_ws/install/controller_manager_msgs:/home/kortex_ws/install/control_msgs:${AMENT_PREFIX_PATH} CMAKE_PREFIX_PATH=/home/kortex_ws/install/controller_manager:/home/kortex_ws/install/controller_interface:/home/kortex_ws/install/hardware_interface:/home/kortex_ws/install/ros2_control_test_assets:/home/kortex_ws/install/controller_manager_msgs:/home/kortex_ws/install/control_msgs LD_LIBRARY_PATH=/home/kortex_ws/install/controller_manager/lib:/home/kortex_ws/install/controller_interface/lib:/home/kortex_ws/install/hardware_interface/lib:/home/kortex_ws/install/controller_manager_msgs/lib:/home/kortex_ws/install/control_msgs/lib:${LD_LIBRARY_PATH} PYTHONPATH=/home/kortex_ws/build/ros2controlcli/prefix_override:/home/kortex_ws/install/ros2controlcli/lib/python3.10/site-packages:/home/kortex_ws/install/controller_manager/local/lib/python3.10/dist-packages:/home/kortex_ws/install/controller_manager_msgs/local/lib/python3.10/dist-packages:/home/kortex_ws/install/control_msgs/local/lib/python3.10/dist-packages:${PYTHONPATH} /usr/bin/python3 -W ignore:setup.py install is deprecated setup.py egg_info --egg-base ../../../build/ros2controlcli build --build-base /home/kortex_ws/build/ros2controlcli/build install --record /home/kortex_ws/build/ros2controlcli/install.log --single-version-externally-managed install_data
[4.419s] running egg_info
[4.419s] creating ../../../build/ros2controlcli/ros2controlcli.egg-info
[4.419s] writing ../../../build/ros2controlcli/ros2controlcli.egg-info/PKG-INFO
[4.420s] writing dependency_links to ../../../build/ros2controlcli/ros2controlcli.egg-info/dependency_links.txt
[4.420s] writing entry points to ../../../build/ros2controlcli/ros2controlcli.egg-info/entry_points.txt
[4.420s] writing requirements to ../../../build/ros2controlcli/ros2controlcli.egg-info/requires.txt
[4.420s] writing top-level names to ../../../build/ros2controlcli/ros2controlcli.egg-info/top_level.txt
[4.420s] writing manifest file '../../../build/ros2controlcli/ros2controlcli.egg-info/SOURCES.txt'
[4.420s] reading manifest file '../../../build/ros2controlcli/ros2controlcli.egg-info/SOURCES.txt'
[4.420s] writing manifest file '../../../build/ros2controlcli/ros2controlcli.egg-info/SOURCES.txt'
[4.420s] running build
[4.420s] running build_py
[4.421s] creating /home/kortex_ws/build/ros2controlcli/build
[4.422s] creating /home/kortex_ws/build/ros2controlcli/build/lib
[4.426s] creating /home/kortex_ws/build/ros2controlcli/build/lib/ros2controlcli
[4.427s] copying ros2controlcli/__init__.py -> /home/kortex_ws/build/ros2controlcli/build/lib/ros2controlcli
[4.427s] creating /home/kortex_ws/build/ros2controlcli/build/lib/ros2controlcli/verb
[4.427s] copying ros2controlcli/verb/load_controller.py -> /home/kortex_ws/build/ros2controlcli/build/lib/ros2controlcli/verb
[4.427s] copying ros2controlcli/verb/set_controller_state.py -> /home/kortex_ws/build/ros2controlcli/build/lib/ros2controlcli/verb
[4.427s] copying ros2controlcli/verb/view_controller_chains.py -> /home/kortex_ws/build/ros2controlcli/build/lib/ros2controlcli/verb
[4.427s] copying ros2controlcli/verb/switch_controllers.py -> /home/kortex_ws/build/ros2controlcli/build/lib/ros2controlcli/verb
[4.427s] copying ros2controlcli/verb/list_controller_types.py -> /home/kortex_ws/build/ros2controlcli/build/lib/ros2controlcli/verb
[4.427s] copying ros2controlcli/verb/set_hardware_component_state.py -> /home/kortex_ws/build/ros2controlcli/build/lib/ros2controlcli/verb
[4.427s] copying ros2controlcli/verb/list_hardware_components.py -> /home/kortex_ws/build/ros2controlcli/build/lib/ros2controlcli/verb
[4.427s] copying ros2controlcli/verb/list_controllers.py -> /home/kortex_ws/build/ros2controlcli/build/lib/ros2controlcli/verb
[4.428s] copying ros2controlcli/verb/__init__.py -> /home/kortex_ws/build/ros2controlcli/build/lib/ros2controlcli/verb
[4.428s] copying ros2controlcli/verb/list_hardware_interfaces.py -> /home/kortex_ws/build/ros2controlcli/build/lib/ros2controlcli/verb
[4.428s] copying ros2controlcli/verb/unload_controller.py -> /home/kortex_ws/build/ros2controlcli/build/lib/ros2controlcli/verb
[4.428s] copying ros2controlcli/verb/reload_controller_libraries.py -> /home/kortex_ws/build/ros2controlcli/build/lib/ros2controlcli/verb
[4.428s] creating /home/kortex_ws/build/ros2controlcli/build/lib/ros2controlcli/api
[4.428s] copying ros2controlcli/api/__init__.py -> /home/kortex_ws/build/ros2controlcli/build/lib/ros2controlcli/api
[4.428s] creating /home/kortex_ws/build/ros2controlcli/build/lib/ros2controlcli/command
[4.428s] copying ros2controlcli/command/control.py -> /home/kortex_ws/build/ros2controlcli/build/lib/ros2controlcli/command
[4.428s] copying ros2controlcli/command/__init__.py -> /home/kortex_ws/build/ros2controlcli/build/lib/ros2controlcli/command
[4.428s] running install
[4.428s] running install_lib
[4.429s] creating /home/kortex_ws/install/ros2controlcli/lib/python3.10/site-packages/ros2controlcli
[4.429s] creating /home/kortex_ws/install/ros2controlcli/lib/python3.10/site-packages/ros2controlcli/verb
[4.429s] copying /home/kortex_ws/build/ros2controlcli/build/lib/ros2controlcli/verb/load_controller.py -> /home/kortex_ws/install/ros2controlcli/lib/python3.10/site-packages/ros2controlcli/verb
[4.429s] copying /home/kortex_ws/build/ros2controlcli/build/lib/ros2controlcli/verb/set_controller_state.py -> /home/kortex_ws/install/ros2controlcli/lib/python3.10/site-packages/ros2controlcli/verb
[4.429s] copying /home/kortex_ws/build/ros2controlcli/build/lib/ros2controlcli/verb/view_controller_chains.py -> /home/kortex_ws/install/ros2controlcli/lib/python3.10/site-packages/ros2controlcli/verb
[4.429s] copying /home/kortex_ws/build/ros2controlcli/build/lib/ros2controlcli/verb/switch_controllers.py -> /home/kortex_ws/install/ros2controlcli/lib/python3.10/site-packages/ros2controlcli/verb
[4.429s] copying /home/kortex_ws/build/ros2controlcli/build/lib/ros2controlcli/verb/list_controller_types.py -> /home/kortex_ws/install/ros2controlcli/lib/python3.10/site-packages/ros2controlcli/verb
[4.429s] copying /home/kortex_ws/build/ros2controlcli/build/lib/ros2controlcli/verb/set_hardware_component_state.py -> /home/kortex_ws/install/ros2controlcli/lib/python3.10/site-packages/ros2controlcli/verb
[4.429s] copying /home/kortex_ws/build/ros2controlcli/build/lib/ros2controlcli/verb/list_hardware_components.py -> /home/kortex_ws/install/ros2controlcli/lib/python3.10/site-packages/ros2controlcli/verb
[4.429s] copying /home/kortex_ws/build/ros2controlcli/build/lib/ros2controlcli/verb/list_controllers.py -> /home/kortex_ws/install/ros2controlcli/lib/python3.10/site-packages/ros2controlcli/verb
[4.429s] copying /home/kortex_ws/build/ros2controlcli/build/lib/ros2controlcli/verb/__init__.py -> /home/kortex_ws/install/ros2controlcli/lib/python3.10/site-packages/ros2controlcli/verb
[4.430s] copying /home/kortex_ws/build/ros2controlcli/build/lib/ros2controlcli/verb/list_hardware_interfaces.py -> /home/kortex_ws/install/ros2controlcli/lib/python3.10/site-packages/ros2controlcli/verb
[4.430s] copying /home/kortex_ws/build/ros2controlcli/build/lib/ros2controlcli/verb/unload_controller.py -> /home/kortex_ws/install/ros2controlcli/lib/python3.10/site-packages/ros2controlcli/verb
[4.430s] copying /home/kortex_ws/build/ros2controlcli/build/lib/ros2controlcli/verb/reload_controller_libraries.py -> /home/kortex_ws/install/ros2controlcli/lib/python3.10/site-packages/ros2controlcli/verb
[4.430s] creating /home/kortex_ws/install/ros2controlcli/lib/python3.10/site-packages/ros2controlcli/api
[4.430s] copying /home/kortex_ws/build/ros2controlcli/build/lib/ros2controlcli/api/__init__.py -> /home/kortex_ws/install/ros2controlcli/lib/python3.10/site-packages/ros2controlcli/api
[4.430s] creating /home/kortex_ws/install/ros2controlcli/lib/python3.10/site-packages/ros2controlcli/command
[4.430s] copying /home/kortex_ws/build/ros2controlcli/build/lib/ros2controlcli/command/control.py -> /home/kortex_ws/install/ros2controlcli/lib/python3.10/site-packages/ros2controlcli/command
[4.430s] copying /home/kortex_ws/build/ros2controlcli/build/lib/ros2controlcli/command/__init__.py -> /home/kortex_ws/install/ros2controlcli/lib/python3.10/site-packages/ros2controlcli/command
[4.430s] copying /home/kortex_ws/build/ros2controlcli/build/lib/ros2controlcli/__init__.py -> /home/kortex_ws/install/ros2controlcli/lib/python3.10/site-packages/ros2controlcli
[4.430s] byte-compiling /home/kortex_ws/install/ros2controlcli/lib/python3.10/site-packages/ros2controlcli/verb/load_controller.py to load_controller.cpython-310.pyc
[4.430s] byte-compiling /home/kortex_ws/install/ros2controlcli/lib/python3.10/site-packages/ros2controlcli/verb/set_controller_state.py to set_controller_state.cpython-310.pyc
[4.430s] byte-compiling /home/kortex_ws/install/ros2controlcli/lib/python3.10/site-packages/ros2controlcli/verb/view_controller_chains.py to view_controller_chains.cpython-310.pyc
[4.431s] byte-compiling /home/kortex_ws/install/ros2controlcli/lib/python3.10/site-packages/ros2controlcli/verb/switch_controllers.py to switch_controllers.cpython-310.pyc
[4.431s] byte-compiling /home/kortex_ws/install/ros2controlcli/lib/python3.10/site-packages/ros2controlcli/verb/list_controller_types.py to list_controller_types.cpython-310.pyc
[4.431s] byte-compiling /home/kortex_ws/install/ros2controlcli/lib/python3.10/site-packages/ros2controlcli/verb/set_hardware_component_state.py to set_hardware_component_state.cpython-310.pyc
[4.431s] byte-compiling /home/kortex_ws/install/ros2controlcli/lib/python3.10/site-packages/ros2controlcli/verb/list_hardware_components.py to list_hardware_components.cpython-310.pyc
[4.431s] byte-compiling /home/kortex_ws/install/ros2controlcli/lib/python3.10/site-packages/ros2controlcli/verb/list_controllers.py to list_controllers.cpython-310.pyc
[4.431s] byte-compiling /home/kortex_ws/install/ros2controlcli/lib/python3.10/site-packages/ros2controlcli/verb/__init__.py to __init__.cpython-310.pyc
[4.431s] byte-compiling /home/kortex_ws/install/ros2controlcli/lib/python3.10/site-packages/ros2controlcli/verb/list_hardware_interfaces.py to list_hardware_interfaces.cpython-310.pyc
[4.431s] byte-compiling /home/kortex_ws/install/ros2controlcli/lib/python3.10/site-packages/ros2controlcli/verb/unload_controller.py to unload_controller.cpython-310.pyc
[4.431s] byte-compiling /home/kortex_ws/install/ros2controlcli/lib/python3.10/site-packages/ros2controlcli/verb/reload_controller_libraries.py to reload_controller_libraries.cpython-310.pyc
[4.431s] byte-compiling /home/kortex_ws/install/ros2controlcli/lib/python3.10/site-packages/ros2controlcli/api/__init__.py to __init__.cpython-310.pyc
[4.437s] byte-compiling /home/kortex_ws/install/ros2controlcli/lib/python3.10/site-packages/ros2controlcli/command/control.py to control.cpython-310.pyc
[4.437s] byte-compiling /home/kortex_ws/install/ros2controlcli/lib/python3.10/site-packages/ros2controlcli/command/__init__.py to __init__.cpython-310.pyc
[4.437s] byte-compiling /home/kortex_ws/install/ros2controlcli/lib/python3.10/site-packages/ros2controlcli/__init__.py to __init__.cpython-310.pyc
[4.437s] running install_data
[4.437s] copying package.xml -> /home/kortex_ws/install/ros2controlcli/share/ros2controlcli
[4.437s] creating /home/kortex_ws/install/ros2controlcli/share/ament_index
[4.437s] creating /home/kortex_ws/install/ros2controlcli/share/ament_index/resource_index
[4.438s] creating /home/kortex_ws/install/ros2controlcli/share/ament_index/resource_index/packages
[4.438s] copying resource/ros2controlcli -> /home/kortex_ws/install/ros2controlcli/share/ament_index/resource_index/packages
[4.438s] running install_egg_info
[4.438s] Copying ../../../build/ros2controlcli/ros2controlcli.egg-info to /home/kortex_ws/install/ros2controlcli/lib/python3.10/site-packages/ros2controlcli-2.41.0-py3.10.egg-info
[4.438s] running install_scripts
[4.438s] writing list of installed files to '/home/kortex_ws/build/ros2controlcli/install.log'
[4.446s] Invoked command in '/home/kortex_ws/src/ros2_control/ros2controlcli' returned '0': AMENT_PREFIX_PATH=/home/kortex_ws/install/controller_manager:/home/kortex_ws/install/controller_interface:/home/kortex_ws/install/hardware_interface:/home/kortex_ws/install/ros2_control_test_assets:/home/kortex_ws/install/controller_manager_msgs:/home/kortex_ws/install/control_msgs:${AMENT_PREFIX_PATH} CMAKE_PREFIX_PATH=/home/kortex_ws/install/controller_manager:/home/kortex_ws/install/controller_interface:/home/kortex_ws/install/hardware_interface:/home/kortex_ws/install/ros2_control_test_assets:/home/kortex_ws/install/controller_manager_msgs:/home/kortex_ws/install/control_msgs LD_LIBRARY_PATH=/home/kortex_ws/install/controller_manager/lib:/home/kortex_ws/install/controller_interface/lib:/home/kortex_ws/install/hardware_interface/lib:/home/kortex_ws/install/controller_manager_msgs/lib:/home/kortex_ws/install/control_msgs/lib:${LD_LIBRARY_PATH} PYTHONPATH=/home/kortex_ws/build/ros2controlcli/prefix_override:/home/kortex_ws/install/ros2controlcli/lib/python3.10/site-packages:/home/kortex_ws/install/controller_manager/local/lib/python3.10/dist-packages:/home/kortex_ws/install/controller_manager_msgs/local/lib/python3.10/dist-packages:/home/kortex_ws/install/control_msgs/local/lib/python3.10/dist-packages:${PYTHONPATH} /usr/bin/python3 -W ignore:setup.py install is deprecated setup.py egg_info --egg-base ../../../build/ros2controlcli build --build-base /home/kortex_ws/build/ros2controlcli/build install --record /home/kortex_ws/build/ros2controlcli/install.log --single-version-externally-managed install_data
