[0.006s] Invoking command in '/home/moveit/build/dual_arm_panda_moveit_config': AMENT_PREFIX_PATH=/home/moveit/install/moveit_resources_panda_description:${AMENT_PREFIX_PATH} CMAKE_PREFIX_PATH=/home/moveit/install/moveit_resources_panda_description:/opt/ros/humble /usr/bin/cmake /home/moveit/src/moveit_resources/dual_arm_panda_moveit_config -DCMAKE_BUILD_TYPE=Release -DCMAKE_INSTALL_PREFIX=/home/moveit/install/dual_arm_panda_moveit_config
[0.053s] -- The C compiler identification is GNU 11.4.0
[0.099s] -- The CXX compiler identification is GNU 11.4.0
[0.106s] -- Detecting C compiler ABI info
[0.167s] -- Detecting C compiler ABI info - done
[0.172s] -- Check for working C compiler: /usr/bin/cc - skipped
[0.172s] -- Detecting C compile features
[0.173s] -- Detecting C compile features - done
[0.175s] -- Detecting CXX compiler ABI info
[0.245s] -- Detecting CXX compiler ABI info - done
[0.250s] -- Check for working CXX compiler: /usr/bin/c++ - skipped
[0.251s] -- Detecting CXX compile features
[0.251s] -- Detecting CXX compile features - done
[0.255s] -- Found ament_cmake: 1.3.9 (/opt/ros/humble/share/ament_cmake/cmake)
[0.375s] -- Found Python3: /usr/bin/python3 (found version "3.10.12") found components: Interpreter 
[0.515s] -- Configuring done
[0.517s] -- Generating done
[0.518s] -- Build files have been written to: /home/moveit/build/dual_arm_panda_moveit_config
[0.522s] Invoked command in '/home/moveit/build/dual_arm_panda_moveit_config' returned '0': AMENT_PREFIX_PATH=/home/moveit/install/moveit_resources_panda_description:${AMENT_PREFIX_PATH} CMAKE_PREFIX_PATH=/home/moveit/install/moveit_resources_panda_description:/opt/ros/humble /usr/bin/cmake /home/moveit/src/moveit_resources/dual_arm_panda_moveit_config -DCMAKE_BUILD_TYPE=Release -DCMAKE_INSTALL_PREFIX=/home/moveit/install/dual_arm_panda_moveit_config
[0.523s] Invoking command in '/home/moveit/build/dual_arm_panda_moveit_config': AMENT_PREFIX_PATH=/home/moveit/install/moveit_resources_panda_description:${AMENT_PREFIX_PATH} CMAKE_PREFIX_PATH=/home/moveit/install/moveit_resources_panda_description:/opt/ros/humble /usr/bin/cmake --build /home/moveit/build/dual_arm_panda_moveit_config -- -j16 -l16
[0.559s] Invoked command in '/home/moveit/build/dual_arm_panda_moveit_config' returned '0': AMENT_PREFIX_PATH=/home/moveit/install/moveit_resources_panda_description:${AMENT_PREFIX_PATH} CMAKE_PREFIX_PATH=/home/moveit/install/moveit_resources_panda_description:/opt/ros/humble /usr/bin/cmake --build /home/moveit/build/dual_arm_panda_moveit_config -- -j16 -l16
[0.581s] Invoking command in '/home/moveit/build/dual_arm_panda_moveit_config': AMENT_PREFIX_PATH=/home/moveit/install/moveit_resources_panda_description:${AMENT_PREFIX_PATH} CMAKE_PREFIX_PATH=/home/moveit/install/moveit_resources_panda_description:/opt/ros/humble /usr/bin/cmake --install /home/moveit/build/dual_arm_panda_moveit_config
[0.587s] -- Install configuration: "Release"
[0.588s] -- Installing: /home/moveit/install/dual_arm_panda_moveit_config/share/ament_index/resource_index/package_run_dependencies/dual_arm_panda_moveit_config
[0.588s] -- Installing: /home/moveit/install/dual_arm_panda_moveit_config/share/ament_index/resource_index/parent_prefix_path/dual_arm_panda_moveit_config
[0.588s] -- Installing: /home/moveit/install/dual_arm_panda_moveit_config/share/dual_arm_panda_moveit_config/environment/ament_prefix_path.sh
[0.588s] -- Installing: /home/moveit/install/dual_arm_panda_moveit_config/share/dual_arm_panda_moveit_config/environment/ament_prefix_path.dsv
[0.588s] -- Installing: /home/moveit/install/dual_arm_panda_moveit_config/share/dual_arm_panda_moveit_config/environment/path.sh
[0.588s] -- Installing: /home/moveit/install/dual_arm_panda_moveit_config/share/dual_arm_panda_moveit_config/environment/path.dsv
[0.588s] -- Installing: /home/moveit/install/dual_arm_panda_moveit_config/share/dual_arm_panda_moveit_config/local_setup.bash
[0.589s] -- Installing: /home/moveit/install/dual_arm_panda_moveit_config/share/dual_arm_panda_moveit_config/local_setup.sh
[0.589s] -- Installing: /home/moveit/install/dual_arm_panda_moveit_config/share/dual_arm_panda_moveit_config/local_setup.zsh
[0.589s] -- Installing: /home/moveit/install/dual_arm_panda_moveit_config/share/dual_arm_panda_moveit_config/local_setup.dsv
[0.589s] -- Installing: /home/moveit/install/dual_arm_panda_moveit_config/share/dual_arm_panda_moveit_config/package.dsv
[0.589s] -- Installing: /home/moveit/install/dual_arm_panda_moveit_config/share/ament_index/resource_index/packages/dual_arm_panda_moveit_config
[0.589s] -- Installing: /home/moveit/install/dual_arm_panda_moveit_config/share/dual_arm_panda_moveit_config/cmake/dual_arm_panda_moveit_configConfig.cmake
[0.589s] -- Installing: /home/moveit/install/dual_arm_panda_moveit_config/share/dual_arm_panda_moveit_config/cmake/dual_arm_panda_moveit_configConfig-version.cmake
[0.590s] -- Installing: /home/moveit/install/dual_arm_panda_moveit_config/share/dual_arm_panda_moveit_config/package.xml
[0.590s] -- Installing: /home/moveit/install/dual_arm_panda_moveit_config/share/dual_arm_panda_moveit_config/launch
[0.590s] -- Installing: /home/moveit/install/dual_arm_panda_moveit_config/share/dual_arm_panda_moveit_config/launch/demo.launch.py
[0.590s] -- Installing: /home/moveit/install/dual_arm_panda_moveit_config/share/dual_arm_panda_moveit_config/launch/moveit.rviz
[0.590s] -- Installing: /home/moveit/install/dual_arm_panda_moveit_config/share/dual_arm_panda_moveit_config/config
[0.590s] -- Installing: /home/moveit/install/dual_arm_panda_moveit_config/share/dual_arm_panda_moveit_config/config/joint_limits.yaml
[0.590s] -- Installing: /home/moveit/install/dual_arm_panda_moveit_config/share/dual_arm_panda_moveit_config/config/ros2_controllers.yaml
[0.590s] -- Installing: /home/moveit/install/dual_arm_panda_moveit_config/share/dual_arm_panda_moveit_config/config/pilz_cartesian_limits.yaml
[0.590s] -- Installing: /home/moveit/install/dual_arm_panda_moveit_config/share/dual_arm_panda_moveit_config/config/panda.ros2_control.xacro
[0.591s] -- Installing: /home/moveit/install/dual_arm_panda_moveit_config/share/dual_arm_panda_moveit_config/config/right_initial_positions.yaml
[0.591s] -- Installing: /home/moveit/install/dual_arm_panda_moveit_config/share/dual_arm_panda_moveit_config/config/panda_hand.ros2_control.xacro
[0.591s] -- Installing: /home/moveit/install/dual_arm_panda_moveit_config/share/dual_arm_panda_moveit_config/config/panda_arm_macro.xacro
[0.591s] -- Installing: /home/moveit/install/dual_arm_panda_moveit_config/share/dual_arm_panda_moveit_config/config/hand.xacro
[0.591s] -- Installing: /home/moveit/install/dual_arm_panda_moveit_config/share/dual_arm_panda_moveit_config/config/panda.srdf
[0.591s] -- Installing: /home/moveit/install/dual_arm_panda_moveit_config/share/dual_arm_panda_moveit_config/config/panda.urdf.xacro
[0.591s] -- Installing: /home/moveit/install/dual_arm_panda_moveit_config/share/dual_arm_panda_moveit_config/config/ompl_planning.yaml
[0.591s] -- Installing: /home/moveit/install/dual_arm_panda_moveit_config/share/dual_arm_panda_moveit_config/config/kinematics.yaml
[0.591s] -- Installing: /home/moveit/install/dual_arm_panda_moveit_config/share/dual_arm_panda_moveit_config/config/moveit_controllers.yaml
[0.592s] -- Installing: /home/moveit/install/dual_arm_panda_moveit_config/share/dual_arm_panda_moveit_config/config/left_initial_positions.yaml
[0.594s] Invoked command in '/home/moveit/build/dual_arm_panda_moveit_config' returned '0': AMENT_PREFIX_PATH=/home/moveit/install/moveit_resources_panda_description:${AMENT_PREFIX_PATH} CMAKE_PREFIX_PATH=/home/moveit/install/moveit_resources_panda_description:/opt/ros/humble /usr/bin/cmake --install /home/moveit/build/dual_arm_panda_moveit_config
