[0.019s] Invoking command in '/home/moveit/build/moveit_kinematics': AMENT_PREFIX_PATH=/home/moveit/install/moveit_ros_planning:/home/moveit/install/moveit_ros_occupancy_map_monitor:/home/moveit/install/moveit_core:/home/moveit/install/moveit_resources_panda_moveit_config:/home/moveit/install/moveit_resources_fanuc_moveit_config:/home/moveit/install/moveit_resources_panda_description:/home/moveit/install/moveit_resources_fanuc_description:/home/moveit/install/moveit_msgs:/home/moveit/install/moveit_configs_utils:/home/moveit/install/moveit_common:${AMENT_PREFIX_PATH} CMAKE_PREFIX_PATH=/home/moveit/install/moveit_ros_planning:/home/moveit/install/moveit_ros_occupancy_map_monitor:/home/moveit/install/moveit_core:/home/moveit/install/moveit_resources_panda_moveit_config:/home/moveit/install/moveit_resources_fanuc_moveit_config:/home/moveit/install/moveit_resources_panda_description:/home/moveit/install/moveit_resources_fanuc_description:/home/moveit/install/moveit_msgs:/home/moveit/install/moveit_common:/opt/ros/humble LD_LIBRARY_PATH=/home/moveit/install/moveit_ros_planning/lib:/home/moveit/install/moveit_ros_occupancy_map_monitor/lib:/home/moveit/install/moveit_core/lib:/home/moveit/install/moveit_msgs/lib:${LD_LIBRARY_PATH} PATH=/home/moveit/install/moveit_core/bin:${PATH} PYTHONPATH=/home/moveit/install/moveit_msgs/local/lib/python3.10/dist-packages:/home/moveit/install/moveit_configs_utils/lib/python3.10/site-packages:${PYTHONPATH} /usr/bin/cmake --build /home/moveit/build/moveit_kinematics -- -j16 -l16
[0.097s] [ 15%] Built target cached_ik_kinematics_parameters
[0.097s] [ 15%] Built target srv_kinematics_parameters
[0.097s] [ 15%] Built target kdl_kinematics_parameters
[0.097s] [ 25%] Built target gtest_main
[0.098s] [ 35%] Built target gtest
[0.111s] [ 45%] Built target benchmark_ik
[0.129s] [ 70%] Built target moveit_srv_kinematics_plugin
[0.129s] [ 70%] Built target moveit_kdl_kinematics_plugin
[0.160s] [ 90%] Built target moveit_cached_ik_kinematics_base
[0.160s] [ 90%] Built target test_kinematics_plugin
[0.190s] [100%] Built target moveit_cached_ik_kinematics_plugin
[0.200s] Invoked command in '/home/moveit/build/moveit_kinematics' returned '0': AMENT_PREFIX_PATH=/home/moveit/install/moveit_ros_planning:/home/moveit/install/moveit_ros_occupancy_map_monitor:/home/moveit/install/moveit_core:/home/moveit/install/moveit_resources_panda_moveit_config:/home/moveit/install/moveit_resources_fanuc_moveit_config:/home/moveit/install/moveit_resources_panda_description:/home/moveit/install/moveit_resources_fanuc_description:/home/moveit/install/moveit_msgs:/home/moveit/install/moveit_configs_utils:/home/moveit/install/moveit_common:${AMENT_PREFIX_PATH} CMAKE_PREFIX_PATH=/home/moveit/install/moveit_ros_planning:/home/moveit/install/moveit_ros_occupancy_map_monitor:/home/moveit/install/moveit_core:/home/moveit/install/moveit_resources_panda_moveit_config:/home/moveit/install/moveit_resources_fanuc_moveit_config:/home/moveit/install/moveit_resources_panda_description:/home/moveit/install/moveit_resources_fanuc_description:/home/moveit/install/moveit_msgs:/home/moveit/install/moveit_common:/opt/ros/humble LD_LIBRARY_PATH=/home/moveit/install/moveit_ros_planning/lib:/home/moveit/install/moveit_ros_occupancy_map_monitor/lib:/home/moveit/install/moveit_core/lib:/home/moveit/install/moveit_msgs/lib:${LD_LIBRARY_PATH} PATH=/home/moveit/install/moveit_core/bin:${PATH} PYTHONPATH=/home/moveit/install/moveit_msgs/local/lib/python3.10/dist-packages:/home/moveit/install/moveit_configs_utils/lib/python3.10/site-packages:${PYTHONPATH} /usr/bin/cmake --build /home/moveit/build/moveit_kinematics -- -j16 -l16
[0.230s] Invoking command in '/home/moveit/build/moveit_kinematics': AMENT_PREFIX_PATH=/home/moveit/install/moveit_ros_planning:/home/moveit/install/moveit_ros_occupancy_map_monitor:/home/moveit/install/moveit_core:/home/moveit/install/moveit_resources_panda_moveit_config:/home/moveit/install/moveit_resources_fanuc_moveit_config:/home/moveit/install/moveit_resources_panda_description:/home/moveit/install/moveit_resources_fanuc_description:/home/moveit/install/moveit_msgs:/home/moveit/install/moveit_configs_utils:/home/moveit/install/moveit_common:${AMENT_PREFIX_PATH} CMAKE_PREFIX_PATH=/home/moveit/install/moveit_ros_planning:/home/moveit/install/moveit_ros_occupancy_map_monitor:/home/moveit/install/moveit_core:/home/moveit/install/moveit_resources_panda_moveit_config:/home/moveit/install/moveit_resources_fanuc_moveit_config:/home/moveit/install/moveit_resources_panda_description:/home/moveit/install/moveit_resources_fanuc_description:/home/moveit/install/moveit_msgs:/home/moveit/install/moveit_common:/opt/ros/humble LD_LIBRARY_PATH=/home/moveit/install/moveit_ros_planning/lib:/home/moveit/install/moveit_ros_occupancy_map_monitor/lib:/home/moveit/install/moveit_core/lib:/home/moveit/install/moveit_msgs/lib:${LD_LIBRARY_PATH} PATH=/home/moveit/install/moveit_core/bin:${PATH} PYTHONPATH=/home/moveit/install/moveit_msgs/local/lib/python3.10/dist-packages:/home/moveit/install/moveit_configs_utils/lib/python3.10/site-packages:${PYTHONPATH} /usr/bin/cmake --install /home/moveit/build/moveit_kinematics
[0.241s] -- Install configuration: "Release"
[0.241s] -- Up-to-date: /home/moveit/install/moveit_kinematics/share/moveit_kinematics/kdl_kinematics_plugin_description.xml
[0.241s] -- Up-to-date: /home/moveit/install/moveit_kinematics/share/moveit_kinematics/srv_kinematics_plugin_description.xml
[0.241s] -- Up-to-date: /home/moveit/install/moveit_kinematics/share/moveit_kinematics/cached_ik_kinematics_plugin_description.xml
[0.241s] -- Up-to-date: /home/moveit/install/moveit_kinematics/include/cached_ik_kinematics_parameters
[0.242s] -- Up-to-date: /home/moveit/install/moveit_kinematics/include/cached_ik_kinematics_parameters/cached_ik_kinematics_parameters.hpp
[0.242s] -- Up-to-date: /home/moveit/install/moveit_kinematics/include/moveit_kinematics
[0.242s] -- Up-to-date: /home/moveit/install/moveit_kinematics/include/moveit_kinematics/moveit
[0.242s] -- Up-to-date: /home/moveit/install/moveit_kinematics/include/moveit_kinematics/moveit/cached_ik_kinematics_plugin
[0.242s] -- Up-to-date: /home/moveit/install/moveit_kinematics/include/moveit_kinematics/moveit/cached_ik_kinematics_plugin/cached_ik_kinematics_plugin.h
[0.242s] -- Up-to-date: /home/moveit/install/moveit_kinematics/include/moveit_kinematics/moveit/cached_ik_kinematics_plugin/detail
[0.242s] -- Up-to-date: /home/moveit/install/moveit_kinematics/include/moveit_kinematics/moveit/cached_ik_kinematics_plugin/detail/GreedyKCenters.h
[0.242s] -- Up-to-date: /home/moveit/install/moveit_kinematics/include/moveit_kinematics/moveit/cached_ik_kinematics_plugin/detail/NearestNeighbors.h
[0.242s] -- Up-to-date: /home/moveit/install/moveit_kinematics/include/moveit_kinematics/moveit/cached_ik_kinematics_plugin/detail/NearestNeighborsGNAT.h
[0.242s] -- Up-to-date: /home/moveit/install/moveit_kinematics/include/moveit_kinematics/moveit/cached_ik_kinematics_plugin/cached_ik_kinematics_parameters.yaml
[0.242s] -- Up-to-date: /home/moveit/install/moveit_kinematics/include/moveit_kinematics/moveit/cached_ik_kinematics_plugin/cached_ik_kinematics_plugin-inl.h
[0.243s] -- Up-to-date: /home/moveit/install/moveit_kinematics/share/moveit_kinematics/launch
[0.243s] -- Up-to-date: /home/moveit/install/moveit_kinematics/share/moveit_kinematics/launch/measure_ik_call_cost.launch
[0.243s] -- Up-to-date: /home/moveit/install/moveit_kinematics/lib/moveit_kinematics/auto_create_ikfast_moveit_plugin.sh
[0.243s] -- Up-to-date: /home/moveit/install/moveit_kinematics/lib/moveit_kinematics/create_ikfast_moveit_plugin.py
[0.243s] -- Up-to-date: /home/moveit/install/moveit_kinematics/lib/moveit_kinematics/round_collada_numbers.py
[0.243s] -- Up-to-date: /home/moveit/install/moveit_kinematics/share/moveit_kinematics/ikfast_kinematics_plugin/templates
[0.243s] -- Up-to-date: /home/moveit/install/moveit_kinematics/share/moveit_kinematics/ikfast_kinematics_plugin/templates/ikfast61_moveit_plugin_template.cpp
[0.243s] -- Up-to-date: /home/moveit/install/moveit_kinematics/share/moveit_kinematics/ikfast_kinematics_plugin/templates/ikfast_kinematics_parameters.yaml
[0.244s] -- Up-to-date: /home/moveit/install/moveit_kinematics/share/moveit_kinematics/ikfast_kinematics_plugin/templates/ikfast.h
[0.244s] -- Up-to-date: /home/moveit/install/moveit_kinematics/share/moveit_kinematics/ikfast_kinematics_plugin/templates/CMakeLists.txt
[0.244s] -- Up-to-date: /home/moveit/install/moveit_kinematics/include/kdl_kinematics_parameters
[0.244s] -- Up-to-date: /home/moveit/install/moveit_kinematics/include/kdl_kinematics_parameters/kdl_kinematics_parameters.hpp
[0.244s] -- Up-to-date: /home/moveit/install/moveit_kinematics/include/moveit_kinematics
[0.244s] -- Up-to-date: /home/moveit/install/moveit_kinematics/include/moveit_kinematics/moveit
[0.244s] -- Up-to-date: /home/moveit/install/moveit_kinematics/include/moveit_kinematics/moveit/kdl_kinematics_plugin
[0.244s] -- Up-to-date: /home/moveit/install/moveit_kinematics/include/moveit_kinematics/moveit/kdl_kinematics_plugin/chainiksolver_vel_mimic_svd.hpp
[0.244s] -- Up-to-date: /home/moveit/install/moveit_kinematics/include/moveit_kinematics/moveit/kdl_kinematics_plugin/joint_mimic.hpp
[0.244s] -- Up-to-date: /home/moveit/install/moveit_kinematics/include/moveit_kinematics/moveit/kdl_kinematics_plugin/kdl_kinematics_plugin.h
[0.244s] -- Up-to-date: /home/moveit/install/moveit_kinematics/include/srv_kinematics_parameters
[0.244s] -- Up-to-date: /home/moveit/install/moveit_kinematics/include/srv_kinematics_parameters/srv_kinematics_parameters.hpp
[0.244s] -- Up-to-date: /home/moveit/install/moveit_kinematics/include/moveit_kinematics
[0.245s] -- Up-to-date: /home/moveit/install/moveit_kinematics/include/moveit_kinematics/moveit
[0.245s] -- Up-to-date: /home/moveit/install/moveit_kinematics/include/moveit_kinematics/moveit/srv_kinematics_plugin
[0.245s] -- Up-to-date: /home/moveit/install/moveit_kinematics/include/moveit_kinematics/moveit/srv_kinematics_plugin/srv_kinematics_plugin.h
[0.245s] -- Up-to-date: /home/moveit/install/moveit_kinematics/share/moveit_kinematics/config
[0.245s] -- Up-to-date: /home/moveit/install/moveit_kinematics/share/moveit_kinematics/config/panda-kdl-singular-test.yaml
[0.245s] -- Up-to-date: /home/moveit/install/moveit_kinematics/share/moveit_kinematics/config/fanuc-kdl-singular-test.yaml
[0.245s] -- Up-to-date: /home/moveit/install/moveit_kinematics/share/moveit_kinematics/config/panda-kdl-test.yaml
[0.245s] -- Up-to-date: /home/moveit/install/moveit_kinematics/share/moveit_kinematics/config/fanuc-kdl-test.yaml
[0.245s] -- Up-to-date: /home/moveit/install/moveit_kinematics/share/moveit_kinematics/launch
[0.245s] -- Up-to-date: /home/moveit/install/moveit_kinematics/share/moveit_kinematics/launch/fanuc-kdl-singular.test.py
[0.245s] -- Up-to-date: /home/moveit/install/moveit_kinematics/share/moveit_kinematics/launch/panda-kdl-singular.test.py
[0.246s] -- Up-to-date: /home/moveit/install/moveit_kinematics/share/moveit_kinematics/launch/fanuc-kdl.test.py
[0.246s] -- Up-to-date: /home/moveit/install/moveit_kinematics/share/moveit_kinematics/launch/panda-kdl.test.py
[0.246s] -- Up-to-date: /home/moveit/install/moveit_kinematics/lib/moveit_kinematics/benchmark_ik
[0.246s] -- Up-to-date: /home/moveit/install/moveit_kinematics/lib/moveit_kinematics/test_kinematics_plugin
[0.247s] -- Up-to-date: /home/moveit/install/moveit_kinematics/lib/libmoveit_cached_ik_kinematics_base.so.2.9.0
[0.247s] -- Up-to-date: /home/moveit/install/moveit_kinematics/lib/libmoveit_cached_ik_kinematics_base.so
[0.248s] -- Up-to-date: /home/moveit/install/moveit_kinematics/lib/libmoveit_cached_ik_kinematics_plugin.so.2.9.0
[0.248s] -- Up-to-date: /home/moveit/install/moveit_kinematics/lib/libmoveit_cached_ik_kinematics_plugin.so
[0.248s] -- Up-to-date: /home/moveit/install/moveit_kinematics/lib/libmoveit_kdl_kinematics_plugin.so
[0.249s] -- Up-to-date: /home/moveit/install/moveit_kinematics/lib/libmoveit_srv_kinematics_plugin.so.2.9.0
[0.249s] -- Up-to-date: /home/moveit/install/moveit_kinematics/lib/libmoveit_srv_kinematics_plugin.so
[0.249s] -- Up-to-date: /home/moveit/install/moveit_kinematics/share/moveit_kinematics/environment/library_path.sh
[0.249s] -- Up-to-date: /home/moveit/install/moveit_kinematics/share/moveit_kinematics/environment/library_path.dsv
[0.250s] -- Up-to-date: /home/moveit/install/moveit_kinematics/share/ament_index/resource_index/package_run_dependencies/moveit_kinematics
[0.250s] -- Up-to-date: /home/moveit/install/moveit_kinematics/share/ament_index/resource_index/parent_prefix_path/moveit_kinematics
[0.250s] -- Up-to-date: /home/moveit/install/moveit_kinematics/share/moveit_kinematics/environment/ament_prefix_path.sh
[0.250s] -- Up-to-date: /home/moveit/install/moveit_kinematics/share/moveit_kinematics/environment/ament_prefix_path.dsv
[0.250s] -- Up-to-date: /home/moveit/install/moveit_kinematics/share/moveit_kinematics/environment/path.sh
[0.250s] -- Up-to-date: /home/moveit/install/moveit_kinematics/share/moveit_kinematics/environment/path.dsv
[0.250s] -- Up-to-date: /home/moveit/install/moveit_kinematics/share/moveit_kinematics/local_setup.bash
[0.250s] -- Up-to-date: /home/moveit/install/moveit_kinematics/share/moveit_kinematics/local_setup.sh
[0.250s] -- Up-to-date: /home/moveit/install/moveit_kinematics/share/moveit_kinematics/local_setup.zsh
[0.250s] -- Up-to-date: /home/moveit/install/moveit_kinematics/share/moveit_kinematics/local_setup.dsv
[0.250s] -- Installing: /home/moveit/install/moveit_kinematics/share/moveit_kinematics/package.dsv
[0.250s] -- Up-to-date: /home/moveit/install/moveit_kinematics/share/ament_index/resource_index/packages/moveit_kinematics
[0.250s] -- Up-to-date: /home/moveit/install/moveit_kinematics/share/ament_index/resource_index/moveit_core__pluginlib__plugin/moveit_kinematics
[0.251s] -- Up-to-date: /home/moveit/install/moveit_kinematics/share/moveit_kinematics/cmake/moveit_kinematicsTargetsExport.cmake
[0.251s] -- Up-to-date: /home/moveit/install/moveit_kinematics/share/moveit_kinematics/cmake/moveit_kinematicsTargetsExport-release.cmake
[0.251s] -- Up-to-date: /home/moveit/install/moveit_kinematics/share/moveit_kinematics/cmake/ConfigExtras.cmake
[0.251s] -- Up-to-date: /home/moveit/install/moveit_kinematics/share/moveit_kinematics/cmake/ament_cmake_export_targets-extras.cmake
[0.251s] -- Up-to-date: /home/moveit/install/moveit_kinematics/share/moveit_kinematics/cmake/ament_cmake_export_dependencies-extras.cmake
[0.252s] -- Up-to-date: /home/moveit/install/moveit_kinematics/share/moveit_kinematics/cmake/moveit_kinematicsConfig.cmake
[0.252s] -- Up-to-date: /home/moveit/install/moveit_kinematics/share/moveit_kinematics/cmake/moveit_kinematicsConfig-version.cmake
[0.252s] -- Up-to-date: /home/moveit/install/moveit_kinematics/share/moveit_kinematics/package.xml
[0.253s] Invoked command in '/home/moveit/build/moveit_kinematics' returned '0': AMENT_PREFIX_PATH=/home/moveit/install/moveit_ros_planning:/home/moveit/install/moveit_ros_occupancy_map_monitor:/home/moveit/install/moveit_core:/home/moveit/install/moveit_resources_panda_moveit_config:/home/moveit/install/moveit_resources_fanuc_moveit_config:/home/moveit/install/moveit_resources_panda_description:/home/moveit/install/moveit_resources_fanuc_description:/home/moveit/install/moveit_msgs:/home/moveit/install/moveit_configs_utils:/home/moveit/install/moveit_common:${AMENT_PREFIX_PATH} CMAKE_PREFIX_PATH=/home/moveit/install/moveit_ros_planning:/home/moveit/install/moveit_ros_occupancy_map_monitor:/home/moveit/install/moveit_core:/home/moveit/install/moveit_resources_panda_moveit_config:/home/moveit/install/moveit_resources_fanuc_moveit_config:/home/moveit/install/moveit_resources_panda_description:/home/moveit/install/moveit_resources_fanuc_description:/home/moveit/install/moveit_msgs:/home/moveit/install/moveit_common:/opt/ros/humble LD_LIBRARY_PATH=/home/moveit/install/moveit_ros_planning/lib:/home/moveit/install/moveit_ros_occupancy_map_monitor/lib:/home/moveit/install/moveit_core/lib:/home/moveit/install/moveit_msgs/lib:${LD_LIBRARY_PATH} PATH=/home/moveit/install/moveit_core/bin:${PATH} PYTHONPATH=/home/moveit/install/moveit_msgs/local/lib/python3.10/dist-packages:/home/moveit/install/moveit_configs_utils/lib/python3.10/site-packages:${PYTHONPATH} /usr/bin/cmake --install /home/moveit/build/moveit_kinematics
