[0.023s] Invoking command in '/home/moveit/build/moveit_resources_prbt_pg70_support': AMENT_PREFIX_PATH=/home/moveit/install/moveit_resources_prbt_moveit_config:/home/moveit/install/moveit_ros_move_group:/home/moveit/install/moveit_kinematics:/home/moveit/install/moveit_ros_planning:/home/moveit/install/moveit_ros_occupancy_map_monitor:/home/moveit/install/moveit_resources_prbt_ikfast_manipulator_plugin:/home/moveit/install/moveit_core:/home/moveit/install/moveit_resources_prbt_support:/home/moveit/install/moveit_msgs:/home/moveit/install/moveit_common:${AMENT_PREFIX_PATH} CMAKE_PREFIX_PATH=/home/moveit/install/moveit_resources_prbt_moveit_config:/home/moveit/install/moveit_ros_move_group:/home/moveit/install/moveit_kinematics:/home/moveit/install/moveit_ros_planning:/home/moveit/install/moveit_ros_occupancy_map_monitor:/home/moveit/install/moveit_resources_prbt_ikfast_manipulator_plugin:/home/moveit/install/moveit_core:/home/moveit/install/moveit_resources_prbt_support:/home/moveit/install/moveit_msgs:/home/moveit/install/moveit_common:/opt/ros/humble LD_LIBRARY_PATH=/home/moveit/install/moveit_ros_move_group/lib:/home/moveit/install/moveit_kinematics/lib:/home/moveit/install/moveit_ros_planning/lib:/home/moveit/install/moveit_ros_occupancy_map_monitor/lib:/home/moveit/install/moveit_resources_prbt_ikfast_manipulator_plugin/lib:/home/moveit/install/moveit_core/lib:/home/moveit/install/moveit_msgs/lib:${LD_LIBRARY_PATH} PATH=/home/moveit/install/moveit_core/bin:${PATH} PYTHONPATH=/home/moveit/install/moveit_msgs/local/lib/python3.10/dist-packages:${PYTHONPATH} /usr/bin/cmake /home/moveit/src/moveit2/moveit_planners/test_configs/prbt_pg70_support -DCMAKE_BUILD_TYPE=Release -DCMAKE_INSTALL_PREFIX=/home/moveit/install/moveit_resources_prbt_pg70_support
[0.073s] -- The C compiler identification is GNU 11.4.0
[0.121s] -- The CXX compiler identification is GNU 11.4.0
[0.127s] -- Detecting C compiler ABI info
[0.194s] -- Detecting C compiler ABI info - done
[0.200s] -- Check for working C compiler: /usr/bin/cc - skipped
[0.200s] -- Detecting C compile features
[0.200s] -- Detecting C compile features - done
[0.202s] -- Detecting CXX compiler ABI info
[0.277s] -- Detecting CXX compiler ABI info - done
[0.282s] -- Check for working CXX compiler: /usr/bin/c++ - skipped
[0.282s] -- Detecting CXX compile features
[0.282s] -- Detecting CXX compile features - done
[0.287s] -- Found ament_cmake: 1.3.9 (/opt/ros/humble/share/ament_cmake/cmake)
[0.411s] -- Found Python3: /usr/bin/python3 (found version "3.10.12") found components: Interpreter 
[0.568s] -- Configuring done
[0.571s] -- Generating done
[0.571s] -- Build files have been written to: /home/moveit/build/moveit_resources_prbt_pg70_support
[0.575s] Invoked command in '/home/moveit/build/moveit_resources_prbt_pg70_support' returned '0': AMENT_PREFIX_PATH=/home/moveit/install/moveit_resources_prbt_moveit_config:/home/moveit/install/moveit_ros_move_group:/home/moveit/install/moveit_kinematics:/home/moveit/install/moveit_ros_planning:/home/moveit/install/moveit_ros_occupancy_map_monitor:/home/moveit/install/moveit_resources_prbt_ikfast_manipulator_plugin:/home/moveit/install/moveit_core:/home/moveit/install/moveit_resources_prbt_support:/home/moveit/install/moveit_msgs:/home/moveit/install/moveit_common:${AMENT_PREFIX_PATH} CMAKE_PREFIX_PATH=/home/moveit/install/moveit_resources_prbt_moveit_config:/home/moveit/install/moveit_ros_move_group:/home/moveit/install/moveit_kinematics:/home/moveit/install/moveit_ros_planning:/home/moveit/install/moveit_ros_occupancy_map_monitor:/home/moveit/install/moveit_resources_prbt_ikfast_manipulator_plugin:/home/moveit/install/moveit_core:/home/moveit/install/moveit_resources_prbt_support:/home/moveit/install/moveit_msgs:/home/moveit/install/moveit_common:/opt/ros/humble LD_LIBRARY_PATH=/home/moveit/install/moveit_ros_move_group/lib:/home/moveit/install/moveit_kinematics/lib:/home/moveit/install/moveit_ros_planning/lib:/home/moveit/install/moveit_ros_occupancy_map_monitor/lib:/home/moveit/install/moveit_resources_prbt_ikfast_manipulator_plugin/lib:/home/moveit/install/moveit_core/lib:/home/moveit/install/moveit_msgs/lib:${LD_LIBRARY_PATH} PATH=/home/moveit/install/moveit_core/bin:${PATH} PYTHONPATH=/home/moveit/install/moveit_msgs/local/lib/python3.10/dist-packages:${PYTHONPATH} /usr/bin/cmake /home/moveit/src/moveit2/moveit_planners/test_configs/prbt_pg70_support -DCMAKE_BUILD_TYPE=Release -DCMAKE_INSTALL_PREFIX=/home/moveit/install/moveit_resources_prbt_pg70_support
[0.577s] Invoking command in '/home/moveit/build/moveit_resources_prbt_pg70_support': AMENT_PREFIX_PATH=/home/moveit/install/moveit_resources_prbt_moveit_config:/home/moveit/install/moveit_ros_move_group:/home/moveit/install/moveit_kinematics:/home/moveit/install/moveit_ros_planning:/home/moveit/install/moveit_ros_occupancy_map_monitor:/home/moveit/install/moveit_resources_prbt_ikfast_manipulator_plugin:/home/moveit/install/moveit_core:/home/moveit/install/moveit_resources_prbt_support:/home/moveit/install/moveit_msgs:/home/moveit/install/moveit_common:${AMENT_PREFIX_PATH} CMAKE_PREFIX_PATH=/home/moveit/install/moveit_resources_prbt_moveit_config:/home/moveit/install/moveit_ros_move_group:/home/moveit/install/moveit_kinematics:/home/moveit/install/moveit_ros_planning:/home/moveit/install/moveit_ros_occupancy_map_monitor:/home/moveit/install/moveit_resources_prbt_ikfast_manipulator_plugin:/home/moveit/install/moveit_core:/home/moveit/install/moveit_resources_prbt_support:/home/moveit/install/moveit_msgs:/home/moveit/install/moveit_common:/opt/ros/humble LD_LIBRARY_PATH=/home/moveit/install/moveit_ros_move_group/lib:/home/moveit/install/moveit_kinematics/lib:/home/moveit/install/moveit_ros_planning/lib:/home/moveit/install/moveit_ros_occupancy_map_monitor/lib:/home/moveit/install/moveit_resources_prbt_ikfast_manipulator_plugin/lib:/home/moveit/install/moveit_core/lib:/home/moveit/install/moveit_msgs/lib:${LD_LIBRARY_PATH} PATH=/home/moveit/install/moveit_core/bin:${PATH} PYTHONPATH=/home/moveit/install/moveit_msgs/local/lib/python3.10/dist-packages:${PYTHONPATH} /usr/bin/cmake --build /home/moveit/build/moveit_resources_prbt_pg70_support -- -j16 -l16
[0.615s] Invoked command in '/home/moveit/build/moveit_resources_prbt_pg70_support' returned '0': AMENT_PREFIX_PATH=/home/moveit/install/moveit_resources_prbt_moveit_config:/home/moveit/install/moveit_ros_move_group:/home/moveit/install/moveit_kinematics:/home/moveit/install/moveit_ros_planning:/home/moveit/install/moveit_ros_occupancy_map_monitor:/home/moveit/install/moveit_resources_prbt_ikfast_manipulator_plugin:/home/moveit/install/moveit_core:/home/moveit/install/moveit_resources_prbt_support:/home/moveit/install/moveit_msgs:/home/moveit/install/moveit_common:${AMENT_PREFIX_PATH} CMAKE_PREFIX_PATH=/home/moveit/install/moveit_resources_prbt_moveit_config:/home/moveit/install/moveit_ros_move_group:/home/moveit/install/moveit_kinematics:/home/moveit/install/moveit_ros_planning:/home/moveit/install/moveit_ros_occupancy_map_monitor:/home/moveit/install/moveit_resources_prbt_ikfast_manipulator_plugin:/home/moveit/install/moveit_core:/home/moveit/install/moveit_resources_prbt_support:/home/moveit/install/moveit_msgs:/home/moveit/install/moveit_common:/opt/ros/humble LD_LIBRARY_PATH=/home/moveit/install/moveit_ros_move_group/lib:/home/moveit/install/moveit_kinematics/lib:/home/moveit/install/moveit_ros_planning/lib:/home/moveit/install/moveit_ros_occupancy_map_monitor/lib:/home/moveit/install/moveit_resources_prbt_ikfast_manipulator_plugin/lib:/home/moveit/install/moveit_core/lib:/home/moveit/install/moveit_msgs/lib:${LD_LIBRARY_PATH} PATH=/home/moveit/install/moveit_core/bin:${PATH} PYTHONPATH=/home/moveit/install/moveit_msgs/local/lib/python3.10/dist-packages:${PYTHONPATH} /usr/bin/cmake --build /home/moveit/build/moveit_resources_prbt_pg70_support -- -j16 -l16
[0.636s] Invoking command in '/home/moveit/build/moveit_resources_prbt_pg70_support': AMENT_PREFIX_PATH=/home/moveit/install/moveit_resources_prbt_moveit_config:/home/moveit/install/moveit_ros_move_group:/home/moveit/install/moveit_kinematics:/home/moveit/install/moveit_ros_planning:/home/moveit/install/moveit_ros_occupancy_map_monitor:/home/moveit/install/moveit_resources_prbt_ikfast_manipulator_plugin:/home/moveit/install/moveit_core:/home/moveit/install/moveit_resources_prbt_support:/home/moveit/install/moveit_msgs:/home/moveit/install/moveit_common:${AMENT_PREFIX_PATH} CMAKE_PREFIX_PATH=/home/moveit/install/moveit_resources_prbt_moveit_config:/home/moveit/install/moveit_ros_move_group:/home/moveit/install/moveit_kinematics:/home/moveit/install/moveit_ros_planning:/home/moveit/install/moveit_ros_occupancy_map_monitor:/home/moveit/install/moveit_resources_prbt_ikfast_manipulator_plugin:/home/moveit/install/moveit_core:/home/moveit/install/moveit_resources_prbt_support:/home/moveit/install/moveit_msgs:/home/moveit/install/moveit_common:/opt/ros/humble LD_LIBRARY_PATH=/home/moveit/install/moveit_ros_move_group/lib:/home/moveit/install/moveit_kinematics/lib:/home/moveit/install/moveit_ros_planning/lib:/home/moveit/install/moveit_ros_occupancy_map_monitor/lib:/home/moveit/install/moveit_resources_prbt_ikfast_manipulator_plugin/lib:/home/moveit/install/moveit_core/lib:/home/moveit/install/moveit_msgs/lib:${LD_LIBRARY_PATH} PATH=/home/moveit/install/moveit_core/bin:${PATH} PYTHONPATH=/home/moveit/install/moveit_msgs/local/lib/python3.10/dist-packages:${PYTHONPATH} /usr/bin/cmake --install /home/moveit/build/moveit_resources_prbt_pg70_support
[0.644s] -- Install configuration: "Release"
[0.644s] -- Installing: /home/moveit/install/moveit_resources_prbt_pg70_support/share/ament_index/resource_index/package_run_dependencies/moveit_resources_prbt_pg70_support
[0.644s] -- Installing: /home/moveit/install/moveit_resources_prbt_pg70_support/share/ament_index/resource_index/parent_prefix_path/moveit_resources_prbt_pg70_support
[0.644s] -- Installing: /home/moveit/install/moveit_resources_prbt_pg70_support/share/moveit_resources_prbt_pg70_support/environment/ament_prefix_path.sh
[0.644s] -- Installing: /home/moveit/install/moveit_resources_prbt_pg70_support/share/moveit_resources_prbt_pg70_support/environment/ament_prefix_path.dsv
[0.645s] -- Installing: /home/moveit/install/moveit_resources_prbt_pg70_support/share/moveit_resources_prbt_pg70_support/environment/path.sh
[0.645s] -- Installing: /home/moveit/install/moveit_resources_prbt_pg70_support/share/moveit_resources_prbt_pg70_support/environment/path.dsv
[0.645s] -- Installing: /home/moveit/install/moveit_resources_prbt_pg70_support/share/moveit_resources_prbt_pg70_support/local_setup.bash
[0.645s] -- Installing: /home/moveit/install/moveit_resources_prbt_pg70_support/share/moveit_resources_prbt_pg70_support/local_setup.sh
[0.645s] -- Installing: /home/moveit/install/moveit_resources_prbt_pg70_support/share/moveit_resources_prbt_pg70_support/local_setup.zsh
[0.645s] -- Installing: /home/moveit/install/moveit_resources_prbt_pg70_support/share/moveit_resources_prbt_pg70_support/local_setup.dsv
[0.645s] -- Installing: /home/moveit/install/moveit_resources_prbt_pg70_support/share/moveit_resources_prbt_pg70_support/package.dsv
[0.646s] -- Installing: /home/moveit/install/moveit_resources_prbt_pg70_support/share/ament_index/resource_index/packages/moveit_resources_prbt_pg70_support
[0.646s] -- Installing: /home/moveit/install/moveit_resources_prbt_pg70_support/share/moveit_resources_prbt_pg70_support/cmake/moveit_resources_prbt_pg70_supportConfig.cmake
[0.646s] -- Installing: /home/moveit/install/moveit_resources_prbt_pg70_support/share/moveit_resources_prbt_pg70_support/cmake/moveit_resources_prbt_pg70_supportConfig-version.cmake
[0.646s] -- Installing: /home/moveit/install/moveit_resources_prbt_pg70_support/share/moveit_resources_prbt_pg70_support/package.xml
[0.646s] -- Installing: /home/moveit/install/moveit_resources_prbt_pg70_support/share/moveit_resources_prbt_pg70_support/config
[0.646s] -- Installing: /home/moveit/install/moveit_resources_prbt_pg70_support/share/moveit_resources_prbt_pg70_support/config/joint_limits.yaml
[0.647s] -- Installing: /home/moveit/install/moveit_resources_prbt_pg70_support/share/moveit_resources_prbt_pg70_support/config/fake_controllers.yaml
[0.647s] -- Installing: /home/moveit/install/moveit_resources_prbt_pg70_support/share/moveit_resources_prbt_pg70_support/config/pg70.srdf.xacro
[0.647s] -- Installing: /home/moveit/install/moveit_resources_prbt_pg70_support/share/moveit_resources_prbt_pg70_support/config/gripper_controller.yaml
[0.647s] -- Installing: /home/moveit/install/moveit_resources_prbt_pg70_support/share/moveit_resources_prbt_pg70_support/config/controllers_manipulator_gripper.yaml
[0.648s] -- Installing: /home/moveit/install/moveit_resources_prbt_pg70_support/share/moveit_resources_prbt_pg70_support/config/pg70_tcp_offset.xacro
[0.648s] -- Installing: /home/moveit/install/moveit_resources_prbt_pg70_support/share/moveit_resources_prbt_pg70_support/config/gripper_driver_canopen_motor_node.yaml
[0.648s] -- Installing: /home/moveit/install/moveit_resources_prbt_pg70_support/share/moveit_resources_prbt_pg70_support/meshes
[0.648s] -- Installing: /home/moveit/install/moveit_resources_prbt_pg70_support/share/moveit_resources_prbt_pg70_support/meshes/pg70
[0.648s] -- Installing: /home/moveit/install/moveit_resources_prbt_pg70_support/share/moveit_resources_prbt_pg70_support/meshes/pg70/pg70.stl
[0.650s] -- Installing: /home/moveit/install/moveit_resources_prbt_pg70_support/share/moveit_resources_prbt_pg70_support/meshes/pg70/pg70.dae
[0.651s] -- Installing: /home/moveit/install/moveit_resources_prbt_pg70_support/share/moveit_resources_prbt_pg70_support/urdf
[0.651s] -- Installing: /home/moveit/install/moveit_resources_prbt_pg70_support/share/moveit_resources_prbt_pg70_support/urdf/pg70
[0.651s] -- Installing: /home/moveit/install/moveit_resources_prbt_pg70_support/share/moveit_resources_prbt_pg70_support/urdf/pg70/pg70.transmission.xacro
[0.651s] -- Installing: /home/moveit/install/moveit_resources_prbt_pg70_support/share/moveit_resources_prbt_pg70_support/urdf/pg70/pg70.urdf.xacro
[0.652s] -- Installing: /home/moveit/install/moveit_resources_prbt_pg70_support/share/moveit_resources_prbt_pg70_support/urdf/pg70/pg70.gazebo.xacro
[0.652s] -- Installing: /home/moveit/install/moveit_resources_prbt_pg70_support/share/moveit_resources_prbt_pg70_support/urdf/common.xacro
[0.652s] -- Installing: /home/moveit/install/moveit_resources_prbt_pg70_support/share/moveit_resources_prbt_pg70_support/urdf/pg70.urdf.xacro
[0.654s] Invoked command in '/home/moveit/build/moveit_resources_prbt_pg70_support' returned '0': AMENT_PREFIX_PATH=/home/moveit/install/moveit_resources_prbt_moveit_config:/home/moveit/install/moveit_ros_move_group:/home/moveit/install/moveit_kinematics:/home/moveit/install/moveit_ros_planning:/home/moveit/install/moveit_ros_occupancy_map_monitor:/home/moveit/install/moveit_resources_prbt_ikfast_manipulator_plugin:/home/moveit/install/moveit_core:/home/moveit/install/moveit_resources_prbt_support:/home/moveit/install/moveit_msgs:/home/moveit/install/moveit_common:${AMENT_PREFIX_PATH} CMAKE_PREFIX_PATH=/home/moveit/install/moveit_resources_prbt_moveit_config:/home/moveit/install/moveit_ros_move_group:/home/moveit/install/moveit_kinematics:/home/moveit/install/moveit_ros_planning:/home/moveit/install/moveit_ros_occupancy_map_monitor:/home/moveit/install/moveit_resources_prbt_ikfast_manipulator_plugin:/home/moveit/install/moveit_core:/home/moveit/install/moveit_resources_prbt_support:/home/moveit/install/moveit_msgs:/home/moveit/install/moveit_common:/opt/ros/humble LD_LIBRARY_PATH=/home/moveit/install/moveit_ros_move_group/lib:/home/moveit/install/moveit_kinematics/lib:/home/moveit/install/moveit_ros_planning/lib:/home/moveit/install/moveit_ros_occupancy_map_monitor/lib:/home/moveit/install/moveit_resources_prbt_ikfast_manipulator_plugin/lib:/home/moveit/install/moveit_core/lib:/home/moveit/install/moveit_msgs/lib:${LD_LIBRARY_PATH} PATH=/home/moveit/install/moveit_core/bin:${PATH} PYTHONPATH=/home/moveit/install/moveit_msgs/local/lib/python3.10/dist-packages:${PYTHONPATH} /usr/bin/cmake --install /home/moveit/build/moveit_resources_prbt_pg70_support
