[0.011s] Invoking command in '/home/moveit/build/moveit_common': CMAKE_PREFIX_PATH=/opt/ros/humble /usr/bin/cmake /home/moveit/src/moveit2/moveit_common -DCMAKE_BUILD_TYPE=Release -DCMAKE_INSTALL_PREFIX=/home/moveit/install/moveit_common
[0.027s] -- Found ament_cmake: 1.3.9 (/opt/ros/humble/share/ament_cmake/cmake)
[0.156s] -- Found Python3: /usr/bin/python3 (found version "3.10.12") found components: Interpreter 
[0.241s] -- Found ament_lint_auto: 0.12.11 (/opt/ros/humble/share/ament_lint_auto/cmake)
[0.313s] -- Added test 'copyright' to check source files copyright and LICENSE
[0.314s] -- Added test 'lint_cmake' to check CMake code style
[0.315s] -- Added test 'xmllint' to check XML markup files
[0.316s] -- Configuring done
[0.319s] -- Generating done
[0.319s] -- Build files have been written to: /home/moveit/build/moveit_common
[0.322s] Invoked command in '/home/moveit/build/moveit_common' returned '0': CMAKE_PREFIX_PATH=/opt/ros/humble /usr/bin/cmake /home/moveit/src/moveit2/moveit_common -DCMAKE_BUILD_TYPE=Release -DCMAKE_INSTALL_PREFIX=/home/moveit/install/moveit_common
[0.323s] Invoking command in '/home/moveit/build/moveit_common': CMAKE_PREFIX_PATH=/opt/ros/humble /usr/bin/cmake --build /home/moveit/build/moveit_common -- -j16 -l16
[0.360s] Invoked command in '/home/moveit/build/moveit_common' returned '0': CMAKE_PREFIX_PATH=/opt/ros/humble /usr/bin/cmake --build /home/moveit/build/moveit_common -- -j16 -l16
[0.389s] Invoking command in '/home/moveit/build/moveit_common': CMAKE_PREFIX_PATH=/opt/ros/humble /usr/bin/cmake --install /home/moveit/build/moveit_common
[0.396s] -- Install configuration: "Release"
[0.396s] -- Installing: /home/moveit/install/moveit_common/share/ament_index/resource_index/package_run_dependencies/moveit_common
[0.396s] -- Installing: /home/moveit/install/moveit_common/share/ament_index/resource_index/parent_prefix_path/moveit_common
[0.396s] -- Installing: /home/moveit/install/moveit_common/share/moveit_common/environment/ament_prefix_path.sh
[0.397s] -- Installing: /home/moveit/install/moveit_common/share/moveit_common/environment/ament_prefix_path.dsv
[0.397s] -- Installing: /home/moveit/install/moveit_common/share/moveit_common/environment/path.sh
[0.397s] -- Installing: /home/moveit/install/moveit_common/share/moveit_common/environment/path.dsv
[0.397s] -- Installing: /home/moveit/install/moveit_common/share/moveit_common/local_setup.bash
[0.397s] -- Installing: /home/moveit/install/moveit_common/share/moveit_common/local_setup.sh
[0.397s] -- Installing: /home/moveit/install/moveit_common/share/moveit_common/local_setup.zsh
[0.397s] -- Installing: /home/moveit/install/moveit_common/share/moveit_common/local_setup.dsv
[0.397s] -- Installing: /home/moveit/install/moveit_common/share/moveit_common/package.dsv
[0.398s] -- Installing: /home/moveit/install/moveit_common/share/ament_index/resource_index/packages/moveit_common
[0.398s] -- Installing: /home/moveit/install/moveit_common/share/moveit_common/cmake/moveit_common-extras.cmake
[0.398s] -- Installing: /home/moveit/install/moveit_common/share/moveit_common/cmake/moveit_commonConfig.cmake
[0.398s] -- Installing: /home/moveit/install/moveit_common/share/moveit_common/cmake/moveit_commonConfig-version.cmake
[0.398s] -- Installing: /home/moveit/install/moveit_common/share/moveit_common/package.xml
[0.398s] -- Up-to-date: /home/moveit/install/moveit_common/share/moveit_common/cmake
[0.398s] -- Installing: /home/moveit/install/moveit_common/share/moveit_common/cmake/moveit_package.cmake
[0.400s] Invoked command in '/home/moveit/build/moveit_common' returned '0': CMAKE_PREFIX_PATH=/opt/ros/humble /usr/bin/cmake --install /home/moveit/build/moveit_common
