[0.011s] Invoking command in '/home/moveit/build/chomp_motion_planner': AMENT_PREFIX_PATH=/home/moveit/install/moveit_core:/home/moveit/install/moveit_msgs:/home/moveit/install/moveit_common:${AMENT_PREFIX_PATH} CMAKE_PREFIX_PATH=/home/moveit/install/moveit_core:/home/moveit/install/moveit_msgs:/home/moveit/install/moveit_common:/opt/ros/humble LD_LIBRARY_PATH=/home/moveit/install/moveit_core/lib:/home/moveit/install/moveit_msgs/lib:${LD_LIBRARY_PATH} PATH=/home/moveit/install/moveit_core/bin:${PATH} PYTHONPATH=/home/moveit/install/moveit_msgs/local/lib/python3.10/dist-packages:${PYTHONPATH} /usr/bin/cmake /home/moveit/src/moveit2/moveit_planners/chomp/chomp_motion_planner -DCMAKE_BUILD_TYPE=Release -DCMAKE_INSTALL_PREFIX=/home/moveit/install/chomp_motion_planner
[0.073s] -- The CXX compiler identification is GNU 11.4.0
[0.081s] -- Detecting CXX compiler ABI info
[0.158s] -- Detecting CXX compiler ABI info - done
[0.164s] -- Check for working CXX compiler: /usr/bin/c++ - skipped
[0.164s] -- Detecting CXX compile features
[0.165s] -- Detecting CXX compile features - done
[0.166s] -- Found moveit_common: 2.9.0 (/home/moveit/install/moveit_common/share/moveit_common/cmake)
[0.170s] -- Found ament_cmake: 1.3.9 (/opt/ros/humble/share/ament_cmake/cmake)
[0.305s] -- Found Python3: /usr/bin/python3 (found version "3.10.12") found components: Interpreter 
[0.478s] -- Found libdw: /usr/lib/x86_64-linux-gnu/libdw.so  
[0.483s] -- Could NOT find libbfd (missing: LIBBFD_LIBRARY LIBBFD_INCLUDE_DIR) 
[0.483s] -- BACKWARD_HAS_UNWIND=1
[0.483s] -- BACKWARD_HAS_BACKTRACE=0
[0.483s] -- BACKWARD_HAS_BACKTRACE_SYMBOL=0
[0.483s] -- BACKWARD_HAS_DW=1
[0.483s] -- BACKWARD_HAS_BFD=0
[0.484s] -- Found Backward: /opt/ros/humble/share/backward_ros/cmake  
[0.485s] -- Found moveit_core: 2.9.0 (/home/moveit/install/moveit_core/share/moveit_core/cmake)
[0.757s] -- Found Boost: /usr/lib/x86_64-linux-gnu/cmake/Boost-1.74.0/BoostConfig.cmake (found version "1.74.0") found components: chrono date_time filesystem iostreams program_options regex serialization system thread 
[0.815s] -- Found parameter_traits: 0.3.8 (/opt/ros/humble/share/parameter_traits/cmake)
[0.874s] -- Found rosidl_generator_c: 3.1.5 (/opt/ros/humble/share/rosidl_generator_c/cmake)
[0.883s] -- Found rosidl_adapter: 3.1.5 (/opt/ros/humble/share/rosidl_adapter/cmake)
[0.895s] -- Found rosidl_generator_cpp: 3.1.5 (/opt/ros/humble/share/rosidl_generator_cpp/cmake)
[0.912s] -- Using all available rosidl_typesupport_c: rosidl_typesupport_fastrtps_c;rosidl_typesupport_introspection_c
[0.935s] -- Using all available rosidl_typesupport_cpp: rosidl_typesupport_fastrtps_cpp;rosidl_typesupport_introspection_cpp
[1.015s] -- Found rmw_implementation_cmake: 6.1.2 (/opt/ros/humble/share/rmw_implementation_cmake/cmake)
[1.019s] -- Found rmw_cyclonedds_cpp: 1.3.4 (/opt/ros/humble/share/rmw_cyclonedds_cpp/cmake)
[1.054s] -- Using RMW implementation 'rmw_cyclonedds_cpp' as default
[1.070s] -- Found Threads: TRUE  
[1.232s] -- Found Eigen3: TRUE (found version "3.4.0") 
[1.237s] -- Found rclcpp_lifecycle: 16.0.9 (/opt/ros/humble/share/rclcpp_lifecycle/cmake)
[1.283s] -- Found Boost: /usr/lib/x86_64-linux-gnu/cmake/Boost-1.74.0/BoostConfig.cmake (found version "1.74.0") found components: filesystem 
[1.443s] -- library: /usr/lib/x86_64-linux-gnu/libcurl.so
[1.714s] -- Ensuring Eigen3 include directory is part of orocos-kdl CMake target
[2.679s] -- Found ament_lint_auto: 0.12.11 (/opt/ros/humble/share/ament_lint_auto/cmake)
[2.709s] -- Added test 'cppcheck' to perform static code analysis on C / C++ code
[2.709s] -- Configured cppcheck include dirs: /home/moveit/src/moveit2/moveit_planners/chomp/chomp_motion_planner/include
[2.709s] -- Configured cppcheck exclude dirs and/or files: 
[2.710s] -- Added test 'xmllint' to check XML markup files
[2.712s] -- Configuring done
[2.743s] -- Generating done
[2.746s] -- Build files have been written to: /home/moveit/build/chomp_motion_planner
[2.759s] Invoked command in '/home/moveit/build/chomp_motion_planner' returned '0': AMENT_PREFIX_PATH=/home/moveit/install/moveit_core:/home/moveit/install/moveit_msgs:/home/moveit/install/moveit_common:${AMENT_PREFIX_PATH} CMAKE_PREFIX_PATH=/home/moveit/install/moveit_core:/home/moveit/install/moveit_msgs:/home/moveit/install/moveit_common:/opt/ros/humble LD_LIBRARY_PATH=/home/moveit/install/moveit_core/lib:/home/moveit/install/moveit_msgs/lib:${LD_LIBRARY_PATH} PATH=/home/moveit/install/moveit_core/bin:${PATH} PYTHONPATH=/home/moveit/install/moveit_msgs/local/lib/python3.10/dist-packages:${PYTHONPATH} /usr/bin/cmake /home/moveit/src/moveit2/moveit_planners/chomp/chomp_motion_planner -DCMAKE_BUILD_TYPE=Release -DCMAKE_INSTALL_PREFIX=/home/moveit/install/chomp_motion_planner
[2.761s] Invoking command in '/home/moveit/build/chomp_motion_planner': AMENT_PREFIX_PATH=/home/moveit/install/moveit_core:/home/moveit/install/moveit_msgs:/home/moveit/install/moveit_common:${AMENT_PREFIX_PATH} CMAKE_PREFIX_PATH=/home/moveit/install/moveit_core:/home/moveit/install/moveit_msgs:/home/moveit/install/moveit_common:/opt/ros/humble LD_LIBRARY_PATH=/home/moveit/install/moveit_core/lib:/home/moveit/install/moveit_msgs/lib:${LD_LIBRARY_PATH} PATH=/home/moveit/install/moveit_core/bin:${PATH} PYTHONPATH=/home/moveit/install/moveit_msgs/local/lib/python3.10/dist-packages:${PYTHONPATH} /usr/bin/cmake --build /home/moveit/build/chomp_motion_planner -- -j16 -l16
[2.820s] [ 16%] [32mBuilding CXX object CMakeFiles/chomp_motion_planner.dir/src/chomp_cost.cpp.o[0m
[2.821s] [ 66%] [32mBuilding CXX object CMakeFiles/chomp_motion_planner.dir/src/chomp_parameters.cpp.o[0m
[2.821s] [ 66%] [32mBuilding CXX object CMakeFiles/chomp_motion_planner.dir/src/chomp_planner.cpp.o[0m
[2.821s] [ 66%] [32mBuilding CXX object CMakeFiles/chomp_motion_planner.dir/src/chomp_optimizer.cpp.o[0m
[2.822s] [ 83%] [32mBuilding CXX object CMakeFiles/chomp_motion_planner.dir/src/chomp_trajectory.cpp.o[0m
[25.355s] [100%] [32m[1mLinking CXX shared library libchomp_motion_planner.so[0m
[25.534s] [100%] Built target chomp_motion_planner
[25.547s] Invoked command in '/home/moveit/build/chomp_motion_planner' returned '0': AMENT_PREFIX_PATH=/home/moveit/install/moveit_core:/home/moveit/install/moveit_msgs:/home/moveit/install/moveit_common:${AMENT_PREFIX_PATH} CMAKE_PREFIX_PATH=/home/moveit/install/moveit_core:/home/moveit/install/moveit_msgs:/home/moveit/install/moveit_common:/opt/ros/humble LD_LIBRARY_PATH=/home/moveit/install/moveit_core/lib:/home/moveit/install/moveit_msgs/lib:${LD_LIBRARY_PATH} PATH=/home/moveit/install/moveit_core/bin:${PATH} PYTHONPATH=/home/moveit/install/moveit_msgs/local/lib/python3.10/dist-packages:${PYTHONPATH} /usr/bin/cmake --build /home/moveit/build/chomp_motion_planner -- -j16 -l16
[25.584s] Invoking command in '/home/moveit/build/chomp_motion_planner': AMENT_PREFIX_PATH=/home/moveit/install/moveit_core:/home/moveit/install/moveit_msgs:/home/moveit/install/moveit_common:${AMENT_PREFIX_PATH} CMAKE_PREFIX_PATH=/home/moveit/install/moveit_core:/home/moveit/install/moveit_msgs:/home/moveit/install/moveit_common:/opt/ros/humble LD_LIBRARY_PATH=/home/moveit/install/moveit_core/lib:/home/moveit/install/moveit_msgs/lib:${LD_LIBRARY_PATH} PATH=/home/moveit/install/moveit_core/bin:${PATH} PYTHONPATH=/home/moveit/install/moveit_msgs/local/lib/python3.10/dist-packages:${PYTHONPATH} /usr/bin/cmake --install /home/moveit/build/chomp_motion_planner
[25.592s] -- Install configuration: "Release"
[25.592s] -- Installing: /home/moveit/install/chomp_motion_planner/lib/libchomp_motion_planner.so.2.9.0
[25.593s] -- Set runtime path of "/home/moveit/install/chomp_motion_planner/lib/libchomp_motion_planner.so.2.9.0" to ""
[25.593s] -- Installing: /home/moveit/install/chomp_motion_planner/lib/libchomp_motion_planner.so
[25.593s] -- Installing: /home/moveit/install/chomp_motion_planner/include/chomp_motion_planner
[25.593s] -- Installing: /home/moveit/install/chomp_motion_planner/include/chomp_motion_planner/chomp_motion_planner
[25.593s] -- Installing: /home/moveit/install/chomp_motion_planner/include/chomp_motion_planner/chomp_motion_planner/chomp_cost.h
[25.593s] -- Installing: /home/moveit/install/chomp_motion_planner/include/chomp_motion_planner/chomp_motion_planner/multivariate_gaussian.h
[25.593s] -- Installing: /home/moveit/install/chomp_motion_planner/include/chomp_motion_planner/chomp_motion_planner/chomp_trajectory.h
[25.593s] -- Installing: /home/moveit/install/chomp_motion_planner/include/chomp_motion_planner/chomp_motion_planner/chomp_planner.h
[25.593s] -- Installing: /home/moveit/install/chomp_motion_planner/include/chomp_motion_planner/chomp_motion_planner/chomp_utils.h
[25.594s] -- Installing: /home/moveit/install/chomp_motion_planner/include/chomp_motion_planner/chomp_motion_planner/chomp_parameters.h
[25.594s] -- Installing: /home/moveit/install/chomp_motion_planner/include/chomp_motion_planner/chomp_motion_planner/chomp_optimizer.h
[25.594s] -- Installing: /home/moveit/install/chomp_motion_planner/share/chomp_motion_planner/environment/library_path.sh
[25.594s] -- Installing: /home/moveit/install/chomp_motion_planner/share/chomp_motion_planner/environment/library_path.dsv
[25.594s] -- Installing: /home/moveit/install/chomp_motion_planner/share/ament_index/resource_index/package_run_dependencies/chomp_motion_planner
[25.595s] -- Installing: /home/moveit/install/chomp_motion_planner/share/ament_index/resource_index/parent_prefix_path/chomp_motion_planner
[25.595s] -- Installing: /home/moveit/install/chomp_motion_planner/share/chomp_motion_planner/environment/ament_prefix_path.sh
[25.595s] -- Installing: /home/moveit/install/chomp_motion_planner/share/chomp_motion_planner/environment/ament_prefix_path.dsv
[25.595s] -- Installing: /home/moveit/install/chomp_motion_planner/share/chomp_motion_planner/environment/path.sh
[25.595s] -- Installing: /home/moveit/install/chomp_motion_planner/share/chomp_motion_planner/environment/path.dsv
[25.595s] -- Installing: /home/moveit/install/chomp_motion_planner/share/chomp_motion_planner/local_setup.bash
[25.595s] -- Installing: /home/moveit/install/chomp_motion_planner/share/chomp_motion_planner/local_setup.sh
[25.596s] -- Installing: /home/moveit/install/chomp_motion_planner/share/chomp_motion_planner/local_setup.zsh
[25.596s] -- Installing: /home/moveit/install/chomp_motion_planner/share/chomp_motion_planner/local_setup.dsv
[25.596s] -- Installing: /home/moveit/install/chomp_motion_planner/share/chomp_motion_planner/package.dsv
[25.596s] -- Installing: /home/moveit/install/chomp_motion_planner/share/ament_index/resource_index/packages/chomp_motion_planner
[25.596s] -- Installing: /home/moveit/install/chomp_motion_planner/share/chomp_motion_planner/cmake/chomp_motion_plannerTargetsExport.cmake
[25.596s] -- Installing: /home/moveit/install/chomp_motion_planner/share/chomp_motion_planner/cmake/chomp_motion_plannerTargetsExport-release.cmake
[25.597s] -- Installing: /home/moveit/install/chomp_motion_planner/share/chomp_motion_planner/cmake/ament_cmake_export_targets-extras.cmake
[25.597s] -- Installing: /home/moveit/install/chomp_motion_planner/share/chomp_motion_planner/cmake/chomp_motion_plannerConfig.cmake
[25.597s] -- Installing: /home/moveit/install/chomp_motion_planner/share/chomp_motion_planner/cmake/chomp_motion_plannerConfig-version.cmake
[25.597s] -- Installing: /home/moveit/install/chomp_motion_planner/share/chomp_motion_planner/package.xml
[25.600s] Invoked command in '/home/moveit/build/chomp_motion_planner' returned '0': AMENT_PREFIX_PATH=/home/moveit/install/moveit_core:/home/moveit/install/moveit_msgs:/home/moveit/install/moveit_common:${AMENT_PREFIX_PATH} CMAKE_PREFIX_PATH=/home/moveit/install/moveit_core:/home/moveit/install/moveit_msgs:/home/moveit/install/moveit_common:/opt/ros/humble LD_LIBRARY_PATH=/home/moveit/install/moveit_core/lib:/home/moveit/install/moveit_msgs/lib:${LD_LIBRARY_PATH} PATH=/home/moveit/install/moveit_core/bin:${PATH} PYTHONPATH=/home/moveit/install/moveit_msgs/local/lib/python3.10/dist-packages:${PYTHONPATH} /usr/bin/cmake --install /home/moveit/build/chomp_motion_planner
