[0.026s] Invoking command in '/home/moveit/build/moveit_core': CMAKE_PREFIX_PATH=/home/moveit/install/moveit_resources_panda_moveit_config:/home/moveit/install/moveit_resources_pr2_description:/home/moveit/install/moveit_resources_panda_description:/home/moveit/install/moveit_msgs:/home/moveit/install/moveit_common:/home/humble_ws/install/antworker_moveit_description:/home/moveit/install/pilz_industrial_motion_planner_testutils:/home/moveit/install/moveit_runtime:/home/moveit/install/moveit:/home/moveit/install/moveit_planners:/home/moveit/install/pilz_industrial_motion_planner:/home/moveit/install/moveit_ros_control_interface:/home/moveit/install/moveit_plugins:/home/moveit/install/moveit_simple_controller_manager:/home/moveit/install/moveit_setup_assistant:/home/moveit/install/moveit_setup_srdf_plugins:/home/moveit/install/moveit_setup_core_plugins:/home/moveit/install/moveit_setup_controllers:/home/moveit/install/moveit_setup_app_plugins:/home/moveit/install/moveit_setup_framework:/home/moveit/install/moveit_servo:/home/moveit/install/moveit_ros:/home/moveit/install/moveit_ros_visualization:/home/moveit/install/moveit_py:/home/moveit/install/moveit_hybrid_planning:/home/moveit/install/moveit_ros_planning_interface:/home/moveit/install/moveit_ros_benchmarks:/home/moveit/install/moveit_ros_warehouse:/home/moveit/install/moveit_ros_robot_interaction:/home/moveit/install/moveit_ros_perception:/home/moveit/install/moveit_resources_prbt_pg70_support:/home/moveit/install/moveit_resources_prbt_moveit_config:/home/moveit/install/moveit_ros_move_group:/home/moveit/install/moveit_planners_ompl:/home/moveit/install/moveit_kinematics:/home/moveit/install/moveit_ros_planning:/home/moveit/install/moveit_ros_occupancy_map_monitor:/home/moveit/install/moveit_resources_prbt_support:/home/moveit/install/moveit_resources_prbt_ikfast_manipulator_plugin:/home/moveit/install/moveit_resources:/home/moveit/install/dual_arm_panda_moveit_config:/home/moveit/install/moveit_resources_fanuc_moveit_config:/home/moveit/install/moveit_resources_fanuc_description:/home/moveit/install/moveit_planners_stomp:/home/moveit/install/moveit_planners_chomp:/home/moveit/install/chomp_motion_planner:/home/moveit/install/moveit_core:/home/humble_ws/install/moveit_rolling_humble_interface:/home/humble_ws/install/kortex_interface:/home/humble_ws/install/attempt_py_moveit:/home/humble_ws/install/antworker_navigation:/home/humble_ws/install/antworker_isaacsim_world:/home/humble_ws/install/antworker_description:/home/moveit/install/moveit_configs_utils:/opt/ros/humble LD_LIBRARY_PATH=/home/moveit/install/moveit_msgs/lib:/home/moveit/install/pilz_industrial_motion_planner_testutils/lib:/home/moveit/install/pilz_industrial_motion_planner/lib:/home/moveit/install/moveit_ros_control_interface/lib:/home/moveit/install/moveit_simple_controller_manager/lib:/home/moveit/install/moveit_setup_assistant/lib:/home/moveit/install/moveit_setup_srdf_plugins/lib:/home/moveit/install/moveit_setup_core_plugins/lib:/home/moveit/install/moveit_setup_controllers/lib:/home/moveit/install/moveit_setup_app_plugins/lib:/home/moveit/install/moveit_setup_framework/lib:/home/moveit/install/moveit_servo/lib:/home/moveit/install/moveit_ros_visualization/lib:/home/moveit/install/moveit_py/lib:/home/moveit/install/moveit_hybrid_planning/lib:/home/moveit/install/moveit_ros_planning_interface/lib:/home/moveit/install/moveit_ros_benchmarks/lib:/home/moveit/install/moveit_ros_warehouse/lib:/home/moveit/install/moveit_ros_robot_interaction/lib:/home/moveit/install/moveit_ros_perception/lib:/home/moveit/install/moveit_ros_move_group/lib:/home/moveit/install/moveit_planners_ompl/lib:/home/moveit/install/moveit_kinematics/lib:/home/moveit/install/moveit_ros_planning/lib:/home/moveit/install/moveit_ros_occupancy_map_monitor/lib:/home/moveit/install/moveit_resources_prbt_ikfast_manipulator_plugin/lib:/home/moveit/install/moveit_planners_stomp/lib:/home/moveit/install/moveit_planners_chomp/lib:/home/moveit/install/chomp_motion_planner/lib:/home/moveit/install/moveit_core/lib:/opt/ros/humble/opt/rviz_ogre_vendor/lib:/opt/ros/humble/lib/x86_64-linux-gnu:/opt/ros/humble/lib /usr/bin/cmake --build /home/moveit/build/moveit_core -- -j16 -l16
[0.141s] [  1%] Built target gtest_main
[0.141s] [  3%] [34m[1mGenerating ../include/moveit/version.h, always_rebuild[0m
[0.141s] [  4%] Built target gmock
[0.141s] [  4%] Built target moveit_butterworth_parameters
[0.142s] [  5%] Built target gtest
[0.142s] [  6%] Built target gmock_main
[0.156s] [  9%] Built target moveit_smoothing_base
[0.157s] [ 10%] Built target moveit_utils
[0.200s] [ 11%] Built target moveit_exceptions
[0.201s] [ 12%] Built target logger_dut
[0.213s] [ 13%] Built target moveit_transforms
[0.223s] [ 15%] Built target moveit_distance_field
[0.224s] [ 16%] [34m[1mGenerating version.h[0m
[0.240s] [ 16%] Built target version_h
[0.261s] [ 17%] Built target test_transforms
[0.264s] [ 23%] Built target moveit_robot_model
[0.272s] [ 24%] Built target test_voxel_grid
[0.282s] [ 25%] Built target test_distance_field
[0.282s] [ 27%] Built target moveit_version
[0.312s] [ 28%] Built target moveit_kinematics_base
[0.314s] [ 30%] Built target moveit_butterworth_filter
[0.362s] [ 31%] Built target test_butterworth_filter
[0.365s] [ 34%] Built target moveit_test_utils
[0.365s] [ 35%] Built target moveit_robot_state
[0.425s] [ 37%] Built target test_robot_model
[0.426s] [ 39%] Built target moveit_kinematics_metrics
[0.426s] [ 39%] Built target test_robot_state_complex
[0.427s] [ 41%] Built target moveit_dynamics_solver
[0.427s] [ 43%] Built target moveit_robot_trajectory
[0.427s] [ 44%] Built target test_robot_state
[0.428s] [ 45%] Built target test_aabb
[0.428s] [ 46%] Built target test_cartesian_interpolator
[0.429s] [ 47%] Built target robot_state_benchmark
[0.442s] [ 53%] Built target moveit_collision_detection
[0.483s] [ 55%] Built target moveit_trajectory_processing
[0.483s] [ 56%] Built target test_robot_trajectory
[0.494s] [ 57%] Built target test_world_diff
[0.495s] [ 58%] Built target test_world
[0.503s] [ 60%] Built target test_all_valid
[0.503s] [ 61%] Built target moveit_collision_detection_fcl
[0.526s] [ 66%] Built target moveit_collision_detection_bullet
[0.545s] [ 67%] Built target test_ruckig_traj_smoothing
[0.546s] [ 69%] Built target test_time_optimal_trajectory_generation
[0.546s] [ 70%] Built target robot_trajectory_benchmark
[0.571s] [ 72%] Built target test_fcl_collision_detection
[0.573s] [ 74%] Built target moveit_kinematic_constraints
[0.576s] [ 75%] Built target test_fcl_collision_env
[0.577s] [ 76%] Built target test_fcl_collision_detection_panda
[0.590s] [ 77%] Built target test_bullet_collision_detection_panda
[0.592s] [ 79%] Built target test_bullet_collision_detection
[0.592s] [ 80%] Built target test_bullet_continuous_collision_checking
[0.629s] [ 82%] Built target test_constraints
[0.629s] [ 82%] Built target test_orientation_constraints
[0.634s] [ 83%] Built target moveit_planning_scene
[0.692s] [ 85%] Built target test_multi_threaded
[0.692s] [ 85%] Built target collision_detector_bullet_plugin
[0.697s] [ 87%] Built target collision_detector_fcl_plugin
[0.697s] [ 89%] Built target moveit_constraint_samplers
[0.697s] [ 91%] Built target test_collision_objects
[0.699s] [ 92%] Built target test_planning_scene
[0.700s] [ 94%] Built target moveit_planning_interface
[0.713s] [ 97%] Built target moveit_collision_distance_field
[0.759s] [ 99%] Built target test_constraint_samplers
[0.773s] [100%] Built target test_collision_distance_field
[0.793s] Invoked command in '/home/moveit/build/moveit_core' returned '0': CMAKE_PREFIX_PATH=/home/moveit/install/moveit_resources_panda_moveit_config:/home/moveit/install/moveit_resources_pr2_description:/home/moveit/install/moveit_resources_panda_description:/home/moveit/install/moveit_msgs:/home/moveit/install/moveit_common:/home/humble_ws/install/antworker_moveit_description:/home/moveit/install/pilz_industrial_motion_planner_testutils:/home/moveit/install/moveit_runtime:/home/moveit/install/moveit:/home/moveit/install/moveit_planners:/home/moveit/install/pilz_industrial_motion_planner:/home/moveit/install/moveit_ros_control_interface:/home/moveit/install/moveit_plugins:/home/moveit/install/moveit_simple_controller_manager:/home/moveit/install/moveit_setup_assistant:/home/moveit/install/moveit_setup_srdf_plugins:/home/moveit/install/moveit_setup_core_plugins:/home/moveit/install/moveit_setup_controllers:/home/moveit/install/moveit_setup_app_plugins:/home/moveit/install/moveit_setup_framework:/home/moveit/install/moveit_servo:/home/moveit/install/moveit_ros:/home/moveit/install/moveit_ros_visualization:/home/moveit/install/moveit_py:/home/moveit/install/moveit_hybrid_planning:/home/moveit/install/moveit_ros_planning_interface:/home/moveit/install/moveit_ros_benchmarks:/home/moveit/install/moveit_ros_warehouse:/home/moveit/install/moveit_ros_robot_interaction:/home/moveit/install/moveit_ros_perception:/home/moveit/install/moveit_resources_prbt_pg70_support:/home/moveit/install/moveit_resources_prbt_moveit_config:/home/moveit/install/moveit_ros_move_group:/home/moveit/install/moveit_planners_ompl:/home/moveit/install/moveit_kinematics:/home/moveit/install/moveit_ros_planning:/home/moveit/install/moveit_ros_occupancy_map_monitor:/home/moveit/install/moveit_resources_prbt_support:/home/moveit/install/moveit_resources_prbt_ikfast_manipulator_plugin:/home/moveit/install/moveit_resources:/home/moveit/install/dual_arm_panda_moveit_config:/home/moveit/install/moveit_resources_fanuc_moveit_config:/home/moveit/install/moveit_resources_fanuc_description:/home/moveit/install/moveit_planners_stomp:/home/moveit/install/moveit_planners_chomp:/home/moveit/install/chomp_motion_planner:/home/moveit/install/moveit_core:/home/humble_ws/install/moveit_rolling_humble_interface:/home/humble_ws/install/kortex_interface:/home/humble_ws/install/attempt_py_moveit:/home/humble_ws/install/antworker_navigation:/home/humble_ws/install/antworker_isaacsim_world:/home/humble_ws/install/antworker_description:/home/moveit/install/moveit_configs_utils:/opt/ros/humble LD_LIBRARY_PATH=/home/moveit/install/moveit_msgs/lib:/home/moveit/install/pilz_industrial_motion_planner_testutils/lib:/home/moveit/install/pilz_industrial_motion_planner/lib:/home/moveit/install/moveit_ros_control_interface/lib:/home/moveit/install/moveit_simple_controller_manager/lib:/home/moveit/install/moveit_setup_assistant/lib:/home/moveit/install/moveit_setup_srdf_plugins/lib:/home/moveit/install/moveit_setup_core_plugins/lib:/home/moveit/install/moveit_setup_controllers/lib:/home/moveit/install/moveit_setup_app_plugins/lib:/home/moveit/install/moveit_setup_framework/lib:/home/moveit/install/moveit_servo/lib:/home/moveit/install/moveit_ros_visualization/lib:/home/moveit/install/moveit_py/lib:/home/moveit/install/moveit_hybrid_planning/lib:/home/moveit/install/moveit_ros_planning_interface/lib:/home/moveit/install/moveit_ros_benchmarks/lib:/home/moveit/install/moveit_ros_warehouse/lib:/home/moveit/install/moveit_ros_robot_interaction/lib:/home/moveit/install/moveit_ros_perception/lib:/home/moveit/install/moveit_ros_move_group/lib:/home/moveit/install/moveit_planners_ompl/lib:/home/moveit/install/moveit_kinematics/lib:/home/moveit/install/moveit_ros_planning/lib:/home/moveit/install/moveit_ros_occupancy_map_monitor/lib:/home/moveit/install/moveit_resources_prbt_ikfast_manipulator_plugin/lib:/home/moveit/install/moveit_planners_stomp/lib:/home/moveit/install/moveit_planners_chomp/lib:/home/moveit/install/chomp_motion_planner/lib:/home/moveit/install/moveit_core/lib:/opt/ros/humble/opt/rviz_ogre_vendor/lib:/opt/ros/humble/lib/x86_64-linux-gnu:/opt/ros/humble/lib /usr/bin/cmake --build /home/moveit/build/moveit_core -- -j16 -l16
[0.961s] Invoking command in '/home/moveit/build/moveit_core': CMAKE_PREFIX_PATH=/home/moveit/install/moveit_resources_panda_moveit_config:/home/moveit/install/moveit_resources_pr2_description:/home/moveit/install/moveit_resources_panda_description:/home/moveit/install/moveit_msgs:/home/moveit/install/moveit_common:/home/humble_ws/install/antworker_moveit_description:/home/moveit/install/pilz_industrial_motion_planner_testutils:/home/moveit/install/moveit_runtime:/home/moveit/install/moveit:/home/moveit/install/moveit_planners:/home/moveit/install/pilz_industrial_motion_planner:/home/moveit/install/moveit_ros_control_interface:/home/moveit/install/moveit_plugins:/home/moveit/install/moveit_simple_controller_manager:/home/moveit/install/moveit_setup_assistant:/home/moveit/install/moveit_setup_srdf_plugins:/home/moveit/install/moveit_setup_core_plugins:/home/moveit/install/moveit_setup_controllers:/home/moveit/install/moveit_setup_app_plugins:/home/moveit/install/moveit_setup_framework:/home/moveit/install/moveit_servo:/home/moveit/install/moveit_ros:/home/moveit/install/moveit_ros_visualization:/home/moveit/install/moveit_py:/home/moveit/install/moveit_hybrid_planning:/home/moveit/install/moveit_ros_planning_interface:/home/moveit/install/moveit_ros_benchmarks:/home/moveit/install/moveit_ros_warehouse:/home/moveit/install/moveit_ros_robot_interaction:/home/moveit/install/moveit_ros_perception:/home/moveit/install/moveit_resources_prbt_pg70_support:/home/moveit/install/moveit_resources_prbt_moveit_config:/home/moveit/install/moveit_ros_move_group:/home/moveit/install/moveit_planners_ompl:/home/moveit/install/moveit_kinematics:/home/moveit/install/moveit_ros_planning:/home/moveit/install/moveit_ros_occupancy_map_monitor:/home/moveit/install/moveit_resources_prbt_support:/home/moveit/install/moveit_resources_prbt_ikfast_manipulator_plugin:/home/moveit/install/moveit_resources:/home/moveit/install/dual_arm_panda_moveit_config:/home/moveit/install/moveit_resources_fanuc_moveit_config:/home/moveit/install/moveit_resources_fanuc_description:/home/moveit/install/moveit_planners_stomp:/home/moveit/install/moveit_planners_chomp:/home/moveit/install/chomp_motion_planner:/home/moveit/install/moveit_core:/home/humble_ws/install/moveit_rolling_humble_interface:/home/humble_ws/install/kortex_interface:/home/humble_ws/install/attempt_py_moveit:/home/humble_ws/install/antworker_navigation:/home/humble_ws/install/antworker_isaacsim_world:/home/humble_ws/install/antworker_description:/home/moveit/install/moveit_configs_utils:/opt/ros/humble LD_LIBRARY_PATH=/home/moveit/install/moveit_msgs/lib:/home/moveit/install/pilz_industrial_motion_planner_testutils/lib:/home/moveit/install/pilz_industrial_motion_planner/lib:/home/moveit/install/moveit_ros_control_interface/lib:/home/moveit/install/moveit_simple_controller_manager/lib:/home/moveit/install/moveit_setup_assistant/lib:/home/moveit/install/moveit_setup_srdf_plugins/lib:/home/moveit/install/moveit_setup_core_plugins/lib:/home/moveit/install/moveit_setup_controllers/lib:/home/moveit/install/moveit_setup_app_plugins/lib:/home/moveit/install/moveit_setup_framework/lib:/home/moveit/install/moveit_servo/lib:/home/moveit/install/moveit_ros_visualization/lib:/home/moveit/install/moveit_py/lib:/home/moveit/install/moveit_hybrid_planning/lib:/home/moveit/install/moveit_ros_planning_interface/lib:/home/moveit/install/moveit_ros_benchmarks/lib:/home/moveit/install/moveit_ros_warehouse/lib:/home/moveit/install/moveit_ros_robot_interaction/lib:/home/moveit/install/moveit_ros_perception/lib:/home/moveit/install/moveit_ros_move_group/lib:/home/moveit/install/moveit_planners_ompl/lib:/home/moveit/install/moveit_kinematics/lib:/home/moveit/install/moveit_ros_planning/lib:/home/moveit/install/moveit_ros_occupancy_map_monitor/lib:/home/moveit/install/moveit_resources_prbt_ikfast_manipulator_plugin/lib:/home/moveit/install/moveit_planners_stomp/lib:/home/moveit/install/moveit_planners_chomp/lib:/home/moveit/install/chomp_motion_planner/lib:/home/moveit/install/moveit_core/lib:/opt/ros/humble/opt/rviz_ogre_vendor/lib:/opt/ros/humble/lib/x86_64-linux-gnu:/opt/ros/humble/lib /usr/bin/cmake --install /home/moveit/build/moveit_core
[0.974s] -- Install configuration: "Release"
[0.980s] -- Up-to-date: /home/moveit/install/moveit_core/include/moveit_core
[0.980s] -- Up-to-date: /home/moveit/install/moveit_core/include/moveit_core/moveit
[0.980s] -- Up-to-date: /home/moveit/install/moveit_core/include/moveit_core/moveit/collision_detection_bullet
[0.981s] -- Up-to-date: /home/moveit/install/moveit_core/include/moveit_core/moveit/collision_detection_bullet/collision_detector_bullet_plugin_loader.h
[0.981s] -- Up-to-date: /home/moveit/install/moveit_core/include/moveit_core/moveit/collision_detection_bullet/collision_env_bullet.h
[0.981s] -- Up-to-date: /home/moveit/install/moveit_core/include/moveit_core/moveit/collision_detection_bullet/collision_detector_allocator_bullet.h
[0.981s] -- Up-to-date: /home/moveit/install/moveit_core/include/moveit_core/moveit/collision_detection_bullet/bullet_integration
[0.981s] -- Up-to-date: /home/moveit/install/moveit_core/include/moveit_core/moveit/collision_detection_bullet/bullet_integration/ros_bullet_utils.h
[0.981s] -- Up-to-date: /home/moveit/install/moveit_core/include/moveit_core/moveit/collision_detection_bullet/bullet_integration/bullet_discrete_bvh_manager.h
[0.981s] -- Up-to-date: /home/moveit/install/moveit_core/include/moveit_core/moveit/collision_detection_bullet/bullet_integration/bullet_utils.h
[0.981s] -- Up-to-date: /home/moveit/install/moveit_core/include/moveit_core/moveit/collision_detection_bullet/bullet_integration/bullet_cast_bvh_manager.h
[0.981s] -- Up-to-date: /home/moveit/install/moveit_core/include/moveit_core/moveit/collision_detection_bullet/bullet_integration/bullet_bvh_manager.h
[0.981s] -- Up-to-date: /home/moveit/install/moveit_core/include/moveit_core/moveit/collision_detection_bullet/bullet_integration/contact_checker_common.h
[0.981s] -- Up-to-date: /home/moveit/install/moveit_core/include/moveit_core/moveit/collision_detection_bullet/bullet_integration/basic_types.h
[0.981s] -- Up-to-date: /home/moveit/install/moveit_core/include/moveit_core/moveit_collision_detection_bullet_export.h
[0.981s] -- Up-to-date: /home/moveit/install/moveit_core/include/moveit_core
[0.981s] -- Up-to-date: /home/moveit/install/moveit_core/include/moveit_core/moveit
[0.982s] -- Up-to-date: /home/moveit/install/moveit_core/include/moveit_core/moveit/collision_detection_fcl
[0.982s] -- Up-to-date: /home/moveit/install/moveit_core/include/moveit_core/moveit/collision_detection_fcl/fcl_compat.h
[0.982s] -- Up-to-date: /home/moveit/install/moveit_core/include/moveit_core/moveit/collision_detection_fcl/collision_detector_fcl_plugin_loader.h
[0.982s] -- Up-to-date: /home/moveit/install/moveit_core/include/moveit_core/moveit/collision_detection_fcl/collision_common.h
[0.982s] -- Up-to-date: /home/moveit/install/moveit_core/include/moveit_core/moveit/collision_detection_fcl/collision_detector_allocator_fcl.h
[0.982s] -- Up-to-date: /home/moveit/install/moveit_core/include/moveit_core/moveit/collision_detection_fcl/collision_env_fcl.h
[0.982s] -- Up-to-date: /home/moveit/install/moveit_core/include/moveit_core/moveit_collision_detection_fcl_export.h
[0.982s] -- Up-to-date: /home/moveit/install/moveit_core/include/moveit_core
[0.982s] -- Up-to-date: /home/moveit/install/moveit_core/include/moveit_core/moveit
[0.982s] -- Up-to-date: /home/moveit/install/moveit_core/include/moveit_core/moveit/collision_detection
[0.982s] -- Up-to-date: /home/moveit/install/moveit_core/include/moveit_core/moveit/collision_detection/collision_plugin_cache.h
[0.982s] -- Up-to-date: /home/moveit/install/moveit_core/include/moveit_core/moveit/collision_detection/test_collision_common_pr2.h
[0.982s] -- Up-to-date: /home/moveit/install/moveit_core/include/moveit_core/moveit/collision_detection/test_collision_common_panda.h
[0.982s] -- Up-to-date: /home/moveit/install/moveit_core/include/moveit_core/moveit/collision_detection/collision_tools.h
[0.982s] -- Up-to-date: /home/moveit/install/moveit_core/include/moveit_core/moveit/collision_detection/collision_plugin.h
[0.982s] -- Up-to-date: /home/moveit/install/moveit_core/include/moveit_core/moveit/collision_detection/allvalid
[0.983s] -- Up-to-date: /home/moveit/install/moveit_core/include/moveit_core/moveit/collision_detection/allvalid/collision_detector_allocator_allvalid.h
[0.983s] -- Up-to-date: /home/moveit/install/moveit_core/include/moveit_core/moveit/collision_detection/allvalid/collision_env_allvalid.h
[0.983s] -- Up-to-date: /home/moveit/install/moveit_core/include/moveit_core/moveit/collision_detection/collision_common.h
[0.983s] -- Up-to-date: /home/moveit/install/moveit_core/include/moveit_core/moveit/collision_detection/collision_octomap_filter.h
[0.983s] -- Up-to-date: /home/moveit/install/moveit_core/include/moveit_core/moveit/collision_detection/occupancy_map.h
[0.983s] -- Up-to-date: /home/moveit/install/moveit_core/include/moveit_core/moveit/collision_detection/collision_detector_allocator.h
[0.983s] -- Up-to-date: /home/moveit/install/moveit_core/include/moveit_core/moveit/collision_detection/collision_matrix.h
[0.983s] -- Up-to-date: /home/moveit/install/moveit_core/include/moveit_core/moveit/collision_detection/world_diff.h
[0.983s] -- Up-to-date: /home/moveit/install/moveit_core/include/moveit_core/moveit/collision_detection/world.h
[0.983s] -- Up-to-date: /home/moveit/install/moveit_core/include/moveit_core/moveit/collision_detection/collision_env.h
[0.983s] -- Up-to-date: /home/moveit/install/moveit_core/include/moveit_core/moveit_collision_detection_export.h
[0.983s] -- Up-to-date: /home/moveit/install/moveit_core/include/moveit_core
[0.983s] -- Up-to-date: /home/moveit/install/moveit_core/include/moveit_core/moveit
[0.983s] -- Up-to-date: /home/moveit/install/moveit_core/include/moveit_core/moveit/collision_distance_field
[0.983s] -- Up-to-date: /home/moveit/install/moveit_core/include/moveit_core/moveit/collision_distance_field/collision_distance_field_types.h
[0.984s] -- Up-to-date: /home/moveit/install/moveit_core/include/moveit_core/moveit/collision_distance_field/collision_detector_allocator_hybrid.h
[0.984s] -- Up-to-date: /home/moveit/install/moveit_core/include/moveit_core/moveit/collision_distance_field/collision_common_distance_field.h
[0.984s] -- Up-to-date: /home/moveit/install/moveit_core/include/moveit_core/moveit/collision_distance_field/collision_env_distance_field.h
[0.984s] -- Up-to-date: /home/moveit/install/moveit_core/include/moveit_core/moveit/collision_distance_field/collision_env_hybrid.h
[0.984s] -- Up-to-date: /home/moveit/install/moveit_core/include/moveit_core/moveit/collision_distance_field/collision_detector_allocator_distance_field.h
[0.984s] -- Up-to-date: /home/moveit/install/moveit_core/include/moveit_core/moveit_collision_distance_field_export.h
[0.984s] -- Up-to-date: /home/moveit/install/moveit_core/include/moveit_core
[0.984s] -- Up-to-date: /home/moveit/install/moveit_core/include/moveit_core/moveit
[0.984s] -- Up-to-date: /home/moveit/install/moveit_core/include/moveit_core/moveit/constraint_samplers
[0.984s] -- Up-to-date: /home/moveit/install/moveit_core/include/moveit_core/moveit/constraint_samplers/constraint_sampler.h
[0.984s] -- Up-to-date: /home/moveit/install/moveit_core/include/moveit_core/moveit/constraint_samplers/default_constraint_samplers.h
[0.984s] -- Up-to-date: /home/moveit/install/moveit_core/include/moveit_core/moveit/constraint_samplers/constraint_sampler_allocator.h
[0.984s] -- Up-to-date: /home/moveit/install/moveit_core/include/moveit_core/moveit/constraint_samplers/constraint_sampler_tools.h
[0.984s] -- Up-to-date: /home/moveit/install/moveit_core/include/moveit_core/moveit/constraint_samplers/union_constraint_sampler.h
[0.984s] -- Up-to-date: /home/moveit/install/moveit_core/include/moveit_core/moveit/constraint_samplers/constraint_sampler_manager.h
[0.984s] -- Up-to-date: /home/moveit/install/moveit_core/include/moveit_core
[0.985s] -- Up-to-date: /home/moveit/install/moveit_core/include/moveit_core/moveit
[0.985s] -- Up-to-date: /home/moveit/install/moveit_core/include/moveit_core/moveit/controller_manager
[0.985s] -- Up-to-date: /home/moveit/install/moveit_core/include/moveit_core/moveit/controller_manager/controller_manager.h
[0.985s] -- Up-to-date: /home/moveit/install/moveit_core/include/moveit_core
[0.985s] -- Up-to-date: /home/moveit/install/moveit_core/include/moveit_core/moveit
[0.985s] -- Up-to-date: /home/moveit/install/moveit_core/include/moveit_core/moveit/distance_field
[0.985s] -- Up-to-date: /home/moveit/install/moveit_core/include/moveit_core/moveit/distance_field/distance_field.h
[0.985s] -- Up-to-date: /home/moveit/install/moveit_core/include/moveit_core/moveit/distance_field/voxel_grid.h
[0.985s] -- Up-to-date: /home/moveit/install/moveit_core/include/moveit_core/moveit/distance_field/propagation_distance_field.h
[0.985s] -- Up-to-date: /home/moveit/install/moveit_core/include/moveit_core/moveit/distance_field/find_internal_points.h
[0.985s] -- Up-to-date: /home/moveit/install/moveit_core/include/moveit_core
[0.985s] -- Up-to-date: /home/moveit/install/moveit_core/include/moveit_core/moveit
[0.985s] -- Up-to-date: /home/moveit/install/moveit_core/include/moveit_core/moveit/dynamics_solver
[0.985s] -- Up-to-date: /home/moveit/install/moveit_core/include/moveit_core/moveit/dynamics_solver/dynamics_solver.h
[0.985s] -- Up-to-date: /home/moveit/install/moveit_core/include/moveit_core
[0.986s] -- Up-to-date: /home/moveit/install/moveit_core/include/moveit_core/moveit
[0.986s] -- Up-to-date: /home/moveit/install/moveit_core/include/moveit_core/moveit/exceptions
[0.986s] -- Up-to-date: /home/moveit/install/moveit_core/include/moveit_core/moveit/exceptions/exceptions.h
[0.986s] -- Up-to-date: /home/moveit/install/moveit_core/include/moveit_core
[0.986s] -- Up-to-date: /home/moveit/install/moveit_core/include/moveit_core/moveit
[0.986s] -- Up-to-date: /home/moveit/install/moveit_core/include/moveit_core/moveit/kinematic_constraints
[0.986s] -- Up-to-date: /home/moveit/install/moveit_core/include/moveit_core/moveit/kinematic_constraints/utils.h
[0.986s] -- Up-to-date: /home/moveit/install/moveit_core/include/moveit_core/moveit/kinematic_constraints/kinematic_constraint.h
[0.986s] -- Up-to-date: /home/moveit/install/moveit_core/include/moveit_core
[0.986s] -- Up-to-date: /home/moveit/install/moveit_core/include/moveit_core/moveit
[0.986s] -- Up-to-date: /home/moveit/install/moveit_core/include/moveit_core/moveit/kinematics_base
[0.986s] -- Up-to-date: /home/moveit/install/moveit_core/include/moveit_core/moveit/kinematics_base/kinematics_base.h
[0.986s] -- Up-to-date: /home/moveit/install/moveit_core/include/moveit_core/moveit_kinematics_base_export.h
[0.986s] -- Up-to-date: /home/moveit/install/moveit_core/include/moveit_core
[0.986s] -- Up-to-date: /home/moveit/install/moveit_core/include/moveit_core/moveit
[0.986s] -- Up-to-date: /home/moveit/install/moveit_core/include/moveit_core/moveit/kinematics_metrics
[0.987s] -- Up-to-date: /home/moveit/install/moveit_core/include/moveit_core/moveit/kinematics_metrics/kinematics_metrics.h
[0.987s] -- Up-to-date: /home/moveit/install/moveit_core/include/moveit_core
[0.987s] -- Up-to-date: /home/moveit/install/moveit_core/include/moveit_core/moveit
[0.987s] -- Up-to-date: /home/moveit/install/moveit_core/include/moveit_core/moveit/macros
[0.987s] -- Up-to-date: /home/moveit/install/moveit_core/include/moveit_core/moveit/macros/class_forward.h
[0.987s] -- Up-to-date: /home/moveit/install/moveit_core/include/moveit_core/moveit/macros/declare_ptr.h
[0.987s] -- Up-to-date: /home/moveit/install/moveit_core/include/moveit_core/moveit/macros/console_colors.h
[0.987s] -- Up-to-date: /home/moveit/install/moveit_core/include/moveit_core/moveit/macros/deprecation.h
[0.987s] -- Up-to-date: /home/moveit/install/moveit_core/include/moveit_butterworth_parameters
[0.987s] -- Up-to-date: /home/moveit/install/moveit_core/include/moveit_butterworth_parameters/moveit_butterworth_parameters.hpp
[0.987s] -- Up-to-date: /home/moveit/install/moveit_core/include/moveit_core
[0.987s] -- Up-to-date: /home/moveit/install/moveit_core/include/moveit_core/moveit
[0.988s] -- Up-to-date: /home/moveit/install/moveit_core/include/moveit_core/moveit/online_signal_smoothing
[0.988s] -- Up-to-date: /home/moveit/install/moveit_core/include/moveit_core/moveit/online_signal_smoothing/smoothing_base_class.h
[0.988s] -- Up-to-date: /home/moveit/install/moveit_core/include/moveit_core/moveit/online_signal_smoothing/butterworth_filter.h
[0.988s] -- Up-to-date: /home/moveit/install/moveit_core/include/moveit_core/moveit_smoothing_base_export.h
[0.988s] -- Up-to-date: /home/moveit/install/moveit_core/include/moveit_core/moveit_butterworth_filter_export.h
[0.988s] -- Up-to-date: /home/moveit/install/moveit_core/include/moveit_core
[0.988s] -- Up-to-date: /home/moveit/install/moveit_core/include/moveit_core/moveit
[0.988s] -- Up-to-date: /home/moveit/install/moveit_core/include/moveit_core/moveit/planning_interface
[0.988s] -- Up-to-date: /home/moveit/install/moveit_core/include/moveit_core/moveit/planning_interface/planning_response.h
[0.988s] -- Up-to-date: /home/moveit/install/moveit_core/include/moveit_core/moveit/planning_interface/planning_request.h
[0.988s] -- Up-to-date: /home/moveit/install/moveit_core/include/moveit_core/moveit/planning_interface/planning_response_adapter.h
[0.988s] -- Up-to-date: /home/moveit/install/moveit_core/include/moveit_core/moveit/planning_interface/planning_request_adapter.h
[0.988s] -- Up-to-date: /home/moveit/install/moveit_core/include/moveit_core/moveit/planning_interface/planning_interface.h
[0.989s] -- Up-to-date: /home/moveit/install/moveit_core/include/moveit_core
[0.989s] -- Up-to-date: /home/moveit/install/moveit_core/include/moveit_core/moveit
[0.989s] -- Up-to-date: /home/moveit/install/moveit_core/include/moveit_core/moveit/planning_scene
[0.989s] -- Up-to-date: /home/moveit/install/moveit_core/include/moveit_core/moveit/planning_scene/planning_scene.h
[0.989s] -- Up-to-date: /home/moveit/install/moveit_core/include/moveit_core/moveit_planning_scene_export.h
[0.989s] -- Up-to-date: /home/moveit/install/moveit_core/include/moveit_core
[0.989s] -- Up-to-date: /home/moveit/install/moveit_core/include/moveit_core/moveit
[0.989s] -- Up-to-date: /home/moveit/install/moveit_core/include/moveit_core/moveit/robot_model
[0.989s] -- Up-to-date: /home/moveit/install/moveit_core/include/moveit_core/moveit/robot_model/joint_model_group.h
[0.989s] -- Up-to-date: /home/moveit/install/moveit_core/include/moveit_core/moveit/robot_model/revolute_joint_model.h
[0.989s] -- Up-to-date: /home/moveit/install/moveit_core/include/moveit_core/moveit/robot_model/floating_joint_model.h
[0.989s] -- Up-to-date: /home/moveit/install/moveit_core/include/moveit_core/moveit/robot_model/fixed_joint_model.h
[0.989s] -- Up-to-date: /home/moveit/install/moveit_core/include/moveit_core/moveit/robot_model/aabb.h
[0.989s] -- Up-to-date: /home/moveit/install/moveit_core/include/moveit_core/moveit/robot_model/prismatic_joint_model.h
[0.989s] -- Up-to-date: /home/moveit/install/moveit_core/include/moveit_core/moveit/robot_model/robot_model.h
[0.989s] -- Up-to-date: /home/moveit/install/moveit_core/include/moveit_core/moveit/robot_model/planar_joint_model.h
[0.990s] -- Up-to-date: /home/moveit/install/moveit_core/include/moveit_core/moveit/robot_model/joint_model.h
[0.990s] -- Up-to-date: /home/moveit/install/moveit_core/include/moveit_core/moveit/robot_model/link_model.h
[0.990s] -- Up-to-date: /home/moveit/install/moveit_core/include/moveit_core
[0.990s] -- Up-to-date: /home/moveit/install/moveit_core/include/moveit_core/moveit
[0.990s] -- Up-to-date: /home/moveit/install/moveit_core/include/moveit_core/moveit/robot_state
[0.990s] -- Up-to-date: /home/moveit/install/moveit_core/include/moveit_core/moveit/robot_state/attached_body.h
[0.990s] -- Up-to-date: /home/moveit/install/moveit_core/include/moveit_core/moveit/robot_state/cartesian_interpolator.h
[0.990s] -- Up-to-date: /home/moveit/install/moveit_core/include/moveit_core/moveit/robot_state/robot_state.h
[0.990s] -- Up-to-date: /home/moveit/install/moveit_core/include/moveit_core/moveit/robot_state/conversions.h
[0.990s] -- Up-to-date: /home/moveit/install/moveit_core/include/moveit_core
[0.990s] -- Up-to-date: /home/moveit/install/moveit_core/include/moveit_core/moveit
[0.990s] -- Up-to-date: /home/moveit/install/moveit_core/include/moveit_core/moveit/robot_trajectory
[0.990s] -- Up-to-date: /home/moveit/install/moveit_core/include/moveit_core/moveit/robot_trajectory/robot_trajectory.h
[0.990s] -- Up-to-date: /home/moveit/install/moveit_core/include/moveit_core
[0.990s] -- Up-to-date: /home/moveit/install/moveit_core/include/moveit_core/moveit
[0.990s] -- Up-to-date: /home/moveit/install/moveit_core/include/moveit_core/moveit/trajectory_processing
[0.990s] -- Up-to-date: /home/moveit/install/moveit_core/include/moveit_core/moveit/trajectory_processing/time_optimal_trajectory_generation.h
[0.991s] -- Up-to-date: /home/moveit/install/moveit_core/include/moveit_core/moveit/trajectory_processing/time_parameterization.h
[0.991s] -- Up-to-date: /home/moveit/install/moveit_core/include/moveit_core/moveit/trajectory_processing/trajectory_tools.h
[0.991s] -- Up-to-date: /home/moveit/install/moveit_core/include/moveit_core/moveit/trajectory_processing/ruckig_traj_smoothing.h
[0.991s] -- Up-to-date: /home/moveit/install/moveit_core/include/moveit_core
[0.991s] -- Up-to-date: /home/moveit/install/moveit_core/include/moveit_core/moveit
[0.991s] -- Up-to-date: /home/moveit/install/moveit_core/include/moveit_core/moveit/transforms
[0.991s] -- Up-to-date: /home/moveit/install/moveit_core/include/moveit_core/moveit/transforms/transforms.h
[0.991s] -- Up-to-date: /home/moveit/install/moveit_core/include/moveit_core
[0.991s] -- Up-to-date: /home/moveit/install/moveit_core/include/moveit_core/moveit
[0.991s] -- Up-to-date: /home/moveit/install/moveit_core/include/moveit_core/moveit/utils
[0.991s] -- Up-to-date: /home/moveit/install/moveit_core/include/moveit_core/moveit/utils/robot_model_test_utils.h
[0.991s] -- Up-to-date: /home/moveit/install/moveit_core/include/moveit_core/moveit/utils/moveit_error_code.h
[0.991s] -- Up-to-date: /home/moveit/install/moveit_core/include/moveit_core/moveit/utils/lexical_casts.h
[0.991s] -- Up-to-date: /home/moveit/install/moveit_core/include/moveit_core/moveit/utils/eigen_test_utils.h
[0.991s] -- Up-to-date: /home/moveit/install/moveit_core/include/moveit_core/moveit/utils/rclcpp_utils.h
[0.991s] -- Up-to-date: /home/moveit/install/moveit_core/include/moveit_core/moveit/utils/logger.hpp
[0.992s] -- Up-to-date: /home/moveit/install/moveit_core/include/moveit_core/moveit/utils/message_checks.h
[0.992s] -- Up-to-date: /home/moveit/install/moveit_core/lib/moveit_core/logger_dut
[0.992s] -- Up-to-date: /home/moveit/install/moveit_core/include/moveit_core/moveit/version.h
[0.992s] -- Up-to-date: /home/moveit/install/moveit_core/bin/moveit_version
[0.992s] -- Up-to-date: /home/moveit/install/moveit_core/lib/libcollision_detector_bullet_plugin.so.2.9.0
[0.992s] -- Up-to-date: /home/moveit/install/moveit_core/lib/libcollision_detector_bullet_plugin.so
[0.992s] -- Up-to-date: /home/moveit/install/moveit_core/lib/libmoveit_butterworth_filter.so.2.9.0
[0.992s] -- Up-to-date: /home/moveit/install/moveit_core/lib/libmoveit_butterworth_filter.so
[0.993s] -- Up-to-date: /home/moveit/install/moveit_core/lib/libmoveit_collision_detection.so.2.9.0
[0.993s] -- Up-to-date: /home/moveit/install/moveit_core/lib/libmoveit_collision_detection.so
[0.993s] -- Up-to-date: /home/moveit/install/moveit_core/lib/libmoveit_collision_detection_bullet.so.2.9.0
[0.993s] -- Up-to-date: /home/moveit/install/moveit_core/lib/libmoveit_collision_detection_bullet.so
[0.994s] -- Up-to-date: /home/moveit/install/moveit_core/lib/libmoveit_collision_detection_fcl.so.2.9.0
[0.994s] -- Up-to-date: /home/moveit/install/moveit_core/lib/libmoveit_collision_detection_fcl.so
[0.995s] -- Up-to-date: /home/moveit/install/moveit_core/lib/libmoveit_collision_distance_field.so.2.9.0
[0.995s] -- Up-to-date: /home/moveit/install/moveit_core/lib/libmoveit_collision_distance_field.so
[0.995s] -- Up-to-date: /home/moveit/install/moveit_core/lib/libmoveit_constraint_samplers.so.2.9.0
[0.995s] -- Up-to-date: /home/moveit/install/moveit_core/lib/libmoveit_constraint_samplers.so
[0.996s] -- Up-to-date: /home/moveit/install/moveit_core/lib/libmoveit_distance_field.so.2.9.0
[0.996s] -- Up-to-date: /home/moveit/install/moveit_core/lib/libmoveit_distance_field.so
[0.997s] -- Up-to-date: /home/moveit/install/moveit_core/lib/libmoveit_dynamics_solver.so.2.9.0
[0.997s] -- Up-to-date: /home/moveit/install/moveit_core/lib/libmoveit_dynamics_solver.so
[0.997s] -- Up-to-date: /home/moveit/install/moveit_core/lib/libmoveit_exceptions.so.2.9.0
[0.997s] -- Up-to-date: /home/moveit/install/moveit_core/lib/libmoveit_exceptions.so
[0.997s] -- Up-to-date: /home/moveit/install/moveit_core/lib/libmoveit_kinematic_constraints.so.2.9.0
[0.998s] -- Up-to-date: /home/moveit/install/moveit_core/lib/libmoveit_kinematic_constraints.so
[0.998s] -- Up-to-date: /home/moveit/install/moveit_core/lib/libmoveit_kinematics_base.so
[0.998s] -- Up-to-date: /home/moveit/install/moveit_core/lib/libmoveit_kinematics_metrics.so.2.9.0
[0.998s] -- Up-to-date: /home/moveit/install/moveit_core/lib/libmoveit_kinematics_metrics.so
[0.999s] -- Up-to-date: /home/moveit/install/moveit_core/lib/libmoveit_planning_interface.so.2.9.0
[0.999s] -- Up-to-date: /home/moveit/install/moveit_core/lib/libmoveit_planning_interface.so
[0.999s] -- Up-to-date: /home/moveit/install/moveit_core/lib/libmoveit_planning_scene.so.2.9.0
[0.999s] -- Up-to-date: /home/moveit/install/moveit_core/lib/libmoveit_planning_scene.so
[0.999s] -- Up-to-date: /home/moveit/install/moveit_core/lib/libmoveit_robot_model.so.2.9.0
[1.000s] -- Up-to-date: /home/moveit/install/moveit_core/lib/libmoveit_robot_model.so
[1.000s] -- Up-to-date: /home/moveit/install/moveit_core/lib/libmoveit_robot_state.so.2.9.0
[1.000s] -- Up-to-date: /home/moveit/install/moveit_core/lib/libmoveit_robot_state.so
[1.000s] -- Up-to-date: /home/moveit/install/moveit_core/lib/libmoveit_robot_trajectory.so.2.9.0
[1.001s] -- Up-to-date: /home/moveit/install/moveit_core/lib/libmoveit_robot_trajectory.so
[1.001s] -- Up-to-date: /home/moveit/install/moveit_core/lib/libmoveit_smoothing_base.so.2.9.0
[1.001s] -- Up-to-date: /home/moveit/install/moveit_core/lib/libmoveit_smoothing_base.so
[1.002s] -- Up-to-date: /home/moveit/install/moveit_core/lib/libmoveit_test_utils.so.2.9.0
[1.002s] -- Up-to-date: /home/moveit/install/moveit_core/lib/libmoveit_test_utils.so
[1.002s] -- Up-to-date: /home/moveit/install/moveit_core/lib/libmoveit_trajectory_processing.so.2.9.0
[1.002s] -- Up-to-date: /home/moveit/install/moveit_core/lib/libmoveit_trajectory_processing.so
[1.002s] -- Up-to-date: /home/moveit/install/moveit_core/lib/libmoveit_transforms.so.2.9.0
[1.003s] -- Up-to-date: /home/moveit/install/moveit_core/lib/libmoveit_transforms.so
[1.003s] -- Up-to-date: /home/moveit/install/moveit_core/lib/libmoveit_utils.so.2.9.0
[1.003s] -- Up-to-date: /home/moveit/install/moveit_core/lib/libmoveit_utils.so
[1.003s] -- Up-to-date: /home/moveit/install/moveit_core/share/moveit_core/environment/library_path.sh
[1.003s] -- Up-to-date: /home/moveit/install/moveit_core/share/moveit_core/environment/library_path.dsv
[1.003s] -- Up-to-date: /home/moveit/install/moveit_core/share/moveit_core/collision_detector_fcl_description.xml
[1.003s] -- Up-to-date: /home/moveit/install/moveit_core/share/moveit_core/collision_detector_bullet_description.xml
[1.003s] -- Up-to-date: /home/moveit/install/moveit_core/share/moveit_core/filter_plugin_butterworth.xml
[1.004s] -- Up-to-date: /home/moveit/install/moveit_core/share/ament_index/resource_index/package_run_dependencies/moveit_core
[1.004s] -- Up-to-date: /home/moveit/install/moveit_core/share/ament_index/resource_index/parent_prefix_path/moveit_core
[1.004s] -- Up-to-date: /home/moveit/install/moveit_core/share/moveit_core/environment/ament_prefix_path.sh
[1.004s] -- Up-to-date: /home/moveit/install/moveit_core/share/moveit_core/environment/ament_prefix_path.dsv
[1.004s] -- Up-to-date: /home/moveit/install/moveit_core/share/moveit_core/environment/path.sh
[1.004s] -- Up-to-date: /home/moveit/install/moveit_core/share/moveit_core/environment/path.dsv
[1.004s] -- Up-to-date: /home/moveit/install/moveit_core/share/moveit_core/local_setup.bash
[1.004s] -- Up-to-date: /home/moveit/install/moveit_core/share/moveit_core/local_setup.sh
[1.004s] -- Up-to-date: /home/moveit/install/moveit_core/share/moveit_core/local_setup.zsh
[1.004s] -- Up-to-date: /home/moveit/install/moveit_core/share/moveit_core/local_setup.dsv
[1.004s] -- Installing: /home/moveit/install/moveit_core/share/moveit_core/package.dsv
[1.004s] -- Up-to-date: /home/moveit/install/moveit_core/share/ament_index/resource_index/packages/moveit_core
[1.004s] -- Up-to-date: /home/moveit/install/moveit_core/share/ament_index/resource_index/moveit_core__pluginlib__plugin/moveit_core
[1.005s] -- Up-to-date: /home/moveit/install/moveit_core/share/moveit_core/cmake/moveit_coreTargetsExport.cmake
[1.005s] -- Up-to-date: /home/moveit/install/moveit_core/share/moveit_core/cmake/moveit_coreTargetsExport-release.cmake
[1.005s] -- Up-to-date: /home/moveit/install/moveit_core/share/moveit_core/cmake/ConfigExtras.cmake
[1.005s] -- Up-to-date: /home/moveit/install/moveit_core/share/moveit_core/cmake/ament_cmake_export_targets-extras.cmake
[1.005s] -- Up-to-date: /home/moveit/install/moveit_core/share/moveit_core/cmake/ament_cmake_export_dependencies-extras.cmake
[1.005s] -- Up-to-date: /home/moveit/install/moveit_core/share/moveit_core/cmake/moveit_coreConfig.cmake
[1.005s] -- Up-to-date: /home/moveit/install/moveit_core/share/moveit_core/cmake/moveit_coreConfig-version.cmake
[1.005s] -- Up-to-date: /home/moveit/install/moveit_core/share/moveit_core/package.xml
[1.008s] Invoked command in '/home/moveit/build/moveit_core' returned '0': CMAKE_PREFIX_PATH=/home/moveit/install/moveit_resources_panda_moveit_config:/home/moveit/install/moveit_resources_pr2_description:/home/moveit/install/moveit_resources_panda_description:/home/moveit/install/moveit_msgs:/home/moveit/install/moveit_common:/home/humble_ws/install/antworker_moveit_description:/home/moveit/install/pilz_industrial_motion_planner_testutils:/home/moveit/install/moveit_runtime:/home/moveit/install/moveit:/home/moveit/install/moveit_planners:/home/moveit/install/pilz_industrial_motion_planner:/home/moveit/install/moveit_ros_control_interface:/home/moveit/install/moveit_plugins:/home/moveit/install/moveit_simple_controller_manager:/home/moveit/install/moveit_setup_assistant:/home/moveit/install/moveit_setup_srdf_plugins:/home/moveit/install/moveit_setup_core_plugins:/home/moveit/install/moveit_setup_controllers:/home/moveit/install/moveit_setup_app_plugins:/home/moveit/install/moveit_setup_framework:/home/moveit/install/moveit_servo:/home/moveit/install/moveit_ros:/home/moveit/install/moveit_ros_visualization:/home/moveit/install/moveit_py:/home/moveit/install/moveit_hybrid_planning:/home/moveit/install/moveit_ros_planning_interface:/home/moveit/install/moveit_ros_benchmarks:/home/moveit/install/moveit_ros_warehouse:/home/moveit/install/moveit_ros_robot_interaction:/home/moveit/install/moveit_ros_perception:/home/moveit/install/moveit_resources_prbt_pg70_support:/home/moveit/install/moveit_resources_prbt_moveit_config:/home/moveit/install/moveit_ros_move_group:/home/moveit/install/moveit_planners_ompl:/home/moveit/install/moveit_kinematics:/home/moveit/install/moveit_ros_planning:/home/moveit/install/moveit_ros_occupancy_map_monitor:/home/moveit/install/moveit_resources_prbt_support:/home/moveit/install/moveit_resources_prbt_ikfast_manipulator_plugin:/home/moveit/install/moveit_resources:/home/moveit/install/dual_arm_panda_moveit_config:/home/moveit/install/moveit_resources_fanuc_moveit_config:/home/moveit/install/moveit_resources_fanuc_description:/home/moveit/install/moveit_planners_stomp:/home/moveit/install/moveit_planners_chomp:/home/moveit/install/chomp_motion_planner:/home/moveit/install/moveit_core:/home/humble_ws/install/moveit_rolling_humble_interface:/home/humble_ws/install/kortex_interface:/home/humble_ws/install/attempt_py_moveit:/home/humble_ws/install/antworker_navigation:/home/humble_ws/install/antworker_isaacsim_world:/home/humble_ws/install/antworker_description:/home/moveit/install/moveit_configs_utils:/opt/ros/humble LD_LIBRARY_PATH=/home/moveit/install/moveit_msgs/lib:/home/moveit/install/pilz_industrial_motion_planner_testutils/lib:/home/moveit/install/pilz_industrial_motion_planner/lib:/home/moveit/install/moveit_ros_control_interface/lib:/home/moveit/install/moveit_simple_controller_manager/lib:/home/moveit/install/moveit_setup_assistant/lib:/home/moveit/install/moveit_setup_srdf_plugins/lib:/home/moveit/install/moveit_setup_core_plugins/lib:/home/moveit/install/moveit_setup_controllers/lib:/home/moveit/install/moveit_setup_app_plugins/lib:/home/moveit/install/moveit_setup_framework/lib:/home/moveit/install/moveit_servo/lib:/home/moveit/install/moveit_ros_visualization/lib:/home/moveit/install/moveit_py/lib:/home/moveit/install/moveit_hybrid_planning/lib:/home/moveit/install/moveit_ros_planning_interface/lib:/home/moveit/install/moveit_ros_benchmarks/lib:/home/moveit/install/moveit_ros_warehouse/lib:/home/moveit/install/moveit_ros_robot_interaction/lib:/home/moveit/install/moveit_ros_perception/lib:/home/moveit/install/moveit_ros_move_group/lib:/home/moveit/install/moveit_planners_ompl/lib:/home/moveit/install/moveit_kinematics/lib:/home/moveit/install/moveit_ros_planning/lib:/home/moveit/install/moveit_ros_occupancy_map_monitor/lib:/home/moveit/install/moveit_resources_prbt_ikfast_manipulator_plugin/lib:/home/moveit/install/moveit_planners_stomp/lib:/home/moveit/install/moveit_planners_chomp/lib:/home/moveit/install/chomp_motion_planner/lib:/home/moveit/install/moveit_core/lib:/opt/ros/humble/opt/rviz_ogre_vendor/lib:/opt/ros/humble/lib/x86_64-linux-gnu:/opt/ros/humble/lib /usr/bin/cmake --install /home/moveit/build/moveit_core
