[0.422s] Invoking command in '/home/kortex_ws/build/gripper_controllers': AMENT_PREFIX_PATH=/home/kortex_ws/install/controller_manager:/home/kortex_ws/install/hardware_interface_testing:/home/kortex_ws/install/controller_interface:/home/kortex_ws/install/hardware_interface:/home/kortex_ws/install/ros2_control_test_assets:/home/kortex_ws/install/controller_manager_msgs:/home/kortex_ws/install/control_msgs:${AMENT_PREFIX_PATH} CMAKE_PREFIX_PATH=/home/kortex_ws/install/controller_manager:/home/kortex_ws/install/hardware_interface_testing:/home/kortex_ws/install/controller_interface:/home/kortex_ws/install/hardware_interface:/home/kortex_ws/install/ros2_control_test_assets:/home/kortex_ws/install/controller_manager_msgs:/home/kortex_ws/install/control_msgs:/opt/ros/humble LD_LIBRARY_PATH=/home/kortex_ws/install/controller_manager/lib:/home/kortex_ws/install/hardware_interface_testing/lib:/home/kortex_ws/install/controller_interface/lib:/home/kortex_ws/install/hardware_interface/lib:/home/kortex_ws/install/controller_manager_msgs/lib:/home/kortex_ws/install/control_msgs/lib:${LD_LIBRARY_PATH} PYTHONPATH=/home/kortex_ws/install/controller_manager/local/lib/python3.10/dist-packages:/home/kortex_ws/install/controller_manager_msgs/local/lib/python3.10/dist-packages:/home/kortex_ws/install/control_msgs/local/lib/python3.10/dist-packages:${PYTHONPATH} /usr/bin/cmake /home/kortex_ws/src/ros2_controllers/gripper_controllers -DCMAKE_INSTALL_PREFIX=/home/kortex_ws/install/gripper_controllers
[0.811s] -- The CXX compiler identification is GNU 11.4.0
[0.811s] -- Detecting CXX compiler ABI info
[0.811s] -- Detecting CXX compiler ABI info - done
[0.811s] -- Check for working CXX compiler: /usr/bin/c++ - skipped
[0.811s] -- Detecting CXX compile features
[0.811s] -- Detecting CXX compile features - done
[0.811s] -- Found ament_cmake: 1.3.8 (/opt/ros/humble/share/ament_cmake/cmake)
[0.925s] -- Found Python3: /usr/bin/python3 (found version "3.10.12") found components: Interpreter 
[1.116s] -- Found backward_ros: 1.0.2 (/opt/ros/humble/share/backward_ros/cmake)
[1.134s] -- Found libdw: /usr/lib/x86_64-linux-gnu/libdw.so  
[1.144s] -- Could NOT find libbfd (missing: LIBBFD_LIBRARY LIBBFD_INCLUDE_DIR) 
[1.144s] -- BACKWARD_HAS_UNWIND=1
[1.144s] -- BACKWARD_HAS_BACKTRACE=0
[1.145s] -- BACKWARD_HAS_BACKTRACE_SYMBOL=0
[1.145s] -- BACKWARD_HAS_DW=1
[1.145s] -- BACKWARD_HAS_BFD=0
[1.145s] -- Found Backward: /opt/ros/humble/share/backward_ros/cmake  
[1.147s] -- Found control_msgs: 4.6.0 (/home/kortex_ws/install/control_msgs/share/control_msgs/cmake)
[1.238s] -- Found rosidl_generator_c: 3.1.5 (/opt/ros/humble/share/rosidl_generator_c/cmake)
[1.252s] -- Found rosidl_adapter: 3.1.5 (/opt/ros/humble/share/rosidl_adapter/cmake)
[1.273s] -- Found rosidl_generator_cpp: 3.1.5 (/opt/ros/humble/share/rosidl_generator_cpp/cmake)
[1.308s] -- Using all available rosidl_typesupport_c: rosidl_typesupport_fastrtps_c;rosidl_typesupport_introspection_c
[1.357s] -- Using all available rosidl_typesupport_cpp: rosidl_typesupport_fastrtps_cpp;rosidl_typesupport_introspection_cpp
[2.118s] -- Found control_toolbox: 3.2.0 (/opt/ros/humble/share/control_toolbox/cmake)
[2.250s] -- Found rmw_implementation_cmake: 6.1.1 (/opt/ros/humble/share/rmw_implementation_cmake/cmake)
[2.258s] -- Found rmw_cyclonedds_cpp: 1.3.4 (/opt/ros/humble/share/rmw_cyclonedds_cpp/cmake)
[2.324s] -- Using RMW implementation 'rmw_cyclonedds_cpp' as default
[2.351s] -- Looking for C++ include pthread.h
[2.536s] -- Looking for C++ include pthread.h - found
[2.537s] -- Performing Test CMAKE_HAVE_LIBC_PTHREAD
[2.692s] -- Performing Test CMAKE_HAVE_LIBC_PTHREAD - Success
[2.693s] -- Found Threads: TRUE  
[3.037s] -- Found parameter_traits: 0.3.8 (/opt/ros/humble/share/parameter_traits/cmake)
[3.099s] -- Found rclcpp_lifecycle: 16.0.8 (/opt/ros/humble/share/rclcpp_lifecycle/cmake)
[3.245s] -- Found controller_interface: 2.41.0 (/home/kortex_ws/install/controller_interface/share/controller_interface/cmake)
[4.119s] -- Found ament_cmake_gmock: 1.3.8 (/opt/ros/humble/share/ament_cmake_gmock/cmake)
[4.120s] -- Found controller_manager: 2.41.0 (/home/kortex_ws/install/controller_manager/share/controller_manager/cmake)
[4.545s] -- Found ros2_control_test_assets: 2.41.0 (/home/kortex_ws/install/ros2_control_test_assets/share/ros2_control_test_assets/cmake)
[4.554s] -- Found gmock sources under '/opt/ros/humble/src/gmock_vendor': C++ tests using 'Google Mock' will be built
[4.648s] -- The C compiler identification is GNU 11.4.0
[4.660s] -- Detecting C compiler ABI info
[4.897s] -- Detecting C compiler ABI info - done
[4.910s] -- Check for working C compiler: /usr/bin/cc - skipped
[4.911s] -- Detecting C compile features
[4.912s] -- Detecting C compile features - done
[4.947s] -- Found ament_cmake_gtest: 1.3.8 (/opt/ros/humble/share/ament_cmake_gtest/cmake)
[4.949s] -- Found gtest sources under '/opt/ros/humble/src/gtest_vendor': C++ tests using 'Google Test' will be built
[5.642s] -- Configuring done
[5.806s] -- Generating done
[5.812s] -- Build files have been written to: /home/kortex_ws/build/gripper_controllers
[5.872s] Invoked command in '/home/kortex_ws/build/gripper_controllers' returned '0': AMENT_PREFIX_PATH=/home/kortex_ws/install/controller_manager:/home/kortex_ws/install/hardware_interface_testing:/home/kortex_ws/install/controller_interface:/home/kortex_ws/install/hardware_interface:/home/kortex_ws/install/ros2_control_test_assets:/home/kortex_ws/install/controller_manager_msgs:/home/kortex_ws/install/control_msgs:${AMENT_PREFIX_PATH} CMAKE_PREFIX_PATH=/home/kortex_ws/install/controller_manager:/home/kortex_ws/install/hardware_interface_testing:/home/kortex_ws/install/controller_interface:/home/kortex_ws/install/hardware_interface:/home/kortex_ws/install/ros2_control_test_assets:/home/kortex_ws/install/controller_manager_msgs:/home/kortex_ws/install/control_msgs:/opt/ros/humble LD_LIBRARY_PATH=/home/kortex_ws/install/controller_manager/lib:/home/kortex_ws/install/hardware_interface_testing/lib:/home/kortex_ws/install/controller_interface/lib:/home/kortex_ws/install/hardware_interface/lib:/home/kortex_ws/install/controller_manager_msgs/lib:/home/kortex_ws/install/control_msgs/lib:${LD_LIBRARY_PATH} PYTHONPATH=/home/kortex_ws/install/controller_manager/local/lib/python3.10/dist-packages:/home/kortex_ws/install/controller_manager_msgs/local/lib/python3.10/dist-packages:/home/kortex_ws/install/control_msgs/local/lib/python3.10/dist-packages:${PYTHONPATH} /usr/bin/cmake /home/kortex_ws/src/ros2_controllers/gripper_controllers -DCMAKE_INSTALL_PREFIX=/home/kortex_ws/install/gripper_controllers
[5.872s] Invoking command in '/home/kortex_ws/build/gripper_controllers': AMENT_PREFIX_PATH=/home/kortex_ws/install/controller_manager:/home/kortex_ws/install/hardware_interface_testing:/home/kortex_ws/install/controller_interface:/home/kortex_ws/install/hardware_interface:/home/kortex_ws/install/ros2_control_test_assets:/home/kortex_ws/install/controller_manager_msgs:/home/kortex_ws/install/control_msgs:${AMENT_PREFIX_PATH} CMAKE_PREFIX_PATH=/home/kortex_ws/install/controller_manager:/home/kortex_ws/install/hardware_interface_testing:/home/kortex_ws/install/controller_interface:/home/kortex_ws/install/hardware_interface:/home/kortex_ws/install/ros2_control_test_assets:/home/kortex_ws/install/controller_manager_msgs:/home/kortex_ws/install/control_msgs:/opt/ros/humble LD_LIBRARY_PATH=/home/kortex_ws/install/controller_manager/lib:/home/kortex_ws/install/hardware_interface_testing/lib:/home/kortex_ws/install/controller_interface/lib:/home/kortex_ws/install/hardware_interface/lib:/home/kortex_ws/install/controller_manager_msgs/lib:/home/kortex_ws/install/control_msgs/lib:${LD_LIBRARY_PATH} PYTHONPATH=/home/kortex_ws/install/controller_manager/local/lib/python3.10/dist-packages:/home/kortex_ws/install/controller_manager_msgs/local/lib/python3.10/dist-packages:/home/kortex_ws/install/control_msgs/local/lib/python3.10/dist-packages:${PYTHONPATH} /usr/bin/cmake --build /home/kortex_ws/build/gripper_controllers -- -j16 -l16
[6.209s] [  8%] [34m[1mRunning `/opt/ros/humble/bin/generate_parameter_library_cpp /home/kortex_ws/build/gripper_controllers/gripper_action_controller_parameters/include//gripper_action_controller_parameters.hpp /home/kortex_ws/src/ros2_controllers/gripper_controllers/src/gripper_action_controller_parameters.yaml `[0m
[6.219s] [ 16%] [32mBuilding CXX object gmock/CMakeFiles/gmock_main.dir/src/gmock_main.cc.o[0m
[6.292s] [ 25%] [32mBuilding CXX object gmock/CMakeFiles/gmock.dir/src/gmock-all.cc.o[0m
[6.294s] [ 33%] [32mBuilding CXX object gmock/CMakeFiles/gmock.dir/opt/ros/humble/src/gtest_vendor/src/gtest-all.cc.o[0m
[7.648s] [ 33%] Built target gripper_action_controller_parameters
[7.820s] [ 41%] [32mBuilding CXX object CMakeFiles/gripper_action_controller.dir/src/gripper_action_controller.cpp.o[0m
[13.484s] [ 50%] [32m[1mLinking CXX static library libgmock_main.a[0m
[13.896s] [ 50%] Built target gmock_main
[18.178s] [ 58%] [32m[1mLinking CXX static library libgmock.a[0m
[18.641s] [ 58%] Built target gmock
[18.731s] [ 66%] [32mBuilding CXX object CMakeFiles/test_load_gripper_action_controllers.dir/test/test_load_gripper_action_controllers.cpp.o[0m
[22.076s] [ 75%] [32m[1mLinking CXX shared library libgripper_action_controller.so[0m
[22.454s] [ 75%] Built target gripper_action_controller
[27.762s] [ 83%] [32m[1mLinking CXX executable test_load_gripper_action_controllers[0m
[30.274s] [ 83%] Built target test_load_gripper_action_controllers
[30.326s] [ 91%] [32mBuilding CXX object CMakeFiles/test_gripper_controllers.dir/test/test_gripper_controllers.cpp.o[0m
[45.089s] [100%] [32m[1mLinking CXX executable test_gripper_controllers[0m
[47.025s] [100%] Built target test_gripper_controllers
[47.062s] Invoked command in '/home/kortex_ws/build/gripper_controllers' returned '0': AMENT_PREFIX_PATH=/home/kortex_ws/install/controller_manager:/home/kortex_ws/install/hardware_interface_testing:/home/kortex_ws/install/controller_interface:/home/kortex_ws/install/hardware_interface:/home/kortex_ws/install/ros2_control_test_assets:/home/kortex_ws/install/controller_manager_msgs:/home/kortex_ws/install/control_msgs:${AMENT_PREFIX_PATH} CMAKE_PREFIX_PATH=/home/kortex_ws/install/controller_manager:/home/kortex_ws/install/hardware_interface_testing:/home/kortex_ws/install/controller_interface:/home/kortex_ws/install/hardware_interface:/home/kortex_ws/install/ros2_control_test_assets:/home/kortex_ws/install/controller_manager_msgs:/home/kortex_ws/install/control_msgs:/opt/ros/humble LD_LIBRARY_PATH=/home/kortex_ws/install/controller_manager/lib:/home/kortex_ws/install/hardware_interface_testing/lib:/home/kortex_ws/install/controller_interface/lib:/home/kortex_ws/install/hardware_interface/lib:/home/kortex_ws/install/controller_manager_msgs/lib:/home/kortex_ws/install/control_msgs/lib:${LD_LIBRARY_PATH} PYTHONPATH=/home/kortex_ws/install/controller_manager/local/lib/python3.10/dist-packages:/home/kortex_ws/install/controller_manager_msgs/local/lib/python3.10/dist-packages:/home/kortex_ws/install/control_msgs/local/lib/python3.10/dist-packages:${PYTHONPATH} /usr/bin/cmake --build /home/kortex_ws/build/gripper_controllers -- -j16 -l16
[47.468s] Invoking command in '/home/kortex_ws/build/gripper_controllers': AMENT_PREFIX_PATH=/home/kortex_ws/install/controller_manager:/home/kortex_ws/install/hardware_interface_testing:/home/kortex_ws/install/controller_interface:/home/kortex_ws/install/hardware_interface:/home/kortex_ws/install/ros2_control_test_assets:/home/kortex_ws/install/controller_manager_msgs:/home/kortex_ws/install/control_msgs:${AMENT_PREFIX_PATH} CMAKE_PREFIX_PATH=/home/kortex_ws/install/controller_manager:/home/kortex_ws/install/hardware_interface_testing:/home/kortex_ws/install/controller_interface:/home/kortex_ws/install/hardware_interface:/home/kortex_ws/install/ros2_control_test_assets:/home/kortex_ws/install/controller_manager_msgs:/home/kortex_ws/install/control_msgs:/opt/ros/humble LD_LIBRARY_PATH=/home/kortex_ws/install/controller_manager/lib:/home/kortex_ws/install/hardware_interface_testing/lib:/home/kortex_ws/install/controller_interface/lib:/home/kortex_ws/install/hardware_interface/lib:/home/kortex_ws/install/controller_manager_msgs/lib:/home/kortex_ws/install/control_msgs/lib:${LD_LIBRARY_PATH} PYTHONPATH=/home/kortex_ws/install/controller_manager/local/lib/python3.10/dist-packages:/home/kortex_ws/install/controller_manager_msgs/local/lib/python3.10/dist-packages:/home/kortex_ws/install/control_msgs/local/lib/python3.10/dist-packages:${PYTHONPATH} /usr/bin/cmake --install /home/kortex_ws/build/gripper_controllers
[47.485s] -- Install configuration: ""
[47.485s] -- Installing: /home/kortex_ws/install/gripper_controllers/include/gripper_action_controller_parameters
[47.486s] -- Installing: /home/kortex_ws/install/gripper_controllers/include/gripper_action_controller_parameters/gripper_action_controller_parameters.hpp
[47.486s] -- Installing: /home/kortex_ws/install/gripper_controllers/share/gripper_controllers/ros_control_plugins.xml
[47.500s] -- Installing: /home/kortex_ws/install/gripper_controllers/include/gripper_action_controller
[47.501s] -- Installing: /home/kortex_ws/install/gripper_controllers/include/gripper_action_controller/gripper_controllers
[47.501s] -- Installing: /home/kortex_ws/install/gripper_controllers/include/gripper_action_controller/gripper_controllers/gripper_action_controller_impl.hpp
[47.502s] -- Installing: /home/kortex_ws/install/gripper_controllers/include/gripper_action_controller/gripper_controllers/gripper_action_controller.hpp
[47.503s] -- Installing: /home/kortex_ws/install/gripper_controllers/include/gripper_action_controller/gripper_controllers/hardware_interface_adapter.hpp
[47.503s] -- Installing: /home/kortex_ws/install/gripper_controllers/include/gripper_action_controller/gripper_controllers/visibility_control.hpp
[47.504s] -- Installing: /home/kortex_ws/install/gripper_controllers/lib/libgripper_action_controller.so
[47.518s] -- Set runtime path of "/home/kortex_ws/install/gripper_controllers/lib/libgripper_action_controller.so" to ""
[47.519s] -- Installing: /home/kortex_ws/install/gripper_controllers/share/gripper_controllers/environment/library_path.sh
[47.520s] -- Installing: /home/kortex_ws/install/gripper_controllers/share/gripper_controllers/environment/library_path.dsv
[47.520s] -- Installing: /home/kortex_ws/install/gripper_controllers/share/ament_index/resource_index/package_run_dependencies/gripper_controllers
[47.521s] -- Installing: /home/kortex_ws/install/gripper_controllers/share/ament_index/resource_index/parent_prefix_path/gripper_controllers
[47.521s] -- Installing: /home/kortex_ws/install/gripper_controllers/share/gripper_controllers/environment/ament_prefix_path.sh
[47.521s] -- Installing: /home/kortex_ws/install/gripper_controllers/share/gripper_controllers/environment/ament_prefix_path.dsv
[47.521s] -- Installing: /home/kortex_ws/install/gripper_controllers/share/gripper_controllers/environment/path.sh
[47.521s] -- Installing: /home/kortex_ws/install/gripper_controllers/share/gripper_controllers/environment/path.dsv
[47.522s] -- Installing: /home/kortex_ws/install/gripper_controllers/share/gripper_controllers/local_setup.bash
[47.522s] -- Installing: /home/kortex_ws/install/gripper_controllers/share/gripper_controllers/local_setup.sh
[47.522s] -- Installing: /home/kortex_ws/install/gripper_controllers/share/gripper_controllers/local_setup.zsh
[47.522s] -- Installing: /home/kortex_ws/install/gripper_controllers/share/gripper_controllers/local_setup.dsv
[47.523s] -- Installing: /home/kortex_ws/install/gripper_controllers/share/gripper_controllers/package.dsv
[47.523s] -- Installing: /home/kortex_ws/install/gripper_controllers/share/ament_index/resource_index/packages/gripper_controllers
[47.523s] -- Installing: /home/kortex_ws/install/gripper_controllers/share/ament_index/resource_index/controller_interface__pluginlib__plugin/gripper_controllers
[47.531s] -- Installing: /home/kortex_ws/install/gripper_controllers/share/gripper_controllers/cmake/export_gripper_action_controllerExport.cmake
[47.531s] -- Installing: /home/kortex_ws/install/gripper_controllers/share/gripper_controllers/cmake/export_gripper_action_controllerExport-noconfig.cmake
[47.531s] -- Installing: /home/kortex_ws/install/gripper_controllers/share/gripper_controllers/cmake/ament_cmake_export_targets-extras.cmake
[47.532s] -- Installing: /home/kortex_ws/install/gripper_controllers/share/gripper_controllers/cmake/ament_cmake_export_dependencies-extras.cmake
[47.532s] -- Installing: /home/kortex_ws/install/gripper_controllers/share/gripper_controllers/cmake/gripper_controllersConfig.cmake
[47.532s] -- Installing: /home/kortex_ws/install/gripper_controllers/share/gripper_controllers/cmake/gripper_controllersConfig-version.cmake
[47.532s] -- Installing: /home/kortex_ws/install/gripper_controllers/share/gripper_controllers/package.xml
[47.537s] Invoked command in '/home/kortex_ws/build/gripper_controllers' returned '0': AMENT_PREFIX_PATH=/home/kortex_ws/install/controller_manager:/home/kortex_ws/install/hardware_interface_testing:/home/kortex_ws/install/controller_interface:/home/kortex_ws/install/hardware_interface:/home/kortex_ws/install/ros2_control_test_assets:/home/kortex_ws/install/controller_manager_msgs:/home/kortex_ws/install/control_msgs:${AMENT_PREFIX_PATH} CMAKE_PREFIX_PATH=/home/kortex_ws/install/controller_manager:/home/kortex_ws/install/hardware_interface_testing:/home/kortex_ws/install/controller_interface:/home/kortex_ws/install/hardware_interface:/home/kortex_ws/install/ros2_control_test_assets:/home/kortex_ws/install/controller_manager_msgs:/home/kortex_ws/install/control_msgs:/opt/ros/humble LD_LIBRARY_PATH=/home/kortex_ws/install/controller_manager/lib:/home/kortex_ws/install/hardware_interface_testing/lib:/home/kortex_ws/install/controller_interface/lib:/home/kortex_ws/install/hardware_interface/lib:/home/kortex_ws/install/controller_manager_msgs/lib:/home/kortex_ws/install/control_msgs/lib:${LD_LIBRARY_PATH} PYTHONPATH=/home/kortex_ws/install/controller_manager/local/lib/python3.10/dist-packages:/home/kortex_ws/install/controller_manager_msgs/local/lib/python3.10/dist-packages:/home/kortex_ws/install/control_msgs/local/lib/python3.10/dist-packages:${PYTHONPATH} /usr/bin/cmake --install /home/kortex_ws/build/gripper_controllers
