[0.084s] Invoking command in '/home/kortex_ws/build/tricycle_steering_controller': AMENT_PREFIX_PATH=/home/kortex_ws/install/steering_controllers_library:/home/kortex_ws/install/controller_manager:/home/kortex_ws/install/hardware_interface_testing:/home/kortex_ws/install/controller_interface:/home/kortex_ws/install/hardware_interface:/home/kortex_ws/install/ros2_control_test_assets:/home/kortex_ws/install/controller_manager_msgs:/home/kortex_ws/install/control_msgs:${AMENT_PREFIX_PATH} CMAKE_PREFIX_PATH=/home/kortex_ws/install/steering_controllers_library:/home/kortex_ws/install/controller_manager:/home/kortex_ws/install/hardware_interface_testing:/home/kortex_ws/install/controller_interface:/home/kortex_ws/install/hardware_interface:/home/kortex_ws/install/ros2_control_test_assets:/home/kortex_ws/install/controller_manager_msgs:/home/kortex_ws/install/control_msgs:/opt/ros/humble LD_LIBRARY_PATH=/home/kortex_ws/install/steering_controllers_library/lib:/home/kortex_ws/install/controller_manager/lib:/home/kortex_ws/install/hardware_interface_testing/lib:/home/kortex_ws/install/controller_interface/lib:/home/kortex_ws/install/hardware_interface/lib:/home/kortex_ws/install/controller_manager_msgs/lib:/home/kortex_ws/install/control_msgs/lib:${LD_LIBRARY_PATH} PYTHONPATH=/home/kortex_ws/install/controller_manager/local/lib/python3.10/dist-packages:/home/kortex_ws/install/controller_manager_msgs/local/lib/python3.10/dist-packages:/home/kortex_ws/install/control_msgs/local/lib/python3.10/dist-packages:${PYTHONPATH} /usr/bin/cmake /home/kortex_ws/src/ros2_controllers/tricycle_steering_controller -DCMAKE_INSTALL_PREFIX=/home/kortex_ws/install/tricycle_steering_controller
[0.305s] -- The CXX compiler identification is GNU 11.4.0
[0.321s] -- Detecting CXX compiler ABI info
[0.706s] -- Detecting CXX compiler ABI info - done
[0.719s] -- Check for working CXX compiler: /usr/bin/c++ - skipped
[0.719s] -- Detecting CXX compile features
[0.720s] -- Detecting CXX compile features - done
[0.731s] -- Found ament_cmake: 1.3.8 (/opt/ros/humble/share/ament_cmake/cmake)
[1.320s] -- Found Python3: /usr/bin/python3 (found version "3.10.12") found components: Interpreter 
[1.664s] -- Found backward_ros: 1.0.2 (/opt/ros/humble/share/backward_ros/cmake)
[1.689s] -- Found libdw: /usr/lib/x86_64-linux-gnu/libdw.so  
[1.711s] -- Could NOT find libbfd (missing: LIBBFD_LIBRARY LIBBFD_INCLUDE_DIR) 
[1.711s] -- BACKWARD_HAS_UNWIND=1
[1.712s] -- BACKWARD_HAS_BACKTRACE=0
[1.712s] -- BACKWARD_HAS_BACKTRACE_SYMBOL=0
[1.712s] -- BACKWARD_HAS_DW=1
[1.712s] -- BACKWARD_HAS_BFD=0
[1.716s] -- Found Backward: /opt/ros/humble/share/backward_ros/cmake  
[1.718s] -- Found controller_interface: 2.41.0 (/home/kortex_ws/install/controller_interface/share/controller_interface/cmake)
[1.863s] -- Found rosidl_generator_c: 3.1.5 (/opt/ros/humble/share/rosidl_generator_c/cmake)
[1.887s] -- Found rosidl_adapter: 3.1.5 (/opt/ros/humble/share/rosidl_adapter/cmake)
[1.924s] -- Found rosidl_generator_cpp: 3.1.5 (/opt/ros/humble/share/rosidl_generator_cpp/cmake)
[1.966s] -- Using all available rosidl_typesupport_c: rosidl_typesupport_fastrtps_c;rosidl_typesupport_introspection_c
[2.024s] -- Using all available rosidl_typesupport_cpp: rosidl_typesupport_fastrtps_cpp;rosidl_typesupport_introspection_cpp
[3.441s] -- Found rmw_implementation_cmake: 6.1.1 (/opt/ros/humble/share/rmw_implementation_cmake/cmake)
[3.451s] -- Found rmw_cyclonedds_cpp: 1.3.4 (/opt/ros/humble/share/rmw_cyclonedds_cpp/cmake)
[3.540s] -- Using RMW implementation 'rmw_cyclonedds_cpp' as default
[3.576s] -- Looking for C++ include pthread.h
[4.130s] -- Looking for C++ include pthread.h - found
[4.130s] -- Performing Test CMAKE_HAVE_LIBC_PTHREAD
[4.622s] -- Performing Test CMAKE_HAVE_LIBC_PTHREAD - Success
[4.623s] -- Found Threads: TRUE  
[5.188s] -- Found generate_parameter_library: 0.3.8 (/opt/ros/humble/share/generate_parameter_library/cmake)
[5.198s] -- Found parameter_traits: 0.3.8 (/opt/ros/humble/share/parameter_traits/cmake)
[5.281s] -- Found realtime_tools: 2.5.0 (/opt/ros/humble/share/realtime_tools/cmake)
[5.425s] -- Found std_srvs: 4.2.3 (/opt/ros/humble/share/std_srvs/cmake)
[5.463s] -- Found steering_controllers_library: 2.35.0 (/home/kortex_ws/install/steering_controllers_library/share/steering_controllers_library/cmake)
[6.379s] -- Found eigen3_cmake_module: 0.1.1 (/opt/ros/humble/share/eigen3_cmake_module/cmake)
[6.382s] -- Found Eigen3: TRUE (found version "3.4.0") 
[6.383s] -- Ensuring Eigen3 include directory is part of orocos-kdl CMake target
[6.945s] -- Found ament_cmake_gmock: 1.3.8 (/opt/ros/humble/share/ament_cmake_gmock/cmake)
[6.946s] -- Found controller_manager: 2.41.0 (/home/kortex_ws/install/controller_manager/share/controller_manager/cmake)
[7.278s] -- Found ros2_control_test_assets: 2.41.0 (/home/kortex_ws/install/ros2_control_test_assets/share/ros2_control_test_assets/cmake)
[7.286s] -- Found gmock sources under '/opt/ros/humble/src/gmock_vendor': C++ tests using 'Google Mock' will be built
[7.358s] -- The C compiler identification is GNU 11.4.0
[7.375s] -- Detecting C compiler ABI info
[7.581s] -- Detecting C compiler ABI info - done
[7.597s] -- Check for working C compiler: /usr/bin/cc - skipped
[7.597s] -- Detecting C compile features
[7.598s] -- Detecting C compile features - done
[7.618s] -- Found ament_cmake_gtest: 1.3.8 (/opt/ros/humble/share/ament_cmake_gtest/cmake)
[7.620s] -- Found gtest sources under '/opt/ros/humble/src/gtest_vendor': C++ tests using 'Google Test' will be built
[8.388s] -- Found gmock sources under '/opt/ros/humble/src/gmock_vendor': C++ tests using 'Google Mock' will be built
[8.389s] -- Found ament_cmake_gtest: 1.3.8 (/opt/ros/humble/share/ament_cmake_gtest/cmake)
[8.389s] -- Found gtest sources under '/opt/ros/humble/src/gtest_vendor': C++ tests using 'Google Test' will be built
[8.643s] -- Found gmock sources under '/opt/ros/humble/src/gmock_vendor': C++ tests using 'Google Mock' will be built
[8.643s] -- Found ament_cmake_gtest: 1.3.8 (/opt/ros/humble/share/ament_cmake_gtest/cmake)
[8.644s] -- Found gtest sources under '/opt/ros/humble/src/gtest_vendor': C++ tests using 'Google Test' will be built
[8.963s] -- Configuring done
[9.139s] -- Generating done
[9.142s] -- Build files have been written to: /home/kortex_ws/build/tricycle_steering_controller
[9.170s] Invoked command in '/home/kortex_ws/build/tricycle_steering_controller' returned '0': AMENT_PREFIX_PATH=/home/kortex_ws/install/steering_controllers_library:/home/kortex_ws/install/controller_manager:/home/kortex_ws/install/hardware_interface_testing:/home/kortex_ws/install/controller_interface:/home/kortex_ws/install/hardware_interface:/home/kortex_ws/install/ros2_control_test_assets:/home/kortex_ws/install/controller_manager_msgs:/home/kortex_ws/install/control_msgs:${AMENT_PREFIX_PATH} CMAKE_PREFIX_PATH=/home/kortex_ws/install/steering_controllers_library:/home/kortex_ws/install/controller_manager:/home/kortex_ws/install/hardware_interface_testing:/home/kortex_ws/install/controller_interface:/home/kortex_ws/install/hardware_interface:/home/kortex_ws/install/ros2_control_test_assets:/home/kortex_ws/install/controller_manager_msgs:/home/kortex_ws/install/control_msgs:/opt/ros/humble LD_LIBRARY_PATH=/home/kortex_ws/install/steering_controllers_library/lib:/home/kortex_ws/install/controller_manager/lib:/home/kortex_ws/install/hardware_interface_testing/lib:/home/kortex_ws/install/controller_interface/lib:/home/kortex_ws/install/hardware_interface/lib:/home/kortex_ws/install/controller_manager_msgs/lib:/home/kortex_ws/install/control_msgs/lib:${LD_LIBRARY_PATH} PYTHONPATH=/home/kortex_ws/install/controller_manager/local/lib/python3.10/dist-packages:/home/kortex_ws/install/controller_manager_msgs/local/lib/python3.10/dist-packages:/home/kortex_ws/install/control_msgs/local/lib/python3.10/dist-packages:${PYTHONPATH} /usr/bin/cmake /home/kortex_ws/src/ros2_controllers/tricycle_steering_controller -DCMAKE_INSTALL_PREFIX=/home/kortex_ws/install/tricycle_steering_controller
[9.172s] Invoking command in '/home/kortex_ws/build/tricycle_steering_controller': AMENT_PREFIX_PATH=/home/kortex_ws/install/steering_controllers_library:/home/kortex_ws/install/controller_manager:/home/kortex_ws/install/hardware_interface_testing:/home/kortex_ws/install/controller_interface:/home/kortex_ws/install/hardware_interface:/home/kortex_ws/install/ros2_control_test_assets:/home/kortex_ws/install/controller_manager_msgs:/home/kortex_ws/install/control_msgs:${AMENT_PREFIX_PATH} CMAKE_PREFIX_PATH=/home/kortex_ws/install/steering_controllers_library:/home/kortex_ws/install/controller_manager:/home/kortex_ws/install/hardware_interface_testing:/home/kortex_ws/install/controller_interface:/home/kortex_ws/install/hardware_interface:/home/kortex_ws/install/ros2_control_test_assets:/home/kortex_ws/install/controller_manager_msgs:/home/kortex_ws/install/control_msgs:/opt/ros/humble LD_LIBRARY_PATH=/home/kortex_ws/install/steering_controllers_library/lib:/home/kortex_ws/install/controller_manager/lib:/home/kortex_ws/install/hardware_interface_testing/lib:/home/kortex_ws/install/controller_interface/lib:/home/kortex_ws/install/hardware_interface/lib:/home/kortex_ws/install/controller_manager_msgs/lib:/home/kortex_ws/install/control_msgs/lib:${LD_LIBRARY_PATH} PYTHONPATH=/home/kortex_ws/install/controller_manager/local/lib/python3.10/dist-packages:/home/kortex_ws/install/controller_manager_msgs/local/lib/python3.10/dist-packages:/home/kortex_ws/install/control_msgs/local/lib/python3.10/dist-packages:${PYTHONPATH} /usr/bin/cmake --build /home/kortex_ws/build/tricycle_steering_controller -- -j16 -l16
[9.251s] [  8%] [34m[1mRunning `/opt/ros/humble/bin/generate_parameter_library_cpp /home/kortex_ws/build/tricycle_steering_controller/tricycle_steering_controller_parameters/include//tricycle_steering_controller_parameters.hpp /home/kortex_ws/src/ros2_controllers/tricycle_steering_controller/src/tricycle_steering_controller.yaml `[0m
[9.510s] [  8%] Built target tricycle_steering_controller_parameters
[9.544s] [ 16%] [32mBuilding CXX object gmock/CMakeFiles/gmock.dir/opt/ros/humble/src/gtest_vendor/src/gtest-all.cc.o[0m
[13.012s] [ 25%] [32mBuilding CXX object gmock/CMakeFiles/gmock.dir/src/gmock-all.cc.o[0m
[15.192s] [ 33%] [32m[1mLinking CXX static library libgmock.a[0m
[15.354s] [ 33%] Built target gmock
[15.387s] [ 41%] [32mBuilding CXX object CMakeFiles/tricycle_steering_controller.dir/src/tricycle_steering_controller.cpp.o[0m
[19.880s] [ 50%] [32m[1mLinking CXX shared library libtricycle_steering_controller.so[0m
[20.615s] [ 50%] Built target tricycle_steering_controller
[20.646s] [ 58%] [32mBuilding CXX object CMakeFiles/test_load_tricycle_steering_controller.dir/test/test_load_tricycle_steering_controller.cpp.o[0m
[27.934s] [ 66%] [32m[1mLinking CXX executable test_load_tricycle_steering_controller[0m
[29.914s] [ 66%] Built target test_load_tricycle_steering_controller
[29.951s] [ 75%] [32mBuilding CXX object CMakeFiles/test_tricycle_steering_controller_preceeding.dir/test/test_tricycle_steering_controller_preceeding.cpp.o[0m
[29.953s] [ 83%] [32mBuilding CXX object CMakeFiles/test_tricycle_steering_controller.dir/test/test_tricycle_steering_controller.cpp.o[0m
[41.543s] [ 91%] [32m[1mLinking CXX executable test_tricycle_steering_controller_preceeding[0m
[44.882s] [ 91%] Built target test_tricycle_steering_controller_preceeding
[50.848s] [100%] [32m[1mLinking CXX executable test_tricycle_steering_controller[0m
[53.291s] [100%] Built target test_tricycle_steering_controller
[53.309s] Invoked command in '/home/kortex_ws/build/tricycle_steering_controller' returned '0': AMENT_PREFIX_PATH=/home/kortex_ws/install/steering_controllers_library:/home/kortex_ws/install/controller_manager:/home/kortex_ws/install/hardware_interface_testing:/home/kortex_ws/install/controller_interface:/home/kortex_ws/install/hardware_interface:/home/kortex_ws/install/ros2_control_test_assets:/home/kortex_ws/install/controller_manager_msgs:/home/kortex_ws/install/control_msgs:${AMENT_PREFIX_PATH} CMAKE_PREFIX_PATH=/home/kortex_ws/install/steering_controllers_library:/home/kortex_ws/install/controller_manager:/home/kortex_ws/install/hardware_interface_testing:/home/kortex_ws/install/controller_interface:/home/kortex_ws/install/hardware_interface:/home/kortex_ws/install/ros2_control_test_assets:/home/kortex_ws/install/controller_manager_msgs:/home/kortex_ws/install/control_msgs:/opt/ros/humble LD_LIBRARY_PATH=/home/kortex_ws/install/steering_controllers_library/lib:/home/kortex_ws/install/controller_manager/lib:/home/kortex_ws/install/hardware_interface_testing/lib:/home/kortex_ws/install/controller_interface/lib:/home/kortex_ws/install/hardware_interface/lib:/home/kortex_ws/install/controller_manager_msgs/lib:/home/kortex_ws/install/control_msgs/lib:${LD_LIBRARY_PATH} PYTHONPATH=/home/kortex_ws/install/controller_manager/local/lib/python3.10/dist-packages:/home/kortex_ws/install/controller_manager_msgs/local/lib/python3.10/dist-packages:/home/kortex_ws/install/control_msgs/local/lib/python3.10/dist-packages:${PYTHONPATH} /usr/bin/cmake --build /home/kortex_ws/build/tricycle_steering_controller -- -j16 -l16
[53.358s] Invoking command in '/home/kortex_ws/build/tricycle_steering_controller': AMENT_PREFIX_PATH=/home/kortex_ws/install/steering_controllers_library:/home/kortex_ws/install/controller_manager:/home/kortex_ws/install/hardware_interface_testing:/home/kortex_ws/install/controller_interface:/home/kortex_ws/install/hardware_interface:/home/kortex_ws/install/ros2_control_test_assets:/home/kortex_ws/install/controller_manager_msgs:/home/kortex_ws/install/control_msgs:${AMENT_PREFIX_PATH} CMAKE_PREFIX_PATH=/home/kortex_ws/install/steering_controllers_library:/home/kortex_ws/install/controller_manager:/home/kortex_ws/install/hardware_interface_testing:/home/kortex_ws/install/controller_interface:/home/kortex_ws/install/hardware_interface:/home/kortex_ws/install/ros2_control_test_assets:/home/kortex_ws/install/controller_manager_msgs:/home/kortex_ws/install/control_msgs:/opt/ros/humble LD_LIBRARY_PATH=/home/kortex_ws/install/steering_controllers_library/lib:/home/kortex_ws/install/controller_manager/lib:/home/kortex_ws/install/hardware_interface_testing/lib:/home/kortex_ws/install/controller_interface/lib:/home/kortex_ws/install/hardware_interface/lib:/home/kortex_ws/install/controller_manager_msgs/lib:/home/kortex_ws/install/control_msgs/lib:${LD_LIBRARY_PATH} PYTHONPATH=/home/kortex_ws/install/controller_manager/local/lib/python3.10/dist-packages:/home/kortex_ws/install/controller_manager_msgs/local/lib/python3.10/dist-packages:/home/kortex_ws/install/control_msgs/local/lib/python3.10/dist-packages:${PYTHONPATH} /usr/bin/cmake --install /home/kortex_ws/build/tricycle_steering_controller
[53.368s] -- Install configuration: ""
[53.368s] -- Installing: /home/kortex_ws/install/tricycle_steering_controller/include/tricycle_steering_controller_parameters
[53.369s] -- Installing: /home/kortex_ws/install/tricycle_steering_controller/include/tricycle_steering_controller_parameters/tricycle_steering_controller_parameters.hpp
[53.369s] -- Installing: /home/kortex_ws/install/tricycle_steering_controller/share/tricycle_steering_controller/tricycle_steering_controller.xml
[53.369s] -- Installing: /home/kortex_ws/install/tricycle_steering_controller/include/tricycle_steering_controller
[53.369s] -- Installing: /home/kortex_ws/install/tricycle_steering_controller/include/tricycle_steering_controller/tricycle_steering_controller
[53.369s] -- Installing: /home/kortex_ws/install/tricycle_steering_controller/include/tricycle_steering_controller/tricycle_steering_controller/tricycle_steering_controller.hpp
[53.370s] -- Installing: /home/kortex_ws/install/tricycle_steering_controller/include/tricycle_steering_controller/tricycle_steering_controller/visibility_control.h
[53.370s] -- Installing: /home/kortex_ws/install/tricycle_steering_controller/lib/libtricycle_steering_controller.so
[53.371s] -- Set runtime path of "/home/kortex_ws/install/tricycle_steering_controller/lib/libtricycle_steering_controller.so" to ""
[53.371s] -- Installing: /home/kortex_ws/install/tricycle_steering_controller/share/tricycle_steering_controller/environment/library_path.sh
[53.371s] -- Installing: /home/kortex_ws/install/tricycle_steering_controller/share/tricycle_steering_controller/environment/library_path.dsv
[53.372s] -- Installing: /home/kortex_ws/install/tricycle_steering_controller/share/ament_index/resource_index/package_run_dependencies/tricycle_steering_controller
[53.372s] -- Installing: /home/kortex_ws/install/tricycle_steering_controller/share/ament_index/resource_index/parent_prefix_path/tricycle_steering_controller
[53.372s] -- Installing: /home/kortex_ws/install/tricycle_steering_controller/share/tricycle_steering_controller/environment/ament_prefix_path.sh
[53.372s] -- Installing: /home/kortex_ws/install/tricycle_steering_controller/share/tricycle_steering_controller/environment/ament_prefix_path.dsv
[53.373s] -- Installing: /home/kortex_ws/install/tricycle_steering_controller/share/tricycle_steering_controller/environment/path.sh
[53.373s] -- Installing: /home/kortex_ws/install/tricycle_steering_controller/share/tricycle_steering_controller/environment/path.dsv
[53.373s] -- Installing: /home/kortex_ws/install/tricycle_steering_controller/share/tricycle_steering_controller/local_setup.bash
[53.373s] -- Installing: /home/kortex_ws/install/tricycle_steering_controller/share/tricycle_steering_controller/local_setup.sh
[53.373s] -- Installing: /home/kortex_ws/install/tricycle_steering_controller/share/tricycle_steering_controller/local_setup.zsh
[53.373s] -- Installing: /home/kortex_ws/install/tricycle_steering_controller/share/tricycle_steering_controller/local_setup.dsv
[53.374s] -- Installing: /home/kortex_ws/install/tricycle_steering_controller/share/tricycle_steering_controller/package.dsv
[53.374s] -- Installing: /home/kortex_ws/install/tricycle_steering_controller/share/ament_index/resource_index/packages/tricycle_steering_controller
[53.374s] -- Installing: /home/kortex_ws/install/tricycle_steering_controller/share/ament_index/resource_index/controller_interface__pluginlib__plugin/tricycle_steering_controller
[53.374s] -- Installing: /home/kortex_ws/install/tricycle_steering_controller/share/tricycle_steering_controller/cmake/export_tricycle_steering_controllerExport.cmake
[53.374s] -- Installing: /home/kortex_ws/install/tricycle_steering_controller/share/tricycle_steering_controller/cmake/export_tricycle_steering_controllerExport-noconfig.cmake
[53.375s] -- Installing: /home/kortex_ws/install/tricycle_steering_controller/share/tricycle_steering_controller/cmake/ament_cmake_export_targets-extras.cmake
[53.375s] -- Installing: /home/kortex_ws/install/tricycle_steering_controller/share/tricycle_steering_controller/cmake/ament_cmake_export_dependencies-extras.cmake
[53.375s] -- Installing: /home/kortex_ws/install/tricycle_steering_controller/share/tricycle_steering_controller/cmake/tricycle_steering_controllerConfig.cmake
[53.375s] -- Installing: /home/kortex_ws/install/tricycle_steering_controller/share/tricycle_steering_controller/cmake/tricycle_steering_controllerConfig-version.cmake
[53.375s] -- Installing: /home/kortex_ws/install/tricycle_steering_controller/share/tricycle_steering_controller/package.xml
[53.379s] Invoked command in '/home/kortex_ws/build/tricycle_steering_controller' returned '0': AMENT_PREFIX_PATH=/home/kortex_ws/install/steering_controllers_library:/home/kortex_ws/install/controller_manager:/home/kortex_ws/install/hardware_interface_testing:/home/kortex_ws/install/controller_interface:/home/kortex_ws/install/hardware_interface:/home/kortex_ws/install/ros2_control_test_assets:/home/kortex_ws/install/controller_manager_msgs:/home/kortex_ws/install/control_msgs:${AMENT_PREFIX_PATH} CMAKE_PREFIX_PATH=/home/kortex_ws/install/steering_controllers_library:/home/kortex_ws/install/controller_manager:/home/kortex_ws/install/hardware_interface_testing:/home/kortex_ws/install/controller_interface:/home/kortex_ws/install/hardware_interface:/home/kortex_ws/install/ros2_control_test_assets:/home/kortex_ws/install/controller_manager_msgs:/home/kortex_ws/install/control_msgs:/opt/ros/humble LD_LIBRARY_PATH=/home/kortex_ws/install/steering_controllers_library/lib:/home/kortex_ws/install/controller_manager/lib:/home/kortex_ws/install/hardware_interface_testing/lib:/home/kortex_ws/install/controller_interface/lib:/home/kortex_ws/install/hardware_interface/lib:/home/kortex_ws/install/controller_manager_msgs/lib:/home/kortex_ws/install/control_msgs/lib:${LD_LIBRARY_PATH} PYTHONPATH=/home/kortex_ws/install/controller_manager/local/lib/python3.10/dist-packages:/home/kortex_ws/install/controller_manager_msgs/local/lib/python3.10/dist-packages:/home/kortex_ws/install/control_msgs/local/lib/python3.10/dist-packages:${PYTHONPATH} /usr/bin/cmake --install /home/kortex_ws/build/tricycle_steering_controller
