[0.037s] Invoking command in '/home/moveit/build/moveit_planners_ompl': AMENT_PREFIX_PATH=/home/moveit/install/moveit_ros_planning:/home/moveit/install/moveit_ros_occupancy_map_monitor:/home/moveit/install/moveit_core:/home/moveit/install/moveit_resources_panda_moveit_config:/home/moveit/install/moveit_resources_fanuc_moveit_config:/home/moveit/install/moveit_resources_pr2_description:/home/moveit/install/moveit_resources_panda_description:/home/moveit/install/moveit_resources_fanuc_description:/home/moveit/install/moveit_msgs:/home/moveit/install/moveit_common:${AMENT_PREFIX_PATH} CMAKE_PREFIX_PATH=/home/moveit/install/moveit_ros_planning:/home/moveit/install/moveit_ros_occupancy_map_monitor:/home/moveit/install/moveit_core:/home/moveit/install/moveit_resources_panda_moveit_config:/home/moveit/install/moveit_resources_fanuc_moveit_config:/home/moveit/install/moveit_resources_pr2_description:/home/moveit/install/moveit_resources_panda_description:/home/moveit/install/moveit_resources_fanuc_description:/home/moveit/install/moveit_msgs:/home/moveit/install/moveit_common:/opt/ros/humble LD_LIBRARY_PATH=/home/moveit/install/moveit_ros_planning/lib:/home/moveit/install/moveit_ros_occupancy_map_monitor/lib:/home/moveit/install/moveit_core/lib:/home/moveit/install/moveit_msgs/lib:${LD_LIBRARY_PATH} PATH=/home/moveit/install/moveit_core/bin:${PATH} PYTHONPATH=/home/moveit/install/moveit_msgs/local/lib/python3.10/dist-packages:${PYTHONPATH} /usr/bin/cmake /home/moveit/src/moveit2/moveit_planners/ompl -DCMAKE_BUILD_TYPE=Release -DCMAKE_INSTALL_PREFIX=/home/moveit/install/moveit_planners_ompl
[0.100s] -- The CXX compiler identification is GNU 11.4.0
[0.110s] -- Detecting CXX compiler ABI info
[0.181s] -- Detecting CXX compiler ABI info - done
[0.186s] -- Check for working CXX compiler: /usr/bin/c++ - skipped
[0.186s] -- Detecting CXX compile features
[0.187s] -- Detecting CXX compile features - done
[0.190s] -- Found moveit_common: 2.9.0 (/home/moveit/install/moveit_common/share/moveit_common/cmake)
[0.207s] -- Found ament_cmake: 1.3.9 (/opt/ros/humble/share/ament_cmake/cmake)
[0.353s] -- Found Python3: /usr/bin/python3 (found version "3.10.12") found components: Interpreter 
[0.544s] -- Found libdw: /usr/lib/x86_64-linux-gnu/libdw.so  
[0.552s] -- Could NOT find libbfd (missing: LIBBFD_LIBRARY LIBBFD_INCLUDE_DIR) 
[0.552s] -- BACKWARD_HAS_UNWIND=1
[0.552s] -- BACKWARD_HAS_BACKTRACE=0
[0.552s] -- BACKWARD_HAS_BACKTRACE_SYMBOL=0
[0.552s] -- BACKWARD_HAS_DW=1
[0.552s] -- BACKWARD_HAS_BFD=0
[0.552s] -- Found Backward: /opt/ros/humble/share/backward_ros/cmake  
[0.791s] -- Found Boost: /usr/lib/x86_64-linux-gnu/cmake/Boost-1.74.0/BoostConfig.cmake (found version "1.74.0") found components: system filesystem date_time thread serialization 
[0.792s] -- Found moveit_core: 2.9.0 (/home/moveit/install/moveit_core/share/moveit_core/cmake)
[0.819s] -- Found Boost: /usr/lib/x86_64-linux-gnu/cmake/Boost-1.74.0/BoostConfig.cmake (found version "1.74.0") found components: chrono date_time filesystem iostreams program_options regex serialization system thread 
[0.893s] -- Found parameter_traits: 0.3.8 (/opt/ros/humble/share/parameter_traits/cmake)
[0.977s] -- Found rosidl_generator_c: 3.1.5 (/opt/ros/humble/share/rosidl_generator_c/cmake)
[0.988s] -- Found rosidl_adapter: 3.1.5 (/opt/ros/humble/share/rosidl_adapter/cmake)
[1.007s] -- Found rosidl_generator_cpp: 3.1.5 (/opt/ros/humble/share/rosidl_generator_cpp/cmake)
[1.033s] -- Using all available rosidl_typesupport_c: rosidl_typesupport_fastrtps_c;rosidl_typesupport_introspection_c
[1.063s] -- Using all available rosidl_typesupport_cpp: rosidl_typesupport_fastrtps_cpp;rosidl_typesupport_introspection_cpp
[1.167s] -- Found rmw_implementation_cmake: 6.1.2 (/opt/ros/humble/share/rmw_implementation_cmake/cmake)
[1.173s] -- Found rmw_cyclonedds_cpp: 1.3.4 (/opt/ros/humble/share/rmw_cyclonedds_cpp/cmake)
[1.218s] -- Using RMW implementation 'rmw_cyclonedds_cpp' as default
[1.236s] -- Found Threads: TRUE  
[1.398s] -- Found Eigen3: TRUE (found version "3.4.0") 
[1.403s] -- Found rclcpp_lifecycle: 16.0.9 (/opt/ros/humble/share/rclcpp_lifecycle/cmake)
[1.454s] -- Found Boost: /usr/lib/x86_64-linux-gnu/cmake/Boost-1.74.0/BoostConfig.cmake (found version "1.74.0") found components: filesystem 
[1.623s] -- library: /usr/lib/x86_64-linux-gnu/libcurl.so
[1.880s] -- Ensuring Eigen3 include directory is part of orocos-kdl CMake target
[2.827s] -- Found moveit_ros_planning: 2.9.0 (/home/moveit/install/moveit_ros_planning/share/moveit_ros_planning/cmake)
[2.832s] -- Found Boost: /usr/lib/x86_64-linux-gnu/cmake/Boost-1.74.0/BoostConfig.cmake (found version "1.74.0") found components: system filesystem date_time program_options thread chrono 
[3.156s] -- Found ompl: /opt/ros/humble/include/ompl-1.6;/usr/include;/usr/include/eigen3  
[3.349s] -- Found OpenMP_CXX: -fopenmp (found version "4.5") 
[3.349s] -- Found OpenMP: TRUE (found version "4.5")  
[3.362s] -- Found ament_cmake_gtest: 1.3.9 (/opt/ros/humble/share/ament_cmake_gtest/cmake)
[3.370s] -- Found gtest sources under '/opt/ros/humble/src/gtest_vendor': C++ tests using 'Google Test' will be built
[3.433s] -- The C compiler identification is GNU 11.4.0
[3.440s] -- Detecting C compiler ABI info
[3.518s] -- Detecting C compiler ABI info - done
[3.523s] -- Check for working C compiler: /usr/bin/cc - skipped
[3.523s] -- Detecting C compile features
[3.524s] -- Detecting C compile features - done
[3.553s] -- Found ament_lint_auto: 0.12.11 (/opt/ros/humble/share/ament_lint_auto/cmake)
[3.611s] -- Added test 'cppcheck' to perform static code analysis on C / C++ code
[3.611s] -- Configured cppcheck include dirs: /home/moveit/src/moveit2/moveit_planners/ompl/ompl_interface/include
[3.612s] -- Configured cppcheck exclude dirs and/or files: 
[3.613s] -- Added test 'lint_cmake' to check CMake code style
[3.615s] -- Added test 'xmllint' to check XML markup files
[3.617s] -- Configuring done
[3.774s] -- Generating done
[3.777s] -- Build files have been written to: /home/moveit/build/moveit_planners_ompl
[3.790s] Invoked command in '/home/moveit/build/moveit_planners_ompl' returned '0': AMENT_PREFIX_PATH=/home/moveit/install/moveit_ros_planning:/home/moveit/install/moveit_ros_occupancy_map_monitor:/home/moveit/install/moveit_core:/home/moveit/install/moveit_resources_panda_moveit_config:/home/moveit/install/moveit_resources_fanuc_moveit_config:/home/moveit/install/moveit_resources_pr2_description:/home/moveit/install/moveit_resources_panda_description:/home/moveit/install/moveit_resources_fanuc_description:/home/moveit/install/moveit_msgs:/home/moveit/install/moveit_common:${AMENT_PREFIX_PATH} CMAKE_PREFIX_PATH=/home/moveit/install/moveit_ros_planning:/home/moveit/install/moveit_ros_occupancy_map_monitor:/home/moveit/install/moveit_core:/home/moveit/install/moveit_resources_panda_moveit_config:/home/moveit/install/moveit_resources_fanuc_moveit_config:/home/moveit/install/moveit_resources_pr2_description:/home/moveit/install/moveit_resources_panda_description:/home/moveit/install/moveit_resources_fanuc_description:/home/moveit/install/moveit_msgs:/home/moveit/install/moveit_common:/opt/ros/humble LD_LIBRARY_PATH=/home/moveit/install/moveit_ros_planning/lib:/home/moveit/install/moveit_ros_occupancy_map_monitor/lib:/home/moveit/install/moveit_core/lib:/home/moveit/install/moveit_msgs/lib:${LD_LIBRARY_PATH} PATH=/home/moveit/install/moveit_core/bin:${PATH} PYTHONPATH=/home/moveit/install/moveit_msgs/local/lib/python3.10/dist-packages:${PYTHONPATH} /usr/bin/cmake /home/moveit/src/moveit2/moveit_planners/ompl -DCMAKE_BUILD_TYPE=Release -DCMAKE_INSTALL_PREFIX=/home/moveit/install/moveit_planners_ompl
[3.792s] Invoking command in '/home/moveit/build/moveit_planners_ompl': AMENT_PREFIX_PATH=/home/moveit/install/moveit_ros_planning:/home/moveit/install/moveit_ros_occupancy_map_monitor:/home/moveit/install/moveit_core:/home/moveit/install/moveit_resources_panda_moveit_config:/home/moveit/install/moveit_resources_fanuc_moveit_config:/home/moveit/install/moveit_resources_pr2_description:/home/moveit/install/moveit_resources_panda_description:/home/moveit/install/moveit_resources_fanuc_description:/home/moveit/install/moveit_msgs:/home/moveit/install/moveit_common:${AMENT_PREFIX_PATH} CMAKE_PREFIX_PATH=/home/moveit/install/moveit_ros_planning:/home/moveit/install/moveit_ros_occupancy_map_monitor:/home/moveit/install/moveit_core:/home/moveit/install/moveit_resources_panda_moveit_config:/home/moveit/install/moveit_resources_fanuc_moveit_config:/home/moveit/install/moveit_resources_pr2_description:/home/moveit/install/moveit_resources_panda_description:/home/moveit/install/moveit_resources_fanuc_description:/home/moveit/install/moveit_msgs:/home/moveit/install/moveit_common:/opt/ros/humble LD_LIBRARY_PATH=/home/moveit/install/moveit_ros_planning/lib:/home/moveit/install/moveit_ros_occupancy_map_monitor/lib:/home/moveit/install/moveit_core/lib:/home/moveit/install/moveit_msgs/lib:${LD_LIBRARY_PATH} PATH=/home/moveit/install/moveit_core/bin:${PATH} PYTHONPATH=/home/moveit/install/moveit_msgs/local/lib/python3.10/dist-packages:${PYTHONPATH} /usr/bin/cmake --build /home/moveit/build/moveit_planners_ompl -- -j16 -l16
[3.844s] [  2%] [32mBuilding CXX object ompl_interface/CMakeFiles/moveit_ompl_interface.dir/src/ompl_interface.cpp.o[0m
[11.951s] [  5%] [32mBuilding CXX object ompl_interface/CMakeFiles/moveit_ompl_interface.dir/src/detail/state_validity_checker.cpp.o[0m
[18.868s] [  7%] [32mBuilding CXX object ompl_interface/CMakeFiles/moveit_ompl_interface.dir/src/detail/projection_evaluators.cpp.o[0m
[25.496s] [ 10%] [32mBuilding CXX object ompl_interface/CMakeFiles/moveit_ompl_interface.dir/src/detail/goal_union.cpp.o[0m
[26.872s] [ 12%] [32mBuilding CXX object ompl_interface/CMakeFiles/moveit_ompl_interface.dir/src/detail/constraints_library.cpp.o[0m
[37.386s] [ 15%] [32mBuilding CXX object ompl_interface/CMakeFiles/moveit_ompl_interface.dir/src/detail/constrained_sampler.cpp.o[0m
[44.354s] [ 17%] [32mBuilding CXX object ompl_interface/CMakeFiles/moveit_ompl_interface.dir/src/detail/constrained_goal_sampler.cpp.o[0m
[51.438s] [ 20%] [32mBuilding CXX object ompl_interface/CMakeFiles/moveit_ompl_interface.dir/src/detail/threadsafe_state_storage.cpp.o[0m
[55.421s] [ 22%] [32mBuilding CXX object ompl_interface/CMakeFiles/moveit_ompl_interface.dir/src/detail/ompl_constraints.cpp.o[0m
[64.607s] [ 30%] [32mBuilding CXX object ompl_interface/CMakeFiles/moveit_ompl_interface.dir/src/parameterization/joint_space/joint_model_state_space.cpp.o[0m
[64.607s] [ 30%] [32mBuilding CXX object ompl_interface/CMakeFiles/moveit_ompl_interface.dir/src/parameterization/joint_space/joint_model_state_space_factory.cpp.o[0m
[64.607s] [ 32%] [32mBuilding CXX object ompl_interface/CMakeFiles/moveit_ompl_interface.dir/src/parameterization/work_space/pose_model_state_space_factory.cpp.o[0m
[64.607s] [ 32%] [32mBuilding CXX object ompl_interface/CMakeFiles/moveit_ompl_interface.dir/src/parameterization/work_space/pose_model_state_space.cpp.o[0m
[64.607s] [ 35%] [32mBuilding CXX object ompl_interface/CMakeFiles/moveit_ompl_interface.dir/src/parameterization/model_based_state_space.cpp.o[0m
[64.608s] [ 37%] [32mBuilding CXX object ompl_interface/CMakeFiles/moveit_ompl_interface.dir/src/parameterization/joint_space/constrained_planning_state_space.cpp.o[0m
[64.609s] [ 40%] [32mBuilding CXX object ompl_interface/CMakeFiles/moveit_ompl_interface.dir/src/parameterization/joint_space/constrained_planning_state_space_factory.cpp.o[0m
[64.609s] [ 42%] [32mBuilding CXX object ompl_interface/CMakeFiles/moveit_ompl_interface.dir/src/parameterization/model_based_state_space_factory.cpp.o[0m
[64.609s] [ 45%] [32mBuilding CXX object ompl_interface/CMakeFiles/moveit_ompl_interface.dir/src/model_based_planning_context.cpp.o[0m
[74.220s] [ 47%] [32mBuilding CXX object ompl_interface/CMakeFiles/moveit_ompl_interface.dir/src/planning_context_manager.cpp.o[0m
[88.154s] [ 50%] [32m[1mLinking CXX shared library libmoveit_ompl_interface.so[0m
[88.497s] [ 50%] Built target moveit_ompl_interface
[88.517s] [ 57%] [32mBuilding CXX object gtest/CMakeFiles/gtest.dir/src/gtest-all.cc.o[0m
[88.517s] [ 57%] [32mBuilding CXX object ompl_interface/CMakeFiles/moveit_ompl_planner_plugin.dir/src/ompl_planner_manager.cpp.o[0m
[88.517s] [ 57%] [32mBuilding CXX object gtest/CMakeFiles/gtest_main.dir/src/gtest_main.cc.o[0m
[88.518s] [ 60%] [32mBuilding CXX object ompl_interface/CMakeFiles/moveit_generate_state_database.dir/scripts/generate_state_database.cpp.o[0m
[89.210s] [ 62%] [32m[1mLinking CXX static library libgtest_main.a[0m
[89.244s] [ 62%] Built target gtest_main
[93.855s] [ 65%] [32m[1mLinking CXX static library libgtest.a[0m
[93.895s] [ 65%] Built target gtest
[93.918s] [ 75%] [32mBuilding CXX object ompl_interface/CMakeFiles/test_state_space.dir/test/test_state_space.cpp.o[0m
[93.918s] [ 75%] [32mBuilding CXX object ompl_interface/CMakeFiles/test_planning_context_manager.dir/test/test_planning_context_manager.cpp.o[0m
[93.919s] [ 77%] [32mBuilding CXX object ompl_interface/CMakeFiles/test_constrained_state_validity_checker.dir/test/test_constrained_state_validity_checker.cpp.o[0m
[93.919s] [ 77%] [32mBuilding CXX object ompl_interface/CMakeFiles/test_threadsafe_state_storage.dir/test/test_threadsafe_state_storage.cpp.o[0m
[93.919s] [ 77%] [32mBuilding CXX object ompl_interface/CMakeFiles/test_state_validity_checker.dir/test/test_state_validity_checker.cpp.o[0m
[93.921s] [ 80%] [32mBuilding CXX object ompl_interface/CMakeFiles/test_constrained_planning_state_space.dir/test/test_constrained_planning_state_space.cpp.o[0m
[97.715s] [ 82%] [32m[1mLinking CXX shared library libmoveit_ompl_planner_plugin.so[0m
[98.036s] [ 82%] Built target moveit_ompl_planner_plugin
[99.888s] [ 85%] [32m[1mLinking CXX executable test_threadsafe_state_storage[0m
[100.335s] [ 85%] Built target test_threadsafe_state_storage
[101.377s] [ 87%] [32m[1mLinking CXX executable generate_state_database[0m
[101.810s] [ 87%] Built target moveit_generate_state_database
[103.246s] [ 90%] [32m[1mLinking CXX executable test_state_space[0m
[103.697s] [ 90%] Built target test_state_space
[104.049s] [ 92%] [32m[1mLinking CXX executable test_constrained_planning_state_space[0m
[104.488s] [ 92%] Built target test_constrained_planning_state_space
[105.178s] [ 95%] [32m[1mLinking CXX executable test_state_validity_checker[0m
[105.408s] [ 97%] [32m[1mLinking CXX executable test_constrained_state_validity_checker[0m
[105.698s] [ 97%] Built target test_state_validity_checker
[105.877s] [ 97%] Built target test_constrained_state_validity_checker
[106.513s] [100%] [32m[1mLinking CXX executable test_planning_context_manager[0m
[106.890s] [100%] Built target test_planning_context_manager
[106.902s] Invoked command in '/home/moveit/build/moveit_planners_ompl' returned '0': AMENT_PREFIX_PATH=/home/moveit/install/moveit_ros_planning:/home/moveit/install/moveit_ros_occupancy_map_monitor:/home/moveit/install/moveit_core:/home/moveit/install/moveit_resources_panda_moveit_config:/home/moveit/install/moveit_resources_fanuc_moveit_config:/home/moveit/install/moveit_resources_pr2_description:/home/moveit/install/moveit_resources_panda_description:/home/moveit/install/moveit_resources_fanuc_description:/home/moveit/install/moveit_msgs:/home/moveit/install/moveit_common:${AMENT_PREFIX_PATH} CMAKE_PREFIX_PATH=/home/moveit/install/moveit_ros_planning:/home/moveit/install/moveit_ros_occupancy_map_monitor:/home/moveit/install/moveit_core:/home/moveit/install/moveit_resources_panda_moveit_config:/home/moveit/install/moveit_resources_fanuc_moveit_config:/home/moveit/install/moveit_resources_pr2_description:/home/moveit/install/moveit_resources_panda_description:/home/moveit/install/moveit_resources_fanuc_description:/home/moveit/install/moveit_msgs:/home/moveit/install/moveit_common:/opt/ros/humble LD_LIBRARY_PATH=/home/moveit/install/moveit_ros_planning/lib:/home/moveit/install/moveit_ros_occupancy_map_monitor/lib:/home/moveit/install/moveit_core/lib:/home/moveit/install/moveit_msgs/lib:${LD_LIBRARY_PATH} PATH=/home/moveit/install/moveit_core/bin:${PATH} PYTHONPATH=/home/moveit/install/moveit_msgs/local/lib/python3.10/dist-packages:${PYTHONPATH} /usr/bin/cmake --build /home/moveit/build/moveit_planners_ompl -- -j16 -l16
[106.932s] Invoking command in '/home/moveit/build/moveit_planners_ompl': AMENT_PREFIX_PATH=/home/moveit/install/moveit_ros_planning:/home/moveit/install/moveit_ros_occupancy_map_monitor:/home/moveit/install/moveit_core:/home/moveit/install/moveit_resources_panda_moveit_config:/home/moveit/install/moveit_resources_fanuc_moveit_config:/home/moveit/install/moveit_resources_pr2_description:/home/moveit/install/moveit_resources_panda_description:/home/moveit/install/moveit_resources_fanuc_description:/home/moveit/install/moveit_msgs:/home/moveit/install/moveit_common:${AMENT_PREFIX_PATH} CMAKE_PREFIX_PATH=/home/moveit/install/moveit_ros_planning:/home/moveit/install/moveit_ros_occupancy_map_monitor:/home/moveit/install/moveit_core:/home/moveit/install/moveit_resources_panda_moveit_config:/home/moveit/install/moveit_resources_fanuc_moveit_config:/home/moveit/install/moveit_resources_pr2_description:/home/moveit/install/moveit_resources_panda_description:/home/moveit/install/moveit_resources_fanuc_description:/home/moveit/install/moveit_msgs:/home/moveit/install/moveit_common:/opt/ros/humble LD_LIBRARY_PATH=/home/moveit/install/moveit_ros_planning/lib:/home/moveit/install/moveit_ros_occupancy_map_monitor/lib:/home/moveit/install/moveit_core/lib:/home/moveit/install/moveit_msgs/lib:${LD_LIBRARY_PATH} PATH=/home/moveit/install/moveit_core/bin:${PATH} PYTHONPATH=/home/moveit/install/moveit_msgs/local/lib/python3.10/dist-packages:${PYTHONPATH} /usr/bin/cmake --install /home/moveit/build/moveit_planners_ompl
[106.939s] -- Install configuration: "Release"
[106.939s] -- Installing: /home/moveit/install/moveit_planners_ompl/lib/moveit_planners_ompl/generate_state_database
[106.940s] -- Set runtime path of "/home/moveit/install/moveit_planners_ompl/lib/moveit_planners_ompl/generate_state_database" to ""
[106.940s] -- Installing: /home/moveit/install/moveit_planners_ompl/include/moveit_planners
[106.940s] -- Installing: /home/moveit/install/moveit_planners_ompl/include/moveit_planners/moveit
[106.940s] -- Installing: /home/moveit/install/moveit_planners_ompl/include/moveit_planners/moveit/ompl_interface
[106.940s] -- Installing: /home/moveit/install/moveit_planners_ompl/include/moveit_planners/moveit/ompl_interface/detail
[106.940s] -- Installing: /home/moveit/install/moveit_planners_ompl/include/moveit_planners/moveit/ompl_interface/detail/state_validity_checker.h
[106.941s] -- Installing: /home/moveit/install/moveit_planners_ompl/include/moveit_planners/moveit/ompl_interface/detail/constraints_library.h
[106.941s] -- Installing: /home/moveit/install/moveit_planners_ompl/include/moveit_planners/moveit/ompl_interface/detail/constrained_goal_sampler.h
[106.941s] -- Installing: /home/moveit/install/moveit_planners_ompl/include/moveit_planners/moveit/ompl_interface/detail/goal_union.h
[106.941s] -- Installing: /home/moveit/install/moveit_planners_ompl/include/moveit_planners/moveit/ompl_interface/detail/projection_evaluators.h
[106.941s] -- Installing: /home/moveit/install/moveit_planners_ompl/include/moveit_planners/moveit/ompl_interface/detail/ompl_constraints.h
[106.941s] -- Installing: /home/moveit/install/moveit_planners_ompl/include/moveit_planners/moveit/ompl_interface/detail/constraint_approximations.h
[106.941s] -- Installing: /home/moveit/install/moveit_planners_ompl/include/moveit_planners/moveit/ompl_interface/detail/constrained_sampler.h
[106.941s] -- Installing: /home/moveit/install/moveit_planners_ompl/include/moveit_planners/moveit/ompl_interface/detail/threadsafe_state_storage.h
[106.942s] -- Installing: /home/moveit/install/moveit_planners_ompl/include/moveit_planners/moveit/ompl_interface/parameterization
[106.942s] -- Installing: /home/moveit/install/moveit_planners_ompl/include/moveit_planners/moveit/ompl_interface/parameterization/model_based_state_space_factory.h
[106.942s] -- Installing: /home/moveit/install/moveit_planners_ompl/include/moveit_planners/moveit/ompl_interface/parameterization/joint_space
[106.942s] -- Installing: /home/moveit/install/moveit_planners_ompl/include/moveit_planners/moveit/ompl_interface/parameterization/joint_space/constrained_planning_state_space.h
[106.942s] -- Installing: /home/moveit/install/moveit_planners_ompl/include/moveit_planners/moveit/ompl_interface/parameterization/joint_space/joint_model_state_space_factory.h
[106.942s] -- Installing: /home/moveit/install/moveit_planners_ompl/include/moveit_planners/moveit/ompl_interface/parameterization/joint_space/joint_model_state_space.h
[106.942s] -- Installing: /home/moveit/install/moveit_planners_ompl/include/moveit_planners/moveit/ompl_interface/parameterization/joint_space/constrained_planning_state_space_factory.h
[106.942s] -- Installing: /home/moveit/install/moveit_planners_ompl/include/moveit_planners/moveit/ompl_interface/parameterization/model_based_state_space.h
[106.942s] -- Installing: /home/moveit/install/moveit_planners_ompl/include/moveit_planners/moveit/ompl_interface/parameterization/work_space
[106.942s] -- Installing: /home/moveit/install/moveit_planners_ompl/include/moveit_planners/moveit/ompl_interface/parameterization/work_space/pose_model_state_space_factory.h
[106.943s] -- Installing: /home/moveit/install/moveit_planners_ompl/include/moveit_planners/moveit/ompl_interface/parameterization/work_space/pose_model_state_space.h
[106.943s] -- Installing: /home/moveit/install/moveit_planners_ompl/include/moveit_planners/moveit/ompl_interface/ompl_interface.h
[106.943s] -- Installing: /home/moveit/install/moveit_planners_ompl/include/moveit_planners/moveit/ompl_interface/planning_context_manager.h
[106.943s] -- Installing: /home/moveit/install/moveit_planners_ompl/include/moveit_planners/moveit/ompl_interface/model_based_planning_context.h
[106.943s] -- Installing: /home/moveit/install/moveit_planners_ompl/lib/libmoveit_ompl_interface.so.2.9.0
[106.946s] -- Set runtime path of "/home/moveit/install/moveit_planners_ompl/lib/libmoveit_ompl_interface.so.2.9.0" to ""
[106.946s] -- Installing: /home/moveit/install/moveit_planners_ompl/lib/libmoveit_ompl_interface.so
[106.946s] -- Installing: /home/moveit/install/moveit_planners_ompl/lib/libmoveit_ompl_planner_plugin.so.2.9.0
[106.947s] -- Set runtime path of "/home/moveit/install/moveit_planners_ompl/lib/libmoveit_ompl_planner_plugin.so.2.9.0" to ""
[106.947s] -- Installing: /home/moveit/install/moveit_planners_ompl/lib/libmoveit_ompl_planner_plugin.so
[106.947s] -- Installing: /home/moveit/install/moveit_planners_ompl/share/moveit_planners_ompl/environment/library_path.sh
[106.947s] -- Installing: /home/moveit/install/moveit_planners_ompl/share/moveit_planners_ompl/environment/library_path.dsv
[106.947s] -- Installing: /home/moveit/install/moveit_planners_ompl/share/moveit_planners_ompl/ompl_interface_plugin_description.xml
[106.947s] -- Installing: /home/moveit/install/moveit_planners_ompl/share/ament_index/resource_index/package_run_dependencies/moveit_planners_ompl
[106.948s] -- Installing: /home/moveit/install/moveit_planners_ompl/share/ament_index/resource_index/parent_prefix_path/moveit_planners_ompl
[106.948s] -- Installing: /home/moveit/install/moveit_planners_ompl/share/moveit_planners_ompl/environment/ament_prefix_path.sh
[106.948s] -- Installing: /home/moveit/install/moveit_planners_ompl/share/moveit_planners_ompl/environment/ament_prefix_path.dsv
[106.948s] -- Installing: /home/moveit/install/moveit_planners_ompl/share/moveit_planners_ompl/environment/path.sh
[106.948s] -- Installing: /home/moveit/install/moveit_planners_ompl/share/moveit_planners_ompl/environment/path.dsv
[106.948s] -- Installing: /home/moveit/install/moveit_planners_ompl/share/moveit_planners_ompl/local_setup.bash
[106.948s] -- Installing: /home/moveit/install/moveit_planners_ompl/share/moveit_planners_ompl/local_setup.sh
[106.948s] -- Installing: /home/moveit/install/moveit_planners_ompl/share/moveit_planners_ompl/local_setup.zsh
[106.949s] -- Installing: /home/moveit/install/moveit_planners_ompl/share/moveit_planners_ompl/local_setup.dsv
[106.949s] -- Installing: /home/moveit/install/moveit_planners_ompl/share/moveit_planners_ompl/package.dsv
[106.949s] -- Installing: /home/moveit/install/moveit_planners_ompl/share/ament_index/resource_index/packages/moveit_planners_ompl
[106.949s] -- Installing: /home/moveit/install/moveit_planners_ompl/share/ament_index/resource_index/moveit_core__pluginlib__plugin/moveit_planners_ompl
[106.949s] -- Installing: /home/moveit/install/moveit_planners_ompl/share/moveit_planners_ompl/cmake/moveit_planners_omplTargetsExport.cmake
[106.949s] -- Installing: /home/moveit/install/moveit_planners_ompl/share/moveit_planners_ompl/cmake/moveit_planners_omplTargetsExport-release.cmake
[106.949s] -- Installing: /home/moveit/install/moveit_planners_ompl/share/moveit_planners_ompl/cmake/ament_cmake_export_targets-extras.cmake
[106.950s] -- Installing: /home/moveit/install/moveit_planners_ompl/share/moveit_planners_ompl/cmake/ament_cmake_export_dependencies-extras.cmake
[106.950s] -- Installing: /home/moveit/install/moveit_planners_ompl/share/moveit_planners_ompl/cmake/moveit_planners_omplConfig.cmake
[106.950s] -- Installing: /home/moveit/install/moveit_planners_ompl/share/moveit_planners_ompl/cmake/moveit_planners_omplConfig-version.cmake
[106.950s] -- Installing: /home/moveit/install/moveit_planners_ompl/share/moveit_planners_ompl/package.xml
[106.953s] Invoked command in '/home/moveit/build/moveit_planners_ompl' returned '0': AMENT_PREFIX_PATH=/home/moveit/install/moveit_ros_planning:/home/moveit/install/moveit_ros_occupancy_map_monitor:/home/moveit/install/moveit_core:/home/moveit/install/moveit_resources_panda_moveit_config:/home/moveit/install/moveit_resources_fanuc_moveit_config:/home/moveit/install/moveit_resources_pr2_description:/home/moveit/install/moveit_resources_panda_description:/home/moveit/install/moveit_resources_fanuc_description:/home/moveit/install/moveit_msgs:/home/moveit/install/moveit_common:${AMENT_PREFIX_PATH} CMAKE_PREFIX_PATH=/home/moveit/install/moveit_ros_planning:/home/moveit/install/moveit_ros_occupancy_map_monitor:/home/moveit/install/moveit_core:/home/moveit/install/moveit_resources_panda_moveit_config:/home/moveit/install/moveit_resources_fanuc_moveit_config:/home/moveit/install/moveit_resources_pr2_description:/home/moveit/install/moveit_resources_panda_description:/home/moveit/install/moveit_resources_fanuc_description:/home/moveit/install/moveit_msgs:/home/moveit/install/moveit_common:/opt/ros/humble LD_LIBRARY_PATH=/home/moveit/install/moveit_ros_planning/lib:/home/moveit/install/moveit_ros_occupancy_map_monitor/lib:/home/moveit/install/moveit_core/lib:/home/moveit/install/moveit_msgs/lib:${LD_LIBRARY_PATH} PATH=/home/moveit/install/moveit_core/bin:${PATH} PYTHONPATH=/home/moveit/install/moveit_msgs/local/lib/python3.10/dist-packages:${PYTHONPATH} /usr/bin/cmake --install /home/moveit/build/moveit_planners_ompl
