[0.025s] Invoking command in '/home/moveit/build/moveit_common': CMAKE_PREFIX_PATH=${CMAKE_PREFIX_PATH}:/home/humble_ws/install/moveit_rolling_humble_interface:/home/humble_ws/install/kortex_interface:/home/humble_ws/install/attempt_py_moveit:/home/humble_ws/install/antworker_navigation:/home/humble_ws/install/antworker_isaacsim_world:/home/humble_ws/install/antworker_description:/home/moveit/install/moveit_configs_utils:/opt/ros/humble /usr/bin/cmake --build /home/moveit/build/moveit_common -- -j16 -l16
[0.104s] Invoked command in '/home/moveit/build/moveit_common' returned '0': CMAKE_PREFIX_PATH=${CMAKE_PREFIX_PATH}:/home/humble_ws/install/moveit_rolling_humble_interface:/home/humble_ws/install/kortex_interface:/home/humble_ws/install/attempt_py_moveit:/home/humble_ws/install/antworker_navigation:/home/humble_ws/install/antworker_isaacsim_world:/home/humble_ws/install/antworker_description:/home/moveit/install/moveit_configs_utils:/opt/ros/humble /usr/bin/cmake --build /home/moveit/build/moveit_common -- -j16 -l16
[0.164s] Invoking command in '/home/moveit/build/moveit_common': CMAKE_PREFIX_PATH=${CMAKE_PREFIX_PATH}:/home/humble_ws/install/moveit_rolling_humble_interface:/home/humble_ws/install/kortex_interface:/home/humble_ws/install/attempt_py_moveit:/home/humble_ws/install/antworker_navigation:/home/humble_ws/install/antworker_isaacsim_world:/home/humble_ws/install/antworker_description:/home/moveit/install/moveit_configs_utils:/opt/ros/humble /usr/bin/cmake --install /home/moveit/build/moveit_common
[0.178s] -- Install configuration: "Release"
[0.178s] -- Up-to-date: /home/moveit/install/moveit_common/share/ament_index/resource_index/package_run_dependencies/moveit_common
[0.178s] -- Up-to-date: /home/moveit/install/moveit_common/share/ament_index/resource_index/parent_prefix_path/moveit_common
[0.178s] -- Up-to-date: /home/moveit/install/moveit_common/share/moveit_common/environment/ament_prefix_path.sh
[0.178s] -- Up-to-date: /home/moveit/install/moveit_common/share/moveit_common/environment/ament_prefix_path.dsv
[0.178s] -- Up-to-date: /home/moveit/install/moveit_common/share/moveit_common/environment/path.sh
[0.179s] -- Up-to-date: /home/moveit/install/moveit_common/share/moveit_common/environment/path.dsv
[0.179s] -- Up-to-date: /home/moveit/install/moveit_common/share/moveit_common/local_setup.bash
[0.179s] -- Up-to-date: /home/moveit/install/moveit_common/share/moveit_common/local_setup.sh
[0.179s] -- Up-to-date: /home/moveit/install/moveit_common/share/moveit_common/local_setup.zsh
[0.179s] -- Up-to-date: /home/moveit/install/moveit_common/share/moveit_common/local_setup.dsv
[0.179s] -- Installing: /home/moveit/install/moveit_common/share/moveit_common/package.dsv
[0.179s] -- Up-to-date: /home/moveit/install/moveit_common/share/ament_index/resource_index/packages/moveit_common
[0.179s] -- Up-to-date: /home/moveit/install/moveit_common/share/moveit_common/cmake/moveit_common-extras.cmake
[0.179s] -- Up-to-date: /home/moveit/install/moveit_common/share/moveit_common/cmake/moveit_commonConfig.cmake
[0.179s] -- Up-to-date: /home/moveit/install/moveit_common/share/moveit_common/cmake/moveit_commonConfig-version.cmake
[0.179s] -- Up-to-date: /home/moveit/install/moveit_common/share/moveit_common/package.xml
[0.179s] -- Up-to-date: /home/moveit/install/moveit_common/share/moveit_common/cmake
[0.179s] -- Up-to-date: /home/moveit/install/moveit_common/share/moveit_common/cmake/moveit_package.cmake
[0.182s] Invoked command in '/home/moveit/build/moveit_common' returned '0': CMAKE_PREFIX_PATH=${CMAKE_PREFIX_PATH}:/home/humble_ws/install/moveit_rolling_humble_interface:/home/humble_ws/install/kortex_interface:/home/humble_ws/install/attempt_py_moveit:/home/humble_ws/install/antworker_navigation:/home/humble_ws/install/antworker_isaacsim_world:/home/humble_ws/install/antworker_description:/home/moveit/install/moveit_configs_utils:/opt/ros/humble /usr/bin/cmake --install /home/moveit/build/moveit_common
