[0.481s] Invoking command in '/home/moveit/src/moveit2/moveit_configs_utils': PYTHONPATH=/home/moveit/build/moveit_configs_utils/prefix_override:/home/moveit/install/moveit_configs_utils/lib/python3.10/site-packages:${PYTHONPATH} /usr/bin/python3 -W ignore:setup.py install is deprecated setup.py egg_info --egg-base ../../../build/moveit_configs_utils build --build-base /home/moveit/build/moveit_configs_utils/build install --record /home/moveit/build/moveit_configs_utils/install.log --single-version-externally-managed install_data
[0.639s] running egg_info
[0.640s] writing ../../../build/moveit_configs_utils/moveit_configs_utils.egg-info/PKG-INFO
[0.646s] writing dependency_links to ../../../build/moveit_configs_utils/moveit_configs_utils.egg-info/dependency_links.txt
[0.646s] writing entry points to ../../../build/moveit_configs_utils/moveit_configs_utils.egg-info/entry_points.txt
[0.646s] writing requirements to ../../../build/moveit_configs_utils/moveit_configs_utils.egg-info/requires.txt
[0.647s] writing top-level names to ../../../build/moveit_configs_utils/moveit_configs_utils.egg-info/top_level.txt
[0.648s] reading manifest file '../../../build/moveit_configs_utils/moveit_configs_utils.egg-info/SOURCES.txt'
[0.649s] writing manifest file '../../../build/moveit_configs_utils/moveit_configs_utils.egg-info/SOURCES.txt'
[0.649s] running build
[0.649s] running build_py
[0.650s] running install
[0.650s] running install_lib
[0.651s] running install_data
[0.651s] running install_egg_info
[0.652s] removing '/home/moveit/install/moveit_configs_utils/lib/python3.10/site-packages/moveit_configs_utils-2.9.0-py3.10.egg-info' (and everything under it)
[0.653s] Copying ../../../build/moveit_configs_utils/moveit_configs_utils.egg-info to /home/moveit/install/moveit_configs_utils/lib/python3.10/site-packages/moveit_configs_utils-2.9.0-py3.10.egg-info
[0.654s] running install_scripts
[0.669s] writing list of installed files to '/home/moveit/build/moveit_configs_utils/install.log'
[0.684s] Invoked command in '/home/moveit/src/moveit2/moveit_configs_utils' returned '0': PYTHONPATH=/home/moveit/build/moveit_configs_utils/prefix_override:/home/moveit/install/moveit_configs_utils/lib/python3.10/site-packages:${PYTHONPATH} /usr/bin/python3 -W ignore:setup.py install is deprecated setup.py egg_info --egg-base ../../../build/moveit_configs_utils build --build-base /home/moveit/build/moveit_configs_utils/build install --record /home/moveit/build/moveit_configs_utils/install.log --single-version-externally-managed install_data
