[0.021s] Invoking command in '/home/kortex_ws/build/picknik_twist_controller': AMENT_PREFIX_PATH=/home/kortex_ws/install/controller_interface:/home/kortex_ws/install/hardware_interface:/home/kortex_ws/install/control_msgs:${AMENT_PREFIX_PATH} CMAKE_PREFIX_PATH=/home/kortex_ws/install/controller_interface:/home/kortex_ws/install/hardware_interface:/home/kortex_ws/install/control_msgs:/opt/ros/humble LD_LIBRARY_PATH=/home/kortex_ws/install/controller_interface/lib:/home/kortex_ws/install/hardware_interface/lib:/home/kortex_ws/install/control_msgs/lib:${LD_LIBRARY_PATH} PYTHONPATH=/home/kortex_ws/install/control_msgs/local/lib/python3.10/dist-packages:${PYTHONPATH} /usr/bin/cmake /home/kortex_ws/src/picknik_controllers/picknik_twist_controller -DCMAKE_INSTALL_PREFIX=/home/kortex_ws/install/picknik_twist_controller
[0.099s] -- The C compiler identification is GNU 11.4.0
[0.186s] -- The CXX compiler identification is GNU 11.4.0
[0.195s] -- Detecting C compiler ABI info
[0.294s] -- Detecting C compiler ABI info - done
[0.302s] -- Check for working C compiler: /usr/bin/cc - skipped
[0.302s] -- Detecting C compile features
[0.302s] -- Detecting C compile features - done
[0.305s] -- Detecting CXX compiler ABI info
[0.411s] -- Detecting CXX compiler ABI info - done
[0.418s] -- Check for working CXX compiler: /usr/bin/c++ - skipped
[0.419s] -- Detecting CXX compile features
[0.419s] -- Detecting CXX compile features - done
[0.425s] -- Found ament_cmake: 1.3.8 (/opt/ros/humble/share/ament_cmake/cmake)
[0.662s] -- Found Python3: /usr/bin/python3 (found version "3.10.12") found components: Interpreter 
[0.809s] -- Found ament_cmake_ros: 0.10.0 (/opt/ros/humble/share/ament_cmake_ros/cmake)
[0.825s] -- Found controller_interface: 2.41.0 (/home/kortex_ws/install/controller_interface/share/controller_interface/cmake)
[0.903s] -- Found rosidl_generator_c: 3.1.5 (/opt/ros/humble/share/rosidl_generator_c/cmake)
[0.915s] -- Found rosidl_adapter: 3.1.5 (/opt/ros/humble/share/rosidl_adapter/cmake)
[0.932s] -- Found rosidl_generator_cpp: 3.1.5 (/opt/ros/humble/share/rosidl_generator_cpp/cmake)
[0.963s] -- Using all available rosidl_typesupport_c: rosidl_typesupport_fastrtps_c;rosidl_typesupport_introspection_c
[1.004s] -- Using all available rosidl_typesupport_cpp: rosidl_typesupport_fastrtps_cpp;rosidl_typesupport_introspection_cpp
[1.907s] -- Found rmw_implementation_cmake: 6.1.1 (/opt/ros/humble/share/rmw_implementation_cmake/cmake)
[1.911s] -- Found rmw_cyclonedds_cpp: 1.3.4 (/opt/ros/humble/share/rmw_cyclonedds_cpp/cmake)
[1.952s] -- Using RMW implementation 'rmw_cyclonedds_cpp' as default
[1.972s] -- Looking for pthread.h
[2.060s] -- Looking for pthread.h - found
[2.060s] -- Performing Test CMAKE_HAVE_LIBC_PTHREAD
[2.151s] -- Performing Test CMAKE_HAVE_LIBC_PTHREAD - Success
[2.152s] -- Found Threads: TRUE  
[2.430s] -- Found example_interfaces: 0.9.3 (/opt/ros/humble/share/example_interfaces/cmake)
[2.487s] -- Found realtime_tools: 2.5.0 (/opt/ros/humble/share/realtime_tools/cmake)
[2.693s] -- Configuring done
[2.729s] -- Generating done
[2.731s] -- Build files have been written to: /home/kortex_ws/build/picknik_twist_controller
[2.743s] Invoked command in '/home/kortex_ws/build/picknik_twist_controller' returned '0': AMENT_PREFIX_PATH=/home/kortex_ws/install/controller_interface:/home/kortex_ws/install/hardware_interface:/home/kortex_ws/install/control_msgs:${AMENT_PREFIX_PATH} CMAKE_PREFIX_PATH=/home/kortex_ws/install/controller_interface:/home/kortex_ws/install/hardware_interface:/home/kortex_ws/install/control_msgs:/opt/ros/humble LD_LIBRARY_PATH=/home/kortex_ws/install/controller_interface/lib:/home/kortex_ws/install/hardware_interface/lib:/home/kortex_ws/install/control_msgs/lib:${LD_LIBRARY_PATH} PYTHONPATH=/home/kortex_ws/install/control_msgs/local/lib/python3.10/dist-packages:${PYTHONPATH} /usr/bin/cmake /home/kortex_ws/src/picknik_controllers/picknik_twist_controller -DCMAKE_INSTALL_PREFIX=/home/kortex_ws/install/picknik_twist_controller
[2.744s] Invoking command in '/home/kortex_ws/build/picknik_twist_controller': AMENT_PREFIX_PATH=/home/kortex_ws/install/controller_interface:/home/kortex_ws/install/hardware_interface:/home/kortex_ws/install/control_msgs:${AMENT_PREFIX_PATH} CMAKE_PREFIX_PATH=/home/kortex_ws/install/controller_interface:/home/kortex_ws/install/hardware_interface:/home/kortex_ws/install/control_msgs:/opt/ros/humble LD_LIBRARY_PATH=/home/kortex_ws/install/controller_interface/lib:/home/kortex_ws/install/hardware_interface/lib:/home/kortex_ws/install/control_msgs/lib:${LD_LIBRARY_PATH} PYTHONPATH=/home/kortex_ws/install/control_msgs/local/lib/python3.10/dist-packages:${PYTHONPATH} /usr/bin/cmake --build /home/kortex_ws/build/picknik_twist_controller -- -j16 -l16
[2.801s] [ 50%] [32mBuilding CXX object CMakeFiles/picknik_twist_controller.dir/src/picknik_twist_controller.cpp.o[0m
[11.203s] [100%] [32m[1mLinking CXX shared library libpicknik_twist_controller.so[0m
[11.604s] [100%] Built target picknik_twist_controller
[11.616s] Invoked command in '/home/kortex_ws/build/picknik_twist_controller' returned '0': AMENT_PREFIX_PATH=/home/kortex_ws/install/controller_interface:/home/kortex_ws/install/hardware_interface:/home/kortex_ws/install/control_msgs:${AMENT_PREFIX_PATH} CMAKE_PREFIX_PATH=/home/kortex_ws/install/controller_interface:/home/kortex_ws/install/hardware_interface:/home/kortex_ws/install/control_msgs:/opt/ros/humble LD_LIBRARY_PATH=/home/kortex_ws/install/controller_interface/lib:/home/kortex_ws/install/hardware_interface/lib:/home/kortex_ws/install/control_msgs/lib:${LD_LIBRARY_PATH} PYTHONPATH=/home/kortex_ws/install/control_msgs/local/lib/python3.10/dist-packages:${PYTHONPATH} /usr/bin/cmake --build /home/kortex_ws/build/picknik_twist_controller -- -j16 -l16
[11.640s] Invoking command in '/home/kortex_ws/build/picknik_twist_controller': AMENT_PREFIX_PATH=/home/kortex_ws/install/controller_interface:/home/kortex_ws/install/hardware_interface:/home/kortex_ws/install/control_msgs:${AMENT_PREFIX_PATH} CMAKE_PREFIX_PATH=/home/kortex_ws/install/controller_interface:/home/kortex_ws/install/hardware_interface:/home/kortex_ws/install/control_msgs:/opt/ros/humble LD_LIBRARY_PATH=/home/kortex_ws/install/controller_interface/lib:/home/kortex_ws/install/hardware_interface/lib:/home/kortex_ws/install/control_msgs/lib:${LD_LIBRARY_PATH} PYTHONPATH=/home/kortex_ws/install/control_msgs/local/lib/python3.10/dist-packages:${PYTHONPATH} /usr/bin/cmake --install /home/kortex_ws/build/picknik_twist_controller
[11.647s] -- Install configuration: ""
[11.647s] -- Installing: /home/kortex_ws/install/picknik_twist_controller/share/picknik_twist_controller/controller_plugins.xml
[11.647s] -- Installing: /home/kortex_ws/install/picknik_twist_controller/lib/libpicknik_twist_controller.so
[11.658s] -- Set runtime path of "/home/kortex_ws/install/picknik_twist_controller/lib/libpicknik_twist_controller.so" to ""
[11.658s] -- Installing: /home/kortex_ws/install/picknik_twist_controller/include
[11.658s] -- Installing: /home/kortex_ws/install/picknik_twist_controller/include/picknik_twist_controller
[11.658s] -- Installing: /home/kortex_ws/install/picknik_twist_controller/include/picknik_twist_controller/visibility_control.h
[11.658s] -- Installing: /home/kortex_ws/install/picknik_twist_controller/include/picknik_twist_controller/picknik_twist_controller.hpp
[11.659s] -- Up-to-date: /home/kortex_ws/install/picknik_twist_controller/share/picknik_twist_controller/controller_plugins.xml
[11.659s] -- Installing: /home/kortex_ws/install/picknik_twist_controller/share/picknik_twist_controller/environment/library_path.sh
[11.659s] -- Installing: /home/kortex_ws/install/picknik_twist_controller/share/picknik_twist_controller/environment/library_path.dsv
[11.659s] -- Installing: /home/kortex_ws/install/picknik_twist_controller/share/ament_index/resource_index/package_run_dependencies/picknik_twist_controller
[11.659s] -- Installing: /home/kortex_ws/install/picknik_twist_controller/share/ament_index/resource_index/parent_prefix_path/picknik_twist_controller
[11.659s] -- Installing: /home/kortex_ws/install/picknik_twist_controller/share/picknik_twist_controller/environment/ament_prefix_path.sh
[11.659s] -- Installing: /home/kortex_ws/install/picknik_twist_controller/share/picknik_twist_controller/environment/ament_prefix_path.dsv
[11.659s] -- Installing: /home/kortex_ws/install/picknik_twist_controller/share/picknik_twist_controller/environment/path.sh
[11.660s] -- Installing: /home/kortex_ws/install/picknik_twist_controller/share/picknik_twist_controller/environment/path.dsv
[11.660s] -- Installing: /home/kortex_ws/install/picknik_twist_controller/share/picknik_twist_controller/local_setup.bash
[11.660s] -- Installing: /home/kortex_ws/install/picknik_twist_controller/share/picknik_twist_controller/local_setup.sh
[11.660s] -- Installing: /home/kortex_ws/install/picknik_twist_controller/share/picknik_twist_controller/local_setup.zsh
[11.660s] -- Installing: /home/kortex_ws/install/picknik_twist_controller/share/picknik_twist_controller/local_setup.dsv
[11.660s] -- Installing: /home/kortex_ws/install/picknik_twist_controller/share/picknik_twist_controller/package.dsv
[11.660s] -- Installing: /home/kortex_ws/install/picknik_twist_controller/share/ament_index/resource_index/packages/picknik_twist_controller
[11.661s] -- Installing: /home/kortex_ws/install/picknik_twist_controller/share/ament_index/resource_index/controller_interface__pluginlib__plugin/picknik_twist_controller
[11.661s] -- Installing: /home/kortex_ws/install/picknik_twist_controller/share/picknik_twist_controller/cmake/ament_cmake_export_dependencies-extras.cmake
[11.661s] -- Installing: /home/kortex_ws/install/picknik_twist_controller/share/picknik_twist_controller/cmake/ament_cmake_export_include_directories-extras.cmake
[11.661s] -- Installing: /home/kortex_ws/install/picknik_twist_controller/share/picknik_twist_controller/cmake/ament_cmake_export_libraries-extras.cmake
[11.661s] -- Installing: /home/kortex_ws/install/picknik_twist_controller/share/picknik_twist_controller/cmake/picknik_twist_controllerConfig.cmake
[11.661s] -- Installing: /home/kortex_ws/install/picknik_twist_controller/share/picknik_twist_controller/cmake/picknik_twist_controllerConfig-version.cmake
[11.661s] -- Installing: /home/kortex_ws/install/picknik_twist_controller/share/picknik_twist_controller/package.xml
[11.664s] Invoked command in '/home/kortex_ws/build/picknik_twist_controller' returned '0': AMENT_PREFIX_PATH=/home/kortex_ws/install/controller_interface:/home/kortex_ws/install/hardware_interface:/home/kortex_ws/install/control_msgs:${AMENT_PREFIX_PATH} CMAKE_PREFIX_PATH=/home/kortex_ws/install/controller_interface:/home/kortex_ws/install/hardware_interface:/home/kortex_ws/install/control_msgs:/opt/ros/humble LD_LIBRARY_PATH=/home/kortex_ws/install/controller_interface/lib:/home/kortex_ws/install/hardware_interface/lib:/home/kortex_ws/install/control_msgs/lib:${LD_LIBRARY_PATH} PYTHONPATH=/home/kortex_ws/install/control_msgs/local/lib/python3.10/dist-packages:${PYTHONPATH} /usr/bin/cmake --install /home/kortex_ws/build/picknik_twist_controller
