-- The CXX compiler identification is GNU 11.4.0
-- Detecting CXX compiler ABI info
-- Detecting CXX compiler ABI info - done
-- Check for working CXX compiler: /usr/bin/c++ - skipped
-- Detecting CXX compile features
-- Detecting CXX compile features - done
-- Found moveit_common: 2.9.0 (/home/moveit/install/moveit_common/share/moveit_common/cmake)
-- Found ament_cmake: 1.3.9 (/opt/ros/humble/share/ament_cmake/cmake)
-- Found Python3: /usr/bin/python3 (found version "3.10.12") found components: Interpreter 
-- Found libdw: /usr/lib/x86_64-linux-gnu/libdw.so  
-- Could NOT find libbfd (missing: LIBBFD_LIBRARY LIBBFD_INCLUDE_DIR) 
-- BACKWARD_HAS_UNWIND=1
-- BACKWARD_HAS_BACKTRACE=0
-- BACKWARD_HAS_BACKTRACE_SYMBOL=0
-- BACKWARD_HAS_DW=1
-- BACKWARD_HAS_BFD=0
-- Found Backward: /opt/ros/humble/share/backward_ros/cmake  
-- Found generate_parameter_library: 0.3.8 (/opt/ros/humble/share/generate_parameter_library/cmake)
-- Found parameter_traits: 0.3.8 (/opt/ros/humble/share/parameter_traits/cmake)
-- Found rosidl_generator_c: 3.1.5 (/opt/ros/humble/share/rosidl_generator_c/cmake)
-- Found rosidl_adapter: 3.1.5 (/opt/ros/humble/share/rosidl_adapter/cmake)
-- Found rosidl_generator_cpp: 3.1.5 (/opt/ros/humble/share/rosidl_generator_cpp/cmake)
-- Using all available rosidl_typesupport_c: rosidl_typesupport_fastrtps_c;rosidl_typesupport_introspection_c
-- Using all available rosidl_typesupport_cpp: rosidl_typesupport_fastrtps_cpp;rosidl_typesupport_introspection_cpp
-- Found rmw_implementation_cmake: 6.1.2 (/opt/ros/humble/share/rmw_implementation_cmake/cmake)
-- Found rmw_cyclonedds_cpp: 1.3.4 (/opt/ros/humble/share/rmw_cyclonedds_cpp/cmake)
-- Using RMW implementation 'rmw_cyclonedds_cpp' as default
-- Looking for C++ include pthread.h
-- Looking for C++ include pthread.h - found
-- Performing Test CMAKE_HAVE_LIBC_PTHREAD
-- Performing Test CMAKE_HAVE_LIBC_PTHREAD - Success
-- Found Threads: TRUE  
-- Found rclcpp_lifecycle: 16.0.9 (/opt/ros/humble/share/rclcpp_lifecycle/cmake)
-- Found control_msgs: 4.5.0 (/opt/ros/humble/share/control_msgs/cmake)
-- Found moveit_core: 2.9.0 (/home/moveit/install/moveit_core/share/moveit_core/cmake)
-- Found Boost: /usr/lib/x86_64-linux-gnu/cmake/Boost-1.74.0/BoostConfig.cmake (found version "1.74.0") found components: chrono date_time filesystem iostreams program_options regex serialization system thread 
-- Found Boost: /usr/lib/x86_64-linux-gnu/cmake/Boost-1.74.0/BoostConfig.cmake (found version "1.74.0") found components: filesystem 
-- library: /usr/lib/x86_64-linux-gnu/libcurl.so
-- Found Eigen3: TRUE (found version "3.4.0") 
-- Ensuring Eigen3 include directory is part of orocos-kdl CMake target
-- Found moveit_ros_planning: 2.9.0 (/home/moveit/install/moveit_ros_planning/share/moveit_ros_planning/cmake)
-- Found Boost: /usr/lib/x86_64-linux-gnu/cmake/Boost-1.74.0/BoostConfig.cmake (found version "1.74.0") found components: system filesystem date_time program_options thread chrono 
-- Found moveit_ros_planning_interface: 2.9.0 (/home/moveit/install/moveit_ros_planning_interface/share/moveit_ros_planning_interface/cmake)
-- Found Boost: /usr/lib/x86_64-linux-gnu/cmake/Boost-1.74.0/BoostConfig.cmake (found version "1.74.0") found components: date_time filesystem program_options system thread 
-- Found Boost: /usr/lib/x86_64-linux-gnu/cmake/Boost-1.74.0/BoostConfig.cmake (found version "1.74.0") found components: thread system filesystem regex date_time program_options 
-- Found Boost: /usr/lib/x86_64-linux-gnu/cmake/Boost-1.74.0/BoostConfig.cmake (found version "1.74.0") found components: system filesystem date_time program_options thread 
-- Found realtime_tools: 2.5.0 (/opt/ros/humble/share/realtime_tools/cmake)
-- Found ament_cmake_gtest: 1.3.9 (/opt/ros/humble/share/ament_cmake_gtest/cmake)
-- Found ros_testing: 0.4.0 (/opt/ros/humble/share/ros_testing/cmake)
-- Found launch_testing_ament_cmake: 1.0.6 (/opt/ros/humble/share/launch_testing_ament_cmake/cmake)
-- Found python_cmake_module: 0.10.0 (/opt/ros/humble/share/python_cmake_module/cmake)
-- Found PythonInterp: /usr/bin/python3 (found suitable version "3.10.12", minimum required is "3.6") 
-- Found PythonLibs: /usr/lib/x86_64-linux-gnu/libpython3.10.so (found suitable version "3.10.12", minimum required is "3.5") 
-- Using PYTHON_EXECUTABLE: /usr/bin/python3
-- Using PYTHON_INCLUDE_DIRS: /usr/include/python3.10
-- Using PYTHON_LIBRARIES: /usr/lib/x86_64-linux-gnu/libpython3.10.so
-- Found PythonExtra: .so  
-- Found gtest sources under '/opt/ros/humble/src/gtest_vendor': C++ tests using 'Google Test' will be built
-- The C compiler identification is GNU 11.4.0
-- Detecting C compiler ABI info
-- Detecting C compiler ABI info - done
-- Check for working C compiler: /usr/bin/cc - skipped
-- Detecting C compile features
-- Detecting C compile features - done
-- Configuring done
-- Generating done
-- Build files have been written to: /home/moveit/build/moveit_servo
[ 17%] [32mBuilding CXX object CMakeFiles/servo_node.dir/rclcpp_components/node_main_servo_node.cpp.o[0m
[ 17%] [32mBuilding CXX object gtest/CMakeFiles/gtest.dir/src/gtest-all.cc.o[0m
[ 17%] [32mBuilding CXX object CMakeFiles/servo_keyboard_input.dir/demos/servo_keyboard_input.cpp.o[0m
[ 17%] [34m[1mRunning `/opt/ros/humble/bin/generate_parameter_library_cpp /home/moveit/build/moveit_servo/moveit_servo_lib_parameters/include//moveit_servo_lib_parameters.hpp /home/moveit/src/moveit2/moveit_ros/moveit_servo/config/servo_parameters.yaml `[0m
[ 17%] [32mBuilding CXX object gtest/CMakeFiles/gtest_main.dir/src/gtest_main.cc.o[0m
[ 17%] Built target moveit_servo_lib_parameters
[ 25%] [32mBuilding CXX object CMakeFiles/moveit_servo_lib_cpp.dir/src/servo.cpp.o[0m
[ 25%] [32mBuilding CXX object CMakeFiles/moveit_servo_lib_cpp.dir/src/collision_monitor.cpp.o[0m
[ 28%] [32mBuilding CXX object CMakeFiles/moveit_servo_lib_cpp.dir/src/utils/common.cpp.o[0m
[ 32%] [32mBuilding CXX object CMakeFiles/moveit_servo_lib_cpp.dir/src/utils/command.cpp.o[0m
[ 35%] [32m[1mLinking CXX static library libgtest_main.a[0m
[ 35%] Built target gtest_main
[ 39%] [32m[1mLinking CXX executable servo_node[0m
[ 39%] Built target servo_node
[ 42%] [32m[1mLinking CXX static library libgtest.a[0m
[ 42%] Built target gtest
[ 46%] [32mBuilding CXX object CMakeFiles/moveit_servo_ros_integration_test.dir/tests/test_ros_integration.cpp.o[0m
[ 50%] [32m[1mLinking CXX executable servo_keyboard_input[0m
[ 50%] Built target servo_keyboard_input
[ 53%] [32m[1mLinking CXX shared library libmoveit_servo_lib_cpp.so[0m
[ 53%] Built target moveit_servo_lib_cpp
[ 75%] [32mBuilding CXX object CMakeFiles/moveit_servo_cpp_integration_test.dir/tests/test_integration.cpp.o[0m
[ 75%] [32mBuilding CXX object CMakeFiles/demo_joint_jog.dir/demos/cpp_interface/demo_joint_jog.cpp.o[0m
[ 75%] [32mBuilding CXX object CMakeFiles/moveit_servo_utils_test.dir/tests/test_utils.cpp.o[0m
[ 75%] [32mBuilding CXX object CMakeFiles/demo_twist.dir/demos/cpp_interface/demo_twist.cpp.o[0m
[ 75%] [32mBuilding CXX object CMakeFiles/demo_pose.dir/demos/cpp_interface/demo_pose.cpp.o[0m
[ 75%] [32mBuilding CXX object CMakeFiles/moveit_servo_lib_ros.dir/src/servo_node.cpp.o[0m
[ 78%] [32m[1mLinking CXX executable moveit_servo_ros_integration_test[0m
[ 78%] Built target moveit_servo_ros_integration_test
[ 82%] [32m[1mLinking CXX executable moveit_servo_utils_test[0m
[ 82%] Built target moveit_servo_utils_test
[ 85%] [32m[1mLinking CXX executable moveit_servo_cpp_integration_test[0m
[ 89%] [32m[1mLinking CXX executable demo_joint_jog[0m
[ 92%] [32m[1mLinking CXX executable demo_twist[0m
[ 92%] Built target moveit_servo_cpp_integration_test
[ 92%] Built target demo_joint_jog
[ 92%] Built target demo_twist
[ 96%] [32m[1mLinking CXX executable demo_pose[0m
[ 96%] Built target demo_pose
[100%] [32m[1mLinking CXX shared library libmoveit_servo_lib_ros.so[0m
[100%] Built target moveit_servo_lib_ros
-- Install configuration: "Release"
-- Installing: /home/moveit/install/moveit_servo/include/moveit_servo_lib_parameters
-- Installing: /home/moveit/install/moveit_servo/include/moveit_servo_lib_parameters/moveit_servo_lib_parameters.hpp
-- Installing: /home/moveit/install/moveit_servo/lib/moveit_servo/servo_node
-- Set runtime path of "/home/moveit/install/moveit_servo/lib/moveit_servo/servo_node" to ""
-- Installing: /home/moveit/install/moveit_servo/lib/libmoveit_servo_lib_cpp.so.2.9.0
-- Set runtime path of "/home/moveit/install/moveit_servo/lib/libmoveit_servo_lib_cpp.so.2.9.0" to ""
-- Installing: /home/moveit/install/moveit_servo/lib/libmoveit_servo_lib_cpp.so
-- Installing: /home/moveit/install/moveit_servo/lib/libmoveit_servo_lib_ros.so.2.9.0
-- Set runtime path of "/home/moveit/install/moveit_servo/lib/libmoveit_servo_lib_ros.so.2.9.0" to ""
-- Installing: /home/moveit/install/moveit_servo/lib/libmoveit_servo_lib_ros.so
-- Installing: /home/moveit/install/moveit_servo/lib/moveit_servo/demo_joint_jog
-- Set runtime path of "/home/moveit/install/moveit_servo/lib/moveit_servo/demo_joint_jog" to ""
-- Installing: /home/moveit/install/moveit_servo/lib/moveit_servo/demo_twist
-- Set runtime path of "/home/moveit/install/moveit_servo/lib/moveit_servo/demo_twist" to ""
-- Installing: /home/moveit/install/moveit_servo/lib/moveit_servo/demo_pose
-- Set runtime path of "/home/moveit/install/moveit_servo/lib/moveit_servo/demo_pose" to ""
-- Up-to-date: /home/moveit/install/moveit_servo/lib/moveit_servo/servo_node
-- Installing: /home/moveit/install/moveit_servo/lib/moveit_servo/servo_keyboard_input
-- Set runtime path of "/home/moveit/install/moveit_servo/lib/moveit_servo/servo_keyboard_input" to ""
-- Installing: /home/moveit/install/moveit_servo/include/moveit_servo
-- Installing: /home/moveit/install/moveit_servo/include/moveit_servo/moveit_servo
-- Installing: /home/moveit/install/moveit_servo/include/moveit_servo/moveit_servo/servo.hpp
-- Installing: /home/moveit/install/moveit_servo/include/moveit_servo/moveit_servo/utils
-- Installing: /home/moveit/install/moveit_servo/include/moveit_servo/moveit_servo/utils/command.hpp
-- Installing: /home/moveit/install/moveit_servo/include/moveit_servo/moveit_servo/utils/common.hpp
-- Installing: /home/moveit/install/moveit_servo/include/moveit_servo/moveit_servo/utils/datatypes.hpp
-- Installing: /home/moveit/install/moveit_servo/include/moveit_servo/moveit_servo/collision_monitor.hpp
-- Installing: /home/moveit/install/moveit_servo/include/moveit_servo/moveit_servo/servo_node.hpp
-- Installing: /home/moveit/install/moveit_servo/share/moveit_servo/launch
-- Installing: /home/moveit/install/moveit_servo/share/moveit_servo/launch/demo_twist.launch.py
-- Installing: /home/moveit/install/moveit_servo/share/moveit_servo/launch/demo_joint_jog.launch.py
-- Installing: /home/moveit/install/moveit_servo/share/moveit_servo/launch/demo_pose.launch.py
-- Installing: /home/moveit/install/moveit_servo/share/moveit_servo/launch/demo_ros_api.launch.py
-- Installing: /home/moveit/install/moveit_servo/share/moveit_servo/config
-- Installing: /home/moveit/install/moveit_servo/share/moveit_servo/config/demo_rviz_config.rviz
-- Installing: /home/moveit/install/moveit_servo/share/moveit_servo/config/test_config_panda.yaml
-- Installing: /home/moveit/install/moveit_servo/share/moveit_servo/config/demo_rviz_config_ros.rviz
-- Installing: /home/moveit/install/moveit_servo/share/moveit_servo/config/panda_simulated_config.yaml
-- Installing: /home/moveit/install/moveit_servo/share/moveit_servo/config/servo_parameters.yaml
-- Installing: /home/moveit/install/moveit_servo/share/moveit_servo/environment/library_path.sh
-- Installing: /home/moveit/install/moveit_servo/share/moveit_servo/environment/library_path.dsv
-- Installing: /home/moveit/install/moveit_servo/share/ament_index/resource_index/package_run_dependencies/moveit_servo
-- Installing: /home/moveit/install/moveit_servo/share/ament_index/resource_index/parent_prefix_path/moveit_servo
-- Installing: /home/moveit/install/moveit_servo/share/moveit_servo/environment/ament_prefix_path.sh
-- Installing: /home/moveit/install/moveit_servo/share/moveit_servo/environment/ament_prefix_path.dsv
-- Installing: /home/moveit/install/moveit_servo/share/moveit_servo/environment/path.sh
-- Installing: /home/moveit/install/moveit_servo/share/moveit_servo/environment/path.dsv
-- Installing: /home/moveit/install/moveit_servo/share/moveit_servo/local_setup.bash
-- Installing: /home/moveit/install/moveit_servo/share/moveit_servo/local_setup.sh
-- Installing: /home/moveit/install/moveit_servo/share/moveit_servo/local_setup.zsh
-- Installing: /home/moveit/install/moveit_servo/share/moveit_servo/local_setup.dsv
-- Installing: /home/moveit/install/moveit_servo/share/moveit_servo/package.dsv
-- Installing: /home/moveit/install/moveit_servo/share/ament_index/resource_index/packages/moveit_servo
-- Installing: /home/moveit/install/moveit_servo/share/ament_index/resource_index/rclcpp_components/moveit_servo
-- Installing: /home/moveit/install/moveit_servo/share/moveit_servo/cmake/moveit_servoTargetsExport.cmake
-- Installing: /home/moveit/install/moveit_servo/share/moveit_servo/cmake/moveit_servoTargetsExport-release.cmake
-- Installing: /home/moveit/install/moveit_servo/share/moveit_servo/cmake/ament_cmake_export_targets-extras.cmake
-- Installing: /home/moveit/install/moveit_servo/share/moveit_servo/cmake/ament_cmake_export_dependencies-extras.cmake
-- Installing: /home/moveit/install/moveit_servo/share/moveit_servo/cmake/moveit_servoConfig.cmake
-- Installing: /home/moveit/install/moveit_servo/share/moveit_servo/cmake/moveit_servoConfig-version.cmake
-- Installing: /home/moveit/install/moveit_servo/share/moveit_servo/package.xml
