[0.014s] Invoking command in '/home/moveit/build/moveit_ros_control_interface': AMENT_PREFIX_PATH=/home/moveit/install/moveit_simple_controller_manager:/home/moveit/install/moveit_core:/home/moveit/install/moveit_msgs:/home/moveit/install/moveit_common:${AMENT_PREFIX_PATH} CMAKE_PREFIX_PATH=/home/moveit/install/moveit_simple_controller_manager:/home/moveit/install/moveit_core:/home/moveit/install/moveit_msgs:/home/moveit/install/moveit_common:/opt/ros/humble LD_LIBRARY_PATH=/home/moveit/install/moveit_simple_controller_manager/lib:/home/moveit/install/moveit_core/lib:/home/moveit/install/moveit_msgs/lib:${LD_LIBRARY_PATH} PATH=/home/moveit/install/moveit_core/bin:${PATH} PYTHONPATH=/home/moveit/install/moveit_msgs/local/lib/python3.10/dist-packages:${PYTHONPATH} /usr/bin/cmake --build /home/moveit/build/moveit_ros_control_interface -- -j16 -l16
[0.062s] [35m[1mConsolidate compiler generated dependencies of target moveit_ros_control_interface_empty_plugin[0m
[0.062s] [35m[1mConsolidate compiler generated dependencies of target moveit_ros_control_interface_gripper_plugin[0m
[0.062s] [35m[1mConsolidate compiler generated dependencies of target moveit_ros_control_interface_trajectory_plugin[0m
[0.063s] [35m[1mConsolidate compiler generated dependencies of target moveit_ros_control_interface_plugin[0m
[0.081s] [ 62%] Built target moveit_ros_control_interface_gripper_plugin
[0.081s] [ 62%] Built target moveit_ros_control_interface_empty_plugin
[0.081s] [ 75%] Built target moveit_ros_control_interface_trajectory_plugin
[0.092s] [100%] Built target moveit_ros_control_interface_plugin
[0.103s] Invoked command in '/home/moveit/build/moveit_ros_control_interface' returned '0': AMENT_PREFIX_PATH=/home/moveit/install/moveit_simple_controller_manager:/home/moveit/install/moveit_core:/home/moveit/install/moveit_msgs:/home/moveit/install/moveit_common:${AMENT_PREFIX_PATH} CMAKE_PREFIX_PATH=/home/moveit/install/moveit_simple_controller_manager:/home/moveit/install/moveit_core:/home/moveit/install/moveit_msgs:/home/moveit/install/moveit_common:/opt/ros/humble LD_LIBRARY_PATH=/home/moveit/install/moveit_simple_controller_manager/lib:/home/moveit/install/moveit_core/lib:/home/moveit/install/moveit_msgs/lib:${LD_LIBRARY_PATH} PATH=/home/moveit/install/moveit_core/bin:${PATH} PYTHONPATH=/home/moveit/install/moveit_msgs/local/lib/python3.10/dist-packages:${PYTHONPATH} /usr/bin/cmake --build /home/moveit/build/moveit_ros_control_interface -- -j16 -l16
[0.136s] Invoking command in '/home/moveit/build/moveit_ros_control_interface': AMENT_PREFIX_PATH=/home/moveit/install/moveit_simple_controller_manager:/home/moveit/install/moveit_core:/home/moveit/install/moveit_msgs:/home/moveit/install/moveit_common:${AMENT_PREFIX_PATH} CMAKE_PREFIX_PATH=/home/moveit/install/moveit_simple_controller_manager:/home/moveit/install/moveit_core:/home/moveit/install/moveit_msgs:/home/moveit/install/moveit_common:/opt/ros/humble LD_LIBRARY_PATH=/home/moveit/install/moveit_simple_controller_manager/lib:/home/moveit/install/moveit_core/lib:/home/moveit/install/moveit_msgs/lib:${LD_LIBRARY_PATH} PATH=/home/moveit/install/moveit_core/bin:${PATH} PYTHONPATH=/home/moveit/install/moveit_msgs/local/lib/python3.10/dist-packages:${PYTHONPATH} /usr/bin/cmake --install /home/moveit/build/moveit_ros_control_interface
[0.143s] -- Install configuration: "Release"
[0.144s] -- Up-to-date: /home/moveit/install/moveit_ros_control_interface/lib/libmoveit_ros_control_interface_plugin.so.2.9.0
[0.144s] -- Up-to-date: /home/moveit/install/moveit_ros_control_interface/lib/libmoveit_ros_control_interface_plugin.so
[0.145s] -- Up-to-date: /home/moveit/install/moveit_ros_control_interface/lib/libmoveit_ros_control_interface_trajectory_plugin.so.2.9.0
[0.145s] -- Up-to-date: /home/moveit/install/moveit_ros_control_interface/lib/libmoveit_ros_control_interface_trajectory_plugin.so
[0.145s] -- Up-to-date: /home/moveit/install/moveit_ros_control_interface/lib/libmoveit_ros_control_interface_gripper_plugin.so.2.9.0
[0.145s] -- Up-to-date: /home/moveit/install/moveit_ros_control_interface/lib/libmoveit_ros_control_interface_gripper_plugin.so
[0.146s] -- Up-to-date: /home/moveit/install/moveit_ros_control_interface/lib/libmoveit_ros_control_interface_empty_plugin.so.2.9.0
[0.146s] -- Up-to-date: /home/moveit/install/moveit_ros_control_interface/lib/libmoveit_ros_control_interface_empty_plugin.so
[0.146s] -- Up-to-date: /home/moveit/install/moveit_ros_control_interface/include/moveit_ros_control_interface
[0.146s] -- Up-to-date: /home/moveit/install/moveit_ros_control_interface/include/moveit_ros_control_interface/moveit_ros_control_interface
[0.146s] -- Up-to-date: /home/moveit/install/moveit_ros_control_interface/include/moveit_ros_control_interface/moveit_ros_control_interface/ControllerHandle.h
[0.147s] -- Up-to-date: /home/moveit/install/moveit_ros_control_interface/share/moveit_ros_control_interface/moveit_core_plugins.xml
[0.147s] -- Up-to-date: /home/moveit/install/moveit_ros_control_interface/share/moveit_ros_control_interface/moveit_ros_control_interface_plugins.xml
[0.147s] -- Up-to-date: /home/moveit/install/moveit_ros_control_interface/share/moveit_ros_control_interface/environment/library_path.sh
[0.147s] -- Up-to-date: /home/moveit/install/moveit_ros_control_interface/share/moveit_ros_control_interface/environment/library_path.dsv
[0.147s] -- Up-to-date: /home/moveit/install/moveit_ros_control_interface/share/ament_index/resource_index/package_run_dependencies/moveit_ros_control_interface
[0.147s] -- Up-to-date: /home/moveit/install/moveit_ros_control_interface/share/ament_index/resource_index/parent_prefix_path/moveit_ros_control_interface
[0.147s] -- Up-to-date: /home/moveit/install/moveit_ros_control_interface/share/moveit_ros_control_interface/environment/ament_prefix_path.sh
[0.147s] -- Up-to-date: /home/moveit/install/moveit_ros_control_interface/share/moveit_ros_control_interface/environment/ament_prefix_path.dsv
[0.147s] -- Up-to-date: /home/moveit/install/moveit_ros_control_interface/share/moveit_ros_control_interface/environment/path.sh
[0.148s] -- Up-to-date: /home/moveit/install/moveit_ros_control_interface/share/moveit_ros_control_interface/environment/path.dsv
[0.148s] -- Up-to-date: /home/moveit/install/moveit_ros_control_interface/share/moveit_ros_control_interface/local_setup.bash
[0.148s] -- Up-to-date: /home/moveit/install/moveit_ros_control_interface/share/moveit_ros_control_interface/local_setup.sh
[0.148s] -- Up-to-date: /home/moveit/install/moveit_ros_control_interface/share/moveit_ros_control_interface/local_setup.zsh
[0.148s] -- Up-to-date: /home/moveit/install/moveit_ros_control_interface/share/moveit_ros_control_interface/local_setup.dsv
[0.148s] -- Installing: /home/moveit/install/moveit_ros_control_interface/share/moveit_ros_control_interface/package.dsv
[0.148s] -- Up-to-date: /home/moveit/install/moveit_ros_control_interface/share/ament_index/resource_index/packages/moveit_ros_control_interface
[0.148s] -- Up-to-date: /home/moveit/install/moveit_ros_control_interface/share/ament_index/resource_index/moveit_core__pluginlib__plugin/moveit_ros_control_interface
[0.148s] -- Up-to-date: /home/moveit/install/moveit_ros_control_interface/share/ament_index/resource_index/moveit_ros_control_interface__pluginlib__plugin/moveit_ros_control_interface
[0.149s] -- Up-to-date: /home/moveit/install/moveit_ros_control_interface/share/moveit_ros_control_interface/cmake/moveit_ros_control_interfaceTargetsExport.cmake
[0.149s] -- Up-to-date: /home/moveit/install/moveit_ros_control_interface/share/moveit_ros_control_interface/cmake/moveit_ros_control_interfaceTargetsExport-release.cmake
[0.149s] -- Up-to-date: /home/moveit/install/moveit_ros_control_interface/share/moveit_ros_control_interface/cmake/ConfigExtras.cmake
[0.149s] -- Up-to-date: /home/moveit/install/moveit_ros_control_interface/share/moveit_ros_control_interface/cmake/ament_cmake_export_targets-extras.cmake
[0.149s] -- Up-to-date: /home/moveit/install/moveit_ros_control_interface/share/moveit_ros_control_interface/cmake/ament_cmake_export_dependencies-extras.cmake
[0.149s] -- Up-to-date: /home/moveit/install/moveit_ros_control_interface/share/moveit_ros_control_interface/cmake/moveit_ros_control_interfaceConfig.cmake
[0.149s] -- Up-to-date: /home/moveit/install/moveit_ros_control_interface/share/moveit_ros_control_interface/cmake/moveit_ros_control_interfaceConfig-version.cmake
[0.149s] -- Up-to-date: /home/moveit/install/moveit_ros_control_interface/share/moveit_ros_control_interface/package.xml
[0.150s] Invoked command in '/home/moveit/build/moveit_ros_control_interface' returned '0': AMENT_PREFIX_PATH=/home/moveit/install/moveit_simple_controller_manager:/home/moveit/install/moveit_core:/home/moveit/install/moveit_msgs:/home/moveit/install/moveit_common:${AMENT_PREFIX_PATH} CMAKE_PREFIX_PATH=/home/moveit/install/moveit_simple_controller_manager:/home/moveit/install/moveit_core:/home/moveit/install/moveit_msgs:/home/moveit/install/moveit_common:/opt/ros/humble LD_LIBRARY_PATH=/home/moveit/install/moveit_simple_controller_manager/lib:/home/moveit/install/moveit_core/lib:/home/moveit/install/moveit_msgs/lib:${LD_LIBRARY_PATH} PATH=/home/moveit/install/moveit_core/bin:${PATH} PYTHONPATH=/home/moveit/install/moveit_msgs/local/lib/python3.10/dist-packages:${PYTHONPATH} /usr/bin/cmake --install /home/moveit/build/moveit_ros_control_interface
