[0.014s] Invoking command in '/home/moveit/build/moveit_plugins': AMENT_PREFIX_PATH=/home/moveit/install/moveit_simple_controller_manager:/home/moveit/install/moveit_core:/home/moveit/install/moveit_msgs:/home/moveit/install/moveit_common:${AMENT_PREFIX_PATH} CMAKE_PREFIX_PATH=/home/moveit/install/moveit_simple_controller_manager:/home/moveit/install/moveit_core:/home/moveit/install/moveit_msgs:/home/moveit/install/moveit_common:/opt/ros/humble LD_LIBRARY_PATH=/home/moveit/install/moveit_simple_controller_manager/lib:/home/moveit/install/moveit_core/lib:/home/moveit/install/moveit_msgs/lib:${LD_LIBRARY_PATH} PATH=/home/moveit/install/moveit_core/bin:${PATH} PYTHONPATH=/home/moveit/install/moveit_msgs/local/lib/python3.10/dist-packages:${PYTHONPATH} /usr/bin/cmake /home/moveit/src/moveit2/moveit_plugins/moveit_plugins -DCMAKE_BUILD_TYPE=Release -DCMAKE_INSTALL_PREFIX=/home/moveit/install/moveit_plugins
[0.067s] -- The C compiler identification is GNU 11.4.0
[0.118s] -- The CXX compiler identification is GNU 11.4.0
[0.125s] -- Detecting C compiler ABI info
[0.195s] -- Detecting C compiler ABI info - done
[0.200s] -- Check for working C compiler: /usr/bin/cc - skipped
[0.200s] -- Detecting C compile features
[0.201s] -- Detecting C compile features - done
[0.203s] -- Detecting CXX compiler ABI info
[0.281s] -- Detecting CXX compiler ABI info - done
[0.287s] -- Check for working CXX compiler: /usr/bin/c++ - skipped
[0.287s] -- Detecting CXX compile features
[0.287s] -- Detecting CXX compile features - done
[0.292s] -- Found ament_cmake: 1.3.9 (/opt/ros/humble/share/ament_cmake/cmake)
[0.426s] -- Found Python3: /usr/bin/python3 (found version "3.10.12") found components: Interpreter 
[0.534s] -- Found ament_lint_auto: 0.12.11 (/opt/ros/humble/share/ament_lint_auto/cmake)
[0.633s] -- Added test 'copyright' to check source files copyright and LICENSE
[0.634s] -- Added test 'lint_cmake' to check CMake code style
[0.635s] -- Added test 'xmllint' to check XML markup files
[0.636s] -- Configuring done
[0.640s] -- Generating done
[0.641s] -- Build files have been written to: /home/moveit/build/moveit_plugins
[0.645s] Invoked command in '/home/moveit/build/moveit_plugins' returned '0': AMENT_PREFIX_PATH=/home/moveit/install/moveit_simple_controller_manager:/home/moveit/install/moveit_core:/home/moveit/install/moveit_msgs:/home/moveit/install/moveit_common:${AMENT_PREFIX_PATH} CMAKE_PREFIX_PATH=/home/moveit/install/moveit_simple_controller_manager:/home/moveit/install/moveit_core:/home/moveit/install/moveit_msgs:/home/moveit/install/moveit_common:/opt/ros/humble LD_LIBRARY_PATH=/home/moveit/install/moveit_simple_controller_manager/lib:/home/moveit/install/moveit_core/lib:/home/moveit/install/moveit_msgs/lib:${LD_LIBRARY_PATH} PATH=/home/moveit/install/moveit_core/bin:${PATH} PYTHONPATH=/home/moveit/install/moveit_msgs/local/lib/python3.10/dist-packages:${PYTHONPATH} /usr/bin/cmake /home/moveit/src/moveit2/moveit_plugins/moveit_plugins -DCMAKE_BUILD_TYPE=Release -DCMAKE_INSTALL_PREFIX=/home/moveit/install/moveit_plugins
[0.646s] Invoking command in '/home/moveit/build/moveit_plugins': AMENT_PREFIX_PATH=/home/moveit/install/moveit_simple_controller_manager:/home/moveit/install/moveit_core:/home/moveit/install/moveit_msgs:/home/moveit/install/moveit_common:${AMENT_PREFIX_PATH} CMAKE_PREFIX_PATH=/home/moveit/install/moveit_simple_controller_manager:/home/moveit/install/moveit_core:/home/moveit/install/moveit_msgs:/home/moveit/install/moveit_common:/opt/ros/humble LD_LIBRARY_PATH=/home/moveit/install/moveit_simple_controller_manager/lib:/home/moveit/install/moveit_core/lib:/home/moveit/install/moveit_msgs/lib:${LD_LIBRARY_PATH} PATH=/home/moveit/install/moveit_core/bin:${PATH} PYTHONPATH=/home/moveit/install/moveit_msgs/local/lib/python3.10/dist-packages:${PYTHONPATH} /usr/bin/cmake --build /home/moveit/build/moveit_plugins -- -j16 -l16
[0.688s] Invoked command in '/home/moveit/build/moveit_plugins' returned '0': AMENT_PREFIX_PATH=/home/moveit/install/moveit_simple_controller_manager:/home/moveit/install/moveit_core:/home/moveit/install/moveit_msgs:/home/moveit/install/moveit_common:${AMENT_PREFIX_PATH} CMAKE_PREFIX_PATH=/home/moveit/install/moveit_simple_controller_manager:/home/moveit/install/moveit_core:/home/moveit/install/moveit_msgs:/home/moveit/install/moveit_common:/opt/ros/humble LD_LIBRARY_PATH=/home/moveit/install/moveit_simple_controller_manager/lib:/home/moveit/install/moveit_core/lib:/home/moveit/install/moveit_msgs/lib:${LD_LIBRARY_PATH} PATH=/home/moveit/install/moveit_core/bin:${PATH} PYTHONPATH=/home/moveit/install/moveit_msgs/local/lib/python3.10/dist-packages:${PYTHONPATH} /usr/bin/cmake --build /home/moveit/build/moveit_plugins -- -j16 -l16
[0.711s] Invoking command in '/home/moveit/build/moveit_plugins': AMENT_PREFIX_PATH=/home/moveit/install/moveit_simple_controller_manager:/home/moveit/install/moveit_core:/home/moveit/install/moveit_msgs:/home/moveit/install/moveit_common:${AMENT_PREFIX_PATH} CMAKE_PREFIX_PATH=/home/moveit/install/moveit_simple_controller_manager:/home/moveit/install/moveit_core:/home/moveit/install/moveit_msgs:/home/moveit/install/moveit_common:/opt/ros/humble LD_LIBRARY_PATH=/home/moveit/install/moveit_simple_controller_manager/lib:/home/moveit/install/moveit_core/lib:/home/moveit/install/moveit_msgs/lib:${LD_LIBRARY_PATH} PATH=/home/moveit/install/moveit_core/bin:${PATH} PYTHONPATH=/home/moveit/install/moveit_msgs/local/lib/python3.10/dist-packages:${PYTHONPATH} /usr/bin/cmake --install /home/moveit/build/moveit_plugins
[0.719s] -- Install configuration: "Release"
[0.719s] -- Installing: /home/moveit/install/moveit_plugins/share/ament_index/resource_index/package_run_dependencies/moveit_plugins
[0.719s] -- Installing: /home/moveit/install/moveit_plugins/share/ament_index/resource_index/parent_prefix_path/moveit_plugins
[0.719s] -- Installing: /home/moveit/install/moveit_plugins/share/moveit_plugins/environment/ament_prefix_path.sh
[0.720s] -- Installing: /home/moveit/install/moveit_plugins/share/moveit_plugins/environment/ament_prefix_path.dsv
[0.720s] -- Installing: /home/moveit/install/moveit_plugins/share/moveit_plugins/environment/path.sh
[0.720s] -- Installing: /home/moveit/install/moveit_plugins/share/moveit_plugins/environment/path.dsv
[0.720s] -- Installing: /home/moveit/install/moveit_plugins/share/moveit_plugins/local_setup.bash
[0.720s] -- Installing: /home/moveit/install/moveit_plugins/share/moveit_plugins/local_setup.sh
[0.720s] -- Installing: /home/moveit/install/moveit_plugins/share/moveit_plugins/local_setup.zsh
[0.720s] -- Installing: /home/moveit/install/moveit_plugins/share/moveit_plugins/local_setup.dsv
[0.720s] -- Installing: /home/moveit/install/moveit_plugins/share/moveit_plugins/package.dsv
[0.721s] -- Installing: /home/moveit/install/moveit_plugins/share/ament_index/resource_index/packages/moveit_plugins
[0.721s] -- Installing: /home/moveit/install/moveit_plugins/share/moveit_plugins/cmake/moveit_pluginsConfig.cmake
[0.721s] -- Installing: /home/moveit/install/moveit_plugins/share/moveit_plugins/cmake/moveit_pluginsConfig-version.cmake
[0.721s] -- Installing: /home/moveit/install/moveit_plugins/share/moveit_plugins/package.xml
[0.723s] Invoked command in '/home/moveit/build/moveit_plugins' returned '0': AMENT_PREFIX_PATH=/home/moveit/install/moveit_simple_controller_manager:/home/moveit/install/moveit_core:/home/moveit/install/moveit_msgs:/home/moveit/install/moveit_common:${AMENT_PREFIX_PATH} CMAKE_PREFIX_PATH=/home/moveit/install/moveit_simple_controller_manager:/home/moveit/install/moveit_core:/home/moveit/install/moveit_msgs:/home/moveit/install/moveit_common:/opt/ros/humble LD_LIBRARY_PATH=/home/moveit/install/moveit_simple_controller_manager/lib:/home/moveit/install/moveit_core/lib:/home/moveit/install/moveit_msgs/lib:${LD_LIBRARY_PATH} PATH=/home/moveit/install/moveit_core/bin:${PATH} PYTHONPATH=/home/moveit/install/moveit_msgs/local/lib/python3.10/dist-packages:${PYTHONPATH} /usr/bin/cmake --install /home/moveit/build/moveit_plugins
