[0.014s] Invoking command in '/home/kortex_ws/build/kortex_driver': AMENT_PREFIX_PATH=/home/kortex_ws/install/hardware_interface:/home/kortex_ws/install/kortex_api:/home/kortex_ws/install/control_msgs:${AMENT_PREFIX_PATH} CMAKE_PREFIX_PATH=/home/kortex_ws/install/hardware_interface:/home/kortex_ws/install/kortex_api:/home/kortex_ws/install/control_msgs:/opt/ros/humble LD_LIBRARY_PATH=/home/kortex_ws/install/hardware_interface/lib:/home/kortex_ws/install/control_msgs/lib:${LD_LIBRARY_PATH} PYTHONPATH=/home/kortex_ws/install/control_msgs/local/lib/python3.10/dist-packages:${PYTHONPATH} /usr/bin/cmake /home/kortex_ws/src/ros2_kortex/kortex_driver -DCMAKE_INSTALL_PREFIX=/home/kortex_ws/install/kortex_driver
[5.618s] -- The C compiler identification is GNU 11.4.0
[5.832s] -- The CXX compiler identification is GNU 11.4.0
[5.847s] -- Detecting C compiler ABI info
[6.314s] -- Detecting C compiler ABI info - done
[6.344s] -- Check for working C compiler: /usr/bin/cc - skipped
[6.344s] -- Detecting C compile features
[6.349s] -- Detecting C compile features - done
[6.370s] -- Detecting CXX compiler ABI info
[6.784s] -- Detecting CXX compiler ABI info - done
[6.822s] -- Check for working CXX compiler: /usr/bin/c++ - skipped
[6.823s] -- Detecting CXX compile features
[6.823s] -- Detecting CXX compile features - done
[6.833s] -- Found ament_cmake: 1.3.8 (/opt/ros/humble/share/ament_cmake/cmake)
[7.173s] -- Found Python3: /usr/bin/python3 (found version "3.10.12") found components: Interpreter 
[7.429s] -- Found hardware_interface: 2.41.0 (/home/kortex_ws/install/hardware_interface/share/hardware_interface/cmake)
[7.671s] -- Found rosidl_generator_c: 3.1.5 (/opt/ros/humble/share/rosidl_generator_c/cmake)
[7.694s] -- Found rosidl_adapter: 3.1.5 (/opt/ros/humble/share/rosidl_adapter/cmake)
[7.717s] -- Found rosidl_generator_cpp: 3.1.5 (/opt/ros/humble/share/rosidl_generator_cpp/cmake)
[7.749s] -- Using all available rosidl_typesupport_c: rosidl_typesupport_fastrtps_c;rosidl_typesupport_introspection_c
[7.823s] -- Using all available rosidl_typesupport_cpp: rosidl_typesupport_fastrtps_cpp;rosidl_typesupport_introspection_cpp
[9.310s] -- Found rmw_implementation_cmake: 6.1.1 (/opt/ros/humble/share/rmw_implementation_cmake/cmake)
[9.318s] -- Found rmw_cyclonedds_cpp: 1.3.4 (/opt/ros/humble/share/rmw_cyclonedds_cpp/cmake)
[9.390s] -- Using RMW implementation 'rmw_cyclonedds_cpp' as default
[9.417s] -- Looking for pthread.h
[9.595s] -- Looking for pthread.h - found
[9.595s] -- Performing Test CMAKE_HAVE_LIBC_PTHREAD
[9.771s] -- Performing Test CMAKE_HAVE_LIBC_PTHREAD - Success
[9.774s] -- Found Threads: TRUE  
[10.060s] -- Found kortex_api: 0.2.2 (/home/kortex_ws/install/kortex_api/share/kortex_api/cmake)
[10.407s] -- Configuring done
[10.571s] -- Generating done
[10.578s] -- Build files have been written to: /home/kortex_ws/build/kortex_driver
[10.644s] Invoked command in '/home/kortex_ws/build/kortex_driver' returned '0': AMENT_PREFIX_PATH=/home/kortex_ws/install/hardware_interface:/home/kortex_ws/install/kortex_api:/home/kortex_ws/install/control_msgs:${AMENT_PREFIX_PATH} CMAKE_PREFIX_PATH=/home/kortex_ws/install/hardware_interface:/home/kortex_ws/install/kortex_api:/home/kortex_ws/install/control_msgs:/opt/ros/humble LD_LIBRARY_PATH=/home/kortex_ws/install/hardware_interface/lib:/home/kortex_ws/install/control_msgs/lib:${LD_LIBRARY_PATH} PYTHONPATH=/home/kortex_ws/install/control_msgs/local/lib/python3.10/dist-packages:${PYTHONPATH} /usr/bin/cmake /home/kortex_ws/src/ros2_kortex/kortex_driver -DCMAKE_INSTALL_PREFIX=/home/kortex_ws/install/kortex_driver
[10.645s] Invoking command in '/home/kortex_ws/build/kortex_driver': AMENT_PREFIX_PATH=/home/kortex_ws/install/hardware_interface:/home/kortex_ws/install/kortex_api:/home/kortex_ws/install/control_msgs:${AMENT_PREFIX_PATH} CMAKE_PREFIX_PATH=/home/kortex_ws/install/hardware_interface:/home/kortex_ws/install/kortex_api:/home/kortex_ws/install/control_msgs:/opt/ros/humble LD_LIBRARY_PATH=/home/kortex_ws/install/hardware_interface/lib:/home/kortex_ws/install/control_msgs/lib:${LD_LIBRARY_PATH} PYTHONPATH=/home/kortex_ws/install/control_msgs/local/lib/python3.10/dist-packages:${PYTHONPATH} /usr/bin/cmake --build /home/kortex_ws/build/kortex_driver -- -j16 -l16
[10.962s] [ 33%] [32mBuilding CXX object CMakeFiles/kortex_driver.dir/src/hardware_interface.cpp.o[0m
[10.963s] [ 66%] [32mBuilding CXX object CMakeFiles/kortex_driver.dir/src/kortex_math_util.cpp.o[0m
[22.186s] [100%] [32m[1mLinking CXX shared library libkortex_driver.so[0m
[22.990s] [100%] Built target kortex_driver
[23.005s] Invoked command in '/home/kortex_ws/build/kortex_driver' returned '0': AMENT_PREFIX_PATH=/home/kortex_ws/install/hardware_interface:/home/kortex_ws/install/kortex_api:/home/kortex_ws/install/control_msgs:${AMENT_PREFIX_PATH} CMAKE_PREFIX_PATH=/home/kortex_ws/install/hardware_interface:/home/kortex_ws/install/kortex_api:/home/kortex_ws/install/control_msgs:/opt/ros/humble LD_LIBRARY_PATH=/home/kortex_ws/install/hardware_interface/lib:/home/kortex_ws/install/control_msgs/lib:${LD_LIBRARY_PATH} PYTHONPATH=/home/kortex_ws/install/control_msgs/local/lib/python3.10/dist-packages:${PYTHONPATH} /usr/bin/cmake --build /home/kortex_ws/build/kortex_driver -- -j16 -l16
[23.039s] Invoking command in '/home/kortex_ws/build/kortex_driver': AMENT_PREFIX_PATH=/home/kortex_ws/install/hardware_interface:/home/kortex_ws/install/kortex_api:/home/kortex_ws/install/control_msgs:${AMENT_PREFIX_PATH} CMAKE_PREFIX_PATH=/home/kortex_ws/install/hardware_interface:/home/kortex_ws/install/kortex_api:/home/kortex_ws/install/control_msgs:/opt/ros/humble LD_LIBRARY_PATH=/home/kortex_ws/install/hardware_interface/lib:/home/kortex_ws/install/control_msgs/lib:${LD_LIBRARY_PATH} PYTHONPATH=/home/kortex_ws/install/control_msgs/local/lib/python3.10/dist-packages:${PYTHONPATH} /usr/bin/cmake --install /home/kortex_ws/build/kortex_driver
[23.049s] -- Install configuration: ""
[23.049s] -- Installing: /home/kortex_ws/install/kortex_driver/share/kortex_driver/hardware_interface_plugin.xml
[23.049s] -- Installing: /home/kortex_ws/install/kortex_driver/lib/libkortex_driver.so
[23.074s] -- Set runtime path of "/home/kortex_ws/install/kortex_driver/lib/libkortex_driver.so" to ""
[23.074s] -- Installing: /home/kortex_ws/install/kortex_driver/include
[23.074s] -- Installing: /home/kortex_ws/install/kortex_driver/include/kortex_driver
[23.074s] -- Installing: /home/kortex_ws/install/kortex_driver/include/kortex_driver/visibility_control.h
[23.075s] -- Installing: /home/kortex_ws/install/kortex_driver/include/kortex_driver/hardware_interface.hpp
[23.075s] -- Installing: /home/kortex_ws/install/kortex_driver/include/kortex_driver/kortex_math_util.hpp
[23.075s] -- Installing: /home/kortex_ws/install/kortex_driver/share/kortex_driver/environment/library_path.sh
[23.075s] -- Installing: /home/kortex_ws/install/kortex_driver/share/kortex_driver/environment/library_path.dsv
[23.075s] -- Installing: /home/kortex_ws/install/kortex_driver/share/ament_index/resource_index/package_run_dependencies/kortex_driver
[23.075s] -- Installing: /home/kortex_ws/install/kortex_driver/share/ament_index/resource_index/parent_prefix_path/kortex_driver
[23.076s] -- Installing: /home/kortex_ws/install/kortex_driver/share/kortex_driver/environment/ament_prefix_path.sh
[23.076s] -- Installing: /home/kortex_ws/install/kortex_driver/share/kortex_driver/environment/ament_prefix_path.dsv
[23.076s] -- Installing: /home/kortex_ws/install/kortex_driver/share/kortex_driver/environment/path.sh
[23.076s] -- Installing: /home/kortex_ws/install/kortex_driver/share/kortex_driver/environment/path.dsv
[23.076s] -- Installing: /home/kortex_ws/install/kortex_driver/share/kortex_driver/local_setup.bash
[23.076s] -- Installing: /home/kortex_ws/install/kortex_driver/share/kortex_driver/local_setup.sh
[23.077s] -- Installing: /home/kortex_ws/install/kortex_driver/share/kortex_driver/local_setup.zsh
[23.077s] -- Installing: /home/kortex_ws/install/kortex_driver/share/kortex_driver/local_setup.dsv
[23.077s] -- Installing: /home/kortex_ws/install/kortex_driver/share/kortex_driver/package.dsv
[23.078s] -- Installing: /home/kortex_ws/install/kortex_driver/share/ament_index/resource_index/packages/kortex_driver
[23.078s] -- Installing: /home/kortex_ws/install/kortex_driver/share/ament_index/resource_index/hardware_interface__pluginlib__plugin/kortex_driver
[23.078s] -- Installing: /home/kortex_ws/install/kortex_driver/share/kortex_driver/cmake/ament_cmake_export_include_directories-extras.cmake
[23.078s] -- Installing: /home/kortex_ws/install/kortex_driver/share/kortex_driver/cmake/ament_cmake_export_libraries-extras.cmake
[23.078s] -- Installing: /home/kortex_ws/install/kortex_driver/share/kortex_driver/cmake/ament_cmake_export_dependencies-extras.cmake
[23.078s] -- Installing: /home/kortex_ws/install/kortex_driver/share/kortex_driver/cmake/kortex_driverConfig.cmake
[23.078s] -- Installing: /home/kortex_ws/install/kortex_driver/share/kortex_driver/cmake/kortex_driverConfig-version.cmake
[23.079s] -- Installing: /home/kortex_ws/install/kortex_driver/share/kortex_driver/package.xml
[23.082s] Invoked command in '/home/kortex_ws/build/kortex_driver' returned '0': AMENT_PREFIX_PATH=/home/kortex_ws/install/hardware_interface:/home/kortex_ws/install/kortex_api:/home/kortex_ws/install/control_msgs:${AMENT_PREFIX_PATH} CMAKE_PREFIX_PATH=/home/kortex_ws/install/hardware_interface:/home/kortex_ws/install/kortex_api:/home/kortex_ws/install/control_msgs:/opt/ros/humble LD_LIBRARY_PATH=/home/kortex_ws/install/hardware_interface/lib:/home/kortex_ws/install/control_msgs/lib:${LD_LIBRARY_PATH} PYTHONPATH=/home/kortex_ws/install/control_msgs/local/lib/python3.10/dist-packages:${PYTHONPATH} /usr/bin/cmake --install /home/kortex_ws/build/kortex_driver
