[0.047s] Invoking command in '/home/kortex_ws/build/imu_sensor_broadcaster': AMENT_PREFIX_PATH=/home/kortex_ws/install/controller_manager:/home/kortex_ws/install/hardware_interface_testing:/home/kortex_ws/install/controller_interface:/home/kortex_ws/install/hardware_interface:/home/kortex_ws/install/ros2_control_test_assets:/home/kortex_ws/install/controller_manager_msgs:/home/kortex_ws/install/control_msgs:${AMENT_PREFIX_PATH} CMAKE_PREFIX_PATH=/home/kortex_ws/install/controller_manager:/home/kortex_ws/install/hardware_interface_testing:/home/kortex_ws/install/controller_interface:/home/kortex_ws/install/hardware_interface:/home/kortex_ws/install/ros2_control_test_assets:/home/kortex_ws/install/controller_manager_msgs:/home/kortex_ws/install/control_msgs:/opt/ros/humble LD_LIBRARY_PATH=/home/kortex_ws/install/controller_manager/lib:/home/kortex_ws/install/hardware_interface_testing/lib:/home/kortex_ws/install/controller_interface/lib:/home/kortex_ws/install/hardware_interface/lib:/home/kortex_ws/install/controller_manager_msgs/lib:/home/kortex_ws/install/control_msgs/lib:${LD_LIBRARY_PATH} PYTHONPATH=/home/kortex_ws/install/controller_manager/local/lib/python3.10/dist-packages:/home/kortex_ws/install/controller_manager_msgs/local/lib/python3.10/dist-packages:/home/kortex_ws/install/control_msgs/local/lib/python3.10/dist-packages:${PYTHONPATH} /usr/bin/cmake /home/kortex_ws/src/ros2_controllers/imu_sensor_broadcaster -DCMAKE_INSTALL_PREFIX=/home/kortex_ws/install/imu_sensor_broadcaster
[0.434s] -- The CXX compiler identification is GNU 11.4.0
[0.434s] -- Detecting CXX compiler ABI info
[0.434s] -- Detecting CXX compiler ABI info - done
[0.435s] -- Check for working CXX compiler: /usr/bin/c++ - skipped
[0.435s] -- Detecting CXX compile features
[0.435s] -- Detecting CXX compile features - done
[0.435s] -- Found ament_cmake: 1.3.8 (/opt/ros/humble/share/ament_cmake/cmake)
[0.551s] -- Found Python3: /usr/bin/python3 (found version "3.10.12") found components: Interpreter 
[0.735s] -- Found backward_ros: 1.0.2 (/opt/ros/humble/share/backward_ros/cmake)
[0.750s] -- Found libdw: /usr/lib/x86_64-linux-gnu/libdw.so  
[0.759s] -- Could NOT find libbfd (missing: LIBBFD_LIBRARY LIBBFD_INCLUDE_DIR) 
[0.759s] -- BACKWARD_HAS_UNWIND=1
[0.759s] -- BACKWARD_HAS_BACKTRACE=0
[0.759s] -- BACKWARD_HAS_BACKTRACE_SYMBOL=0
[0.760s] -- BACKWARD_HAS_DW=1
[0.760s] -- BACKWARD_HAS_BFD=0
[0.761s] -- Found Backward: /opt/ros/humble/share/backward_ros/cmake  
[0.761s] -- Found controller_interface: 2.41.0 (/home/kortex_ws/install/controller_interface/share/controller_interface/cmake)
[0.844s] -- Found rosidl_generator_c: 3.1.5 (/opt/ros/humble/share/rosidl_generator_c/cmake)
[0.859s] -- Found rosidl_adapter: 3.1.5 (/opt/ros/humble/share/rosidl_adapter/cmake)
[0.879s] -- Found rosidl_generator_cpp: 3.1.5 (/opt/ros/humble/share/rosidl_generator_cpp/cmake)
[0.912s] -- Using all available rosidl_typesupport_c: rosidl_typesupport_fastrtps_c;rosidl_typesupport_introspection_c
[0.955s] -- Using all available rosidl_typesupport_cpp: rosidl_typesupport_fastrtps_cpp;rosidl_typesupport_introspection_cpp
[2.092s] -- Found rmw_implementation_cmake: 6.1.1 (/opt/ros/humble/share/rmw_implementation_cmake/cmake)
[2.099s] -- Found rmw_cyclonedds_cpp: 1.3.4 (/opt/ros/humble/share/rmw_cyclonedds_cpp/cmake)
[2.165s] -- Using RMW implementation 'rmw_cyclonedds_cpp' as default
[2.188s] -- Looking for C++ include pthread.h
[2.379s] -- Looking for C++ include pthread.h - found
[2.379s] -- Performing Test CMAKE_HAVE_LIBC_PTHREAD
[2.566s] -- Performing Test CMAKE_HAVE_LIBC_PTHREAD - Success
[2.567s] -- Found Threads: TRUE  
[2.935s] -- Found generate_parameter_library: 0.3.8 (/opt/ros/humble/share/generate_parameter_library/cmake)
[2.941s] -- Found parameter_traits: 0.3.8 (/opt/ros/humble/share/parameter_traits/cmake)
[3.001s] -- Found realtime_tools: 2.5.0 (/opt/ros/humble/share/realtime_tools/cmake)
[3.448s] -- Found ament_cmake_gmock: 1.3.8 (/opt/ros/humble/share/ament_cmake_gmock/cmake)
[3.448s] -- Found controller_manager: 2.41.0 (/home/kortex_ws/install/controller_manager/share/controller_manager/cmake)
[3.852s] -- Found ros2_control_test_assets: 2.41.0 (/home/kortex_ws/install/ros2_control_test_assets/share/ros2_control_test_assets/cmake)
[3.858s] -- Found gmock sources under '/opt/ros/humble/src/gmock_vendor': C++ tests using 'Google Mock' will be built
[3.910s] -- The C compiler identification is GNU 11.4.0
[3.921s] -- Detecting C compiler ABI info
[4.062s] -- Detecting C compiler ABI info - done
[4.073s] -- Check for working C compiler: /usr/bin/cc - skipped
[4.073s] -- Detecting C compile features
[4.073s] -- Detecting C compile features - done
[4.086s] -- Found ament_cmake_gtest: 1.3.8 (/opt/ros/humble/share/ament_cmake_gtest/cmake)
[4.087s] -- Found gtest sources under '/opt/ros/humble/src/gtest_vendor': C++ tests using 'Google Test' will be built
[5.111s] -- Found gmock sources under '/opt/ros/humble/src/gmock_vendor': C++ tests using 'Google Mock' will be built
[5.111s] -- Found ament_cmake_gtest: 1.3.8 (/opt/ros/humble/share/ament_cmake_gtest/cmake)
[5.112s] -- Found gtest sources under '/opt/ros/humble/src/gtest_vendor': C++ tests using 'Google Test' will be built
[5.460s] -- Configuring done
[5.696s] -- Generating done
[5.701s] -- Build files have been written to: /home/kortex_ws/build/imu_sensor_broadcaster
[5.746s] Invoked command in '/home/kortex_ws/build/imu_sensor_broadcaster' returned '0': AMENT_PREFIX_PATH=/home/kortex_ws/install/controller_manager:/home/kortex_ws/install/hardware_interface_testing:/home/kortex_ws/install/controller_interface:/home/kortex_ws/install/hardware_interface:/home/kortex_ws/install/ros2_control_test_assets:/home/kortex_ws/install/controller_manager_msgs:/home/kortex_ws/install/control_msgs:${AMENT_PREFIX_PATH} CMAKE_PREFIX_PATH=/home/kortex_ws/install/controller_manager:/home/kortex_ws/install/hardware_interface_testing:/home/kortex_ws/install/controller_interface:/home/kortex_ws/install/hardware_interface:/home/kortex_ws/install/ros2_control_test_assets:/home/kortex_ws/install/controller_manager_msgs:/home/kortex_ws/install/control_msgs:/opt/ros/humble LD_LIBRARY_PATH=/home/kortex_ws/install/controller_manager/lib:/home/kortex_ws/install/hardware_interface_testing/lib:/home/kortex_ws/install/controller_interface/lib:/home/kortex_ws/install/hardware_interface/lib:/home/kortex_ws/install/controller_manager_msgs/lib:/home/kortex_ws/install/control_msgs/lib:${LD_LIBRARY_PATH} PYTHONPATH=/home/kortex_ws/install/controller_manager/local/lib/python3.10/dist-packages:/home/kortex_ws/install/controller_manager_msgs/local/lib/python3.10/dist-packages:/home/kortex_ws/install/control_msgs/local/lib/python3.10/dist-packages:${PYTHONPATH} /usr/bin/cmake /home/kortex_ws/src/ros2_controllers/imu_sensor_broadcaster -DCMAKE_INSTALL_PREFIX=/home/kortex_ws/install/imu_sensor_broadcaster
[5.746s] Invoking command in '/home/kortex_ws/build/imu_sensor_broadcaster': AMENT_PREFIX_PATH=/home/kortex_ws/install/controller_manager:/home/kortex_ws/install/hardware_interface_testing:/home/kortex_ws/install/controller_interface:/home/kortex_ws/install/hardware_interface:/home/kortex_ws/install/ros2_control_test_assets:/home/kortex_ws/install/controller_manager_msgs:/home/kortex_ws/install/control_msgs:${AMENT_PREFIX_PATH} CMAKE_PREFIX_PATH=/home/kortex_ws/install/controller_manager:/home/kortex_ws/install/hardware_interface_testing:/home/kortex_ws/install/controller_interface:/home/kortex_ws/install/hardware_interface:/home/kortex_ws/install/ros2_control_test_assets:/home/kortex_ws/install/controller_manager_msgs:/home/kortex_ws/install/control_msgs:/opt/ros/humble LD_LIBRARY_PATH=/home/kortex_ws/install/controller_manager/lib:/home/kortex_ws/install/hardware_interface_testing/lib:/home/kortex_ws/install/controller_interface/lib:/home/kortex_ws/install/hardware_interface/lib:/home/kortex_ws/install/controller_manager_msgs/lib:/home/kortex_ws/install/control_msgs/lib:${LD_LIBRARY_PATH} PYTHONPATH=/home/kortex_ws/install/controller_manager/local/lib/python3.10/dist-packages:/home/kortex_ws/install/controller_manager_msgs/local/lib/python3.10/dist-packages:/home/kortex_ws/install/control_msgs/local/lib/python3.10/dist-packages:${PYTHONPATH} /usr/bin/cmake --build /home/kortex_ws/build/imu_sensor_broadcaster -- -j16 -l16
[5.980s] [ 10%] [32mBuilding CXX object gmock/CMakeFiles/gmock.dir/opt/ros/humble/src/gtest_vendor/src/gtest-all.cc.o[0m
[5.983s] [ 20%] [32mBuilding CXX object gmock/CMakeFiles/gmock.dir/src/gmock-all.cc.o[0m
[6.073s] [ 30%] [34m[1mRunning `/opt/ros/humble/bin/generate_parameter_library_cpp /home/kortex_ws/build/imu_sensor_broadcaster/imu_sensor_broadcaster_parameters/include//imu_sensor_broadcaster_parameters.hpp /home/kortex_ws/src/ros2_controllers/imu_sensor_broadcaster/src/imu_sensor_broadcaster_parameters.yaml `[0m
[7.393s] [ 30%] Built target imu_sensor_broadcaster_parameters
[7.554s] [ 40%] [32mBuilding CXX object CMakeFiles/imu_sensor_broadcaster.dir/src/imu_sensor_broadcaster.cpp.o[0m
[18.511s] [ 50%] [32m[1mLinking CXX static library libgmock.a[0m
[18.964s] [ 50%] Built target gmock
[22.467s] [ 60%] [32m[1mLinking CXX shared library libimu_sensor_broadcaster.so[0m
[22.836s] [ 60%] Built target imu_sensor_broadcaster
[22.869s] [ 70%] [32mBuilding CXX object CMakeFiles/test_load_imu_sensor_broadcaster.dir/test/test_load_imu_sensor_broadcaster.cpp.o[0m
[31.039s] [ 80%] [32m[1mLinking CXX executable test_load_imu_sensor_broadcaster[0m
[33.975s] [ 80%] Built target test_load_imu_sensor_broadcaster
[34.016s] [ 90%] [32mBuilding CXX object CMakeFiles/test_imu_sensor_broadcaster.dir/test/test_imu_sensor_broadcaster.cpp.o[0m
[55.640s] [100%] [32m[1mLinking CXX executable test_imu_sensor_broadcaster[0m
[60.968s] [100%] Built target test_imu_sensor_broadcaster
[61.005s] Invoked command in '/home/kortex_ws/build/imu_sensor_broadcaster' returned '0': AMENT_PREFIX_PATH=/home/kortex_ws/install/controller_manager:/home/kortex_ws/install/hardware_interface_testing:/home/kortex_ws/install/controller_interface:/home/kortex_ws/install/hardware_interface:/home/kortex_ws/install/ros2_control_test_assets:/home/kortex_ws/install/controller_manager_msgs:/home/kortex_ws/install/control_msgs:${AMENT_PREFIX_PATH} CMAKE_PREFIX_PATH=/home/kortex_ws/install/controller_manager:/home/kortex_ws/install/hardware_interface_testing:/home/kortex_ws/install/controller_interface:/home/kortex_ws/install/hardware_interface:/home/kortex_ws/install/ros2_control_test_assets:/home/kortex_ws/install/controller_manager_msgs:/home/kortex_ws/install/control_msgs:/opt/ros/humble LD_LIBRARY_PATH=/home/kortex_ws/install/controller_manager/lib:/home/kortex_ws/install/hardware_interface_testing/lib:/home/kortex_ws/install/controller_interface/lib:/home/kortex_ws/install/hardware_interface/lib:/home/kortex_ws/install/controller_manager_msgs/lib:/home/kortex_ws/install/control_msgs/lib:${LD_LIBRARY_PATH} PYTHONPATH=/home/kortex_ws/install/controller_manager/local/lib/python3.10/dist-packages:/home/kortex_ws/install/controller_manager_msgs/local/lib/python3.10/dist-packages:/home/kortex_ws/install/control_msgs/local/lib/python3.10/dist-packages:${PYTHONPATH} /usr/bin/cmake --build /home/kortex_ws/build/imu_sensor_broadcaster -- -j16 -l16
[61.151s] Invoking command in '/home/kortex_ws/build/imu_sensor_broadcaster': AMENT_PREFIX_PATH=/home/kortex_ws/install/controller_manager:/home/kortex_ws/install/hardware_interface_testing:/home/kortex_ws/install/controller_interface:/home/kortex_ws/install/hardware_interface:/home/kortex_ws/install/ros2_control_test_assets:/home/kortex_ws/install/controller_manager_msgs:/home/kortex_ws/install/control_msgs:${AMENT_PREFIX_PATH} CMAKE_PREFIX_PATH=/home/kortex_ws/install/controller_manager:/home/kortex_ws/install/hardware_interface_testing:/home/kortex_ws/install/controller_interface:/home/kortex_ws/install/hardware_interface:/home/kortex_ws/install/ros2_control_test_assets:/home/kortex_ws/install/controller_manager_msgs:/home/kortex_ws/install/control_msgs:/opt/ros/humble LD_LIBRARY_PATH=/home/kortex_ws/install/controller_manager/lib:/home/kortex_ws/install/hardware_interface_testing/lib:/home/kortex_ws/install/controller_interface/lib:/home/kortex_ws/install/hardware_interface/lib:/home/kortex_ws/install/controller_manager_msgs/lib:/home/kortex_ws/install/control_msgs/lib:${LD_LIBRARY_PATH} PYTHONPATH=/home/kortex_ws/install/controller_manager/local/lib/python3.10/dist-packages:/home/kortex_ws/install/controller_manager_msgs/local/lib/python3.10/dist-packages:/home/kortex_ws/install/control_msgs/local/lib/python3.10/dist-packages:${PYTHONPATH} /usr/bin/cmake --install /home/kortex_ws/build/imu_sensor_broadcaster
[61.182s] -- Install configuration: ""
[61.182s] -- Installing: /home/kortex_ws/install/imu_sensor_broadcaster/include/imu_sensor_broadcaster_parameters
[61.182s] -- Installing: /home/kortex_ws/install/imu_sensor_broadcaster/include/imu_sensor_broadcaster_parameters/imu_sensor_broadcaster_parameters.hpp
[61.182s] -- Installing: /home/kortex_ws/install/imu_sensor_broadcaster/share/imu_sensor_broadcaster/imu_sensor_broadcaster.xml
[61.182s] -- Installing: /home/kortex_ws/install/imu_sensor_broadcaster/include/imu_sensor_broadcaster
[61.183s] -- Installing: /home/kortex_ws/install/imu_sensor_broadcaster/include/imu_sensor_broadcaster/imu_sensor_broadcaster
[61.183s] -- Installing: /home/kortex_ws/install/imu_sensor_broadcaster/include/imu_sensor_broadcaster/imu_sensor_broadcaster/imu_sensor_broadcaster.hpp
[61.183s] -- Installing: /home/kortex_ws/install/imu_sensor_broadcaster/include/imu_sensor_broadcaster/imu_sensor_broadcaster/visibility_control.h
[61.183s] -- Installing: /home/kortex_ws/install/imu_sensor_broadcaster/lib/libimu_sensor_broadcaster.so
[61.189s] -- Set runtime path of "/home/kortex_ws/install/imu_sensor_broadcaster/lib/libimu_sensor_broadcaster.so" to ""
[61.189s] -- Installing: /home/kortex_ws/install/imu_sensor_broadcaster/share/imu_sensor_broadcaster/environment/library_path.sh
[61.189s] -- Installing: /home/kortex_ws/install/imu_sensor_broadcaster/share/imu_sensor_broadcaster/environment/library_path.dsv
[61.190s] -- Installing: /home/kortex_ws/install/imu_sensor_broadcaster/share/ament_index/resource_index/package_run_dependencies/imu_sensor_broadcaster
[61.190s] -- Installing: /home/kortex_ws/install/imu_sensor_broadcaster/share/ament_index/resource_index/parent_prefix_path/imu_sensor_broadcaster
[61.190s] -- Installing: /home/kortex_ws/install/imu_sensor_broadcaster/share/imu_sensor_broadcaster/environment/ament_prefix_path.sh
[61.190s] -- Installing: /home/kortex_ws/install/imu_sensor_broadcaster/share/imu_sensor_broadcaster/environment/ament_prefix_path.dsv
[61.190s] -- Installing: /home/kortex_ws/install/imu_sensor_broadcaster/share/imu_sensor_broadcaster/environment/path.sh
[61.190s] -- Installing: /home/kortex_ws/install/imu_sensor_broadcaster/share/imu_sensor_broadcaster/environment/path.dsv
[61.190s] -- Installing: /home/kortex_ws/install/imu_sensor_broadcaster/share/imu_sensor_broadcaster/local_setup.bash
[61.190s] -- Installing: /home/kortex_ws/install/imu_sensor_broadcaster/share/imu_sensor_broadcaster/local_setup.sh
[61.190s] -- Installing: /home/kortex_ws/install/imu_sensor_broadcaster/share/imu_sensor_broadcaster/local_setup.zsh
[61.191s] -- Installing: /home/kortex_ws/install/imu_sensor_broadcaster/share/imu_sensor_broadcaster/local_setup.dsv
[61.191s] -- Installing: /home/kortex_ws/install/imu_sensor_broadcaster/share/imu_sensor_broadcaster/package.dsv
[61.191s] -- Installing: /home/kortex_ws/install/imu_sensor_broadcaster/share/ament_index/resource_index/packages/imu_sensor_broadcaster
[61.191s] -- Installing: /home/kortex_ws/install/imu_sensor_broadcaster/share/ament_index/resource_index/controller_interface__pluginlib__plugin/imu_sensor_broadcaster
[61.192s] -- Installing: /home/kortex_ws/install/imu_sensor_broadcaster/share/imu_sensor_broadcaster/cmake/export_imu_sensor_broadcasterExport.cmake
[61.192s] -- Installing: /home/kortex_ws/install/imu_sensor_broadcaster/share/imu_sensor_broadcaster/cmake/export_imu_sensor_broadcasterExport-noconfig.cmake
[61.192s] -- Installing: /home/kortex_ws/install/imu_sensor_broadcaster/share/imu_sensor_broadcaster/cmake/ament_cmake_export_targets-extras.cmake
[61.192s] -- Installing: /home/kortex_ws/install/imu_sensor_broadcaster/share/imu_sensor_broadcaster/cmake/ament_cmake_export_dependencies-extras.cmake
[61.192s] -- Installing: /home/kortex_ws/install/imu_sensor_broadcaster/share/imu_sensor_broadcaster/cmake/imu_sensor_broadcasterConfig.cmake
[61.194s] -- Installing: /home/kortex_ws/install/imu_sensor_broadcaster/share/imu_sensor_broadcaster/cmake/imu_sensor_broadcasterConfig-version.cmake
[61.194s] -- Installing: /home/kortex_ws/install/imu_sensor_broadcaster/share/imu_sensor_broadcaster/package.xml
[61.210s] Invoked command in '/home/kortex_ws/build/imu_sensor_broadcaster' returned '0': AMENT_PREFIX_PATH=/home/kortex_ws/install/controller_manager:/home/kortex_ws/install/hardware_interface_testing:/home/kortex_ws/install/controller_interface:/home/kortex_ws/install/hardware_interface:/home/kortex_ws/install/ros2_control_test_assets:/home/kortex_ws/install/controller_manager_msgs:/home/kortex_ws/install/control_msgs:${AMENT_PREFIX_PATH} CMAKE_PREFIX_PATH=/home/kortex_ws/install/controller_manager:/home/kortex_ws/install/hardware_interface_testing:/home/kortex_ws/install/controller_interface:/home/kortex_ws/install/hardware_interface:/home/kortex_ws/install/ros2_control_test_assets:/home/kortex_ws/install/controller_manager_msgs:/home/kortex_ws/install/control_msgs:/opt/ros/humble LD_LIBRARY_PATH=/home/kortex_ws/install/controller_manager/lib:/home/kortex_ws/install/hardware_interface_testing/lib:/home/kortex_ws/install/controller_interface/lib:/home/kortex_ws/install/hardware_interface/lib:/home/kortex_ws/install/controller_manager_msgs/lib:/home/kortex_ws/install/control_msgs/lib:${LD_LIBRARY_PATH} PYTHONPATH=/home/kortex_ws/install/controller_manager/local/lib/python3.10/dist-packages:/home/kortex_ws/install/controller_manager_msgs/local/lib/python3.10/dist-packages:/home/kortex_ws/install/control_msgs/local/lib/python3.10/dist-packages:${PYTHONPATH} /usr/bin/cmake --install /home/kortex_ws/build/imu_sensor_broadcaster
