[0.017s] Invoking command in '/home/moveit/build/moveit_ros_perception': AMENT_PREFIX_PATH=/home/moveit/install/moveit_ros_planning:/home/moveit/install/moveit_ros_occupancy_map_monitor:/home/moveit/install/moveit_core:/home/moveit/install/moveit_msgs:/home/moveit/install/moveit_common:${AMENT_PREFIX_PATH} CMAKE_PREFIX_PATH=/home/moveit/install/moveit_ros_planning:/home/moveit/install/moveit_ros_occupancy_map_monitor:/home/moveit/install/moveit_core:/home/moveit/install/moveit_msgs:/home/moveit/install/moveit_common:/opt/ros/humble LD_LIBRARY_PATH=/home/moveit/install/moveit_ros_planning/lib:/home/moveit/install/moveit_ros_occupancy_map_monitor/lib:/home/moveit/install/moveit_core/lib:/home/moveit/install/moveit_msgs/lib:${LD_LIBRARY_PATH} PATH=/home/moveit/install/moveit_core/bin:${PATH} PYTHONPATH=/home/moveit/install/moveit_msgs/local/lib/python3.10/dist-packages:${PYTHONPATH} /usr/bin/cmake /home/moveit/src/moveit2/moveit_ros/perception -DCMAKE_BUILD_TYPE=Release -DCMAKE_INSTALL_PREFIX=/home/moveit/install/moveit_ros_perception
[0.079s] -- The CXX compiler identification is GNU 11.4.0
[0.086s] -- Detecting CXX compiler ABI info
[0.158s] -- Detecting CXX compiler ABI info - done
[0.165s] -- Check for working CXX compiler: /usr/bin/c++ - skipped
[0.165s] -- Detecting CXX compile features
[0.166s] -- Detecting CXX compile features - done
[0.167s] -- Found moveit_common: 2.9.0 (/home/moveit/install/moveit_common/share/moveit_common/cmake)
[0.172s] -- Found ament_cmake: 1.3.9 (/opt/ros/humble/share/ament_cmake/cmake)
[0.298s] -- Found Python3: /usr/bin/python3 (found version "3.10.12") found components: Interpreter 
[0.458s] -- Found libdw: /usr/lib/x86_64-linux-gnu/libdw.so  
[0.463s] -- Could NOT find libbfd (missing: LIBBFD_LIBRARY LIBBFD_INCLUDE_DIR) 
[0.463s] -- BACKWARD_HAS_UNWIND=1
[0.463s] -- BACKWARD_HAS_BACKTRACE=0
[0.463s] -- BACKWARD_HAS_BACKTRACE_SYMBOL=0
[0.463s] -- BACKWARD_HAS_DW=1
[0.463s] -- BACKWARD_HAS_BFD=0
[0.464s] -- Found Backward: /opt/ros/humble/share/backward_ros/cmake  
[0.469s] -- Found OpenGL: /usr/lib/x86_64-linux-gnu/libOpenGL.so   
[0.510s] -- Found GLEW: /usr/include (found version "2.2.0") 
[0.515s] -- Found PkgConfig: /usr/bin/pkg-config (found version "0.29.2") 
[0.515s] -- Checking for module 'glut'
[0.518s] --   No package 'glut' found
[0.520s] -- Found GLUT: /usr/lib/x86_64-linux-gnu/libglut.so  
[0.525s] -- Found cv_bridge: 3.2.1 (/opt/ros/humble/share/cv_bridge/cmake)
[0.584s] -- Found rosidl_generator_c: 3.1.5 (/opt/ros/humble/share/rosidl_generator_c/cmake)
[0.593s] -- Found rosidl_adapter: 3.1.5 (/opt/ros/humble/share/rosidl_adapter/cmake)
[0.604s] -- Found rosidl_generator_cpp: 3.1.5 (/opt/ros/humble/share/rosidl_generator_cpp/cmake)
[0.620s] -- Using all available rosidl_typesupport_c: rosidl_typesupport_fastrtps_c;rosidl_typesupport_introspection_c
[0.642s] -- Using all available rosidl_typesupport_cpp: rosidl_typesupport_fastrtps_cpp;rosidl_typesupport_introspection_cpp
[0.814s] -- Found moveit_core: 2.9.0 (/home/moveit/install/moveit_core/share/moveit_core/cmake)
[1.084s] -- Found Boost: /usr/lib/x86_64-linux-gnu/cmake/Boost-1.74.0/BoostConfig.cmake (found version "1.74.0") found components: chrono date_time filesystem iostreams program_options regex serialization system thread 
[1.143s] -- Found parameter_traits: 0.3.8 (/opt/ros/humble/share/parameter_traits/cmake)
[1.221s] -- Found rmw_implementation_cmake: 6.1.2 (/opt/ros/humble/share/rmw_implementation_cmake/cmake)
[1.226s] -- Found rmw_cyclonedds_cpp: 1.3.4 (/opt/ros/humble/share/rmw_cyclonedds_cpp/cmake)
[1.261s] -- Using RMW implementation 'rmw_cyclonedds_cpp' as default
[1.277s] -- Found Threads: TRUE  
[1.406s] -- Found Eigen3: TRUE (found version "3.4.0") 
[1.411s] -- Found rclcpp_lifecycle: 16.0.9 (/opt/ros/humble/share/rclcpp_lifecycle/cmake)
[1.456s] -- Found Boost: /usr/lib/x86_64-linux-gnu/cmake/Boost-1.74.0/BoostConfig.cmake (found version "1.74.0") found components: filesystem 
[1.568s] -- library: /usr/lib/x86_64-linux-gnu/libcurl.so
[1.753s] -- Ensuring Eigen3 include directory is part of orocos-kdl CMake target
[2.688s] -- Found image_transport: 3.1.9 (/opt/ros/humble/share/image_transport/cmake)
[2.699s] -- Found moveit_ros_occupancy_map_monitor: 2.9.0 (/home/moveit/install/moveit_ros_occupancy_map_monitor/share/moveit_ros_occupancy_map_monitor/cmake)
[3.044s] -- Found OpenMP_CXX: -fopenmp (found version "4.5") 
[3.044s] -- Found OpenMP: TRUE (found version "4.5")  
[3.048s] -- Found OpenCV: /usr (found version "4.5.4") 
[3.051s] -- Found Boost: /usr/lib/x86_64-linux-gnu/cmake/Boost-1.74.0/BoostConfig.cmake (found version "1.74.0") found components: thread 
[3.069s] -- Performing Test COMPILER_HAS_HIDDEN_VISIBILITY
[3.160s] -- Performing Test COMPILER_HAS_HIDDEN_VISIBILITY - Success
[3.160s] -- Performing Test COMPILER_HAS_HIDDEN_INLINE_VISIBILITY
[3.264s] -- Performing Test COMPILER_HAS_HIDDEN_INLINE_VISIBILITY - Success
[3.264s] -- Performing Test COMPILER_HAS_DEPRECATED_ATTR
[3.364s] -- Performing Test COMPILER_HAS_DEPRECATED_ATTR - Success
[3.385s] -- Found ament_lint_auto: 0.12.11 (/opt/ros/humble/share/ament_lint_auto/cmake)
[3.417s] -- Added test 'cppcheck' to perform static code analysis on C / C++ code
[3.418s] -- Configured cppcheck include dirs: /home/moveit/src/moveit2/moveit_ros/perception/depth_image_octomap_updater/include;/home/moveit/src/moveit2/moveit_ros/perception/lazy_free_space_updater/include;/home/moveit/src/moveit2/moveit_ros/perception/mesh_filter/include;/home/moveit/src/moveit2/moveit_ros/perception/point_containment_filter/include;/home/moveit/src/moveit2/moveit_ros/perception/pointcloud_octomap_updater/include;/home/moveit/src/moveit2/moveit_ros/perception/semantic_world/include
[3.418s] -- Configured cppcheck exclude dirs and/or files: 
[3.420s] -- Added test 'lint_cmake' to check CMake code style
[3.421s] -- Added test 'xmllint' to check XML markup files
[3.424s] -- Configuring done
[3.546s] -- Generating done
[3.548s] -- Build files have been written to: /home/moveit/build/moveit_ros_perception
[3.562s] Invoked command in '/home/moveit/build/moveit_ros_perception' returned '0': AMENT_PREFIX_PATH=/home/moveit/install/moveit_ros_planning:/home/moveit/install/moveit_ros_occupancy_map_monitor:/home/moveit/install/moveit_core:/home/moveit/install/moveit_msgs:/home/moveit/install/moveit_common:${AMENT_PREFIX_PATH} CMAKE_PREFIX_PATH=/home/moveit/install/moveit_ros_planning:/home/moveit/install/moveit_ros_occupancy_map_monitor:/home/moveit/install/moveit_core:/home/moveit/install/moveit_msgs:/home/moveit/install/moveit_common:/opt/ros/humble LD_LIBRARY_PATH=/home/moveit/install/moveit_ros_planning/lib:/home/moveit/install/moveit_ros_occupancy_map_monitor/lib:/home/moveit/install/moveit_core/lib:/home/moveit/install/moveit_msgs/lib:${LD_LIBRARY_PATH} PATH=/home/moveit/install/moveit_core/bin:${PATH} PYTHONPATH=/home/moveit/install/moveit_msgs/local/lib/python3.10/dist-packages:${PYTHONPATH} /usr/bin/cmake /home/moveit/src/moveit2/moveit_ros/perception -DCMAKE_BUILD_TYPE=Release -DCMAKE_INSTALL_PREFIX=/home/moveit/install/moveit_ros_perception
[3.564s] Invoking command in '/home/moveit/build/moveit_ros_perception': AMENT_PREFIX_PATH=/home/moveit/install/moveit_ros_planning:/home/moveit/install/moveit_ros_occupancy_map_monitor:/home/moveit/install/moveit_core:/home/moveit/install/moveit_msgs:/home/moveit/install/moveit_common:${AMENT_PREFIX_PATH} CMAKE_PREFIX_PATH=/home/moveit/install/moveit_ros_planning:/home/moveit/install/moveit_ros_occupancy_map_monitor:/home/moveit/install/moveit_core:/home/moveit/install/moveit_msgs:/home/moveit/install/moveit_common:/opt/ros/humble LD_LIBRARY_PATH=/home/moveit/install/moveit_ros_planning/lib:/home/moveit/install/moveit_ros_occupancy_map_monitor/lib:/home/moveit/install/moveit_core/lib:/home/moveit/install/moveit_msgs/lib:${LD_LIBRARY_PATH} PATH=/home/moveit/install/moveit_core/bin:${PATH} PYTHONPATH=/home/moveit/install/moveit_msgs/local/lib/python3.10/dist-packages:${PYTHONPATH} /usr/bin/cmake --build /home/moveit/build/moveit_ros_perception -- -j16 -l16
[3.618s] [  5%] [32mBuilding CXX object lazy_free_space_updater/CMakeFiles/moveit_lazy_free_space_updater.dir/src/lazy_free_space_updater.cpp.o[0m
[5.231s] [ 10%] [32m[1mLinking CXX shared library libmoveit_lazy_free_space_updater.so[0m
[5.392s] [ 10%] Built target moveit_lazy_free_space_updater
[5.413s] [ 15%] [32mBuilding CXX object semantic_world/CMakeFiles/moveit_semantic_world.dir/src/semantic_world.cpp.o[0m
[20.642s] [ 20%] [32m[1mLinking CXX shared library libmoveit_semantic_world.so[0m
[20.839s] [ 20%] Built target moveit_semantic_world
[20.859s] [ 50%] [32mBuilding CXX object mesh_filter/CMakeFiles/moveit_mesh_filter.dir/src/gl_renderer.cpp.o[0m
[20.860s] [ 50%] [32mBuilding CXX object mesh_filter/CMakeFiles/moveit_mesh_filter.dir/src/stereo_camera_model.cpp.o[0m
[20.860s] [ 50%] [32mBuilding CXX object point_containment_filter/CMakeFiles/moveit_point_containment_filter.dir/src/shape_mask.cpp.o[0m
[20.860s] [ 50%] [32mBuilding CXX object mesh_filter/CMakeFiles/moveit_mesh_filter.dir/src/mesh_filter_base.cpp.o[0m
[20.860s] [ 50%] [32mBuilding CXX object mesh_filter/CMakeFiles/moveit_mesh_filter.dir/src/gl_mesh.cpp.o[0m
[20.860s] [ 50%] [32mBuilding CXX object mesh_filter/CMakeFiles/moveit_mesh_filter.dir/src/sensor_model.cpp.o[0m
[23.555s] [ 55%] [32m[1mLinking CXX shared library libmoveit_point_containment_filter.so[0m
[23.691s] [ 55%] Built target moveit_point_containment_filter
[23.714s] [ 60%] [32mBuilding CXX object pointcloud_octomap_updater/CMakeFiles/moveit_pointcloud_octomap_updater_core.dir/src/pointcloud_octomap_updater.cpp.o[0m
[23.880s] [ 65%] [32m[1mLinking CXX shared library libmoveit_mesh_filter.so[0m
[24.071s] [ 65%] Built target moveit_mesh_filter
[24.093s] [ 70%] [32mBuilding CXX object depth_image_octomap_updater/CMakeFiles/moveit_depth_image_octomap_updater_core.dir/src/depth_image_octomap_updater.cpp.o[0m
[29.962s] [ 75%] [32m[1mLinking CXX shared library libmoveit_depth_image_octomap_updater_core.so[0m
[30.248s] [ 75%] Built target moveit_depth_image_octomap_updater_core
[30.281s] [ 80%] [32mBuilding CXX object depth_image_octomap_updater/CMakeFiles/moveit_depth_image_octomap_updater.dir/src/updater_plugin.cpp.o[0m
[35.930s] [ 85%] [32m[1mLinking CXX shared library libmoveit_depth_image_octomap_updater.so[0m
[36.229s] [ 85%] Built target moveit_depth_image_octomap_updater
[38.467s] [ 90%] [32m[1mLinking CXX shared library libmoveit_pointcloud_octomap_updater_core.so[0m
[38.779s] [ 90%] Built target moveit_pointcloud_octomap_updater_core
[38.806s] [ 95%] [32mBuilding CXX object pointcloud_octomap_updater/CMakeFiles/moveit_pointcloud_octomap_updater.dir/src/plugin_init.cpp.o[0m
[43.327s] [100%] [32m[1mLinking CXX shared library libmoveit_pointcloud_octomap_updater.so[0m
[43.486s] [100%] Built target moveit_pointcloud_octomap_updater
[43.498s] Invoked command in '/home/moveit/build/moveit_ros_perception' returned '0': AMENT_PREFIX_PATH=/home/moveit/install/moveit_ros_planning:/home/moveit/install/moveit_ros_occupancy_map_monitor:/home/moveit/install/moveit_core:/home/moveit/install/moveit_msgs:/home/moveit/install/moveit_common:${AMENT_PREFIX_PATH} CMAKE_PREFIX_PATH=/home/moveit/install/moveit_ros_planning:/home/moveit/install/moveit_ros_occupancy_map_monitor:/home/moveit/install/moveit_core:/home/moveit/install/moveit_msgs:/home/moveit/install/moveit_common:/opt/ros/humble LD_LIBRARY_PATH=/home/moveit/install/moveit_ros_planning/lib:/home/moveit/install/moveit_ros_occupancy_map_monitor/lib:/home/moveit/install/moveit_core/lib:/home/moveit/install/moveit_msgs/lib:${LD_LIBRARY_PATH} PATH=/home/moveit/install/moveit_core/bin:${PATH} PYTHONPATH=/home/moveit/install/moveit_msgs/local/lib/python3.10/dist-packages:${PYTHONPATH} /usr/bin/cmake --build /home/moveit/build/moveit_ros_perception -- -j16 -l16
[43.525s] Invoking command in '/home/moveit/build/moveit_ros_perception': AMENT_PREFIX_PATH=/home/moveit/install/moveit_ros_planning:/home/moveit/install/moveit_ros_occupancy_map_monitor:/home/moveit/install/moveit_core:/home/moveit/install/moveit_msgs:/home/moveit/install/moveit_common:${AMENT_PREFIX_PATH} CMAKE_PREFIX_PATH=/home/moveit/install/moveit_ros_planning:/home/moveit/install/moveit_ros_occupancy_map_monitor:/home/moveit/install/moveit_core:/home/moveit/install/moveit_msgs:/home/moveit/install/moveit_common:/opt/ros/humble LD_LIBRARY_PATH=/home/moveit/install/moveit_ros_planning/lib:/home/moveit/install/moveit_ros_occupancy_map_monitor/lib:/home/moveit/install/moveit_core/lib:/home/moveit/install/moveit_msgs/lib:${LD_LIBRARY_PATH} PATH=/home/moveit/install/moveit_core/bin:${PATH} PYTHONPATH=/home/moveit/install/moveit_msgs/local/lib/python3.10/dist-packages:${PYTHONPATH} /usr/bin/cmake --install /home/moveit/build/moveit_ros_perception
[43.533s] -- Install configuration: "Release"
[43.533s] -- Installing: /home/moveit/install/moveit_ros_perception/include/moveit_ros_perception
[43.533s] -- Installing: /home/moveit/install/moveit_ros_perception/include/moveit_ros_perception/moveit
[43.533s] -- Installing: /home/moveit/install/moveit_ros_perception/include/moveit_ros_perception/moveit/lazy_free_space_updater
[43.533s] -- Installing: /home/moveit/install/moveit_ros_perception/include/moveit_ros_perception/moveit/lazy_free_space_updater/lazy_free_space_updater.h
[43.533s] -- Up-to-date: /home/moveit/install/moveit_ros_perception/include/moveit_ros_perception
[43.533s] -- Up-to-date: /home/moveit/install/moveit_ros_perception/include/moveit_ros_perception/moveit
[43.533s] -- Installing: /home/moveit/install/moveit_ros_perception/include/moveit_ros_perception/moveit/point_containment_filter
[43.534s] -- Installing: /home/moveit/install/moveit_ros_perception/include/moveit_ros_perception/moveit/point_containment_filter/shape_mask.h
[43.534s] -- Up-to-date: /home/moveit/install/moveit_ros_perception/include/moveit_ros_perception
[43.534s] -- Up-to-date: /home/moveit/install/moveit_ros_perception/include/moveit_ros_perception/moveit
[43.534s] -- Installing: /home/moveit/install/moveit_ros_perception/include/moveit_ros_perception/moveit/pointcloud_octomap_updater
[43.534s] -- Installing: /home/moveit/install/moveit_ros_perception/include/moveit_ros_perception/moveit/pointcloud_octomap_updater/pointcloud_octomap_updater.h
[43.534s] -- Up-to-date: /home/moveit/install/moveit_ros_perception/include/moveit_ros_perception
[43.534s] -- Up-to-date: /home/moveit/install/moveit_ros_perception/include/moveit_ros_perception/moveit
[43.534s] -- Installing: /home/moveit/install/moveit_ros_perception/include/moveit_ros_perception/moveit/mesh_filter
[43.534s] -- Installing: /home/moveit/install/moveit_ros_perception/include/moveit_ros_perception/moveit/mesh_filter/filter_job.h
[43.534s] -- Installing: /home/moveit/install/moveit_ros_perception/include/moveit_ros_perception/moveit/mesh_filter/gl_mesh.h
[43.535s] -- Installing: /home/moveit/install/moveit_ros_perception/include/moveit_ros_perception/moveit/mesh_filter/mesh_filter_base.h
[43.535s] -- Installing: /home/moveit/install/moveit_ros_perception/include/moveit_ros_perception/moveit/mesh_filter/sensor_model.h
[43.535s] -- Installing: /home/moveit/install/moveit_ros_perception/include/moveit_ros_perception/moveit/mesh_filter/depth_self_filter_nodelet.h
[43.535s] -- Installing: /home/moveit/install/moveit_ros_perception/include/moveit_ros_perception/moveit/mesh_filter/transform_provider.h
[43.535s] -- Installing: /home/moveit/install/moveit_ros_perception/include/moveit_ros_perception/moveit/mesh_filter/stereo_camera_model.h
[43.535s] -- Installing: /home/moveit/install/moveit_ros_perception/include/moveit_ros_perception/moveit/mesh_filter/gl_renderer.h
[43.535s] -- Installing: /home/moveit/install/moveit_ros_perception/include/moveit_ros_perception/moveit/mesh_filter/mesh_filter.h
[43.535s] -- Installing: /home/moveit/install/moveit_ros_perception/include/moveit_ros_perception/moveit_mesh_filter_export.h
[43.535s] -- Up-to-date: /home/moveit/install/moveit_ros_perception/include/moveit_ros_perception
[43.536s] -- Up-to-date: /home/moveit/install/moveit_ros_perception/include/moveit_ros_perception/moveit
[43.536s] -- Installing: /home/moveit/install/moveit_ros_perception/include/moveit_ros_perception/moveit/depth_image_octomap_updater
[43.536s] -- Installing: /home/moveit/install/moveit_ros_perception/include/moveit_ros_perception/moveit/depth_image_octomap_updater/depth_image_octomap_updater.h
[43.536s] -- Up-to-date: /home/moveit/install/moveit_ros_perception/include/moveit_ros_perception
[43.536s] -- Up-to-date: /home/moveit/install/moveit_ros_perception/include/moveit_ros_perception/moveit
[43.536s] -- Installing: /home/moveit/install/moveit_ros_perception/include/moveit_ros_perception/moveit/semantic_world
[43.536s] -- Installing: /home/moveit/install/moveit_ros_perception/include/moveit_ros_perception/moveit/semantic_world/semantic_world.h
[43.536s] -- Installing: /home/moveit/install/moveit_ros_perception/lib/libmoveit_depth_image_octomap_updater.so.2.9.0
[43.536s] -- Set runtime path of "/home/moveit/install/moveit_ros_perception/lib/libmoveit_depth_image_octomap_updater.so.2.9.0" to ""
[43.537s] -- Installing: /home/moveit/install/moveit_ros_perception/lib/libmoveit_depth_image_octomap_updater.so
[43.537s] -- Installing: /home/moveit/install/moveit_ros_perception/lib/libmoveit_depth_image_octomap_updater_core.so.2.9.0
[43.537s] -- Set runtime path of "/home/moveit/install/moveit_ros_perception/lib/libmoveit_depth_image_octomap_updater_core.so.2.9.0" to ""
[43.537s] -- Installing: /home/moveit/install/moveit_ros_perception/lib/libmoveit_depth_image_octomap_updater_core.so
[43.537s] -- Installing: /home/moveit/install/moveit_ros_perception/lib/libmoveit_lazy_free_space_updater.so.2.9.0
[43.537s] -- Set runtime path of "/home/moveit/install/moveit_ros_perception/lib/libmoveit_lazy_free_space_updater.so.2.9.0" to ""
[43.538s] -- Installing: /home/moveit/install/moveit_ros_perception/lib/libmoveit_lazy_free_space_updater.so
[43.538s] -- Installing: /home/moveit/install/moveit_ros_perception/lib/libmoveit_mesh_filter.so.2.9.0
[43.538s] -- Set runtime path of "/home/moveit/install/moveit_ros_perception/lib/libmoveit_mesh_filter.so.2.9.0" to ""
[43.538s] -- Installing: /home/moveit/install/moveit_ros_perception/lib/libmoveit_mesh_filter.so
[43.538s] -- Installing: /home/moveit/install/moveit_ros_perception/lib/libmoveit_point_containment_filter.so.2.9.0
[43.539s] -- Set runtime path of "/home/moveit/install/moveit_ros_perception/lib/libmoveit_point_containment_filter.so.2.9.0" to ""
[43.539s] -- Installing: /home/moveit/install/moveit_ros_perception/lib/libmoveit_point_containment_filter.so
[43.539s] -- Installing: /home/moveit/install/moveit_ros_perception/lib/libmoveit_pointcloud_octomap_updater.so.2.9.0
[43.539s] -- Set runtime path of "/home/moveit/install/moveit_ros_perception/lib/libmoveit_pointcloud_octomap_updater.so.2.9.0" to ""
[43.539s] -- Installing: /home/moveit/install/moveit_ros_perception/lib/libmoveit_pointcloud_octomap_updater.so
[43.539s] -- Installing: /home/moveit/install/moveit_ros_perception/lib/libmoveit_pointcloud_octomap_updater_core.so.2.9.0
[43.541s] -- Set runtime path of "/home/moveit/install/moveit_ros_perception/lib/libmoveit_pointcloud_octomap_updater_core.so.2.9.0" to ""
[43.541s] -- Installing: /home/moveit/install/moveit_ros_perception/lib/libmoveit_pointcloud_octomap_updater_core.so
[43.541s] -- Installing: /home/moveit/install/moveit_ros_perception/lib/libmoveit_semantic_world.so.2.9.0
[43.543s] -- Set runtime path of "/home/moveit/install/moveit_ros_perception/lib/libmoveit_semantic_world.so.2.9.0" to ""
[43.543s] -- Installing: /home/moveit/install/moveit_ros_perception/lib/libmoveit_semantic_world.so
[43.543s] -- Installing: /home/moveit/install/moveit_ros_perception/share/moveit_ros_perception/environment/library_path.sh
[43.543s] -- Installing: /home/moveit/install/moveit_ros_perception/share/moveit_ros_perception/environment/library_path.dsv
[43.543s] -- Installing: /home/moveit/install/moveit_ros_perception/share/moveit_ros_perception/pointcloud_octomap_updater_plugin_description.xml
[43.543s] -- Installing: /home/moveit/install/moveit_ros_perception/share/moveit_ros_perception/depth_image_octomap_updater_plugin_description.xml
[43.544s] -- Installing: /home/moveit/install/moveit_ros_perception/share/ament_index/resource_index/package_run_dependencies/moveit_ros_perception
[43.544s] -- Installing: /home/moveit/install/moveit_ros_perception/share/ament_index/resource_index/parent_prefix_path/moveit_ros_perception
[43.544s] -- Installing: /home/moveit/install/moveit_ros_perception/share/moveit_ros_perception/environment/ament_prefix_path.sh
[43.544s] -- Installing: /home/moveit/install/moveit_ros_perception/share/moveit_ros_perception/environment/ament_prefix_path.dsv
[43.544s] -- Installing: /home/moveit/install/moveit_ros_perception/share/moveit_ros_perception/environment/path.sh
[43.544s] -- Installing: /home/moveit/install/moveit_ros_perception/share/moveit_ros_perception/environment/path.dsv
[43.545s] -- Installing: /home/moveit/install/moveit_ros_perception/share/moveit_ros_perception/local_setup.bash
[43.545s] -- Installing: /home/moveit/install/moveit_ros_perception/share/moveit_ros_perception/local_setup.sh
[43.545s] -- Installing: /home/moveit/install/moveit_ros_perception/share/moveit_ros_perception/local_setup.zsh
[43.545s] -- Installing: /home/moveit/install/moveit_ros_perception/share/moveit_ros_perception/local_setup.dsv
[43.545s] -- Installing: /home/moveit/install/moveit_ros_perception/share/moveit_ros_perception/package.dsv
[43.545s] -- Installing: /home/moveit/install/moveit_ros_perception/share/ament_index/resource_index/packages/moveit_ros_perception
[43.545s] -- Installing: /home/moveit/install/moveit_ros_perception/share/ament_index/resource_index/moveit_ros_occupancy_map_monitor__pluginlib__plugin/moveit_ros_perception
[43.545s] -- Installing: /home/moveit/install/moveit_ros_perception/share/moveit_ros_perception/cmake/moveit_ros_perceptionTargetsExport.cmake
[43.546s] -- Installing: /home/moveit/install/moveit_ros_perception/share/moveit_ros_perception/cmake/moveit_ros_perceptionTargetsExport-release.cmake
[43.546s] -- Installing: /home/moveit/install/moveit_ros_perception/share/moveit_ros_perception/cmake/ConfigExtras.cmake
[43.546s] -- Installing: /home/moveit/install/moveit_ros_perception/share/moveit_ros_perception/cmake/ament_cmake_export_targets-extras.cmake
[43.546s] -- Installing: /home/moveit/install/moveit_ros_perception/share/moveit_ros_perception/cmake/ament_cmake_export_dependencies-extras.cmake
[43.546s] -- Installing: /home/moveit/install/moveit_ros_perception/share/moveit_ros_perception/cmake/moveit_ros_perceptionConfig.cmake
[43.547s] -- Installing: /home/moveit/install/moveit_ros_perception/share/moveit_ros_perception/cmake/moveit_ros_perceptionConfig-version.cmake
[43.547s] -- Installing: /home/moveit/install/moveit_ros_perception/share/moveit_ros_perception/package.xml
[43.549s] Invoked command in '/home/moveit/build/moveit_ros_perception' returned '0': AMENT_PREFIX_PATH=/home/moveit/install/moveit_ros_planning:/home/moveit/install/moveit_ros_occupancy_map_monitor:/home/moveit/install/moveit_core:/home/moveit/install/moveit_msgs:/home/moveit/install/moveit_common:${AMENT_PREFIX_PATH} CMAKE_PREFIX_PATH=/home/moveit/install/moveit_ros_planning:/home/moveit/install/moveit_ros_occupancy_map_monitor:/home/moveit/install/moveit_core:/home/moveit/install/moveit_msgs:/home/moveit/install/moveit_common:/opt/ros/humble LD_LIBRARY_PATH=/home/moveit/install/moveit_ros_planning/lib:/home/moveit/install/moveit_ros_occupancy_map_monitor/lib:/home/moveit/install/moveit_core/lib:/home/moveit/install/moveit_msgs/lib:${LD_LIBRARY_PATH} PATH=/home/moveit/install/moveit_core/bin:${PATH} PYTHONPATH=/home/moveit/install/moveit_msgs/local/lib/python3.10/dist-packages:${PYTHONPATH} /usr/bin/cmake --install /home/moveit/build/moveit_ros_perception
