-- Install configuration: ""
-- Up-to-date: /home/humble_ws/install/antworker_moveit_description2/share/ament_index/resource_index/package_run_dependencies/antworker_moveit_description2
-- Up-to-date: /home/humble_ws/install/antworker_moveit_description2/share/ament_index/resource_index/parent_prefix_path/antworker_moveit_description2
-- Up-to-date: /home/humble_ws/install/antworker_moveit_description2/share/antworker_moveit_description2/environment/ament_prefix_path.sh
-- Up-to-date: /home/humble_ws/install/antworker_moveit_description2/share/antworker_moveit_description2/environment/ament_prefix_path.dsv
-- Up-to-date: /home/humble_ws/install/antworker_moveit_description2/share/antworker_moveit_description2/environment/path.sh
-- Up-to-date: /home/humble_ws/install/antworker_moveit_description2/share/antworker_moveit_description2/environment/path.dsv
-- Up-to-date: /home/humble_ws/install/antworker_moveit_description2/share/antworker_moveit_description2/local_setup.bash
-- Up-to-date: /home/humble_ws/install/antworker_moveit_description2/share/antworker_moveit_description2/local_setup.sh
-- Up-to-date: /home/humble_ws/install/antworker_moveit_description2/share/antworker_moveit_description2/local_setup.zsh
-- Up-to-date: /home/humble_ws/install/antworker_moveit_description2/share/antworker_moveit_description2/local_setup.dsv
-- Installing: /home/humble_ws/install/antworker_moveit_description2/share/antworker_moveit_description2/package.dsv
-- Up-to-date: /home/humble_ws/install/antworker_moveit_description2/share/ament_index/resource_index/packages/antworker_moveit_description2
-- Up-to-date: /home/humble_ws/install/antworker_moveit_description2/share/antworker_moveit_description2/cmake/antworker_moveit_description2Config.cmake
-- Up-to-date: /home/humble_ws/install/antworker_moveit_description2/share/antworker_moveit_description2/cmake/antworker_moveit_description2Config-version.cmake
-- Up-to-date: /home/humble_ws/install/antworker_moveit_description2/share/antworker_moveit_description2/package.xml
-- Up-to-date: /home/humble_ws/install/antworker_moveit_description2/share/antworker_moveit_description2/launch
-- Up-to-date: /home/humble_ws/install/antworker_moveit_description2/share/antworker_moveit_description2/launch/demo.launch.py
-- Up-to-date: /home/humble_ws/install/antworker_moveit_description2/share/antworker_moveit_description2/launch/setup_assistant.launch.py
-- Up-to-date: /home/humble_ws/install/antworker_moveit_description2/share/antworker_moveit_description2/launch/move_group.launch.py
-- Up-to-date: /home/humble_ws/install/antworker_moveit_description2/share/antworker_moveit_description2/launch/warehouse_db.launch.py
-- Up-to-date: /home/humble_ws/install/antworker_moveit_description2/share/antworker_moveit_description2/launch/static_virtual_joint_tfs.launch.py
-- Up-to-date: /home/humble_ws/install/antworker_moveit_description2/share/antworker_moveit_description2/launch/spawn_controllers.launch.py
-- Up-to-date: /home/humble_ws/install/antworker_moveit_description2/share/antworker_moveit_description2/launch/rsp.launch.py
-- Up-to-date: /home/humble_ws/install/antworker_moveit_description2/share/antworker_moveit_description2/launch/moveit_rviz.launch.py
-- Up-to-date: /home/humble_ws/install/antworker_moveit_description2/share/antworker_moveit_description2/config
-- Up-to-date: /home/humble_ws/install/antworker_moveit_description2/share/antworker_moveit_description2/config/joint_limits.yaml
-- Up-to-date: /home/humble_ws/install/antworker_moveit_description2/share/antworker_moveit_description2/config/ros2_controllers.yaml
-- Up-to-date: /home/humble_ws/install/antworker_moveit_description2/share/antworker_moveit_description2/config/pilz_cartesian_limits.yaml
-- Up-to-date: /home/humble_ws/install/antworker_moveit_description2/share/antworker_moveit_description2/config/GEN3_6DOF_VISION_URDF_ARM_V01.srdf
-- Up-to-date: /home/humble_ws/install/antworker_moveit_description2/share/antworker_moveit_description2/config/GEN3_6DOF_VISION_URDF_ARM_V01.ros2_control.xacro
-- Up-to-date: /home/humble_ws/install/antworker_moveit_description2/share/antworker_moveit_description2/config/moveit.rviz
-- Up-to-date: /home/humble_ws/install/antworker_moveit_description2/share/antworker_moveit_description2/config/kinematics.yaml
-- Up-to-date: /home/humble_ws/install/antworker_moveit_description2/share/antworker_moveit_description2/config/GEN3_6DOF_VISION_URDF_ARM_V01.urdf.xacro
-- Up-to-date: /home/humble_ws/install/antworker_moveit_description2/share/antworker_moveit_description2/config/sensors_3d.yaml
-- Up-to-date: /home/humble_ws/install/antworker_moveit_description2/share/antworker_moveit_description2/config/initial_positions.yaml
-- Up-to-date: /home/humble_ws/install/antworker_moveit_description2/share/antworker_moveit_description2/config/moveit_controllers.yaml
-- Up-to-date: /home/humble_ws/install/antworker_moveit_description2/share/antworker_moveit_description2/.setup_assistant
