[1.364s] Invoking command in '/home/kortex_ws/src/ros2_control/rqt_controller_manager': AMENT_PREFIX_PATH=/home/kortex_ws/install/controller_manager:/home/kortex_ws/install/controller_interface:/home/kortex_ws/install/hardware_interface:/home/kortex_ws/install/ros2_control_test_assets:/home/kortex_ws/install/controller_manager_msgs:/home/kortex_ws/install/control_msgs:${AMENT_PREFIX_PATH} CMAKE_PREFIX_PATH=/home/kortex_ws/install/controller_manager:/home/kortex_ws/install/controller_interface:/home/kortex_ws/install/hardware_interface:/home/kortex_ws/install/ros2_control_test_assets:/home/kortex_ws/install/controller_manager_msgs:/home/kortex_ws/install/control_msgs LD_LIBRARY_PATH=/home/kortex_ws/install/controller_manager/lib:/home/kortex_ws/install/controller_interface/lib:/home/kortex_ws/install/hardware_interface/lib:/home/kortex_ws/install/controller_manager_msgs/lib:/home/kortex_ws/install/control_msgs/lib:${LD_LIBRARY_PATH} PYTHONPATH=/home/kortex_ws/build/rqt_controller_manager/prefix_override:/home/kortex_ws/install/rqt_controller_manager/lib/python3.10/site-packages:/home/kortex_ws/install/controller_manager/local/lib/python3.10/dist-packages:/home/kortex_ws/install/controller_manager_msgs/local/lib/python3.10/dist-packages:/home/kortex_ws/install/control_msgs/local/lib/python3.10/dist-packages:${PYTHONPATH} /usr/bin/python3 -W ignore:setup.py install is deprecated setup.py egg_info --egg-base ../../../build/rqt_controller_manager build --build-base /home/kortex_ws/build/rqt_controller_manager/build install --record /home/kortex_ws/build/rqt_controller_manager/install.log --single-version-externally-managed install_data
[4.424s] running egg_info
[4.424s] creating ../../../build/rqt_controller_manager/rqt_controller_manager.egg-info
[4.424s] writing ../../../build/rqt_controller_manager/rqt_controller_manager.egg-info/PKG-INFO
[4.424s] writing dependency_links to ../../../build/rqt_controller_manager/rqt_controller_manager.egg-info/dependency_links.txt
[4.424s] writing entry points to ../../../build/rqt_controller_manager/rqt_controller_manager.egg-info/entry_points.txt
[4.425s] writing requirements to ../../../build/rqt_controller_manager/rqt_controller_manager.egg-info/requires.txt
[4.425s] writing top-level names to ../../../build/rqt_controller_manager/rqt_controller_manager.egg-info/top_level.txt
[4.425s] writing manifest file '../../../build/rqt_controller_manager/rqt_controller_manager.egg-info/SOURCES.txt'
[4.425s] reading manifest file '../../../build/rqt_controller_manager/rqt_controller_manager.egg-info/SOURCES.txt'
[4.425s] writing manifest file '../../../build/rqt_controller_manager/rqt_controller_manager.egg-info/SOURCES.txt'
[4.425s] running build
[4.425s] running build_py
[4.425s] creating /home/kortex_ws/build/rqt_controller_manager/build
[4.425s] creating /home/kortex_ws/build/rqt_controller_manager/build/lib
[4.425s] creating /home/kortex_ws/build/rqt_controller_manager/build/lib/rqt_controller_manager
[4.425s] copying rqt_controller_manager/controller_manager.py -> /home/kortex_ws/build/rqt_controller_manager/build/lib/rqt_controller_manager
[4.425s] copying rqt_controller_manager/main.py -> /home/kortex_ws/build/rqt_controller_manager/build/lib/rqt_controller_manager
[4.426s] copying rqt_controller_manager/update_combo.py -> /home/kortex_ws/build/rqt_controller_manager/build/lib/rqt_controller_manager
[4.426s] copying rqt_controller_manager/__init__.py -> /home/kortex_ws/build/rqt_controller_manager/build/lib/rqt_controller_manager
[4.426s] running install
[4.426s] running install_lib
[4.426s] creating /home/kortex_ws/install/rqt_controller_manager/lib/python3.10/site-packages/rqt_controller_manager
[4.426s] copying /home/kortex_ws/build/rqt_controller_manager/build/lib/rqt_controller_manager/controller_manager.py -> /home/kortex_ws/install/rqt_controller_manager/lib/python3.10/site-packages/rqt_controller_manager
[4.426s] copying /home/kortex_ws/build/rqt_controller_manager/build/lib/rqt_controller_manager/main.py -> /home/kortex_ws/install/rqt_controller_manager/lib/python3.10/site-packages/rqt_controller_manager
[4.426s] copying /home/kortex_ws/build/rqt_controller_manager/build/lib/rqt_controller_manager/update_combo.py -> /home/kortex_ws/install/rqt_controller_manager/lib/python3.10/site-packages/rqt_controller_manager
[4.426s] copying /home/kortex_ws/build/rqt_controller_manager/build/lib/rqt_controller_manager/__init__.py -> /home/kortex_ws/install/rqt_controller_manager/lib/python3.10/site-packages/rqt_controller_manager
[4.427s] byte-compiling /home/kortex_ws/install/rqt_controller_manager/lib/python3.10/site-packages/rqt_controller_manager/controller_manager.py to controller_manager.cpython-310.pyc
[4.427s] byte-compiling /home/kortex_ws/install/rqt_controller_manager/lib/python3.10/site-packages/rqt_controller_manager/main.py to main.cpython-310.pyc
[4.427s] byte-compiling /home/kortex_ws/install/rqt_controller_manager/lib/python3.10/site-packages/rqt_controller_manager/update_combo.py to update_combo.cpython-310.pyc
[4.427s] byte-compiling /home/kortex_ws/install/rqt_controller_manager/lib/python3.10/site-packages/rqt_controller_manager/__init__.py to __init__.cpython-310.pyc
[4.427s] running install_data
[4.427s] creating /home/kortex_ws/install/rqt_controller_manager/share/ament_index
[4.427s] creating /home/kortex_ws/install/rqt_controller_manager/share/ament_index/resource_index
[4.427s] creating /home/kortex_ws/install/rqt_controller_manager/share/ament_index/resource_index/packages
[4.427s] copying resource/rqt_controller_manager -> /home/kortex_ws/install/rqt_controller_manager/share/ament_index/resource_index/packages
[4.428s] copying package.xml -> /home/kortex_ws/install/rqt_controller_manager/share/rqt_controller_manager
[4.428s] creating /home/kortex_ws/install/rqt_controller_manager/share/rqt_controller_manager/resource
[4.428s] copying resource/controller_info.ui -> /home/kortex_ws/install/rqt_controller_manager/share/rqt_controller_manager/resource
[4.429s] copying resource/led_off.png -> /home/kortex_ws/install/rqt_controller_manager/share/rqt_controller_manager/resource
[4.429s] copying resource/led_green.png -> /home/kortex_ws/install/rqt_controller_manager/share/rqt_controller_manager/resource
[4.429s] copying resource/controller_manager.ui -> /home/kortex_ws/install/rqt_controller_manager/share/rqt_controller_manager/resource
[4.429s] copying resource/led_red.png -> /home/kortex_ws/install/rqt_controller_manager/share/rqt_controller_manager/resource
[4.429s] copying resource/cm_icon.png -> /home/kortex_ws/install/rqt_controller_manager/share/rqt_controller_manager/resource
[4.429s] copying plugin.xml -> /home/kortex_ws/install/rqt_controller_manager/share/rqt_controller_manager
[4.429s] running install_egg_info
[4.429s] Copying ../../../build/rqt_controller_manager/rqt_controller_manager.egg-info to /home/kortex_ws/install/rqt_controller_manager/lib/python3.10/site-packages/rqt_controller_manager-2.41.0-py3.10.egg-info
[4.430s] running install_scripts
[4.430s] Installing rqt_controller_manager script to /home/kortex_ws/install/rqt_controller_manager/lib/rqt_controller_manager
[4.430s] writing list of installed files to '/home/kortex_ws/build/rqt_controller_manager/install.log'
[4.432s] Invoked command in '/home/kortex_ws/src/ros2_control/rqt_controller_manager' returned '0': AMENT_PREFIX_PATH=/home/kortex_ws/install/controller_manager:/home/kortex_ws/install/controller_interface:/home/kortex_ws/install/hardware_interface:/home/kortex_ws/install/ros2_control_test_assets:/home/kortex_ws/install/controller_manager_msgs:/home/kortex_ws/install/control_msgs:${AMENT_PREFIX_PATH} CMAKE_PREFIX_PATH=/home/kortex_ws/install/controller_manager:/home/kortex_ws/install/controller_interface:/home/kortex_ws/install/hardware_interface:/home/kortex_ws/install/ros2_control_test_assets:/home/kortex_ws/install/controller_manager_msgs:/home/kortex_ws/install/control_msgs LD_LIBRARY_PATH=/home/kortex_ws/install/controller_manager/lib:/home/kortex_ws/install/controller_interface/lib:/home/kortex_ws/install/hardware_interface/lib:/home/kortex_ws/install/controller_manager_msgs/lib:/home/kortex_ws/install/control_msgs/lib:${LD_LIBRARY_PATH} PYTHONPATH=/home/kortex_ws/build/rqt_controller_manager/prefix_override:/home/kortex_ws/install/rqt_controller_manager/lib/python3.10/site-packages:/home/kortex_ws/install/controller_manager/local/lib/python3.10/dist-packages:/home/kortex_ws/install/controller_manager_msgs/local/lib/python3.10/dist-packages:/home/kortex_ws/install/control_msgs/local/lib/python3.10/dist-packages:${PYTHONPATH} /usr/bin/python3 -W ignore:setup.py install is deprecated setup.py egg_info --egg-base ../../../build/rqt_controller_manager build --build-base /home/kortex_ws/build/rqt_controller_manager/build install --record /home/kortex_ws/build/rqt_controller_manager/install.log --single-version-externally-managed install_data
