[0.015s] Invoking command in '/home/moveit/build/moveit_ros_planning': AMENT_PREFIX_PATH=/home/moveit/install/moveit_ros_occupancy_map_monitor:/home/moveit/install/moveit_core:/home/moveit/install/moveit_resources_panda_moveit_config:/home/moveit/install/moveit_resources_panda_description:/home/moveit/install/moveit_msgs:/home/moveit/install/moveit_common:${AMENT_PREFIX_PATH} CMAKE_PREFIX_PATH=/home/moveit/install/moveit_ros_occupancy_map_monitor:/home/moveit/install/moveit_core:/home/moveit/install/moveit_resources_panda_moveit_config:/home/moveit/install/moveit_resources_panda_description:/home/moveit/install/moveit_msgs:/home/moveit/install/moveit_common:/opt/ros/humble LD_LIBRARY_PATH=/home/moveit/install/moveit_ros_occupancy_map_monitor/lib:/home/moveit/install/moveit_core/lib:/home/moveit/install/moveit_msgs/lib:${LD_LIBRARY_PATH} PATH=/home/moveit/install/moveit_core/bin:${PATH} PYTHONPATH=/home/moveit/install/moveit_msgs/local/lib/python3.10/dist-packages:${PYTHONPATH} /usr/bin/cmake --build /home/moveit/build/moveit_ros_planning -- -j16 -l16
[0.067s] [35m[1mConsolidate compiler generated dependencies of target gtest_main[0m
[0.067s] [35m[1mConsolidate compiler generated dependencies of target gtest[0m
[0.067s] [35m[1mConsolidate compiler generated dependencies of target gmock_main[0m
[0.067s] [35m[1mConsolidate compiler generated dependencies of target moveit_collision_plugin_loader[0m
[0.068s] [35m[1mConsolidate compiler generated dependencies of target moveit_rdf_loader[0m
[0.069s] [35m[1mConsolidate compiler generated dependencies of target moveit_pipeline_test_plugins[0m
[0.069s] [35m[1mConsolidate compiler generated dependencies of target gmock[0m
[0.075s] [  2%] Built target planning_pipeline_parameters
[0.075s] [  2%] Built target kinematics_parameters
[0.076s] [  3%] Built target default_response_adapter_parameters
[0.077s] [  5%] Built target default_request_adapter_parameters
[0.083s] [  7%] Built target gmock_main
[0.083s] [ 11%] Built target gtest
[0.083s] [ 12%] Built target gtest_main
[0.088s] [ 16%] Built target gmock
[0.089s] [35m[1mConsolidate compiler generated dependencies of target moveit_planning_pipeline[0m
[0.093s] [ 20%] Built target moveit_rdf_loader
[0.095s] [35m[1mConsolidate compiler generated dependencies of target moveit_default_planning_response_adapter_plugins[0m
[0.097s] [ 23%] Built target moveit_pipeline_test_plugins
[0.097s] [35m[1mConsolidate compiler generated dependencies of target moveit_default_planning_request_adapter_plugins[0m
[0.098s] [ 25%] Built target moveit_collision_plugin_loader
[0.107s] [35m[1mConsolidate compiler generated dependencies of target moveit_kinematics_plugin_loader[0m
[0.107s] [35m[1mConsolidate compiler generated dependencies of target moveit_constraint_sampler_manager_loader[0m
[0.118s] [ 28%] Built target moveit_planning_pipeline
[0.131s] [35m[1mConsolidate compiler generated dependencies of target moveit_planning_pipeline_test[0m
[0.133s] [ 31%] Built target moveit_kinematics_plugin_loader
[0.134s] [35m[1mConsolidate compiler generated dependencies of target moveit_planning_pipeline_interfaces[0m
[0.135s] [ 33%] Built target moveit_constraint_sampler_manager_loader
[0.136s] [ 40%] Built target moveit_default_planning_response_adapter_plugins
[0.143s] [ 48%] Built target moveit_default_planning_request_adapter_plugins
[0.145s] [35m[1mConsolidate compiler generated dependencies of target moveit_robot_model_loader[0m
[0.159s] [ 50%] Built target moveit_planning_pipeline_test
[0.171s] [ 53%] Built target moveit_robot_model_loader
[0.175s] [ 59%] Built target moveit_planning_pipeline_interfaces
[0.183s] [35m[1mConsolidate compiler generated dependencies of target moveit_print_planning_model_info[0m
[0.188s] [35m[1mConsolidate compiler generated dependencies of target moveit_planning_scene_monitor[0m
[0.207s] [ 62%] Built target moveit_print_planning_model_info
[0.244s] [ 70%] Built target moveit_planning_scene_monitor
[0.258s] [35m[1mConsolidate compiler generated dependencies of target current_state_monitor_tests[0m
[0.258s] [35m[1mConsolidate compiler generated dependencies of target moveit_publish_scene_from_text[0m
[0.258s] [35m[1mConsolidate compiler generated dependencies of target moveit_print_planning_scene_info[0m
[0.258s] [35m[1mConsolidate compiler generated dependencies of target moveit_evaluate_collision_checking_speed[0m
[0.258s] [35m[1mConsolidate compiler generated dependencies of target trajectory_monitor_tests[0m
[0.258s] [35m[1mConsolidate compiler generated dependencies of target moveit_trajectory_execution_manager[0m
[0.259s] [35m[1mConsolidate compiler generated dependencies of target moveit_visualize_robot_collision_volume[0m
[0.259s] [35m[1mConsolidate compiler generated dependencies of target moveit_display_random_state[0m
[0.260s] [35m[1mConsolidate compiler generated dependencies of target demo_scene[0m
[0.293s] [ 76%] Built target current_state_monitor_tests
[0.293s] [ 76%] Built target trajectory_monitor_tests
[0.293s] [ 77%] Built target moveit_publish_scene_from_text
[0.296s] [ 80%] Built target moveit_print_planning_scene_info
[0.296s] [ 83%] Built target moveit_trajectory_execution_manager
[0.298s] [ 85%] Built target moveit_evaluate_collision_checking_speed
[0.300s] [ 88%] Built target demo_scene
[0.301s] [ 92%] Built target moveit_visualize_robot_collision_volume
[0.301s] [ 93%] Built target moveit_display_random_state
[0.309s] [35m[1mConsolidate compiler generated dependencies of target moveit_plan_execution[0m
[0.310s] [35m[1mConsolidate compiler generated dependencies of target moveit_cpp[0m
[0.346s] [ 96%] Built target moveit_plan_execution
[0.351s] [100%] Built target moveit_cpp
[0.364s] Invoked command in '/home/moveit/build/moveit_ros_planning' returned '0': AMENT_PREFIX_PATH=/home/moveit/install/moveit_ros_occupancy_map_monitor:/home/moveit/install/moveit_core:/home/moveit/install/moveit_resources_panda_moveit_config:/home/moveit/install/moveit_resources_panda_description:/home/moveit/install/moveit_msgs:/home/moveit/install/moveit_common:${AMENT_PREFIX_PATH} CMAKE_PREFIX_PATH=/home/moveit/install/moveit_ros_occupancy_map_monitor:/home/moveit/install/moveit_core:/home/moveit/install/moveit_resources_panda_moveit_config:/home/moveit/install/moveit_resources_panda_description:/home/moveit/install/moveit_msgs:/home/moveit/install/moveit_common:/opt/ros/humble LD_LIBRARY_PATH=/home/moveit/install/moveit_ros_occupancy_map_monitor/lib:/home/moveit/install/moveit_core/lib:/home/moveit/install/moveit_msgs/lib:${LD_LIBRARY_PATH} PATH=/home/moveit/install/moveit_core/bin:${PATH} PYTHONPATH=/home/moveit/install/moveit_msgs/local/lib/python3.10/dist-packages:${PYTHONPATH} /usr/bin/cmake --build /home/moveit/build/moveit_ros_planning -- -j16 -l16
[0.406s] Invoking command in '/home/moveit/build/moveit_ros_planning': AMENT_PREFIX_PATH=/home/moveit/install/moveit_ros_occupancy_map_monitor:/home/moveit/install/moveit_core:/home/moveit/install/moveit_resources_panda_moveit_config:/home/moveit/install/moveit_resources_panda_description:/home/moveit/install/moveit_msgs:/home/moveit/install/moveit_common:${AMENT_PREFIX_PATH} CMAKE_PREFIX_PATH=/home/moveit/install/moveit_ros_occupancy_map_monitor:/home/moveit/install/moveit_core:/home/moveit/install/moveit_resources_panda_moveit_config:/home/moveit/install/moveit_resources_panda_description:/home/moveit/install/moveit_msgs:/home/moveit/install/moveit_common:/opt/ros/humble LD_LIBRARY_PATH=/home/moveit/install/moveit_ros_occupancy_map_monitor/lib:/home/moveit/install/moveit_core/lib:/home/moveit/install/moveit_msgs/lib:${LD_LIBRARY_PATH} PATH=/home/moveit/install/moveit_core/bin:${PATH} PYTHONPATH=/home/moveit/install/moveit_msgs/local/lib/python3.10/dist-packages:${PYTHONPATH} /usr/bin/cmake --install /home/moveit/build/moveit_ros_planning
[0.414s] -- Install configuration: "Release"
[0.414s] -- Up-to-date: /home/moveit/install/moveit_ros_planning/include/moveit_ros_planning
[0.414s] -- Up-to-date: /home/moveit/install/moveit_ros_planning/include/moveit_ros_planning/moveit
[0.414s] -- Up-to-date: /home/moveit/install/moveit_ros_planning/include/moveit_ros_planning/moveit/collision_plugin_loader
[0.415s] -- Up-to-date: /home/moveit/install/moveit_ros_planning/include/moveit_ros_planning/moveit/collision_plugin_loader/collision_plugin_loader.h
[0.415s] -- Up-to-date: /home/moveit/install/moveit_ros_planning/include/moveit_ros_planning
[0.415s] -- Up-to-date: /home/moveit/install/moveit_ros_planning/include/moveit_ros_planning/moveit
[0.415s] -- Up-to-date: /home/moveit/install/moveit_ros_planning/include/moveit_ros_planning/moveit/constraint_sampler_manager_loader
[0.415s] -- Up-to-date: /home/moveit/install/moveit_ros_planning/include/moveit_ros_planning/moveit/constraint_sampler_manager_loader/constraint_sampler_manager_loader.h
[0.416s] -- Up-to-date: /home/moveit/install/moveit_ros_planning/include/kinematics_parameters
[0.416s] -- Up-to-date: /home/moveit/install/moveit_ros_planning/include/kinematics_parameters/kinematics_parameters.hpp
[0.416s] -- Up-to-date: /home/moveit/install/moveit_ros_planning/include/moveit_ros_planning
[0.416s] -- Up-to-date: /home/moveit/install/moveit_ros_planning/include/moveit_ros_planning/moveit
[0.416s] -- Up-to-date: /home/moveit/install/moveit_ros_planning/include/moveit_ros_planning/moveit/kinematics_plugin_loader
[0.416s] -- Up-to-date: /home/moveit/install/moveit_ros_planning/include/moveit_ros_planning/moveit/kinematics_plugin_loader/kinematics_plugin_loader.h
[0.416s] -- Up-to-date: /home/moveit/install/moveit_ros_planning/include/moveit_ros_planning
[0.416s] -- Up-to-date: /home/moveit/install/moveit_ros_planning/include/moveit_ros_planning/moveit
[0.416s] -- Up-to-date: /home/moveit/install/moveit_ros_planning/include/moveit_ros_planning/moveit/moveit_cpp
[0.416s] -- Up-to-date: /home/moveit/install/moveit_ros_planning/include/moveit_ros_planning/moveit/moveit_cpp/moveit_cpp.h
[0.416s] -- Up-to-date: /home/moveit/install/moveit_ros_planning/include/moveit_ros_planning/moveit/moveit_cpp/planning_component.h
[0.416s] -- Up-to-date: /home/moveit/install/moveit_ros_planning/include/moveit_ros_planning
[0.416s] -- Up-to-date: /home/moveit/install/moveit_ros_planning/include/moveit_ros_planning/moveit
[0.416s] -- Up-to-date: /home/moveit/install/moveit_ros_planning/include/moveit_ros_planning/moveit/plan_execution
[0.416s] -- Up-to-date: /home/moveit/install/moveit_ros_planning/include/moveit_ros_planning/moveit/plan_execution/plan_representation.h
[0.417s] -- Up-to-date: /home/moveit/install/moveit_ros_planning/include/moveit_ros_planning/moveit/plan_execution/plan_execution.h
[0.417s] -- Up-to-date: /home/moveit/install/moveit_ros_planning/lib/moveit_ros_planning/moveit_print_planning_model_info
[0.418s] -- Up-to-date: /home/moveit/install/moveit_ros_planning/lib/moveit_ros_planning/moveit_print_planning_scene_info
[0.419s] -- Up-to-date: /home/moveit/install/moveit_ros_planning/lib/moveit_ros_planning/moveit_display_random_state
[0.419s] -- Up-to-date: /home/moveit/install/moveit_ros_planning/lib/moveit_ros_planning/moveit_visualize_robot_collision_volume
[0.420s] -- Up-to-date: /home/moveit/install/moveit_ros_planning/lib/moveit_ros_planning/moveit_evaluate_collision_checking_speed
[0.420s] -- Up-to-date: /home/moveit/install/moveit_ros_planning/lib/moveit_ros_planning/moveit_publish_scene_from_text
[0.421s] -- Up-to-date: /home/moveit/install/moveit_ros_planning/include/planning_pipeline_parameters
[0.421s] -- Up-to-date: /home/moveit/install/moveit_ros_planning/include/planning_pipeline_parameters/planning_pipeline_parameters.hpp
[0.421s] -- Up-to-date: /home/moveit/install/moveit_ros_planning/lib/libmoveit_pipeline_test_plugins.so.2.9.0
[0.422s] -- Up-to-date: /home/moveit/install/moveit_ros_planning/lib/libmoveit_pipeline_test_plugins.so
[0.422s] -- Up-to-date: /home/moveit/install/moveit_ros_planning/include/moveit_ros_planning
[0.422s] -- Up-to-date: /home/moveit/install/moveit_ros_planning/include/moveit_ros_planning/moveit
[0.422s] -- Up-to-date: /home/moveit/install/moveit_ros_planning/include/moveit_ros_planning/moveit/planning_pipeline
[0.422s] -- Up-to-date: /home/moveit/install/moveit_ros_planning/include/moveit_ros_planning/moveit/planning_pipeline/planning_pipeline.h
[0.422s] -- Up-to-date: /home/moveit/install/moveit_ros_planning/include/moveit_ros_planning/moveit_planning_pipeline_export.h
[0.422s] -- Up-to-date: /home/moveit/install/moveit_ros_planning/include/moveit_ros_planning
[0.422s] -- Up-to-date: /home/moveit/install/moveit_ros_planning/include/moveit_ros_planning/moveit
[0.422s] -- Up-to-date: /home/moveit/install/moveit_ros_planning/include/moveit_ros_planning/moveit/planning_pipeline_interfaces
[0.422s] -- Up-to-date: /home/moveit/install/moveit_ros_planning/include/moveit_ros_planning/moveit/planning_pipeline_interfaces/plan_responses_container.hpp
[0.422s] -- Up-to-date: /home/moveit/install/moveit_ros_planning/include/moveit_ros_planning/moveit/planning_pipeline_interfaces/planning_pipeline_interfaces.hpp
[0.422s] -- Up-to-date: /home/moveit/install/moveit_ros_planning/include/moveit_ros_planning/moveit/planning_pipeline_interfaces/solution_selection_functions.hpp
[0.422s] -- Up-to-date: /home/moveit/install/moveit_ros_planning/include/moveit_ros_planning/moveit/planning_pipeline_interfaces/stopping_criterion_functions.hpp
[0.422s] -- Up-to-date: /home/moveit/install/moveit_ros_planning/include/moveit_ros_planning/moveit_planning_pipeline_interfaces_export.h
[0.423s] -- Up-to-date: /home/moveit/install/moveit_ros_planning/include/default_request_adapter_parameters
[0.423s] -- Up-to-date: /home/moveit/install/moveit_ros_planning/include/default_request_adapter_parameters/default_request_adapter_parameters.hpp
[0.423s] -- Up-to-date: /home/moveit/install/moveit_ros_planning/include/default_response_adapter_parameters
[0.423s] -- Up-to-date: /home/moveit/install/moveit_ros_planning/include/default_response_adapter_parameters/default_response_adapter_parameters.hpp
[0.424s] -- Up-to-date: /home/moveit/install/moveit_ros_planning/lib/moveit_ros_planning/demo_scene
[0.424s] -- Up-to-date: /home/moveit/install/moveit_ros_planning/include/moveit_ros_planning
[0.424s] -- Up-to-date: /home/moveit/install/moveit_ros_planning/include/moveit_ros_planning/moveit
[0.424s] -- Up-to-date: /home/moveit/install/moveit_ros_planning/include/moveit_ros_planning/moveit/planning_scene_monitor
[0.424s] -- Up-to-date: /home/moveit/install/moveit_ros_planning/include/moveit_ros_planning/moveit/planning_scene_monitor/planning_scene_monitor.h
[0.424s] -- Up-to-date: /home/moveit/install/moveit_ros_planning/include/moveit_ros_planning/moveit/planning_scene_monitor/current_state_monitor_middleware_handle.hpp
[0.424s] -- Up-to-date: /home/moveit/install/moveit_ros_planning/include/moveit_ros_planning/moveit/planning_scene_monitor/trajectory_monitor_middleware_handle.hpp
[0.424s] -- Up-to-date: /home/moveit/install/moveit_ros_planning/include/moveit_ros_planning/moveit/planning_scene_monitor/current_state_monitor.h
[0.424s] -- Up-to-date: /home/moveit/install/moveit_ros_planning/include/moveit_ros_planning/moveit/planning_scene_monitor/trajectory_monitor.h
[0.424s] -- Up-to-date: /home/moveit/install/moveit_ros_planning/include/moveit_ros_planning/moveit_planning_scene_monitor_export.h
[0.424s] -- Up-to-date: /home/moveit/install/moveit_ros_planning/include/moveit_ros_planning
[0.424s] -- Up-to-date: /home/moveit/install/moveit_ros_planning/include/moveit_ros_planning/moveit
[0.424s] -- Up-to-date: /home/moveit/install/moveit_ros_planning/include/moveit_ros_planning/moveit/rdf_loader
[0.425s] -- Up-to-date: /home/moveit/install/moveit_ros_planning/include/moveit_ros_planning/moveit/rdf_loader/rdf_loader.h
[0.425s] -- Up-to-date: /home/moveit/install/moveit_ros_planning/include/moveit_ros_planning/moveit/rdf_loader/synchronized_string_parameter.h
[0.425s] -- Up-to-date: /home/moveit/install/moveit_ros_planning/share/moveit_ros_planning/rdf_loader/test/data
[0.425s] -- Up-to-date: /home/moveit/install/moveit_ros_planning/share/moveit_ros_planning/rdf_loader/test/data/gonzo.urdf
[0.425s] -- Up-to-date: /home/moveit/install/moveit_ros_planning/share/moveit_ros_planning/rdf_loader/test/data/gonzo.srdf
[0.425s] -- Up-to-date: /home/moveit/install/moveit_ros_planning/share/moveit_ros_planning/rdf_loader/test/data/kermit.urdf
[0.426s] -- Up-to-date: /home/moveit/install/moveit_ros_planning/share/moveit_ros_planning/rdf_loader/test/data/kermit.srdf
[0.426s] -- Up-to-date: /home/moveit/install/moveit_ros_planning/share/moveit_ros_planning/rdf_loader/test/data/robin.srdf.xacro
[0.426s] -- Up-to-date: /home/moveit/install/moveit_ros_planning/share/moveit_ros_planning/rdf_loader/test/launch
[0.426s] -- Up-to-date: /home/moveit/install/moveit_ros_planning/share/moveit_ros_planning/rdf_loader/test/launch/test_rdf_integration.test.py
[0.426s] -- Up-to-date: /home/moveit/install/moveit_ros_planning/include/moveit_ros_planning
[0.426s] -- Up-to-date: /home/moveit/install/moveit_ros_planning/include/moveit_ros_planning/moveit
[0.426s] -- Up-to-date: /home/moveit/install/moveit_ros_planning/include/moveit_ros_planning/moveit/robot_model_loader
[0.426s] -- Up-to-date: /home/moveit/install/moveit_ros_planning/include/moveit_ros_planning/moveit/robot_model_loader/robot_model_loader.h
[0.426s] -- Up-to-date: /home/moveit/install/moveit_ros_planning/include/moveit_ros_planning
[0.426s] -- Up-to-date: /home/moveit/install/moveit_ros_planning/include/moveit_ros_planning/moveit
[0.427s] -- Up-to-date: /home/moveit/install/moveit_ros_planning/include/moveit_ros_planning/moveit/trajectory_execution_manager
[0.427s] -- Up-to-date: /home/moveit/install/moveit_ros_planning/include/moveit_ros_planning/moveit/trajectory_execution_manager/trajectory_execution_manager.h
[0.427s] -- Up-to-date: /home/moveit/install/moveit_ros_planning/include/moveit_ros_planning/moveit_trajectory_execution_manager_export.h
[0.427s] -- Up-to-date: /home/moveit/install/moveit_ros_planning/lib/libmoveit_rdf_loader.so.2.9.0
[0.427s] -- Up-to-date: /home/moveit/install/moveit_ros_planning/lib/libmoveit_rdf_loader.so
[0.428s] -- Up-to-date: /home/moveit/install/moveit_ros_planning/lib/libmoveit_kinematics_plugin_loader.so.2.9.0
[0.428s] -- Up-to-date: /home/moveit/install/moveit_ros_planning/lib/libmoveit_kinematics_plugin_loader.so
[0.428s] -- Up-to-date: /home/moveit/install/moveit_ros_planning/lib/libmoveit_robot_model_loader.so.2.9.0
[0.429s] -- Up-to-date: /home/moveit/install/moveit_ros_planning/lib/libmoveit_robot_model_loader.so
[0.429s] -- Up-to-date: /home/moveit/install/moveit_ros_planning/lib/libmoveit_constraint_sampler_manager_loader.so.2.9.0
[0.429s] -- Up-to-date: /home/moveit/install/moveit_ros_planning/lib/libmoveit_constraint_sampler_manager_loader.so
[0.430s] -- Up-to-date: /home/moveit/install/moveit_ros_planning/lib/libmoveit_planning_pipeline.so.2.9.0
[0.430s] -- Up-to-date: /home/moveit/install/moveit_ros_planning/lib/libmoveit_planning_pipeline.so
[0.430s] -- Up-to-date: /home/moveit/install/moveit_ros_planning/lib/libmoveit_planning_pipeline_interfaces.so.2.9.0
[0.430s] -- Up-to-date: /home/moveit/install/moveit_ros_planning/lib/libmoveit_planning_pipeline_interfaces.so
[0.431s] -- Up-to-date: /home/moveit/install/moveit_ros_planning/lib/libmoveit_trajectory_execution_manager.so.2.9.0
[0.431s] -- Up-to-date: /home/moveit/install/moveit_ros_planning/lib/libmoveit_trajectory_execution_manager.so
[0.431s] -- Up-to-date: /home/moveit/install/moveit_ros_planning/lib/libmoveit_plan_execution.so.2.9.0
[0.432s] -- Up-to-date: /home/moveit/install/moveit_ros_planning/lib/libmoveit_plan_execution.so
[0.432s] -- Up-to-date: /home/moveit/install/moveit_ros_planning/lib/libmoveit_planning_scene_monitor.so.2.9.0
[0.432s] -- Up-to-date: /home/moveit/install/moveit_ros_planning/lib/libmoveit_planning_scene_monitor.so
[0.433s] -- Up-to-date: /home/moveit/install/moveit_ros_planning/lib/libmoveit_collision_plugin_loader.so.2.9.0
[0.433s] -- Up-to-date: /home/moveit/install/moveit_ros_planning/lib/libmoveit_collision_plugin_loader.so
[0.433s] -- Up-to-date: /home/moveit/install/moveit_ros_planning/lib/libmoveit_default_planning_request_adapter_plugins.so.2.9.0
[0.434s] -- Up-to-date: /home/moveit/install/moveit_ros_planning/lib/libmoveit_default_planning_request_adapter_plugins.so
[0.434s] -- Up-to-date: /home/moveit/install/moveit_ros_planning/lib/libmoveit_default_planning_response_adapter_plugins.so.2.9.0
[0.434s] -- Up-to-date: /home/moveit/install/moveit_ros_planning/lib/libmoveit_default_planning_response_adapter_plugins.so
[0.435s] -- Up-to-date: /home/moveit/install/moveit_ros_planning/lib/libmoveit_cpp.so.2.9.0
[0.435s] -- Up-to-date: /home/moveit/install/moveit_ros_planning/lib/libmoveit_cpp.so
[0.435s] -- Up-to-date: /home/moveit/install/moveit_ros_planning/share/moveit_ros_planning/environment/library_path.sh
[0.435s] -- Up-to-date: /home/moveit/install/moveit_ros_planning/share/moveit_ros_planning/environment/library_path.dsv
[0.435s] -- Up-to-date: /home/moveit/install/moveit_ros_planning/share/moveit_ros_planning/default_request_adapters_plugin_description.xml
[0.435s] -- Up-to-date: /home/moveit/install/moveit_ros_planning/share/moveit_ros_planning/default_response_adapters_plugin_description.xml
[0.435s] -- Up-to-date: /home/moveit/install/moveit_ros_planning/share/moveit_ros_planning/planning_pipeline_test_plugins_description.xml
[0.436s] -- Up-to-date: /home/moveit/install/moveit_ros_planning/share/ament_index/resource_index/package_run_dependencies/moveit_ros_planning
[0.436s] -- Up-to-date: /home/moveit/install/moveit_ros_planning/share/ament_index/resource_index/parent_prefix_path/moveit_ros_planning
[0.436s] -- Up-to-date: /home/moveit/install/moveit_ros_planning/share/moveit_ros_planning/environment/ament_prefix_path.sh
[0.436s] -- Up-to-date: /home/moveit/install/moveit_ros_planning/share/moveit_ros_planning/environment/ament_prefix_path.dsv
[0.436s] -- Up-to-date: /home/moveit/install/moveit_ros_planning/share/moveit_ros_planning/environment/path.sh
[0.436s] -- Up-to-date: /home/moveit/install/moveit_ros_planning/share/moveit_ros_planning/environment/path.dsv
[0.436s] -- Up-to-date: /home/moveit/install/moveit_ros_planning/share/moveit_ros_planning/local_setup.bash
[0.436s] -- Up-to-date: /home/moveit/install/moveit_ros_planning/share/moveit_ros_planning/local_setup.sh
[0.436s] -- Up-to-date: /home/moveit/install/moveit_ros_planning/share/moveit_ros_planning/local_setup.zsh
[0.437s] -- Up-to-date: /home/moveit/install/moveit_ros_planning/share/moveit_ros_planning/local_setup.dsv
[0.437s] -- Installing: /home/moveit/install/moveit_ros_planning/share/moveit_ros_planning/package.dsv
[0.437s] -- Up-to-date: /home/moveit/install/moveit_ros_planning/share/ament_index/resource_index/packages/moveit_ros_planning
[0.437s] -- Up-to-date: /home/moveit/install/moveit_ros_planning/share/ament_index/resource_index/moveit_core__pluginlib__plugin/moveit_ros_planning
[0.437s] -- Up-to-date: /home/moveit/install/moveit_ros_planning/share/moveit_ros_planning/cmake/moveit_ros_planningTargetsExport.cmake
[0.437s] -- Up-to-date: /home/moveit/install/moveit_ros_planning/share/moveit_ros_planning/cmake/moveit_ros_planningTargetsExport-release.cmake
[0.438s] -- Up-to-date: /home/moveit/install/moveit_ros_planning/share/moveit_ros_planning/cmake/ConfigExtras.cmake
[0.438s] -- Up-to-date: /home/moveit/install/moveit_ros_planning/share/moveit_ros_planning/cmake/ament_cmake_export_targets-extras.cmake
[0.438s] -- Up-to-date: /home/moveit/install/moveit_ros_planning/share/moveit_ros_planning/cmake/ament_cmake_export_dependencies-extras.cmake
[0.438s] -- Up-to-date: /home/moveit/install/moveit_ros_planning/share/moveit_ros_planning/cmake/moveit_ros_planningConfig.cmake
[0.438s] -- Up-to-date: /home/moveit/install/moveit_ros_planning/share/moveit_ros_planning/cmake/moveit_ros_planningConfig-version.cmake
[0.438s] -- Up-to-date: /home/moveit/install/moveit_ros_planning/share/moveit_ros_planning/package.xml
[0.445s] Invoked command in '/home/moveit/build/moveit_ros_planning' returned '0': AMENT_PREFIX_PATH=/home/moveit/install/moveit_ros_occupancy_map_monitor:/home/moveit/install/moveit_core:/home/moveit/install/moveit_resources_panda_moveit_config:/home/moveit/install/moveit_resources_panda_description:/home/moveit/install/moveit_msgs:/home/moveit/install/moveit_common:${AMENT_PREFIX_PATH} CMAKE_PREFIX_PATH=/home/moveit/install/moveit_ros_occupancy_map_monitor:/home/moveit/install/moveit_core:/home/moveit/install/moveit_resources_panda_moveit_config:/home/moveit/install/moveit_resources_panda_description:/home/moveit/install/moveit_msgs:/home/moveit/install/moveit_common:/opt/ros/humble LD_LIBRARY_PATH=/home/moveit/install/moveit_ros_occupancy_map_monitor/lib:/home/moveit/install/moveit_core/lib:/home/moveit/install/moveit_msgs/lib:${LD_LIBRARY_PATH} PATH=/home/moveit/install/moveit_core/bin:${PATH} PYTHONPATH=/home/moveit/install/moveit_msgs/local/lib/python3.10/dist-packages:${PYTHONPATH} /usr/bin/cmake --install /home/moveit/build/moveit_ros_planning
