[0.019s] Invoking command in '/home/moveit/build/moveit_kinematics': AMENT_PREFIX_PATH=/home/moveit/install/moveit_ros_planning:/home/moveit/install/moveit_ros_occupancy_map_monitor:/home/moveit/install/moveit_core:/home/moveit/install/moveit_resources_panda_moveit_config:/home/moveit/install/moveit_resources_fanuc_moveit_config:/home/moveit/install/moveit_resources_panda_description:/home/moveit/install/moveit_resources_fanuc_description:/home/moveit/install/moveit_msgs:/home/moveit/install/moveit_configs_utils:/home/moveit/install/moveit_common:${AMENT_PREFIX_PATH} CMAKE_PREFIX_PATH=/home/moveit/install/moveit_ros_planning:/home/moveit/install/moveit_ros_occupancy_map_monitor:/home/moveit/install/moveit_core:/home/moveit/install/moveit_resources_panda_moveit_config:/home/moveit/install/moveit_resources_fanuc_moveit_config:/home/moveit/install/moveit_resources_panda_description:/home/moveit/install/moveit_resources_fanuc_description:/home/moveit/install/moveit_msgs:/home/moveit/install/moveit_common:/opt/ros/humble LD_LIBRARY_PATH=/home/moveit/install/moveit_ros_planning/lib:/home/moveit/install/moveit_ros_occupancy_map_monitor/lib:/home/moveit/install/moveit_core/lib:/home/moveit/install/moveit_msgs/lib:${LD_LIBRARY_PATH} PATH=/home/moveit/install/moveit_core/bin:${PATH} PYTHONPATH=/home/moveit/install/moveit_msgs/local/lib/python3.10/dist-packages:/home/moveit/install/moveit_configs_utils/lib/python3.10/site-packages:${PYTHONPATH} /usr/bin/cmake --build /home/moveit/build/moveit_kinematics -- -j16 -l16
[0.086s] [35m[1mConsolidate compiler generated dependencies of target gtest_main[0m
[0.086s] [35m[1mConsolidate compiler generated dependencies of target gtest[0m
[0.088s] [35m[1mConsolidate compiler generated dependencies of target benchmark_ik[0m
[0.095s] [ 15%] Built target kdl_kinematics_parameters
[0.095s] [ 15%] Built target cached_ik_kinematics_parameters
[0.095s] [ 15%] Built target srv_kinematics_parameters
[0.099s] [ 25%] Built target gtest_main
[0.101s] [ 35%] Built target gtest
[0.107s] [35m[1mConsolidate compiler generated dependencies of target moveit_kdl_kinematics_plugin[0m
[0.110s] [35m[1mConsolidate compiler generated dependencies of target moveit_srv_kinematics_plugin[0m
[0.120s] [ 45%] Built target benchmark_ik
[0.135s] [ 65%] Built target moveit_srv_kinematics_plugin
[0.135s] [ 70%] Built target moveit_kdl_kinematics_plugin
[0.148s] [35m[1mConsolidate compiler generated dependencies of target test_kinematics_plugin[0m
[0.148s] [35m[1mConsolidate compiler generated dependencies of target moveit_cached_ik_kinematics_base[0m
[0.172s] [ 80%] Built target moveit_cached_ik_kinematics_base
[0.173s] [ 90%] Built target test_kinematics_plugin
[0.184s] [35m[1mConsolidate compiler generated dependencies of target moveit_cached_ik_kinematics_plugin[0m
[0.209s] [100%] Built target moveit_cached_ik_kinematics_plugin
[0.219s] Invoked command in '/home/moveit/build/moveit_kinematics' returned '0': AMENT_PREFIX_PATH=/home/moveit/install/moveit_ros_planning:/home/moveit/install/moveit_ros_occupancy_map_monitor:/home/moveit/install/moveit_core:/home/moveit/install/moveit_resources_panda_moveit_config:/home/moveit/install/moveit_resources_fanuc_moveit_config:/home/moveit/install/moveit_resources_panda_description:/home/moveit/install/moveit_resources_fanuc_description:/home/moveit/install/moveit_msgs:/home/moveit/install/moveit_configs_utils:/home/moveit/install/moveit_common:${AMENT_PREFIX_PATH} CMAKE_PREFIX_PATH=/home/moveit/install/moveit_ros_planning:/home/moveit/install/moveit_ros_occupancy_map_monitor:/home/moveit/install/moveit_core:/home/moveit/install/moveit_resources_panda_moveit_config:/home/moveit/install/moveit_resources_fanuc_moveit_config:/home/moveit/install/moveit_resources_panda_description:/home/moveit/install/moveit_resources_fanuc_description:/home/moveit/install/moveit_msgs:/home/moveit/install/moveit_common:/opt/ros/humble LD_LIBRARY_PATH=/home/moveit/install/moveit_ros_planning/lib:/home/moveit/install/moveit_ros_occupancy_map_monitor/lib:/home/moveit/install/moveit_core/lib:/home/moveit/install/moveit_msgs/lib:${LD_LIBRARY_PATH} PATH=/home/moveit/install/moveit_core/bin:${PATH} PYTHONPATH=/home/moveit/install/moveit_msgs/local/lib/python3.10/dist-packages:/home/moveit/install/moveit_configs_utils/lib/python3.10/site-packages:${PYTHONPATH} /usr/bin/cmake --build /home/moveit/build/moveit_kinematics -- -j16 -l16
[0.249s] Invoking command in '/home/moveit/build/moveit_kinematics': AMENT_PREFIX_PATH=/home/moveit/install/moveit_ros_planning:/home/moveit/install/moveit_ros_occupancy_map_monitor:/home/moveit/install/moveit_core:/home/moveit/install/moveit_resources_panda_moveit_config:/home/moveit/install/moveit_resources_fanuc_moveit_config:/home/moveit/install/moveit_resources_panda_description:/home/moveit/install/moveit_resources_fanuc_description:/home/moveit/install/moveit_msgs:/home/moveit/install/moveit_configs_utils:/home/moveit/install/moveit_common:${AMENT_PREFIX_PATH} CMAKE_PREFIX_PATH=/home/moveit/install/moveit_ros_planning:/home/moveit/install/moveit_ros_occupancy_map_monitor:/home/moveit/install/moveit_core:/home/moveit/install/moveit_resources_panda_moveit_config:/home/moveit/install/moveit_resources_fanuc_moveit_config:/home/moveit/install/moveit_resources_panda_description:/home/moveit/install/moveit_resources_fanuc_description:/home/moveit/install/moveit_msgs:/home/moveit/install/moveit_common:/opt/ros/humble LD_LIBRARY_PATH=/home/moveit/install/moveit_ros_planning/lib:/home/moveit/install/moveit_ros_occupancy_map_monitor/lib:/home/moveit/install/moveit_core/lib:/home/moveit/install/moveit_msgs/lib:${LD_LIBRARY_PATH} PATH=/home/moveit/install/moveit_core/bin:${PATH} PYTHONPATH=/home/moveit/install/moveit_msgs/local/lib/python3.10/dist-packages:/home/moveit/install/moveit_configs_utils/lib/python3.10/site-packages:${PYTHONPATH} /usr/bin/cmake --install /home/moveit/build/moveit_kinematics
[0.257s] -- Install configuration: "Release"
[0.257s] -- Up-to-date: /home/moveit/install/moveit_kinematics/share/moveit_kinematics/kdl_kinematics_plugin_description.xml
[0.257s] -- Up-to-date: /home/moveit/install/moveit_kinematics/share/moveit_kinematics/srv_kinematics_plugin_description.xml
[0.257s] -- Up-to-date: /home/moveit/install/moveit_kinematics/share/moveit_kinematics/cached_ik_kinematics_plugin_description.xml
[0.257s] -- Up-to-date: /home/moveit/install/moveit_kinematics/include/cached_ik_kinematics_parameters
[0.258s] -- Up-to-date: /home/moveit/install/moveit_kinematics/include/cached_ik_kinematics_parameters/cached_ik_kinematics_parameters.hpp
[0.258s] -- Up-to-date: /home/moveit/install/moveit_kinematics/include/moveit_kinematics
[0.258s] -- Up-to-date: /home/moveit/install/moveit_kinematics/include/moveit_kinematics/moveit
[0.258s] -- Up-to-date: /home/moveit/install/moveit_kinematics/include/moveit_kinematics/moveit/cached_ik_kinematics_plugin
[0.258s] -- Up-to-date: /home/moveit/install/moveit_kinematics/include/moveit_kinematics/moveit/cached_ik_kinematics_plugin/cached_ik_kinematics_plugin.h
[0.258s] -- Up-to-date: /home/moveit/install/moveit_kinematics/include/moveit_kinematics/moveit/cached_ik_kinematics_plugin/detail
[0.258s] -- Up-to-date: /home/moveit/install/moveit_kinematics/include/moveit_kinematics/moveit/cached_ik_kinematics_plugin/detail/GreedyKCenters.h
[0.258s] -- Up-to-date: /home/moveit/install/moveit_kinematics/include/moveit_kinematics/moveit/cached_ik_kinematics_plugin/detail/NearestNeighbors.h
[0.258s] -- Up-to-date: /home/moveit/install/moveit_kinematics/include/moveit_kinematics/moveit/cached_ik_kinematics_plugin/detail/NearestNeighborsGNAT.h
[0.258s] -- Up-to-date: /home/moveit/install/moveit_kinematics/include/moveit_kinematics/moveit/cached_ik_kinematics_plugin/cached_ik_kinematics_parameters.yaml
[0.258s] -- Up-to-date: /home/moveit/install/moveit_kinematics/include/moveit_kinematics/moveit/cached_ik_kinematics_plugin/cached_ik_kinematics_plugin-inl.h
[0.258s] -- Up-to-date: /home/moveit/install/moveit_kinematics/share/moveit_kinematics/launch
[0.258s] -- Up-to-date: /home/moveit/install/moveit_kinematics/share/moveit_kinematics/launch/measure_ik_call_cost.launch
[0.259s] -- Up-to-date: /home/moveit/install/moveit_kinematics/lib/moveit_kinematics/auto_create_ikfast_moveit_plugin.sh
[0.259s] -- Up-to-date: /home/moveit/install/moveit_kinematics/lib/moveit_kinematics/create_ikfast_moveit_plugin.py
[0.259s] -- Up-to-date: /home/moveit/install/moveit_kinematics/lib/moveit_kinematics/round_collada_numbers.py
[0.259s] -- Up-to-date: /home/moveit/install/moveit_kinematics/share/moveit_kinematics/ikfast_kinematics_plugin/templates
[0.260s] -- Up-to-date: /home/moveit/install/moveit_kinematics/share/moveit_kinematics/ikfast_kinematics_plugin/templates/ikfast61_moveit_plugin_template.cpp
[0.260s] -- Up-to-date: /home/moveit/install/moveit_kinematics/share/moveit_kinematics/ikfast_kinematics_plugin/templates/ikfast_kinematics_parameters.yaml
[0.260s] -- Up-to-date: /home/moveit/install/moveit_kinematics/share/moveit_kinematics/ikfast_kinematics_plugin/templates/ikfast.h
[0.260s] -- Up-to-date: /home/moveit/install/moveit_kinematics/share/moveit_kinematics/ikfast_kinematics_plugin/templates/CMakeLists.txt
[0.260s] -- Up-to-date: /home/moveit/install/moveit_kinematics/include/kdl_kinematics_parameters
[0.260s] -- Up-to-date: /home/moveit/install/moveit_kinematics/include/kdl_kinematics_parameters/kdl_kinematics_parameters.hpp
[0.260s] -- Up-to-date: /home/moveit/install/moveit_kinematics/include/moveit_kinematics
[0.260s] -- Up-to-date: /home/moveit/install/moveit_kinematics/include/moveit_kinematics/moveit
[0.260s] -- Up-to-date: /home/moveit/install/moveit_kinematics/include/moveit_kinematics/moveit/kdl_kinematics_plugin
[0.260s] -- Up-to-date: /home/moveit/install/moveit_kinematics/include/moveit_kinematics/moveit/kdl_kinematics_plugin/chainiksolver_vel_mimic_svd.hpp
[0.260s] -- Up-to-date: /home/moveit/install/moveit_kinematics/include/moveit_kinematics/moveit/kdl_kinematics_plugin/joint_mimic.hpp
[0.260s] -- Up-to-date: /home/moveit/install/moveit_kinematics/include/moveit_kinematics/moveit/kdl_kinematics_plugin/kdl_kinematics_plugin.h
[0.260s] -- Up-to-date: /home/moveit/install/moveit_kinematics/include/srv_kinematics_parameters
[0.261s] -- Up-to-date: /home/moveit/install/moveit_kinematics/include/srv_kinematics_parameters/srv_kinematics_parameters.hpp
[0.261s] -- Up-to-date: /home/moveit/install/moveit_kinematics/include/moveit_kinematics
[0.261s] -- Up-to-date: /home/moveit/install/moveit_kinematics/include/moveit_kinematics/moveit
[0.261s] -- Up-to-date: /home/moveit/install/moveit_kinematics/include/moveit_kinematics/moveit/srv_kinematics_plugin
[0.261s] -- Up-to-date: /home/moveit/install/moveit_kinematics/include/moveit_kinematics/moveit/srv_kinematics_plugin/srv_kinematics_plugin.h
[0.261s] -- Up-to-date: /home/moveit/install/moveit_kinematics/share/moveit_kinematics/config
[0.262s] -- Up-to-date: /home/moveit/install/moveit_kinematics/share/moveit_kinematics/config/panda-kdl-singular-test.yaml
[0.262s] -- Up-to-date: /home/moveit/install/moveit_kinematics/share/moveit_kinematics/config/fanuc-kdl-singular-test.yaml
[0.262s] -- Up-to-date: /home/moveit/install/moveit_kinematics/share/moveit_kinematics/config/panda-kdl-test.yaml
[0.262s] -- Up-to-date: /home/moveit/install/moveit_kinematics/share/moveit_kinematics/config/fanuc-kdl-test.yaml
[0.262s] -- Up-to-date: /home/moveit/install/moveit_kinematics/share/moveit_kinematics/launch
[0.262s] -- Up-to-date: /home/moveit/install/moveit_kinematics/share/moveit_kinematics/launch/fanuc-kdl-singular.test.py
[0.262s] -- Up-to-date: /home/moveit/install/moveit_kinematics/share/moveit_kinematics/launch/panda-kdl-singular.test.py
[0.262s] -- Up-to-date: /home/moveit/install/moveit_kinematics/share/moveit_kinematics/launch/fanuc-kdl.test.py
[0.262s] -- Up-to-date: /home/moveit/install/moveit_kinematics/share/moveit_kinematics/launch/panda-kdl.test.py
[0.262s] -- Up-to-date: /home/moveit/install/moveit_kinematics/lib/moveit_kinematics/benchmark_ik
[0.263s] -- Up-to-date: /home/moveit/install/moveit_kinematics/lib/moveit_kinematics/test_kinematics_plugin
[0.263s] -- Up-to-date: /home/moveit/install/moveit_kinematics/lib/libmoveit_cached_ik_kinematics_base.so.2.9.0
[0.264s] -- Up-to-date: /home/moveit/install/moveit_kinematics/lib/libmoveit_cached_ik_kinematics_base.so
[0.264s] -- Up-to-date: /home/moveit/install/moveit_kinematics/lib/libmoveit_cached_ik_kinematics_plugin.so.2.9.0
[0.264s] -- Up-to-date: /home/moveit/install/moveit_kinematics/lib/libmoveit_cached_ik_kinematics_plugin.so
[0.265s] -- Up-to-date: /home/moveit/install/moveit_kinematics/lib/libmoveit_kdl_kinematics_plugin.so
[0.265s] -- Up-to-date: /home/moveit/install/moveit_kinematics/lib/libmoveit_srv_kinematics_plugin.so.2.9.0
[0.265s] -- Up-to-date: /home/moveit/install/moveit_kinematics/lib/libmoveit_srv_kinematics_plugin.so
[0.266s] -- Up-to-date: /home/moveit/install/moveit_kinematics/share/moveit_kinematics/environment/library_path.sh
[0.266s] -- Up-to-date: /home/moveit/install/moveit_kinematics/share/moveit_kinematics/environment/library_path.dsv
[0.266s] -- Up-to-date: /home/moveit/install/moveit_kinematics/share/ament_index/resource_index/package_run_dependencies/moveit_kinematics
[0.266s] -- Up-to-date: /home/moveit/install/moveit_kinematics/share/ament_index/resource_index/parent_prefix_path/moveit_kinematics
[0.266s] -- Up-to-date: /home/moveit/install/moveit_kinematics/share/moveit_kinematics/environment/ament_prefix_path.sh
[0.266s] -- Up-to-date: /home/moveit/install/moveit_kinematics/share/moveit_kinematics/environment/ament_prefix_path.dsv
[0.266s] -- Up-to-date: /home/moveit/install/moveit_kinematics/share/moveit_kinematics/environment/path.sh
[0.266s] -- Up-to-date: /home/moveit/install/moveit_kinematics/share/moveit_kinematics/environment/path.dsv
[0.266s] -- Up-to-date: /home/moveit/install/moveit_kinematics/share/moveit_kinematics/local_setup.bash
[0.266s] -- Up-to-date: /home/moveit/install/moveit_kinematics/share/moveit_kinematics/local_setup.sh
[0.267s] -- Up-to-date: /home/moveit/install/moveit_kinematics/share/moveit_kinematics/local_setup.zsh
[0.267s] -- Up-to-date: /home/moveit/install/moveit_kinematics/share/moveit_kinematics/local_setup.dsv
[0.267s] -- Installing: /home/moveit/install/moveit_kinematics/share/moveit_kinematics/package.dsv
[0.267s] -- Up-to-date: /home/moveit/install/moveit_kinematics/share/ament_index/resource_index/packages/moveit_kinematics
[0.267s] -- Up-to-date: /home/moveit/install/moveit_kinematics/share/ament_index/resource_index/moveit_core__pluginlib__plugin/moveit_kinematics
[0.268s] -- Up-to-date: /home/moveit/install/moveit_kinematics/share/moveit_kinematics/cmake/moveit_kinematicsTargetsExport.cmake
[0.269s] -- Up-to-date: /home/moveit/install/moveit_kinematics/share/moveit_kinematics/cmake/moveit_kinematicsTargetsExport-release.cmake
[0.269s] -- Up-to-date: /home/moveit/install/moveit_kinematics/share/moveit_kinematics/cmake/ConfigExtras.cmake
[0.269s] -- Up-to-date: /home/moveit/install/moveit_kinematics/share/moveit_kinematics/cmake/ament_cmake_export_targets-extras.cmake
[0.269s] -- Up-to-date: /home/moveit/install/moveit_kinematics/share/moveit_kinematics/cmake/ament_cmake_export_dependencies-extras.cmake
[0.269s] -- Up-to-date: /home/moveit/install/moveit_kinematics/share/moveit_kinematics/cmake/moveit_kinematicsConfig.cmake
[0.269s] -- Up-to-date: /home/moveit/install/moveit_kinematics/share/moveit_kinematics/cmake/moveit_kinematicsConfig-version.cmake
[0.269s] -- Up-to-date: /home/moveit/install/moveit_kinematics/share/moveit_kinematics/package.xml
[0.271s] Invoked command in '/home/moveit/build/moveit_kinematics' returned '0': AMENT_PREFIX_PATH=/home/moveit/install/moveit_ros_planning:/home/moveit/install/moveit_ros_occupancy_map_monitor:/home/moveit/install/moveit_core:/home/moveit/install/moveit_resources_panda_moveit_config:/home/moveit/install/moveit_resources_fanuc_moveit_config:/home/moveit/install/moveit_resources_panda_description:/home/moveit/install/moveit_resources_fanuc_description:/home/moveit/install/moveit_msgs:/home/moveit/install/moveit_configs_utils:/home/moveit/install/moveit_common:${AMENT_PREFIX_PATH} CMAKE_PREFIX_PATH=/home/moveit/install/moveit_ros_planning:/home/moveit/install/moveit_ros_occupancy_map_monitor:/home/moveit/install/moveit_core:/home/moveit/install/moveit_resources_panda_moveit_config:/home/moveit/install/moveit_resources_fanuc_moveit_config:/home/moveit/install/moveit_resources_panda_description:/home/moveit/install/moveit_resources_fanuc_description:/home/moveit/install/moveit_msgs:/home/moveit/install/moveit_common:/opt/ros/humble LD_LIBRARY_PATH=/home/moveit/install/moveit_ros_planning/lib:/home/moveit/install/moveit_ros_occupancy_map_monitor/lib:/home/moveit/install/moveit_core/lib:/home/moveit/install/moveit_msgs/lib:${LD_LIBRARY_PATH} PATH=/home/moveit/install/moveit_core/bin:${PATH} PYTHONPATH=/home/moveit/install/moveit_msgs/local/lib/python3.10/dist-packages:/home/moveit/install/moveit_configs_utils/lib/python3.10/site-packages:${PYTHONPATH} /usr/bin/cmake --install /home/moveit/build/moveit_kinematics
