[0.049s] Invoking command in '/home/moveit/build/moveit_ros_visualization': CMAKE_PREFIX_PATH=/home/moveit/install/moveit_ros_planning_interface:/home/moveit/install/moveit_ros_move_group:/home/moveit/install/moveit_ros_warehouse:/home/moveit/install/moveit_ros_robot_interaction:/home/moveit/install/moveit_kinematics:/home/moveit/install/moveit_ros_planning:/home/moveit/install/moveit_ros_occupancy_map_monitor:/home/moveit/install/moveit_core:/home/moveit/install/moveit_msgs:/home/moveit/install/moveit_common:/home/humble_ws/install/antworker_moveit_description:/home/moveit/install/pilz_industrial_motion_planner_testutils:/home/moveit/install/moveit_runtime:/home/moveit/install/moveit:/home/moveit/install/moveit_planners:/home/moveit/install/pilz_industrial_motion_planner:/home/moveit/install/moveit_ros_control_interface:/home/moveit/install/moveit_plugins:/home/moveit/install/moveit_simple_controller_manager:/home/moveit/install/moveit_setup_assistant:/home/moveit/install/moveit_setup_srdf_plugins:/home/moveit/install/moveit_setup_core_plugins:/home/moveit/install/moveit_setup_controllers:/home/moveit/install/moveit_setup_app_plugins:/home/moveit/install/moveit_setup_framework:/home/moveit/install/moveit_servo:/home/moveit/install/moveit_ros:/home/moveit/install/moveit_ros_visualization:/home/moveit/install/moveit_py:/home/moveit/install/moveit_hybrid_planning:/home/moveit/install/moveit_ros_benchmarks:/home/moveit/install/moveit_ros_perception:/home/moveit/install/moveit_resources_prbt_pg70_support:/home/moveit/install/moveit_resources_prbt_moveit_config:/home/moveit/install/moveit_planners_ompl:/home/moveit/install/moveit_resources_prbt_support:/home/moveit/install/moveit_resources_prbt_ikfast_manipulator_plugin:/home/moveit/install/moveit_resources:/home/moveit/install/moveit_resources_pr2_description:/home/moveit/install/moveit_resources_panda_moveit_config:/home/moveit/install/dual_arm_panda_moveit_config:/home/moveit/install/moveit_resources_panda_description:/home/moveit/install/moveit_resources_fanuc_moveit_config:/home/moveit/install/moveit_resources_fanuc_description:/home/moveit/install/moveit_planners_stomp:/home/moveit/install/moveit_planners_chomp:/home/moveit/install/chomp_motion_planner:/home/humble_ws/install/moveit_rolling_humble_interface:/home/humble_ws/install/kortex_interface:/home/humble_ws/install/attempt_py_moveit:/home/humble_ws/install/antworker_navigation:/home/humble_ws/install/antworker_isaacsim_world:/home/humble_ws/install/antworker_description:/home/moveit/install/moveit_configs_utils:/opt/ros/humble LD_LIBRARY_PATH=/home/moveit/install/moveit_ros_planning_interface/lib:/home/moveit/install/moveit_ros_move_group/lib:/home/moveit/install/moveit_ros_warehouse/lib:/home/moveit/install/moveit_ros_robot_interaction/lib:/home/moveit/install/moveit_kinematics/lib:/home/moveit/install/moveit_ros_planning/lib:/home/moveit/install/moveit_ros_occupancy_map_monitor/lib:/home/moveit/install/moveit_core/lib:/home/moveit/install/moveit_msgs/lib:/home/moveit/install/pilz_industrial_motion_planner_testutils/lib:/home/moveit/install/pilz_industrial_motion_planner/lib:/home/moveit/install/moveit_ros_control_interface/lib:/home/moveit/install/moveit_simple_controller_manager/lib:/home/moveit/install/moveit_setup_assistant/lib:/home/moveit/install/moveit_setup_srdf_plugins/lib:/home/moveit/install/moveit_setup_core_plugins/lib:/home/moveit/install/moveit_setup_controllers/lib:/home/moveit/install/moveit_setup_app_plugins/lib:/home/moveit/install/moveit_setup_framework/lib:/home/moveit/install/moveit_servo/lib:/home/moveit/install/moveit_ros_visualization/lib:/home/moveit/install/moveit_py/lib:/home/moveit/install/moveit_hybrid_planning/lib:/home/moveit/install/moveit_ros_benchmarks/lib:/home/moveit/install/moveit_ros_perception/lib:/home/moveit/install/moveit_planners_ompl/lib:/home/moveit/install/moveit_resources_prbt_ikfast_manipulator_plugin/lib:/home/moveit/install/moveit_planners_stomp/lib:/home/moveit/install/moveit_planners_chomp/lib:/home/moveit/install/chomp_motion_planner/lib:/opt/ros/humble/opt/rviz_ogre_vendor/lib:/opt/ros/humble/lib/x86_64-linux-gnu:/opt/ros/humble/lib /usr/bin/cmake --build /home/moveit/build/moveit_ros_visualization -- -j16 -l16
[0.135s] [  1%] [34m[1mAutomatic MOC for target moveit_rviz_plugin_render_tools[0m
[0.170s] [  1%] Built target moveit_rviz_plugin_render_tools_autogen
[0.234s] [ 18%] Built target moveit_rviz_plugin_render_tools
[0.268s] [ 22%] [34m[1mAutomatic MOC for target moveit_planning_scene_rviz_plugin_core[0m
[0.268s] [ 22%] [34m[1mAutomatic MOC for target moveit_robot_state_rviz_plugin_core[0m
[0.302s] [ 22%] Built target moveit_robot_state_rviz_plugin_core_autogen
[0.302s] [ 22%] Built target moveit_planning_scene_rviz_plugin_core_autogen
[0.322s] [35m[1mConsolidate compiler generated dependencies of target moveit_robot_state_rviz_plugin_core[0m
[0.323s] [35m[1mConsolidate compiler generated dependencies of target moveit_planning_scene_rviz_plugin_core[0m
[0.374s] [ 27%] Built target moveit_robot_state_rviz_plugin_core
[0.390s] [ 34%] Built target moveit_planning_scene_rviz_plugin_core
[0.408s] [ 36%] [34m[1mAutomatic MOC for target moveit_robot_state_rviz_plugin[0m
[0.424s] [ 39%] [34m[1mAutomatic MOC for target moveit_trajectory_rviz_plugin_core[0m
[0.424s] [ 39%] [34m[1mAutomatic MOC for target moveit_planning_scene_rviz_plugin[0m
[0.440s] [ 39%] Built target moveit_robot_state_rviz_plugin_autogen
[0.458s] [ 39%] Built target moveit_planning_scene_rviz_plugin_autogen
[0.459s] [ 39%] Built target moveit_trajectory_rviz_plugin_core_autogen
[0.460s] [35m[1mConsolidate compiler generated dependencies of target moveit_robot_state_rviz_plugin[0m
[0.478s] [35m[1mConsolidate compiler generated dependencies of target moveit_planning_scene_rviz_plugin[0m
[0.479s] [35m[1mConsolidate compiler generated dependencies of target moveit_trajectory_rviz_plugin_core[0m
[0.507s] [ 44%] Built target moveit_robot_state_rviz_plugin
[0.533s] [ 50%] Built target moveit_trajectory_rviz_plugin_core
[0.534s] [ 55%] Built target moveit_planning_scene_rviz_plugin
[0.570s] [ 56%] [34m[1mAutomatic MOC for target moveit_trajectory_rviz_plugin[0m
[0.570s] [ 58%] [34m[1mAutomatic MOC for target moveit_motion_planning_rviz_plugin_core[0m
[0.604s] [ 58%] Built target moveit_trajectory_rviz_plugin_autogen
[0.614s] [ 58%] Built target moveit_motion_planning_rviz_plugin_core_autogen
[0.625s] [35m[1mConsolidate compiler generated dependencies of target moveit_trajectory_rviz_plugin[0m
[0.660s] [35m[1mConsolidate compiler generated dependencies of target moveit_motion_planning_rviz_plugin_core[0m
[0.670s] [ 63%] Built target moveit_trajectory_rviz_plugin
[0.837s] [ 93%] Built target moveit_motion_planning_rviz_plugin_core
[0.876s] [ 94%] [34m[1mAutomatic MOC for target moveit_motion_planning_rviz_plugin[0m
[0.913s] [ 94%] Built target moveit_motion_planning_rviz_plugin_autogen
[0.936s] [35m[1mConsolidate compiler generated dependencies of target moveit_motion_planning_rviz_plugin[0m
[0.999s] [100%] Built target moveit_motion_planning_rviz_plugin
[1.025s] Invoked command in '/home/moveit/build/moveit_ros_visualization' returned '0': CMAKE_PREFIX_PATH=/home/moveit/install/moveit_ros_planning_interface:/home/moveit/install/moveit_ros_move_group:/home/moveit/install/moveit_ros_warehouse:/home/moveit/install/moveit_ros_robot_interaction:/home/moveit/install/moveit_kinematics:/home/moveit/install/moveit_ros_planning:/home/moveit/install/moveit_ros_occupancy_map_monitor:/home/moveit/install/moveit_core:/home/moveit/install/moveit_msgs:/home/moveit/install/moveit_common:/home/humble_ws/install/antworker_moveit_description:/home/moveit/install/pilz_industrial_motion_planner_testutils:/home/moveit/install/moveit_runtime:/home/moveit/install/moveit:/home/moveit/install/moveit_planners:/home/moveit/install/pilz_industrial_motion_planner:/home/moveit/install/moveit_ros_control_interface:/home/moveit/install/moveit_plugins:/home/moveit/install/moveit_simple_controller_manager:/home/moveit/install/moveit_setup_assistant:/home/moveit/install/moveit_setup_srdf_plugins:/home/moveit/install/moveit_setup_core_plugins:/home/moveit/install/moveit_setup_controllers:/home/moveit/install/moveit_setup_app_plugins:/home/moveit/install/moveit_setup_framework:/home/moveit/install/moveit_servo:/home/moveit/install/moveit_ros:/home/moveit/install/moveit_ros_visualization:/home/moveit/install/moveit_py:/home/moveit/install/moveit_hybrid_planning:/home/moveit/install/moveit_ros_benchmarks:/home/moveit/install/moveit_ros_perception:/home/moveit/install/moveit_resources_prbt_pg70_support:/home/moveit/install/moveit_resources_prbt_moveit_config:/home/moveit/install/moveit_planners_ompl:/home/moveit/install/moveit_resources_prbt_support:/home/moveit/install/moveit_resources_prbt_ikfast_manipulator_plugin:/home/moveit/install/moveit_resources:/home/moveit/install/moveit_resources_pr2_description:/home/moveit/install/moveit_resources_panda_moveit_config:/home/moveit/install/dual_arm_panda_moveit_config:/home/moveit/install/moveit_resources_panda_description:/home/moveit/install/moveit_resources_fanuc_moveit_config:/home/moveit/install/moveit_resources_fanuc_description:/home/moveit/install/moveit_planners_stomp:/home/moveit/install/moveit_planners_chomp:/home/moveit/install/chomp_motion_planner:/home/humble_ws/install/moveit_rolling_humble_interface:/home/humble_ws/install/kortex_interface:/home/humble_ws/install/attempt_py_moveit:/home/humble_ws/install/antworker_navigation:/home/humble_ws/install/antworker_isaacsim_world:/home/humble_ws/install/antworker_description:/home/moveit/install/moveit_configs_utils:/opt/ros/humble LD_LIBRARY_PATH=/home/moveit/install/moveit_ros_planning_interface/lib:/home/moveit/install/moveit_ros_move_group/lib:/home/moveit/install/moveit_ros_warehouse/lib:/home/moveit/install/moveit_ros_robot_interaction/lib:/home/moveit/install/moveit_kinematics/lib:/home/moveit/install/moveit_ros_planning/lib:/home/moveit/install/moveit_ros_occupancy_map_monitor/lib:/home/moveit/install/moveit_core/lib:/home/moveit/install/moveit_msgs/lib:/home/moveit/install/pilz_industrial_motion_planner_testutils/lib:/home/moveit/install/pilz_industrial_motion_planner/lib:/home/moveit/install/moveit_ros_control_interface/lib:/home/moveit/install/moveit_simple_controller_manager/lib:/home/moveit/install/moveit_setup_assistant/lib:/home/moveit/install/moveit_setup_srdf_plugins/lib:/home/moveit/install/moveit_setup_core_plugins/lib:/home/moveit/install/moveit_setup_controllers/lib:/home/moveit/install/moveit_setup_app_plugins/lib:/home/moveit/install/moveit_setup_framework/lib:/home/moveit/install/moveit_servo/lib:/home/moveit/install/moveit_ros_visualization/lib:/home/moveit/install/moveit_py/lib:/home/moveit/install/moveit_hybrid_planning/lib:/home/moveit/install/moveit_ros_benchmarks/lib:/home/moveit/install/moveit_ros_perception/lib:/home/moveit/install/moveit_planners_ompl/lib:/home/moveit/install/moveit_resources_prbt_ikfast_manipulator_plugin/lib:/home/moveit/install/moveit_planners_stomp/lib:/home/moveit/install/moveit_planners_chomp/lib:/home/moveit/install/chomp_motion_planner/lib:/opt/ros/humble/opt/rviz_ogre_vendor/lib:/opt/ros/humble/lib/x86_64-linux-gnu:/opt/ros/humble/lib /usr/bin/cmake --build /home/moveit/build/moveit_ros_visualization -- -j16 -l16
[1.112s] Invoking command in '/home/moveit/build/moveit_ros_visualization': CMAKE_PREFIX_PATH=/home/moveit/install/moveit_ros_planning_interface:/home/moveit/install/moveit_ros_move_group:/home/moveit/install/moveit_ros_warehouse:/home/moveit/install/moveit_ros_robot_interaction:/home/moveit/install/moveit_kinematics:/home/moveit/install/moveit_ros_planning:/home/moveit/install/moveit_ros_occupancy_map_monitor:/home/moveit/install/moveit_core:/home/moveit/install/moveit_msgs:/home/moveit/install/moveit_common:/home/humble_ws/install/antworker_moveit_description:/home/moveit/install/pilz_industrial_motion_planner_testutils:/home/moveit/install/moveit_runtime:/home/moveit/install/moveit:/home/moveit/install/moveit_planners:/home/moveit/install/pilz_industrial_motion_planner:/home/moveit/install/moveit_ros_control_interface:/home/moveit/install/moveit_plugins:/home/moveit/install/moveit_simple_controller_manager:/home/moveit/install/moveit_setup_assistant:/home/moveit/install/moveit_setup_srdf_plugins:/home/moveit/install/moveit_setup_core_plugins:/home/moveit/install/moveit_setup_controllers:/home/moveit/install/moveit_setup_app_plugins:/home/moveit/install/moveit_setup_framework:/home/moveit/install/moveit_servo:/home/moveit/install/moveit_ros:/home/moveit/install/moveit_ros_visualization:/home/moveit/install/moveit_py:/home/moveit/install/moveit_hybrid_planning:/home/moveit/install/moveit_ros_benchmarks:/home/moveit/install/moveit_ros_perception:/home/moveit/install/moveit_resources_prbt_pg70_support:/home/moveit/install/moveit_resources_prbt_moveit_config:/home/moveit/install/moveit_planners_ompl:/home/moveit/install/moveit_resources_prbt_support:/home/moveit/install/moveit_resources_prbt_ikfast_manipulator_plugin:/home/moveit/install/moveit_resources:/home/moveit/install/moveit_resources_pr2_description:/home/moveit/install/moveit_resources_panda_moveit_config:/home/moveit/install/dual_arm_panda_moveit_config:/home/moveit/install/moveit_resources_panda_description:/home/moveit/install/moveit_resources_fanuc_moveit_config:/home/moveit/install/moveit_resources_fanuc_description:/home/moveit/install/moveit_planners_stomp:/home/moveit/install/moveit_planners_chomp:/home/moveit/install/chomp_motion_planner:/home/humble_ws/install/moveit_rolling_humble_interface:/home/humble_ws/install/kortex_interface:/home/humble_ws/install/attempt_py_moveit:/home/humble_ws/install/antworker_navigation:/home/humble_ws/install/antworker_isaacsim_world:/home/humble_ws/install/antworker_description:/home/moveit/install/moveit_configs_utils:/opt/ros/humble LD_LIBRARY_PATH=/home/moveit/install/moveit_ros_planning_interface/lib:/home/moveit/install/moveit_ros_move_group/lib:/home/moveit/install/moveit_ros_warehouse/lib:/home/moveit/install/moveit_ros_robot_interaction/lib:/home/moveit/install/moveit_kinematics/lib:/home/moveit/install/moveit_ros_planning/lib:/home/moveit/install/moveit_ros_occupancy_map_monitor/lib:/home/moveit/install/moveit_core/lib:/home/moveit/install/moveit_msgs/lib:/home/moveit/install/pilz_industrial_motion_planner_testutils/lib:/home/moveit/install/pilz_industrial_motion_planner/lib:/home/moveit/install/moveit_ros_control_interface/lib:/home/moveit/install/moveit_simple_controller_manager/lib:/home/moveit/install/moveit_setup_assistant/lib:/home/moveit/install/moveit_setup_srdf_plugins/lib:/home/moveit/install/moveit_setup_core_plugins/lib:/home/moveit/install/moveit_setup_controllers/lib:/home/moveit/install/moveit_setup_app_plugins/lib:/home/moveit/install/moveit_setup_framework/lib:/home/moveit/install/moveit_servo/lib:/home/moveit/install/moveit_ros_visualization/lib:/home/moveit/install/moveit_py/lib:/home/moveit/install/moveit_hybrid_planning/lib:/home/moveit/install/moveit_ros_benchmarks/lib:/home/moveit/install/moveit_ros_perception/lib:/home/moveit/install/moveit_planners_ompl/lib:/home/moveit/install/moveit_resources_prbt_ikfast_manipulator_plugin/lib:/home/moveit/install/moveit_planners_stomp/lib:/home/moveit/install/moveit_planners_chomp/lib:/home/moveit/install/chomp_motion_planner/lib:/opt/ros/humble/opt/rviz_ogre_vendor/lib:/opt/ros/humble/lib/x86_64-linux-gnu:/opt/ros/humble/lib /usr/bin/cmake --install /home/moveit/build/moveit_ros_visualization
[1.126s] -- Install configuration: "Release"
[1.126s] -- Up-to-date: /home/moveit/install/moveit_ros_visualization/include/moveit_ros_visualization
[1.127s] -- Up-to-date: /home/moveit/install/moveit_ros_visualization/include/moveit_ros_visualization/moveit
[1.127s] -- Up-to-date: /home/moveit/install/moveit_ros_visualization/include/moveit_ros_visualization/moveit/rviz_plugin_render_tools
[1.127s] -- Up-to-date: /home/moveit/install/moveit_ros_visualization/include/moveit_ros_visualization/moveit/rviz_plugin_render_tools/octomap_render.h
[1.127s] -- Up-to-date: /home/moveit/install/moveit_ros_visualization/include/moveit_ros_visualization/moveit/rviz_plugin_render_tools/render_shapes.h
[1.127s] -- Up-to-date: /home/moveit/install/moveit_ros_visualization/include/moveit_ros_visualization/moveit/rviz_plugin_render_tools/robot_state_visualization.h
[1.127s] -- Up-to-date: /home/moveit/install/moveit_ros_visualization/include/moveit_ros_visualization/moveit/rviz_plugin_render_tools/planning_scene_render.h
[1.127s] -- Up-to-date: /home/moveit/install/moveit_ros_visualization/include/moveit_ros_visualization/moveit/rviz_plugin_render_tools/trajectory_visualization.h
[1.127s] -- Up-to-date: /home/moveit/install/moveit_ros_visualization/include/moveit_ros_visualization/moveit/rviz_plugin_render_tools/trajectory_panel.h
[1.127s] -- Up-to-date: /home/moveit/install/moveit_ros_visualization/include/moveit_ros_visualization/moveit/rviz_plugin_render_tools/planning_link_updater.h
[1.127s] -- Up-to-date: /home/moveit/install/moveit_ros_visualization/include/moveit_ros_visualization/ogre_helpers
[1.128s] -- Up-to-date: /home/moveit/install/moveit_ros_visualization/include/moveit_ros_visualization/ogre_helpers/mesh_shape.hpp
[1.128s] -- Up-to-date: /home/moveit/install/moveit_ros_visualization/include/moveit_ros_visualization
[1.128s] -- Up-to-date: /home/moveit/install/moveit_ros_visualization/include/moveit_ros_visualization/moveit
[1.128s] -- Up-to-date: /home/moveit/install/moveit_ros_visualization/include/moveit_ros_visualization/moveit/robot_state_rviz_plugin
[1.128s] -- Up-to-date: /home/moveit/install/moveit_ros_visualization/include/moveit_ros_visualization/moveit/robot_state_rviz_plugin/robot_state_display.h
[1.128s] -- Up-to-date: /home/moveit/install/moveit_ros_visualization/include/moveit_ros_visualization
[1.128s] -- Up-to-date: /home/moveit/install/moveit_ros_visualization/include/moveit_ros_visualization/moveit
[1.128s] -- Up-to-date: /home/moveit/install/moveit_ros_visualization/include/moveit_ros_visualization/moveit/planning_scene_rviz_plugin
[1.128s] -- Up-to-date: /home/moveit/install/moveit_ros_visualization/include/moveit_ros_visualization/moveit/planning_scene_rviz_plugin/planning_scene_display.h
[1.129s] -- Up-to-date: /home/moveit/install/moveit_ros_visualization/include/moveit_ros_visualization/moveit/planning_scene_rviz_plugin/background_processing.hpp
[1.129s] -- Up-to-date: /home/moveit/install/moveit_ros_visualization/include/moveit_ros_visualization/moveit_planning_scene_rviz_plugin_core_export.h
[1.129s] -- Up-to-date: /home/moveit/install/moveit_ros_visualization/include/moveit_ros_visualization
[1.129s] -- Up-to-date: /home/moveit/install/moveit_ros_visualization/include/moveit_ros_visualization/moveit
[1.129s] -- Up-to-date: /home/moveit/install/moveit_ros_visualization/include/moveit_ros_visualization/moveit/motion_planning_rviz_plugin
[1.129s] -- Up-to-date: /home/moveit/install/moveit_ros_visualization/include/moveit_ros_visualization/moveit/motion_planning_rviz_plugin/motion_planning_param_widget.h
[1.129s] -- Up-to-date: /home/moveit/install/moveit_ros_visualization/include/moveit_ros_visualization/moveit/motion_planning_rviz_plugin/motion_planning_frame.h
[1.129s] -- Up-to-date: /home/moveit/install/moveit_ros_visualization/include/moveit_ros_visualization/moveit/motion_planning_rviz_plugin/motion_planning_frame_joints_widget.h
[1.130s] -- Up-to-date: /home/moveit/install/moveit_ros_visualization/include/moveit_ros_visualization/moveit/motion_planning_rviz_plugin/motion_planning_display.h
[1.130s] -- Up-to-date: /home/moveit/install/moveit_ros_visualization/include/moveit_ros_visualization/moveit/motion_planning_rviz_plugin/interactive_marker_display.h
[1.130s] -- Up-to-date: /home/moveit/install/moveit_ros_visualization/include/moveit_ros_visualization
[1.130s] -- Up-to-date: /home/moveit/install/moveit_ros_visualization/include/moveit_ros_visualization/moveit
[1.130s] -- Up-to-date: /home/moveit/install/moveit_ros_visualization/include/moveit_ros_visualization/moveit/trajectory_rviz_plugin
[1.130s] -- Up-to-date: /home/moveit/install/moveit_ros_visualization/include/moveit_ros_visualization/moveit/trajectory_rviz_plugin/trajectory_display.h
[1.130s] -- Up-to-date: /home/moveit/install/moveit_ros_visualization/share/moveit_ros_visualization/icons
[1.130s] -- Up-to-date: /home/moveit/install/moveit_ros_visualization/share/moveit_ros_visualization/icons/classes
[1.130s] -- Up-to-date: /home/moveit/install/moveit_ros_visualization/share/moveit_ros_visualization/icons/classes/RobotState.png
[1.131s] -- Up-to-date: /home/moveit/install/moveit_ros_visualization/share/moveit_ros_visualization/icons/classes/PlanningScene.png
[1.131s] -- Up-to-date: /home/moveit/install/moveit_ros_visualization/share/moveit_ros_visualization/icons/classes/Trajectory.png
[1.131s] -- Up-to-date: /home/moveit/install/moveit_ros_visualization/share/moveit_ros_visualization/icons/classes/MotionPlanning.png
[1.131s] -- Up-to-date: /home/moveit/install/moveit_ros_visualization/share/moveit_ros_visualization/motion_planning_rviz_plugin_description.xml
[1.131s] -- Up-to-date: /home/moveit/install/moveit_ros_visualization/share/moveit_ros_visualization/trajectory_rviz_plugin_description.xml
[1.131s] -- Up-to-date: /home/moveit/install/moveit_ros_visualization/share/moveit_ros_visualization/planning_scene_rviz_plugin_description.xml
[1.131s] -- Up-to-date: /home/moveit/install/moveit_ros_visualization/share/moveit_ros_visualization/robot_state_rviz_plugin_description.xml
[1.131s] -- Up-to-date: /home/moveit/install/moveit_ros_visualization/lib/libmoveit_motion_planning_rviz_plugin.so.2.9.0
[1.131s] -- Up-to-date: /home/moveit/install/moveit_ros_visualization/lib/libmoveit_motion_planning_rviz_plugin.so
[1.132s] -- Up-to-date: /home/moveit/install/moveit_ros_visualization/lib/libmoveit_motion_planning_rviz_plugin_core.so.2.9.0
[1.132s] -- Up-to-date: /home/moveit/install/moveit_ros_visualization/lib/libmoveit_motion_planning_rviz_plugin_core.so
[1.133s] -- Up-to-date: /home/moveit/install/moveit_ros_visualization/lib/libmoveit_planning_scene_rviz_plugin.so.2.9.0
[1.133s] -- Up-to-date: /home/moveit/install/moveit_ros_visualization/lib/libmoveit_planning_scene_rviz_plugin.so
[1.133s] -- Up-to-date: /home/moveit/install/moveit_ros_visualization/lib/libmoveit_planning_scene_rviz_plugin_core.so.2.9.0
[1.134s] -- Up-to-date: /home/moveit/install/moveit_ros_visualization/lib/libmoveit_planning_scene_rviz_plugin_core.so
[1.134s] -- Up-to-date: /home/moveit/install/moveit_ros_visualization/lib/libmoveit_robot_state_rviz_plugin.so.2.9.0
[1.134s] -- Up-to-date: /home/moveit/install/moveit_ros_visualization/lib/libmoveit_robot_state_rviz_plugin.so
[1.135s] -- Up-to-date: /home/moveit/install/moveit_ros_visualization/lib/libmoveit_robot_state_rviz_plugin_core.so.2.9.0
[1.135s] -- Up-to-date: /home/moveit/install/moveit_ros_visualization/lib/libmoveit_robot_state_rviz_plugin_core.so
[1.136s] -- Up-to-date: /home/moveit/install/moveit_ros_visualization/lib/libmoveit_rviz_plugin_render_tools.so.2.9.0
[1.136s] -- Up-to-date: /home/moveit/install/moveit_ros_visualization/lib/libmoveit_rviz_plugin_render_tools.so
[1.136s] -- Up-to-date: /home/moveit/install/moveit_ros_visualization/lib/libmoveit_trajectory_rviz_plugin.so.2.9.0
[1.137s] -- Up-to-date: /home/moveit/install/moveit_ros_visualization/lib/libmoveit_trajectory_rviz_plugin.so
[1.137s] -- Up-to-date: /home/moveit/install/moveit_ros_visualization/lib/libmoveit_trajectory_rviz_plugin_core.so.2.9.0
[1.137s] -- Up-to-date: /home/moveit/install/moveit_ros_visualization/lib/libmoveit_trajectory_rviz_plugin_core.so
[1.137s] -- Up-to-date: /home/moveit/install/moveit_ros_visualization/share/moveit_ros_visualization/environment/library_path.sh
[1.138s] -- Up-to-date: /home/moveit/install/moveit_ros_visualization/share/moveit_ros_visualization/environment/library_path.dsv
[1.138s] -- Up-to-date: /home/moveit/install/moveit_ros_visualization/share/ament_index/resource_index/package_run_dependencies/moveit_ros_visualization
[1.138s] -- Up-to-date: /home/moveit/install/moveit_ros_visualization/share/ament_index/resource_index/parent_prefix_path/moveit_ros_visualization
[1.138s] -- Up-to-date: /home/moveit/install/moveit_ros_visualization/share/moveit_ros_visualization/environment/ament_prefix_path.sh
[1.138s] -- Up-to-date: /home/moveit/install/moveit_ros_visualization/share/moveit_ros_visualization/environment/ament_prefix_path.dsv
[1.138s] -- Up-to-date: /home/moveit/install/moveit_ros_visualization/share/moveit_ros_visualization/environment/path.sh
[1.138s] -- Up-to-date: /home/moveit/install/moveit_ros_visualization/share/moveit_ros_visualization/environment/path.dsv
[1.138s] -- Up-to-date: /home/moveit/install/moveit_ros_visualization/share/moveit_ros_visualization/local_setup.bash
[1.138s] -- Up-to-date: /home/moveit/install/moveit_ros_visualization/share/moveit_ros_visualization/local_setup.sh
[1.138s] -- Up-to-date: /home/moveit/install/moveit_ros_visualization/share/moveit_ros_visualization/local_setup.zsh
[1.139s] -- Up-to-date: /home/moveit/install/moveit_ros_visualization/share/moveit_ros_visualization/local_setup.dsv
[1.139s] -- Installing: /home/moveit/install/moveit_ros_visualization/share/moveit_ros_visualization/package.dsv
[1.139s] -- Up-to-date: /home/moveit/install/moveit_ros_visualization/share/ament_index/resource_index/packages/moveit_ros_visualization
[1.139s] -- Up-to-date: /home/moveit/install/moveit_ros_visualization/share/ament_index/resource_index/rviz_common__pluginlib__plugin/moveit_ros_visualization
[1.139s] -- Up-to-date: /home/moveit/install/moveit_ros_visualization/share/moveit_ros_visualization/cmake/moveit_ros_visualizationTargetsExport.cmake
[1.139s] -- Up-to-date: /home/moveit/install/moveit_ros_visualization/share/moveit_ros_visualization/cmake/moveit_ros_visualizationTargetsExport-release.cmake
[1.139s] -- Up-to-date: /home/moveit/install/moveit_ros_visualization/share/moveit_ros_visualization/cmake/ConfigExtras.cmake
[1.140s] -- Up-to-date: /home/moveit/install/moveit_ros_visualization/share/moveit_ros_visualization/cmake/ament_cmake_export_targets-extras.cmake
[1.140s] -- Up-to-date: /home/moveit/install/moveit_ros_visualization/share/moveit_ros_visualization/cmake/ament_cmake_export_dependencies-extras.cmake
[1.140s] -- Up-to-date: /home/moveit/install/moveit_ros_visualization/share/moveit_ros_visualization/cmake/moveit_ros_visualizationConfig.cmake
[1.140s] -- Up-to-date: /home/moveit/install/moveit_ros_visualization/share/moveit_ros_visualization/cmake/moveit_ros_visualizationConfig-version.cmake
[1.140s] -- Up-to-date: /home/moveit/install/moveit_ros_visualization/share/moveit_ros_visualization/package.xml
[1.144s] Invoked command in '/home/moveit/build/moveit_ros_visualization' returned '0': CMAKE_PREFIX_PATH=/home/moveit/install/moveit_ros_planning_interface:/home/moveit/install/moveit_ros_move_group:/home/moveit/install/moveit_ros_warehouse:/home/moveit/install/moveit_ros_robot_interaction:/home/moveit/install/moveit_kinematics:/home/moveit/install/moveit_ros_planning:/home/moveit/install/moveit_ros_occupancy_map_monitor:/home/moveit/install/moveit_core:/home/moveit/install/moveit_msgs:/home/moveit/install/moveit_common:/home/humble_ws/install/antworker_moveit_description:/home/moveit/install/pilz_industrial_motion_planner_testutils:/home/moveit/install/moveit_runtime:/home/moveit/install/moveit:/home/moveit/install/moveit_planners:/home/moveit/install/pilz_industrial_motion_planner:/home/moveit/install/moveit_ros_control_interface:/home/moveit/install/moveit_plugins:/home/moveit/install/moveit_simple_controller_manager:/home/moveit/install/moveit_setup_assistant:/home/moveit/install/moveit_setup_srdf_plugins:/home/moveit/install/moveit_setup_core_plugins:/home/moveit/install/moveit_setup_controllers:/home/moveit/install/moveit_setup_app_plugins:/home/moveit/install/moveit_setup_framework:/home/moveit/install/moveit_servo:/home/moveit/install/moveit_ros:/home/moveit/install/moveit_ros_visualization:/home/moveit/install/moveit_py:/home/moveit/install/moveit_hybrid_planning:/home/moveit/install/moveit_ros_benchmarks:/home/moveit/install/moveit_ros_perception:/home/moveit/install/moveit_resources_prbt_pg70_support:/home/moveit/install/moveit_resources_prbt_moveit_config:/home/moveit/install/moveit_planners_ompl:/home/moveit/install/moveit_resources_prbt_support:/home/moveit/install/moveit_resources_prbt_ikfast_manipulator_plugin:/home/moveit/install/moveit_resources:/home/moveit/install/moveit_resources_pr2_description:/home/moveit/install/moveit_resources_panda_moveit_config:/home/moveit/install/dual_arm_panda_moveit_config:/home/moveit/install/moveit_resources_panda_description:/home/moveit/install/moveit_resources_fanuc_moveit_config:/home/moveit/install/moveit_resources_fanuc_description:/home/moveit/install/moveit_planners_stomp:/home/moveit/install/moveit_planners_chomp:/home/moveit/install/chomp_motion_planner:/home/humble_ws/install/moveit_rolling_humble_interface:/home/humble_ws/install/kortex_interface:/home/humble_ws/install/attempt_py_moveit:/home/humble_ws/install/antworker_navigation:/home/humble_ws/install/antworker_isaacsim_world:/home/humble_ws/install/antworker_description:/home/moveit/install/moveit_configs_utils:/opt/ros/humble LD_LIBRARY_PATH=/home/moveit/install/moveit_ros_planning_interface/lib:/home/moveit/install/moveit_ros_move_group/lib:/home/moveit/install/moveit_ros_warehouse/lib:/home/moveit/install/moveit_ros_robot_interaction/lib:/home/moveit/install/moveit_kinematics/lib:/home/moveit/install/moveit_ros_planning/lib:/home/moveit/install/moveit_ros_occupancy_map_monitor/lib:/home/moveit/install/moveit_core/lib:/home/moveit/install/moveit_msgs/lib:/home/moveit/install/pilz_industrial_motion_planner_testutils/lib:/home/moveit/install/pilz_industrial_motion_planner/lib:/home/moveit/install/moveit_ros_control_interface/lib:/home/moveit/install/moveit_simple_controller_manager/lib:/home/moveit/install/moveit_setup_assistant/lib:/home/moveit/install/moveit_setup_srdf_plugins/lib:/home/moveit/install/moveit_setup_core_plugins/lib:/home/moveit/install/moveit_setup_controllers/lib:/home/moveit/install/moveit_setup_app_plugins/lib:/home/moveit/install/moveit_setup_framework/lib:/home/moveit/install/moveit_servo/lib:/home/moveit/install/moveit_ros_visualization/lib:/home/moveit/install/moveit_py/lib:/home/moveit/install/moveit_hybrid_planning/lib:/home/moveit/install/moveit_ros_benchmarks/lib:/home/moveit/install/moveit_ros_perception/lib:/home/moveit/install/moveit_planners_ompl/lib:/home/moveit/install/moveit_resources_prbt_ikfast_manipulator_plugin/lib:/home/moveit/install/moveit_planners_stomp/lib:/home/moveit/install/moveit_planners_chomp/lib:/home/moveit/install/chomp_motion_planner/lib:/opt/ros/humble/opt/rviz_ogre_vendor/lib:/opt/ros/humble/lib/x86_64-linux-gnu:/opt/ros/humble/lib /usr/bin/cmake --install /home/moveit/build/moveit_ros_visualization
