[0.005s] Invoking command in '/home/moveit/build/moveit_resources_fanuc_description': CMAKE_PREFIX_PATH=/opt/ros/humble /usr/bin/cmake /home/moveit/src/moveit_resources/fanuc_description -DCMAKE_BUILD_TYPE=Release -DCMAKE_INSTALL_PREFIX=/home/moveit/install/moveit_resources_fanuc_description
[0.050s] -- The C compiler identification is GNU 11.4.0
[0.095s] -- The CXX compiler identification is GNU 11.4.0
[0.101s] -- Detecting C compiler ABI info
[0.161s] -- Detecting C compiler ABI info - done
[0.166s] -- Check for working C compiler: /usr/bin/cc - skipped
[0.166s] -- Detecting C compile features
[0.166s] -- Detecting C compile features - done
[0.168s] -- Detecting CXX compiler ABI info
[0.236s] -- Detecting CXX compiler ABI info - done
[0.241s] -- Check for working CXX compiler: /usr/bin/c++ - skipped
[0.241s] -- Detecting CXX compile features
[0.242s] -- Detecting CXX compile features - done
[0.245s] -- Found ament_cmake: 1.3.9 (/opt/ros/humble/share/ament_cmake/cmake)
[0.363s] -- Found Python3: /usr/bin/python3 (found version "3.10.12") found components: Interpreter 
[0.517s] -- Configuring done
[0.520s] -- Generating done
[0.520s] -- Build files have been written to: /home/moveit/build/moveit_resources_fanuc_description
[0.524s] Invoked command in '/home/moveit/build/moveit_resources_fanuc_description' returned '0': CMAKE_PREFIX_PATH=/opt/ros/humble /usr/bin/cmake /home/moveit/src/moveit_resources/fanuc_description -DCMAKE_BUILD_TYPE=Release -DCMAKE_INSTALL_PREFIX=/home/moveit/install/moveit_resources_fanuc_description
[0.525s] Invoking command in '/home/moveit/build/moveit_resources_fanuc_description': CMAKE_PREFIX_PATH=/opt/ros/humble /usr/bin/cmake --build /home/moveit/build/moveit_resources_fanuc_description -- -j16 -l16
[0.561s] Invoked command in '/home/moveit/build/moveit_resources_fanuc_description' returned '0': CMAKE_PREFIX_PATH=/opt/ros/humble /usr/bin/cmake --build /home/moveit/build/moveit_resources_fanuc_description -- -j16 -l16
[0.584s] Invoking command in '/home/moveit/build/moveit_resources_fanuc_description': CMAKE_PREFIX_PATH=/opt/ros/humble /usr/bin/cmake --install /home/moveit/build/moveit_resources_fanuc_description
[0.589s] -- Install configuration: "Release"
[0.590s] -- Installing: /home/moveit/install/moveit_resources_fanuc_description/share/ament_index/resource_index/package_run_dependencies/moveit_resources_fanuc_description
[0.590s] -- Installing: /home/moveit/install/moveit_resources_fanuc_description/share/ament_index/resource_index/parent_prefix_path/moveit_resources_fanuc_description
[0.590s] -- Installing: /home/moveit/install/moveit_resources_fanuc_description/share/moveit_resources_fanuc_description/environment/ament_prefix_path.sh
[0.590s] -- Installing: /home/moveit/install/moveit_resources_fanuc_description/share/moveit_resources_fanuc_description/environment/ament_prefix_path.dsv
[0.590s] -- Installing: /home/moveit/install/moveit_resources_fanuc_description/share/moveit_resources_fanuc_description/environment/path.sh
[0.591s] -- Installing: /home/moveit/install/moveit_resources_fanuc_description/share/moveit_resources_fanuc_description/environment/path.dsv
[0.591s] -- Installing: /home/moveit/install/moveit_resources_fanuc_description/share/moveit_resources_fanuc_description/local_setup.bash
[0.591s] -- Installing: /home/moveit/install/moveit_resources_fanuc_description/share/moveit_resources_fanuc_description/local_setup.sh
[0.591s] -- Installing: /home/moveit/install/moveit_resources_fanuc_description/share/moveit_resources_fanuc_description/local_setup.zsh
[0.591s] -- Installing: /home/moveit/install/moveit_resources_fanuc_description/share/moveit_resources_fanuc_description/local_setup.dsv
[0.591s] -- Installing: /home/moveit/install/moveit_resources_fanuc_description/share/moveit_resources_fanuc_description/package.dsv
[0.591s] -- Installing: /home/moveit/install/moveit_resources_fanuc_description/share/ament_index/resource_index/packages/moveit_resources_fanuc_description
[0.592s] -- Installing: /home/moveit/install/moveit_resources_fanuc_description/share/moveit_resources_fanuc_description/cmake/moveit_resources_fanuc_descriptionConfig.cmake
[0.592s] -- Installing: /home/moveit/install/moveit_resources_fanuc_description/share/moveit_resources_fanuc_description/cmake/moveit_resources_fanuc_descriptionConfig-version.cmake
[0.592s] -- Installing: /home/moveit/install/moveit_resources_fanuc_description/share/moveit_resources_fanuc_description/package.xml
[0.592s] -- Installing: /home/moveit/install/moveit_resources_fanuc_description/share/moveit_resources_fanuc_description/meshes
[0.592s] -- Installing: /home/moveit/install/moveit_resources_fanuc_description/share/moveit_resources_fanuc_description/meshes/visual
[0.592s] -- Installing: /home/moveit/install/moveit_resources_fanuc_description/share/moveit_resources_fanuc_description/meshes/visual/link_2.stl
[0.592s] -- Installing: /home/moveit/install/moveit_resources_fanuc_description/share/moveit_resources_fanuc_description/meshes/visual/base_link.stl
[0.592s] -- Installing: /home/moveit/install/moveit_resources_fanuc_description/share/moveit_resources_fanuc_description/meshes/visual/link_6.stl
[0.593s] -- Installing: /home/moveit/install/moveit_resources_fanuc_description/share/moveit_resources_fanuc_description/meshes/visual/link_3.stl
[0.593s] -- Installing: /home/moveit/install/moveit_resources_fanuc_description/share/moveit_resources_fanuc_description/meshes/visual/link_1.stl
[0.593s] -- Installing: /home/moveit/install/moveit_resources_fanuc_description/share/moveit_resources_fanuc_description/meshes/visual/link_5.stl
[0.593s] -- Installing: /home/moveit/install/moveit_resources_fanuc_description/share/moveit_resources_fanuc_description/meshes/visual/link_4.stl
[0.593s] -- Installing: /home/moveit/install/moveit_resources_fanuc_description/share/moveit_resources_fanuc_description/meshes/collision
[0.593s] -- Installing: /home/moveit/install/moveit_resources_fanuc_description/share/moveit_resources_fanuc_description/meshes/collision/link_2.stl
[0.594s] -- Installing: /home/moveit/install/moveit_resources_fanuc_description/share/moveit_resources_fanuc_description/meshes/collision/base_link.stl
[0.594s] -- Installing: /home/moveit/install/moveit_resources_fanuc_description/share/moveit_resources_fanuc_description/meshes/collision/link_6.stl
[0.594s] -- Installing: /home/moveit/install/moveit_resources_fanuc_description/share/moveit_resources_fanuc_description/meshes/collision/link_3.stl
[0.594s] -- Installing: /home/moveit/install/moveit_resources_fanuc_description/share/moveit_resources_fanuc_description/meshes/collision/link_1.stl
[0.594s] -- Installing: /home/moveit/install/moveit_resources_fanuc_description/share/moveit_resources_fanuc_description/meshes/collision/link_5.stl
[0.594s] -- Installing: /home/moveit/install/moveit_resources_fanuc_description/share/moveit_resources_fanuc_description/meshes/collision/link_4.stl
[0.595s] -- Installing: /home/moveit/install/moveit_resources_fanuc_description/share/moveit_resources_fanuc_description/urdf
[0.595s] -- Installing: /home/moveit/install/moveit_resources_fanuc_description/share/moveit_resources_fanuc_description/urdf/fanuc.urdf
[0.596s] Invoked command in '/home/moveit/build/moveit_resources_fanuc_description' returned '0': CMAKE_PREFIX_PATH=/opt/ros/humble /usr/bin/cmake --install /home/moveit/build/moveit_resources_fanuc_description
