[0.005s] Invoking command in '/home/moveit/build/moveit_resources_panda_description': CMAKE_PREFIX_PATH=/opt/ros/humble /usr/bin/cmake /home/moveit/src/moveit_resources/panda_description -DCMAKE_BUILD_TYPE=Release -DCMAKE_INSTALL_PREFIX=/home/moveit/install/moveit_resources_panda_description
[0.050s] -- The C compiler identification is GNU 11.4.0
[0.094s] -- The CXX compiler identification is GNU 11.4.0
[0.101s] -- Detecting C compiler ABI info
[0.161s] -- Detecting C compiler ABI info - done
[0.167s] -- Check for working C compiler: /usr/bin/cc - skipped
[0.167s] -- Detecting C compile features
[0.167s] -- Detecting C compile features - done
[0.170s] -- Detecting CXX compiler ABI info
[0.239s] -- Detecting CXX compiler ABI info - done
[0.244s] -- Check for working CXX compiler: /usr/bin/c++ - skipped
[0.244s] -- Detecting CXX compile features
[0.244s] -- Detecting CXX compile features - done
[0.248s] -- Found ament_cmake: 1.3.9 (/opt/ros/humble/share/ament_cmake/cmake)
[0.363s] -- Found Python3: /usr/bin/python3 (found version "3.10.12") found components: Interpreter 
[0.495s] -- Configuring done
[0.498s] -- Generating done
[0.499s] -- Build files have been written to: /home/moveit/build/moveit_resources_panda_description
[0.503s] Invoked command in '/home/moveit/build/moveit_resources_panda_description' returned '0': CMAKE_PREFIX_PATH=/opt/ros/humble /usr/bin/cmake /home/moveit/src/moveit_resources/panda_description -DCMAKE_BUILD_TYPE=Release -DCMAKE_INSTALL_PREFIX=/home/moveit/install/moveit_resources_panda_description
[0.504s] Invoking command in '/home/moveit/build/moveit_resources_panda_description': CMAKE_PREFIX_PATH=/opt/ros/humble /usr/bin/cmake --build /home/moveit/build/moveit_resources_panda_description -- -j16 -l16
[0.538s] Invoked command in '/home/moveit/build/moveit_resources_panda_description' returned '0': CMAKE_PREFIX_PATH=/opt/ros/humble /usr/bin/cmake --build /home/moveit/build/moveit_resources_panda_description -- -j16 -l16
[0.559s] Invoking command in '/home/moveit/build/moveit_resources_panda_description': CMAKE_PREFIX_PATH=/opt/ros/humble /usr/bin/cmake --install /home/moveit/build/moveit_resources_panda_description
[0.565s] -- Install configuration: "Release"
[0.565s] -- Installing: /home/moveit/install/moveit_resources_panda_description/share/ament_index/resource_index/package_run_dependencies/moveit_resources_panda_description
[0.565s] -- Installing: /home/moveit/install/moveit_resources_panda_description/share/ament_index/resource_index/parent_prefix_path/moveit_resources_panda_description
[0.565s] -- Installing: /home/moveit/install/moveit_resources_panda_description/share/moveit_resources_panda_description/environment/ament_prefix_path.sh
[0.566s] -- Installing: /home/moveit/install/moveit_resources_panda_description/share/moveit_resources_panda_description/environment/ament_prefix_path.dsv
[0.566s] -- Installing: /home/moveit/install/moveit_resources_panda_description/share/moveit_resources_panda_description/environment/path.sh
[0.566s] -- Installing: /home/moveit/install/moveit_resources_panda_description/share/moveit_resources_panda_description/environment/path.dsv
[0.566s] -- Installing: /home/moveit/install/moveit_resources_panda_description/share/moveit_resources_panda_description/local_setup.bash
[0.566s] -- Installing: /home/moveit/install/moveit_resources_panda_description/share/moveit_resources_panda_description/local_setup.sh
[0.566s] -- Installing: /home/moveit/install/moveit_resources_panda_description/share/moveit_resources_panda_description/local_setup.zsh
[0.566s] -- Installing: /home/moveit/install/moveit_resources_panda_description/share/moveit_resources_panda_description/local_setup.dsv
[0.567s] -- Installing: /home/moveit/install/moveit_resources_panda_description/share/moveit_resources_panda_description/package.dsv
[0.567s] -- Installing: /home/moveit/install/moveit_resources_panda_description/share/ament_index/resource_index/packages/moveit_resources_panda_description
[0.567s] -- Installing: /home/moveit/install/moveit_resources_panda_description/share/moveit_resources_panda_description/cmake/moveit_resources_panda_descriptionConfig.cmake
[0.567s] -- Installing: /home/moveit/install/moveit_resources_panda_description/share/moveit_resources_panda_description/cmake/moveit_resources_panda_descriptionConfig-version.cmake
[0.567s] -- Installing: /home/moveit/install/moveit_resources_panda_description/share/moveit_resources_panda_description/package.xml
[0.567s] -- Installing: /home/moveit/install/moveit_resources_panda_description/share/moveit_resources_panda_description/meshes
[0.567s] -- Installing: /home/moveit/install/moveit_resources_panda_description/share/moveit_resources_panda_description/meshes/visual
[0.567s] -- Installing: /home/moveit/install/moveit_resources_panda_description/share/moveit_resources_panda_description/meshes/visual/link5.dae
[0.569s] -- Installing: /home/moveit/install/moveit_resources_panda_description/share/moveit_resources_panda_description/meshes/visual/finger.dae
[0.570s] -- Installing: /home/moveit/install/moveit_resources_panda_description/share/moveit_resources_panda_description/meshes/visual/hand.dae
[0.570s] -- Installing: /home/moveit/install/moveit_resources_panda_description/share/moveit_resources_panda_description/meshes/visual/link3.dae
[0.572s] -- Installing: /home/moveit/install/moveit_resources_panda_description/share/moveit_resources_panda_description/meshes/visual/link1.dae
[0.573s] -- Installing: /home/moveit/install/moveit_resources_panda_description/share/moveit_resources_panda_description/meshes/visual/link7.dae
[0.574s] -- Installing: /home/moveit/install/moveit_resources_panda_description/share/moveit_resources_panda_description/meshes/visual/link0.dae
[0.576s] -- Installing: /home/moveit/install/moveit_resources_panda_description/share/moveit_resources_panda_description/meshes/visual/link4.dae
[0.578s] -- Installing: /home/moveit/install/moveit_resources_panda_description/share/moveit_resources_panda_description/meshes/visual/link6.dae
[0.580s] -- Installing: /home/moveit/install/moveit_resources_panda_description/share/moveit_resources_panda_description/meshes/visual/link2.dae
[0.581s] -- Installing: /home/moveit/install/moveit_resources_panda_description/share/moveit_resources_panda_description/meshes/collision
[0.582s] -- Installing: /home/moveit/install/moveit_resources_panda_description/share/moveit_resources_panda_description/meshes/collision/link7.stl
[0.582s] -- Installing: /home/moveit/install/moveit_resources_panda_description/share/moveit_resources_panda_description/meshes/collision/link4.stl
[0.582s] -- Installing: /home/moveit/install/moveit_resources_panda_description/share/moveit_resources_panda_description/meshes/collision/link2.stl
[0.582s] -- Installing: /home/moveit/install/moveit_resources_panda_description/share/moveit_resources_panda_description/meshes/collision/hand.stl
[0.582s] -- Installing: /home/moveit/install/moveit_resources_panda_description/share/moveit_resources_panda_description/meshes/collision/finger.stl
[0.582s] -- Installing: /home/moveit/install/moveit_resources_panda_description/share/moveit_resources_panda_description/meshes/collision/link5.stl
[0.582s] -- Installing: /home/moveit/install/moveit_resources_panda_description/share/moveit_resources_panda_description/meshes/collision/link0.stl
[0.582s] -- Installing: /home/moveit/install/moveit_resources_panda_description/share/moveit_resources_panda_description/meshes/collision/link3.stl
[0.583s] -- Installing: /home/moveit/install/moveit_resources_panda_description/share/moveit_resources_panda_description/meshes/collision/link6.stl
[0.583s] -- Installing: /home/moveit/install/moveit_resources_panda_description/share/moveit_resources_panda_description/meshes/collision/link1.stl
[0.583s] -- Installing: /home/moveit/install/moveit_resources_panda_description/share/moveit_resources_panda_description/urdf
[0.583s] -- Installing: /home/moveit/install/moveit_resources_panda_description/share/moveit_resources_panda_description/urdf/panda.urdf
[0.583s] -- Installing: /home/moveit/install/moveit_resources_panda_description/share/moveit_resources_panda_description/urdf/panda.urdf.xacro
[0.585s] Invoked command in '/home/moveit/build/moveit_resources_panda_description' returned '0': CMAKE_PREFIX_PATH=/opt/ros/humble /usr/bin/cmake --install /home/moveit/build/moveit_resources_panda_description
