[0.012s] Invoking command in '/home/moveit/build/moveit_planners_stomp': AMENT_PREFIX_PATH=/home/moveit/install/moveit_core:/home/moveit/install/moveit_msgs:/home/moveit/install/moveit_common:${AMENT_PREFIX_PATH} CMAKE_PREFIX_PATH=/home/moveit/install/moveit_core:/home/moveit/install/moveit_msgs:/home/moveit/install/moveit_common:/opt/ros/humble LD_LIBRARY_PATH=/home/moveit/install/moveit_core/lib:/home/moveit/install/moveit_msgs/lib:${LD_LIBRARY_PATH} PATH=/home/moveit/install/moveit_core/bin:${PATH} PYTHONPATH=/home/moveit/install/moveit_msgs/local/lib/python3.10/dist-packages:${PYTHONPATH} /usr/bin/cmake --build /home/moveit/build/moveit_planners_stomp -- -j16 -l16
[0.064s] [ 25%] Built target stomp_moveit_parameters
[0.098s] [100%] Built target stomp_moveit_plugin
[0.107s] Invoked command in '/home/moveit/build/moveit_planners_stomp' returned '0': AMENT_PREFIX_PATH=/home/moveit/install/moveit_core:/home/moveit/install/moveit_msgs:/home/moveit/install/moveit_common:${AMENT_PREFIX_PATH} CMAKE_PREFIX_PATH=/home/moveit/install/moveit_core:/home/moveit/install/moveit_msgs:/home/moveit/install/moveit_common:/opt/ros/humble LD_LIBRARY_PATH=/home/moveit/install/moveit_core/lib:/home/moveit/install/moveit_msgs/lib:${LD_LIBRARY_PATH} PATH=/home/moveit/install/moveit_core/bin:${PATH} PYTHONPATH=/home/moveit/install/moveit_msgs/local/lib/python3.10/dist-packages:${PYTHONPATH} /usr/bin/cmake --build /home/moveit/build/moveit_planners_stomp -- -j16 -l16
[0.134s] Invoking command in '/home/moveit/build/moveit_planners_stomp': AMENT_PREFIX_PATH=/home/moveit/install/moveit_core:/home/moveit/install/moveit_msgs:/home/moveit/install/moveit_common:${AMENT_PREFIX_PATH} CMAKE_PREFIX_PATH=/home/moveit/install/moveit_core:/home/moveit/install/moveit_msgs:/home/moveit/install/moveit_common:/opt/ros/humble LD_LIBRARY_PATH=/home/moveit/install/moveit_core/lib:/home/moveit/install/moveit_msgs/lib:${LD_LIBRARY_PATH} PATH=/home/moveit/install/moveit_core/bin:${PATH} PYTHONPATH=/home/moveit/install/moveit_msgs/local/lib/python3.10/dist-packages:${PYTHONPATH} /usr/bin/cmake --install /home/moveit/build/moveit_planners_stomp
[0.141s] -- Install configuration: "Release"
[0.141s] -- Up-to-date: /home/moveit/install/moveit_planners_stomp/include/stomp_moveit_parameters
[0.142s] -- Up-to-date: /home/moveit/install/moveit_planners_stomp/include/stomp_moveit_parameters/stomp_moveit_parameters.hpp
[0.142s] -- Up-to-date: /home/moveit/install/moveit_planners_stomp/share/moveit_planners_stomp/stomp_moveit_plugin_description.xml
[0.143s] -- Up-to-date: /home/moveit/install/moveit_planners_stomp/lib/libstomp_moveit_plugin.so
[0.143s] -- Up-to-date: /home/moveit/install/moveit_planners_stomp/share/moveit_planners_stomp/environment/library_path.sh
[0.143s] -- Up-to-date: /home/moveit/install/moveit_planners_stomp/share/moveit_planners_stomp/environment/library_path.dsv
[0.144s] -- Up-to-date: /home/moveit/install/moveit_planners_stomp/share/ament_index/resource_index/package_run_dependencies/moveit_planners_stomp
[0.144s] -- Up-to-date: /home/moveit/install/moveit_planners_stomp/share/ament_index/resource_index/parent_prefix_path/moveit_planners_stomp
[0.144s] -- Up-to-date: /home/moveit/install/moveit_planners_stomp/share/moveit_planners_stomp/environment/ament_prefix_path.sh
[0.144s] -- Up-to-date: /home/moveit/install/moveit_planners_stomp/share/moveit_planners_stomp/environment/ament_prefix_path.dsv
[0.144s] -- Up-to-date: /home/moveit/install/moveit_planners_stomp/share/moveit_planners_stomp/environment/path.sh
[0.144s] -- Up-to-date: /home/moveit/install/moveit_planners_stomp/share/moveit_planners_stomp/environment/path.dsv
[0.144s] -- Up-to-date: /home/moveit/install/moveit_planners_stomp/share/moveit_planners_stomp/local_setup.bash
[0.144s] -- Up-to-date: /home/moveit/install/moveit_planners_stomp/share/moveit_planners_stomp/local_setup.sh
[0.144s] -- Up-to-date: /home/moveit/install/moveit_planners_stomp/share/moveit_planners_stomp/local_setup.zsh
[0.144s] -- Up-to-date: /home/moveit/install/moveit_planners_stomp/share/moveit_planners_stomp/local_setup.dsv
[0.144s] -- Installing: /home/moveit/install/moveit_planners_stomp/share/moveit_planners_stomp/package.dsv
[0.148s] -- Up-to-date: /home/moveit/install/moveit_planners_stomp/share/ament_index/resource_index/packages/moveit_planners_stomp
[0.148s] -- Up-to-date: /home/moveit/install/moveit_planners_stomp/share/ament_index/resource_index/moveit_core__pluginlib__plugin/moveit_planners_stomp
[0.149s] -- Up-to-date: /home/moveit/install/moveit_planners_stomp/share/moveit_planners_stomp/cmake/moveit_planners_stompTargetsExport.cmake
[0.149s] -- Up-to-date: /home/moveit/install/moveit_planners_stomp/share/moveit_planners_stomp/cmake/moveit_planners_stompTargetsExport-release.cmake
[0.149s] -- Up-to-date: /home/moveit/install/moveit_planners_stomp/share/moveit_planners_stomp/cmake/ament_cmake_export_targets-extras.cmake
[0.149s] -- Up-to-date: /home/moveit/install/moveit_planners_stomp/share/moveit_planners_stomp/cmake/ament_cmake_export_dependencies-extras.cmake
[0.149s] -- Up-to-date: /home/moveit/install/moveit_planners_stomp/share/moveit_planners_stomp/cmake/moveit_planners_stompConfig.cmake
[0.149s] -- Up-to-date: /home/moveit/install/moveit_planners_stomp/share/moveit_planners_stomp/cmake/moveit_planners_stompConfig-version.cmake
[0.149s] -- Up-to-date: /home/moveit/install/moveit_planners_stomp/share/moveit_planners_stomp/package.xml
[0.151s] Invoked command in '/home/moveit/build/moveit_planners_stomp' returned '0': AMENT_PREFIX_PATH=/home/moveit/install/moveit_core:/home/moveit/install/moveit_msgs:/home/moveit/install/moveit_common:${AMENT_PREFIX_PATH} CMAKE_PREFIX_PATH=/home/moveit/install/moveit_core:/home/moveit/install/moveit_msgs:/home/moveit/install/moveit_common:/opt/ros/humble LD_LIBRARY_PATH=/home/moveit/install/moveit_core/lib:/home/moveit/install/moveit_msgs/lib:${LD_LIBRARY_PATH} PATH=/home/moveit/install/moveit_core/bin:${PATH} PYTHONPATH=/home/moveit/install/moveit_msgs/local/lib/python3.10/dist-packages:${PYTHONPATH} /usr/bin/cmake --install /home/moveit/build/moveit_planners_stomp
