[0.018s] Invoking command in '/home/kortex_ws/build/controller_interface': AMENT_PREFIX_PATH=/home/kortex_ws/install/hardware_interface:/home/kortex_ws/install/control_msgs:${AMENT_PREFIX_PATH} CMAKE_PREFIX_PATH=/home/kortex_ws/install/hardware_interface:/home/kortex_ws/install/control_msgs:/opt/ros/humble LD_LIBRARY_PATH=/home/kortex_ws/install/hardware_interface/lib:/home/kortex_ws/install/control_msgs/lib:${LD_LIBRARY_PATH} PYTHONPATH=/home/kortex_ws/install/control_msgs/local/lib/python3.10/dist-packages:${PYTHONPATH} /usr/bin/cmake /home/kortex_ws/src/ros2_control/controller_interface -DCMAKE_INSTALL_PREFIX=/home/kortex_ws/install/controller_interface
[0.072s] -- The C compiler identification is GNU 11.4.0
[0.132s] -- The CXX compiler identification is GNU 11.4.0
[0.141s] -- Detecting C compiler ABI info
[0.216s] -- Detecting C compiler ABI info - done
[0.223s] -- Check for working C compiler: /usr/bin/cc - skipped
[0.223s] -- Detecting C compile features
[0.223s] -- Detecting C compile features - done
[0.226s] -- Detecting CXX compiler ABI info
[0.310s] -- Detecting CXX compiler ABI info - done
[0.317s] -- Check for working CXX compiler: /usr/bin/c++ - skipped
[0.317s] -- Detecting CXX compile features
[0.318s] -- Detecting CXX compile features - done
[0.322s] -- Found ament_cmake: 1.3.8 (/opt/ros/humble/share/ament_cmake/cmake)
[0.471s] -- Found Python3: /usr/bin/python3 (found version "3.10.12") found components: Interpreter 
[0.585s] -- Found hardware_interface: 2.41.0 (/home/kortex_ws/install/hardware_interface/share/hardware_interface/cmake)
[0.644s] -- Found rosidl_generator_c: 3.1.5 (/opt/ros/humble/share/rosidl_generator_c/cmake)
[0.654s] -- Found rosidl_adapter: 3.1.5 (/opt/ros/humble/share/rosidl_adapter/cmake)
[0.667s] -- Found rosidl_generator_cpp: 3.1.5 (/opt/ros/humble/share/rosidl_generator_cpp/cmake)
[0.684s] -- Using all available rosidl_typesupport_c: rosidl_typesupport_fastrtps_c;rosidl_typesupport_introspection_c
[0.708s] -- Using all available rosidl_typesupport_cpp: rosidl_typesupport_fastrtps_cpp;rosidl_typesupport_introspection_cpp
[1.378s] -- Found rmw_implementation_cmake: 6.1.1 (/opt/ros/humble/share/rmw_implementation_cmake/cmake)
[1.382s] -- Found rmw_cyclonedds_cpp: 1.3.4 (/opt/ros/humble/share/rmw_cyclonedds_cpp/cmake)
[1.418s] -- Using RMW implementation 'rmw_cyclonedds_cpp' as default
[1.434s] -- Looking for pthread.h
[1.510s] -- Looking for pthread.h - found
[1.510s] -- Performing Test CMAKE_HAVE_LIBC_PTHREAD
[1.594s] -- Performing Test CMAKE_HAVE_LIBC_PTHREAD - Success
[1.595s] -- Found Threads: TRUE  
[1.808s] -- Found ament_cmake_gmock: 1.3.8 (/opt/ros/humble/share/ament_cmake_gmock/cmake)
[1.813s] -- Found gmock sources under '/opt/ros/humble/src/gmock_vendor': C++ tests using 'Google Mock' will be built
[1.821s] -- Found ament_cmake_gtest: 1.3.8 (/opt/ros/humble/share/ament_cmake_gtest/cmake)
[1.822s] -- Found gtest sources under '/opt/ros/humble/src/gtest_vendor': C++ tests using 'Google Test' will be built
[2.090s] -- Configuring done
[2.301s] -- Generating done
[2.306s] -- Build files have been written to: /home/kortex_ws/build/controller_interface
[2.331s] Invoked command in '/home/kortex_ws/build/controller_interface' returned '0': AMENT_PREFIX_PATH=/home/kortex_ws/install/hardware_interface:/home/kortex_ws/install/control_msgs:${AMENT_PREFIX_PATH} CMAKE_PREFIX_PATH=/home/kortex_ws/install/hardware_interface:/home/kortex_ws/install/control_msgs:/opt/ros/humble LD_LIBRARY_PATH=/home/kortex_ws/install/hardware_interface/lib:/home/kortex_ws/install/control_msgs/lib:${LD_LIBRARY_PATH} PYTHONPATH=/home/kortex_ws/install/control_msgs/local/lib/python3.10/dist-packages:${PYTHONPATH} /usr/bin/cmake /home/kortex_ws/src/ros2_control/controller_interface -DCMAKE_INSTALL_PREFIX=/home/kortex_ws/install/controller_interface
[2.333s] Invoking command in '/home/kortex_ws/build/controller_interface': AMENT_PREFIX_PATH=/home/kortex_ws/install/hardware_interface:/home/kortex_ws/install/control_msgs:${AMENT_PREFIX_PATH} CMAKE_PREFIX_PATH=/home/kortex_ws/install/hardware_interface:/home/kortex_ws/install/control_msgs:/opt/ros/humble LD_LIBRARY_PATH=/home/kortex_ws/install/hardware_interface/lib:/home/kortex_ws/install/control_msgs/lib:${LD_LIBRARY_PATH} PYTHONPATH=/home/kortex_ws/install/control_msgs/local/lib/python3.10/dist-packages:${PYTHONPATH} /usr/bin/cmake --build /home/kortex_ws/build/controller_interface -- -j16 -l16
[2.414s] [  4%] [32mBuilding CXX object gmock/CMakeFiles/gmock.dir/src/gmock-all.cc.o[0m
[2.414s] [  9%] [32mBuilding CXX object CMakeFiles/controller_interface.dir/src/chainable_controller_interface.cpp.o[0m
[2.415s] [ 14%] [32mBuilding CXX object gmock/CMakeFiles/gmock_main.dir/src/gmock_main.cc.o[0m
[2.416s] [ 23%] [32mBuilding CXX object CMakeFiles/controller_interface.dir/src/controller_interface_base.cpp.o[0m
[2.416s] [ 23%] [32mBuilding CXX object CMakeFiles/controller_interface.dir/src/controller_interface.cpp.o[0m
[2.420s] [ 28%] [32mBuilding CXX object gmock/CMakeFiles/gmock.dir/opt/ros/humble/src/gtest_vendor/src/gtest-all.cc.o[0m
[5.120s] [ 33%] [32m[1mLinking CXX static library libgmock_main.a[0m
[5.506s] [ 33%] Built target gmock_main
[9.573s] [ 38%] [32m[1mLinking CXX static library libgmock.a[0m
[9.625s] [ 42%] [32m[1mLinking CXX shared library libcontroller_interface.so[0m
[9.792s] [ 42%] Built target gmock
[9.836s] [ 47%] [32mBuilding CXX object CMakeFiles/test_force_torque_sensor.dir/test/test_force_torque_sensor.cpp.o[0m
[9.845s] [ 57%] [32mBuilding CXX object CMakeFiles/test_semantic_component_interface.dir/test/test_semantic_component_interface.cpp.o[0m
[9.845s] [ 57%] [32mBuilding CXX object CMakeFiles/test_imu_sensor.dir/test/test_imu_sensor.cpp.o[0m
[9.967s] [ 57%] Built target controller_interface
[10.014s] [ 61%] [32mBuilding CXX object CMakeFiles/test_controller_with_options.dir/test/test_controller_with_options.cpp.o[0m
[10.019s] [ 66%] [32mBuilding CXX object CMakeFiles/test_controller_interface.dir/test/test_controller_interface.cpp.o[0m
[10.031s] [ 71%] [32mBuilding CXX object CMakeFiles/test_chainable_controller_interface.dir/test/test_chainable_controller_interface.cpp.o[0m
[15.976s] [ 76%] [32m[1mLinking CXX executable test_force_torque_sensor[0m
[16.134s] [ 80%] [32m[1mLinking CXX executable test_semantic_component_interface[0m
[16.153s] [ 85%] [32m[1mLinking CXX executable test_imu_sensor[0m
[17.330s] [ 85%] Built target test_imu_sensor
[17.343s] [ 85%] Built target test_force_torque_sensor
[17.522s] [ 85%] Built target test_semantic_component_interface
[19.215s] [ 90%] [32m[1mLinking CXX executable test_controller_with_options[0m
[19.944s] [ 95%] [32m[1mLinking CXX executable test_controller_interface[0m
[19.948s] [ 95%] Built target test_controller_with_options
[20.536s] [ 95%] Built target test_controller_interface
[20.919s] [100%] [32m[1mLinking CXX executable test_chainable_controller_interface[0m
[21.296s] [100%] Built target test_chainable_controller_interface
[21.314s] Invoked command in '/home/kortex_ws/build/controller_interface' returned '0': AMENT_PREFIX_PATH=/home/kortex_ws/install/hardware_interface:/home/kortex_ws/install/control_msgs:${AMENT_PREFIX_PATH} CMAKE_PREFIX_PATH=/home/kortex_ws/install/hardware_interface:/home/kortex_ws/install/control_msgs:/opt/ros/humble LD_LIBRARY_PATH=/home/kortex_ws/install/hardware_interface/lib:/home/kortex_ws/install/control_msgs/lib:${LD_LIBRARY_PATH} PYTHONPATH=/home/kortex_ws/install/control_msgs/local/lib/python3.10/dist-packages:${PYTHONPATH} /usr/bin/cmake --build /home/kortex_ws/build/controller_interface -- -j16 -l16
[21.376s] Invoking command in '/home/kortex_ws/build/controller_interface': AMENT_PREFIX_PATH=/home/kortex_ws/install/hardware_interface:/home/kortex_ws/install/control_msgs:${AMENT_PREFIX_PATH} CMAKE_PREFIX_PATH=/home/kortex_ws/install/hardware_interface:/home/kortex_ws/install/control_msgs:/opt/ros/humble LD_LIBRARY_PATH=/home/kortex_ws/install/hardware_interface/lib:/home/kortex_ws/install/control_msgs/lib:${LD_LIBRARY_PATH} PYTHONPATH=/home/kortex_ws/install/control_msgs/local/lib/python3.10/dist-packages:${PYTHONPATH} /usr/bin/cmake --install /home/kortex_ws/build/controller_interface
[21.388s] -- Install configuration: ""
[21.389s] -- Installing: /home/kortex_ws/install/controller_interface/include
[21.389s] -- Installing: /home/kortex_ws/install/controller_interface/include/semantic_components
[21.389s] -- Installing: /home/kortex_ws/install/controller_interface/include/semantic_components/semantic_component_interface.hpp
[21.389s] -- Installing: /home/kortex_ws/install/controller_interface/include/semantic_components/range_sensor.hpp
[21.389s] -- Installing: /home/kortex_ws/install/controller_interface/include/semantic_components/force_torque_sensor.hpp
[21.389s] -- Installing: /home/kortex_ws/install/controller_interface/include/semantic_components/imu_sensor.hpp
[21.389s] -- Installing: /home/kortex_ws/install/controller_interface/include/controller_interface
[21.389s] -- Installing: /home/kortex_ws/install/controller_interface/include/controller_interface/controller_interface_base.hpp
[21.390s] -- Installing: /home/kortex_ws/install/controller_interface/include/controller_interface/controller_interface.hpp
[21.390s] -- Installing: /home/kortex_ws/install/controller_interface/include/controller_interface/visibility_control.h
[21.390s] -- Installing: /home/kortex_ws/install/controller_interface/include/controller_interface/chainable_controller_interface.hpp
[21.390s] -- Installing: /home/kortex_ws/install/controller_interface/include/controller_interface/helpers.hpp
[21.390s] -- Installing: /home/kortex_ws/install/controller_interface/lib/libcontroller_interface.so
[21.391s] -- Set runtime path of "/home/kortex_ws/install/controller_interface/lib/libcontroller_interface.so" to ""
[21.391s] -- Installing: /home/kortex_ws/install/controller_interface/share/controller_interface/environment/library_path.sh
[21.392s] -- Installing: /home/kortex_ws/install/controller_interface/share/controller_interface/environment/library_path.dsv
[21.392s] -- Installing: /home/kortex_ws/install/controller_interface/share/ament_index/resource_index/package_run_dependencies/controller_interface
[21.392s] -- Installing: /home/kortex_ws/install/controller_interface/share/ament_index/resource_index/parent_prefix_path/controller_interface
[21.392s] -- Installing: /home/kortex_ws/install/controller_interface/share/controller_interface/environment/ament_prefix_path.sh
[21.393s] -- Installing: /home/kortex_ws/install/controller_interface/share/controller_interface/environment/ament_prefix_path.dsv
[21.393s] -- Installing: /home/kortex_ws/install/controller_interface/share/controller_interface/environment/path.sh
[21.393s] -- Installing: /home/kortex_ws/install/controller_interface/share/controller_interface/environment/path.dsv
[21.393s] -- Installing: /home/kortex_ws/install/controller_interface/share/controller_interface/local_setup.bash
[21.393s] -- Installing: /home/kortex_ws/install/controller_interface/share/controller_interface/local_setup.sh
[21.393s] -- Installing: /home/kortex_ws/install/controller_interface/share/controller_interface/local_setup.zsh
[21.394s] -- Installing: /home/kortex_ws/install/controller_interface/share/controller_interface/local_setup.dsv
[21.394s] -- Installing: /home/kortex_ws/install/controller_interface/share/controller_interface/package.dsv
[21.394s] -- Installing: /home/kortex_ws/install/controller_interface/share/ament_index/resource_index/packages/controller_interface
[21.394s] -- Installing: /home/kortex_ws/install/controller_interface/share/controller_interface/cmake/ament_cmake_export_dependencies-extras.cmake
[21.394s] -- Installing: /home/kortex_ws/install/controller_interface/share/controller_interface/cmake/ament_cmake_export_include_directories-extras.cmake
[21.394s] -- Installing: /home/kortex_ws/install/controller_interface/share/controller_interface/cmake/ament_cmake_export_libraries-extras.cmake
[21.395s] -- Installing: /home/kortex_ws/install/controller_interface/share/controller_interface/cmake/controller_interfaceConfig.cmake
[21.395s] -- Installing: /home/kortex_ws/install/controller_interface/share/controller_interface/cmake/controller_interfaceConfig-version.cmake
[21.395s] -- Installing: /home/kortex_ws/install/controller_interface/share/controller_interface/package.xml
[21.399s] Invoked command in '/home/kortex_ws/build/controller_interface' returned '0': AMENT_PREFIX_PATH=/home/kortex_ws/install/hardware_interface:/home/kortex_ws/install/control_msgs:${AMENT_PREFIX_PATH} CMAKE_PREFIX_PATH=/home/kortex_ws/install/hardware_interface:/home/kortex_ws/install/control_msgs:/opt/ros/humble LD_LIBRARY_PATH=/home/kortex_ws/install/hardware_interface/lib:/home/kortex_ws/install/control_msgs/lib:${LD_LIBRARY_PATH} PYTHONPATH=/home/kortex_ws/install/control_msgs/local/lib/python3.10/dist-packages:${PYTHONPATH} /usr/bin/cmake --install /home/kortex_ws/build/controller_interface
