[0.021s] Invoking command in '/home/kortex_ws/build/serial': CMAKE_PREFIX_PATH=/opt/ros/humble /usr/bin/cmake /home/kortex_ws/src/serial -DCMAKE_INSTALL_PREFIX=/home/kortex_ws/install/serial
[0.081s] -- The C compiler identification is GNU 11.4.0
[0.159s] -- The CXX compiler identification is GNU 11.4.0
[0.167s] -- Detecting C compiler ABI info
[0.248s] -- Detecting C compiler ABI info - done
[0.254s] -- Check for working C compiler: /usr/bin/cc - skipped
[0.255s] -- Detecting C compile features
[0.255s] -- Detecting C compile features - done
[0.258s] -- Detecting CXX compiler ABI info
[0.345s] -- Detecting CXX compiler ABI info - done
[0.351s] -- Check for working CXX compiler: /usr/bin/c++ - skipped
[0.352s] -- Detecting CXX compile features
[0.352s] -- Detecting CXX compile features - done
[0.356s] -- Found ament_cmake: 1.3.8 (/opt/ros/humble/share/ament_cmake/cmake)
[0.510s] -- Found Python3: /usr/bin/python3 (found version "3.10.12") found components: Interpreter 
[0.712s] -- Configuring done
[0.718s] -- Generating done
[0.719s] -- Build files have been written to: /home/kortex_ws/build/serial
[0.726s] Invoked command in '/home/kortex_ws/build/serial' returned '0': CMAKE_PREFIX_PATH=/opt/ros/humble /usr/bin/cmake /home/kortex_ws/src/serial -DCMAKE_INSTALL_PREFIX=/home/kortex_ws/install/serial
[0.727s] Invoking command in '/home/kortex_ws/build/serial': CMAKE_PREFIX_PATH=/opt/ros/humble /usr/bin/cmake --build /home/kortex_ws/build/serial -- -j16 -l16
[0.786s] [ 50%] [32mBuilding CXX object CMakeFiles/serial.dir/src/impl/list_ports/list_ports_linux.cc.o[0m
[0.786s] [ 50%] [32mBuilding CXX object CMakeFiles/serial.dir/src/impl/unix.cc.o[0m
[0.786s] [ 75%] [32mBuilding CXX object CMakeFiles/serial.dir/src/serial.cc.o[0m
[1.318s] [100%] [32m[1mLinking CXX static library libserial.a[0m
[1.395s] [100%] Built target serial
[1.407s] Invoked command in '/home/kortex_ws/build/serial' returned '0': CMAKE_PREFIX_PATH=/opt/ros/humble /usr/bin/cmake --build /home/kortex_ws/build/serial -- -j16 -l16
[1.442s] Invoking command in '/home/kortex_ws/build/serial': CMAKE_PREFIX_PATH=/opt/ros/humble /usr/bin/cmake --install /home/kortex_ws/build/serial
[1.449s] -- Install configuration: ""
[1.449s] -- Installing: /home/kortex_ws/install/serial/lib/libserial.a
[1.450s] -- Installing: /home/kortex_ws/install/serial/include
[1.450s] -- Installing: /home/kortex_ws/install/serial/include/serial
[1.450s] -- Installing: /home/kortex_ws/install/serial/include/serial/serial.h
[1.450s] -- Installing: /home/kortex_ws/install/serial/include/serial/v8stdint.h
[1.451s] -- Installing: /home/kortex_ws/install/serial/include/serial/impl
[1.451s] -- Installing: /home/kortex_ws/install/serial/include/serial/impl/win.h
[1.451s] -- Installing: /home/kortex_ws/install/serial/include/serial/impl/unix.h
[1.451s] -- Installing: /home/kortex_ws/install/serial/share/serial/environment/library_path.sh
[1.451s] -- Installing: /home/kortex_ws/install/serial/share/serial/environment/library_path.dsv
[1.452s] -- Installing: /home/kortex_ws/install/serial/share/ament_index/resource_index/package_run_dependencies/serial
[1.452s] -- Installing: /home/kortex_ws/install/serial/share/ament_index/resource_index/parent_prefix_path/serial
[1.452s] -- Installing: /home/kortex_ws/install/serial/share/serial/environment/ament_prefix_path.sh
[1.452s] -- Installing: /home/kortex_ws/install/serial/share/serial/environment/ament_prefix_path.dsv
[1.452s] -- Installing: /home/kortex_ws/install/serial/share/serial/environment/path.sh
[1.452s] -- Installing: /home/kortex_ws/install/serial/share/serial/environment/path.dsv
[1.452s] -- Installing: /home/kortex_ws/install/serial/share/serial/local_setup.bash
[1.452s] -- Installing: /home/kortex_ws/install/serial/share/serial/local_setup.sh
[1.453s] -- Installing: /home/kortex_ws/install/serial/share/serial/local_setup.zsh
[1.453s] -- Installing: /home/kortex_ws/install/serial/share/serial/local_setup.dsv
[1.453s] -- Installing: /home/kortex_ws/install/serial/share/serial/package.dsv
[1.453s] -- Installing: /home/kortex_ws/install/serial/share/ament_index/resource_index/packages/serial
[1.453s] -- Installing: /home/kortex_ws/install/serial/share/serial/cmake/export_serialExport.cmake
[1.453s] -- Installing: /home/kortex_ws/install/serial/share/serial/cmake/export_serialExport-noconfig.cmake
[1.454s] -- Installing: /home/kortex_ws/install/serial/share/serial/cmake/ament_cmake_export_include_directories-extras.cmake
[1.454s] -- Installing: /home/kortex_ws/install/serial/share/serial/cmake/ament_cmake_export_libraries-extras.cmake
[1.454s] -- Installing: /home/kortex_ws/install/serial/share/serial/cmake/ament_cmake_export_targets-extras.cmake
[1.454s] -- Installing: /home/kortex_ws/install/serial/share/serial/cmake/serialConfig.cmake
[1.454s] -- Installing: /home/kortex_ws/install/serial/share/serial/cmake/serialConfig-version.cmake
[1.454s] -- Installing: /home/kortex_ws/install/serial/share/serial/package.xml
[1.456s] Invoked command in '/home/kortex_ws/build/serial' returned '0': CMAKE_PREFIX_PATH=/opt/ros/humble /usr/bin/cmake --install /home/kortex_ws/build/serial
