[0.102s] Invoking command in '/home/kortex_ws/build/bicycle_steering_controller': AMENT_PREFIX_PATH=/home/kortex_ws/install/steering_controllers_library:/home/kortex_ws/install/controller_manager:/home/kortex_ws/install/hardware_interface_testing:/home/kortex_ws/install/controller_interface:/home/kortex_ws/install/hardware_interface:/home/kortex_ws/install/ros2_control_test_assets:/home/kortex_ws/install/controller_manager_msgs:/home/kortex_ws/install/control_msgs:${AMENT_PREFIX_PATH} CMAKE_PREFIX_PATH=/home/kortex_ws/install/steering_controllers_library:/home/kortex_ws/install/controller_manager:/home/kortex_ws/install/hardware_interface_testing:/home/kortex_ws/install/controller_interface:/home/kortex_ws/install/hardware_interface:/home/kortex_ws/install/ros2_control_test_assets:/home/kortex_ws/install/controller_manager_msgs:/home/kortex_ws/install/control_msgs:/opt/ros/humble LD_LIBRARY_PATH=/home/kortex_ws/install/steering_controllers_library/lib:/home/kortex_ws/install/controller_manager/lib:/home/kortex_ws/install/hardware_interface_testing/lib:/home/kortex_ws/install/controller_interface/lib:/home/kortex_ws/install/hardware_interface/lib:/home/kortex_ws/install/controller_manager_msgs/lib:/home/kortex_ws/install/control_msgs/lib:${LD_LIBRARY_PATH} PYTHONPATH=/home/kortex_ws/install/controller_manager/local/lib/python3.10/dist-packages:/home/kortex_ws/install/controller_manager_msgs/local/lib/python3.10/dist-packages:/home/kortex_ws/install/control_msgs/local/lib/python3.10/dist-packages:${PYTHONPATH} /usr/bin/cmake /home/kortex_ws/src/ros2_controllers/bicycle_steering_controller -DCMAKE_INSTALL_PREFIX=/home/kortex_ws/install/bicycle_steering_controller
[5.578s] -- The CXX compiler identification is GNU 11.4.0
[5.578s] -- Detecting CXX compiler ABI info
[5.579s] -- Detecting CXX compiler ABI info - done
[5.585s] -- Check for working CXX compiler: /usr/bin/c++ - skipped
[5.586s] -- Detecting CXX compile features
[5.586s] -- Detecting CXX compile features - done
[5.586s] -- Found ament_cmake: 1.3.8 (/opt/ros/humble/share/ament_cmake/cmake)
[5.586s] -- Found Python3: /usr/bin/python3 (found version "3.10.12") found components: Interpreter 
[5.586s] -- Found backward_ros: 1.0.2 (/opt/ros/humble/share/backward_ros/cmake)
[5.586s] -- Found libdw: /usr/lib/x86_64-linux-gnu/libdw.so  
[5.586s] -- Could NOT find libbfd (missing: LIBBFD_LIBRARY LIBBFD_INCLUDE_DIR) 
[5.586s] -- BACKWARD_HAS_UNWIND=1
[5.587s] -- BACKWARD_HAS_BACKTRACE=0
[5.587s] -- BACKWARD_HAS_BACKTRACE_SYMBOL=0
[5.587s] -- BACKWARD_HAS_DW=1
[5.587s] -- BACKWARD_HAS_BFD=0
[5.587s] -- Found Backward: /opt/ros/humble/share/backward_ros/cmake  
[5.587s] -- Found controller_interface: 2.41.0 (/home/kortex_ws/install/controller_interface/share/controller_interface/cmake)
[5.587s] -- Found rosidl_generator_c: 3.1.5 (/opt/ros/humble/share/rosidl_generator_c/cmake)
[5.587s] -- Found rosidl_adapter: 3.1.5 (/opt/ros/humble/share/rosidl_adapter/cmake)
[5.587s] -- Found rosidl_generator_cpp: 3.1.5 (/opt/ros/humble/share/rosidl_generator_cpp/cmake)
[5.587s] -- Using all available rosidl_typesupport_c: rosidl_typesupport_fastrtps_c;rosidl_typesupport_introspection_c
[5.587s] -- Using all available rosidl_typesupport_cpp: rosidl_typesupport_fastrtps_cpp;rosidl_typesupport_introspection_cpp
[5.588s] -- Found rmw_implementation_cmake: 6.1.1 (/opt/ros/humble/share/rmw_implementation_cmake/cmake)
[5.588s] -- Found rmw_cyclonedds_cpp: 1.3.4 (/opt/ros/humble/share/rmw_cyclonedds_cpp/cmake)
[5.588s] -- Using RMW implementation 'rmw_cyclonedds_cpp' as default
[5.588s] -- Looking for C++ include pthread.h
[5.588s] -- Looking for C++ include pthread.h - found
[5.588s] -- Performing Test CMAKE_HAVE_LIBC_PTHREAD
[5.588s] -- Performing Test CMAKE_HAVE_LIBC_PTHREAD - Success
[5.588s] -- Found Threads: TRUE  
[5.588s] -- Found generate_parameter_library: 0.3.8 (/opt/ros/humble/share/generate_parameter_library/cmake)
[5.588s] -- Found parameter_traits: 0.3.8 (/opt/ros/humble/share/parameter_traits/cmake)
[5.588s] -- Found realtime_tools: 2.5.0 (/opt/ros/humble/share/realtime_tools/cmake)
[5.588s] -- Found std_srvs: 4.2.3 (/opt/ros/humble/share/std_srvs/cmake)
[5.589s] -- Found steering_controllers_library: 2.35.0 (/home/kortex_ws/install/steering_controllers_library/share/steering_controllers_library/cmake)
[6.478s] -- Found eigen3_cmake_module: 0.1.1 (/opt/ros/humble/share/eigen3_cmake_module/cmake)
[6.480s] -- Found Eigen3: TRUE (found version "3.4.0") 
[6.480s] -- Ensuring Eigen3 include directory is part of orocos-kdl CMake target
[7.174s] -- Found ament_cmake_gmock: 1.3.8 (/opt/ros/humble/share/ament_cmake_gmock/cmake)
[7.175s] -- Found controller_manager: 2.41.0 (/home/kortex_ws/install/controller_manager/share/controller_manager/cmake)
[7.615s] -- Found ros2_control_test_assets: 2.41.0 (/home/kortex_ws/install/ros2_control_test_assets/share/ros2_control_test_assets/cmake)
[7.625s] -- Found gmock sources under '/opt/ros/humble/src/gmock_vendor': C++ tests using 'Google Mock' will be built
[7.719s] -- The C compiler identification is GNU 11.4.0
[7.734s] -- Detecting C compiler ABI info
[7.877s] -- Detecting C compiler ABI info - done
[7.885s] -- Check for working C compiler: /usr/bin/cc - skipped
[7.885s] -- Detecting C compile features
[7.885s] -- Detecting C compile features - done
[7.897s] -- Found ament_cmake_gtest: 1.3.8 (/opt/ros/humble/share/ament_cmake_gtest/cmake)
[7.898s] -- Found gtest sources under '/opt/ros/humble/src/gtest_vendor': C++ tests using 'Google Test' will be built
[8.592s] -- Found gmock sources under '/opt/ros/humble/src/gmock_vendor': C++ tests using 'Google Mock' will be built
[8.592s] -- Found ament_cmake_gtest: 1.3.8 (/opt/ros/humble/share/ament_cmake_gtest/cmake)
[8.593s] -- Found gtest sources under '/opt/ros/humble/src/gtest_vendor': C++ tests using 'Google Test' will be built
[8.828s] -- Found gmock sources under '/opt/ros/humble/src/gmock_vendor': C++ tests using 'Google Mock' will be built
[8.828s] -- Found ament_cmake_gtest: 1.3.8 (/opt/ros/humble/share/ament_cmake_gtest/cmake)
[8.829s] -- Found gtest sources under '/opt/ros/humble/src/gtest_vendor': C++ tests using 'Google Test' will be built
[9.161s] -- Configuring done
[9.352s] -- Generating done
[9.357s] -- Build files have been written to: /home/kortex_ws/build/bicycle_steering_controller
[9.382s] Invoked command in '/home/kortex_ws/build/bicycle_steering_controller' returned '0': AMENT_PREFIX_PATH=/home/kortex_ws/install/steering_controllers_library:/home/kortex_ws/install/controller_manager:/home/kortex_ws/install/hardware_interface_testing:/home/kortex_ws/install/controller_interface:/home/kortex_ws/install/hardware_interface:/home/kortex_ws/install/ros2_control_test_assets:/home/kortex_ws/install/controller_manager_msgs:/home/kortex_ws/install/control_msgs:${AMENT_PREFIX_PATH} CMAKE_PREFIX_PATH=/home/kortex_ws/install/steering_controllers_library:/home/kortex_ws/install/controller_manager:/home/kortex_ws/install/hardware_interface_testing:/home/kortex_ws/install/controller_interface:/home/kortex_ws/install/hardware_interface:/home/kortex_ws/install/ros2_control_test_assets:/home/kortex_ws/install/controller_manager_msgs:/home/kortex_ws/install/control_msgs:/opt/ros/humble LD_LIBRARY_PATH=/home/kortex_ws/install/steering_controllers_library/lib:/home/kortex_ws/install/controller_manager/lib:/home/kortex_ws/install/hardware_interface_testing/lib:/home/kortex_ws/install/controller_interface/lib:/home/kortex_ws/install/hardware_interface/lib:/home/kortex_ws/install/controller_manager_msgs/lib:/home/kortex_ws/install/control_msgs/lib:${LD_LIBRARY_PATH} PYTHONPATH=/home/kortex_ws/install/controller_manager/local/lib/python3.10/dist-packages:/home/kortex_ws/install/controller_manager_msgs/local/lib/python3.10/dist-packages:/home/kortex_ws/install/control_msgs/local/lib/python3.10/dist-packages:${PYTHONPATH} /usr/bin/cmake /home/kortex_ws/src/ros2_controllers/bicycle_steering_controller -DCMAKE_INSTALL_PREFIX=/home/kortex_ws/install/bicycle_steering_controller
[9.384s] Invoking command in '/home/kortex_ws/build/bicycle_steering_controller': AMENT_PREFIX_PATH=/home/kortex_ws/install/steering_controllers_library:/home/kortex_ws/install/controller_manager:/home/kortex_ws/install/hardware_interface_testing:/home/kortex_ws/install/controller_interface:/home/kortex_ws/install/hardware_interface:/home/kortex_ws/install/ros2_control_test_assets:/home/kortex_ws/install/controller_manager_msgs:/home/kortex_ws/install/control_msgs:${AMENT_PREFIX_PATH} CMAKE_PREFIX_PATH=/home/kortex_ws/install/steering_controllers_library:/home/kortex_ws/install/controller_manager:/home/kortex_ws/install/hardware_interface_testing:/home/kortex_ws/install/controller_interface:/home/kortex_ws/install/hardware_interface:/home/kortex_ws/install/ros2_control_test_assets:/home/kortex_ws/install/controller_manager_msgs:/home/kortex_ws/install/control_msgs:/opt/ros/humble LD_LIBRARY_PATH=/home/kortex_ws/install/steering_controllers_library/lib:/home/kortex_ws/install/controller_manager/lib:/home/kortex_ws/install/hardware_interface_testing/lib:/home/kortex_ws/install/controller_interface/lib:/home/kortex_ws/install/hardware_interface/lib:/home/kortex_ws/install/controller_manager_msgs/lib:/home/kortex_ws/install/control_msgs/lib:${LD_LIBRARY_PATH} PYTHONPATH=/home/kortex_ws/install/controller_manager/local/lib/python3.10/dist-packages:/home/kortex_ws/install/controller_manager_msgs/local/lib/python3.10/dist-packages:/home/kortex_ws/install/control_msgs/local/lib/python3.10/dist-packages:${PYTHONPATH} /usr/bin/cmake --build /home/kortex_ws/build/bicycle_steering_controller -- -j16 -l16
[9.466s] [  8%] [34m[1mRunning `/opt/ros/humble/bin/generate_parameter_library_cpp /home/kortex_ws/build/bicycle_steering_controller/bicycle_steering_controller_parameters/include//bicycle_steering_controller_parameters.hpp /home/kortex_ws/src/ros2_controllers/bicycle_steering_controller/src/bicycle_steering_controller.yaml `[0m
[9.702s] [  8%] Built target bicycle_steering_controller_parameters
[9.732s] [ 16%] [32mBuilding CXX object gmock/CMakeFiles/gmock.dir/opt/ros/humble/src/gtest_vendor/src/gtest-all.cc.o[0m
[13.279s] [ 25%] [32mBuilding CXX object gmock/CMakeFiles/gmock.dir/src/gmock-all.cc.o[0m
[15.419s] [ 33%] [32m[1mLinking CXX static library libgmock.a[0m
[15.566s] [ 33%] Built target gmock
[15.596s] [ 41%] [32mBuilding CXX object CMakeFiles/bicycle_steering_controller.dir/src/bicycle_steering_controller.cpp.o[0m
[20.862s] [ 50%] [32m[1mLinking CXX shared library libbicycle_steering_controller.so[0m
[22.014s] [ 50%] Built target bicycle_steering_controller
[22.050s] [ 58%] [32mBuilding CXX object CMakeFiles/test_load_bicycle_steering_controller.dir/test/test_load_bicycle_steering_controller.cpp.o[0m
[28.470s] [ 66%] [32m[1mLinking CXX executable test_load_bicycle_steering_controller[0m
[31.387s] [ 66%] Built target test_load_bicycle_steering_controller
[31.431s] [ 75%] [32mBuilding CXX object CMakeFiles/test_bicycle_steering_controller_preceeding.dir/test/test_bicycle_steering_controller_preceeding.cpp.o[0m
[31.431s] [ 83%] [32mBuilding CXX object CMakeFiles/test_bicycle_steering_controller.dir/test/test_bicycle_steering_controller.cpp.o[0m
[43.207s] [ 91%] [32m[1mLinking CXX executable test_bicycle_steering_controller_preceeding[0m
[48.049s] [ 91%] Built target test_bicycle_steering_controller_preceeding
[51.301s] [100%] [32m[1mLinking CXX executable test_bicycle_steering_controller[0m
[53.577s] [100%] Built target test_bicycle_steering_controller
[53.594s] Invoked command in '/home/kortex_ws/build/bicycle_steering_controller' returned '0': AMENT_PREFIX_PATH=/home/kortex_ws/install/steering_controllers_library:/home/kortex_ws/install/controller_manager:/home/kortex_ws/install/hardware_interface_testing:/home/kortex_ws/install/controller_interface:/home/kortex_ws/install/hardware_interface:/home/kortex_ws/install/ros2_control_test_assets:/home/kortex_ws/install/controller_manager_msgs:/home/kortex_ws/install/control_msgs:${AMENT_PREFIX_PATH} CMAKE_PREFIX_PATH=/home/kortex_ws/install/steering_controllers_library:/home/kortex_ws/install/controller_manager:/home/kortex_ws/install/hardware_interface_testing:/home/kortex_ws/install/controller_interface:/home/kortex_ws/install/hardware_interface:/home/kortex_ws/install/ros2_control_test_assets:/home/kortex_ws/install/controller_manager_msgs:/home/kortex_ws/install/control_msgs:/opt/ros/humble LD_LIBRARY_PATH=/home/kortex_ws/install/steering_controllers_library/lib:/home/kortex_ws/install/controller_manager/lib:/home/kortex_ws/install/hardware_interface_testing/lib:/home/kortex_ws/install/controller_interface/lib:/home/kortex_ws/install/hardware_interface/lib:/home/kortex_ws/install/controller_manager_msgs/lib:/home/kortex_ws/install/control_msgs/lib:${LD_LIBRARY_PATH} PYTHONPATH=/home/kortex_ws/install/controller_manager/local/lib/python3.10/dist-packages:/home/kortex_ws/install/controller_manager_msgs/local/lib/python3.10/dist-packages:/home/kortex_ws/install/control_msgs/local/lib/python3.10/dist-packages:${PYTHONPATH} /usr/bin/cmake --build /home/kortex_ws/build/bicycle_steering_controller -- -j16 -l16
[53.638s] Invoking command in '/home/kortex_ws/build/bicycle_steering_controller': AMENT_PREFIX_PATH=/home/kortex_ws/install/steering_controllers_library:/home/kortex_ws/install/controller_manager:/home/kortex_ws/install/hardware_interface_testing:/home/kortex_ws/install/controller_interface:/home/kortex_ws/install/hardware_interface:/home/kortex_ws/install/ros2_control_test_assets:/home/kortex_ws/install/controller_manager_msgs:/home/kortex_ws/install/control_msgs:${AMENT_PREFIX_PATH} CMAKE_PREFIX_PATH=/home/kortex_ws/install/steering_controllers_library:/home/kortex_ws/install/controller_manager:/home/kortex_ws/install/hardware_interface_testing:/home/kortex_ws/install/controller_interface:/home/kortex_ws/install/hardware_interface:/home/kortex_ws/install/ros2_control_test_assets:/home/kortex_ws/install/controller_manager_msgs:/home/kortex_ws/install/control_msgs:/opt/ros/humble LD_LIBRARY_PATH=/home/kortex_ws/install/steering_controllers_library/lib:/home/kortex_ws/install/controller_manager/lib:/home/kortex_ws/install/hardware_interface_testing/lib:/home/kortex_ws/install/controller_interface/lib:/home/kortex_ws/install/hardware_interface/lib:/home/kortex_ws/install/controller_manager_msgs/lib:/home/kortex_ws/install/control_msgs/lib:${LD_LIBRARY_PATH} PYTHONPATH=/home/kortex_ws/install/controller_manager/local/lib/python3.10/dist-packages:/home/kortex_ws/install/controller_manager_msgs/local/lib/python3.10/dist-packages:/home/kortex_ws/install/control_msgs/local/lib/python3.10/dist-packages:${PYTHONPATH} /usr/bin/cmake --install /home/kortex_ws/build/bicycle_steering_controller
[53.650s] -- Install configuration: ""
[53.650s] -- Installing: /home/kortex_ws/install/bicycle_steering_controller/include/bicycle_steering_controller_parameters
[53.650s] -- Installing: /home/kortex_ws/install/bicycle_steering_controller/include/bicycle_steering_controller_parameters/bicycle_steering_controller_parameters.hpp
[53.650s] -- Installing: /home/kortex_ws/install/bicycle_steering_controller/share/bicycle_steering_controller/bicycle_steering_controller.xml
[53.650s] -- Installing: /home/kortex_ws/install/bicycle_steering_controller/include/bicycle_steering_controller
[53.650s] -- Installing: /home/kortex_ws/install/bicycle_steering_controller/include/bicycle_steering_controller/bicycle_steering_controller
[53.650s] -- Installing: /home/kortex_ws/install/bicycle_steering_controller/include/bicycle_steering_controller/bicycle_steering_controller/visibility_control.h
[53.651s] -- Installing: /home/kortex_ws/install/bicycle_steering_controller/include/bicycle_steering_controller/bicycle_steering_controller/bicycle_steering_controller.hpp
[53.651s] -- Installing: /home/kortex_ws/install/bicycle_steering_controller/lib/libbicycle_steering_controller.so
[53.652s] -- Set runtime path of "/home/kortex_ws/install/bicycle_steering_controller/lib/libbicycle_steering_controller.so" to ""
[53.652s] -- Installing: /home/kortex_ws/install/bicycle_steering_controller/share/bicycle_steering_controller/environment/library_path.sh
[53.653s] -- Installing: /home/kortex_ws/install/bicycle_steering_controller/share/bicycle_steering_controller/environment/library_path.dsv
[53.653s] -- Installing: /home/kortex_ws/install/bicycle_steering_controller/share/ament_index/resource_index/package_run_dependencies/bicycle_steering_controller
[53.653s] -- Installing: /home/kortex_ws/install/bicycle_steering_controller/share/ament_index/resource_index/parent_prefix_path/bicycle_steering_controller
[53.653s] -- Installing: /home/kortex_ws/install/bicycle_steering_controller/share/bicycle_steering_controller/environment/ament_prefix_path.sh
[53.653s] -- Installing: /home/kortex_ws/install/bicycle_steering_controller/share/bicycle_steering_controller/environment/ament_prefix_path.dsv
[53.654s] -- Installing: /home/kortex_ws/install/bicycle_steering_controller/share/bicycle_steering_controller/environment/path.sh
[53.654s] -- Installing: /home/kortex_ws/install/bicycle_steering_controller/share/bicycle_steering_controller/environment/path.dsv
[53.654s] -- Installing: /home/kortex_ws/install/bicycle_steering_controller/share/bicycle_steering_controller/local_setup.bash
[53.654s] -- Installing: /home/kortex_ws/install/bicycle_steering_controller/share/bicycle_steering_controller/local_setup.sh
[53.654s] -- Installing: /home/kortex_ws/install/bicycle_steering_controller/share/bicycle_steering_controller/local_setup.zsh
[53.654s] -- Installing: /home/kortex_ws/install/bicycle_steering_controller/share/bicycle_steering_controller/local_setup.dsv
[53.655s] -- Installing: /home/kortex_ws/install/bicycle_steering_controller/share/bicycle_steering_controller/package.dsv
[53.655s] -- Installing: /home/kortex_ws/install/bicycle_steering_controller/share/ament_index/resource_index/packages/bicycle_steering_controller
[53.655s] -- Installing: /home/kortex_ws/install/bicycle_steering_controller/share/ament_index/resource_index/controller_interface__pluginlib__plugin/bicycle_steering_controller
[53.655s] -- Installing: /home/kortex_ws/install/bicycle_steering_controller/share/bicycle_steering_controller/cmake/export_bicycle_steering_controllerExport.cmake
[53.655s] -- Installing: /home/kortex_ws/install/bicycle_steering_controller/share/bicycle_steering_controller/cmake/export_bicycle_steering_controllerExport-noconfig.cmake
[53.656s] -- Installing: /home/kortex_ws/install/bicycle_steering_controller/share/bicycle_steering_controller/cmake/ament_cmake_export_targets-extras.cmake
[53.656s] -- Installing: /home/kortex_ws/install/bicycle_steering_controller/share/bicycle_steering_controller/cmake/ament_cmake_export_dependencies-extras.cmake
[53.656s] -- Installing: /home/kortex_ws/install/bicycle_steering_controller/share/bicycle_steering_controller/cmake/bicycle_steering_controllerConfig.cmake
[53.656s] -- Installing: /home/kortex_ws/install/bicycle_steering_controller/share/bicycle_steering_controller/cmake/bicycle_steering_controllerConfig-version.cmake
[53.657s] -- Installing: /home/kortex_ws/install/bicycle_steering_controller/share/bicycle_steering_controller/package.xml
[53.660s] Invoked command in '/home/kortex_ws/build/bicycle_steering_controller' returned '0': AMENT_PREFIX_PATH=/home/kortex_ws/install/steering_controllers_library:/home/kortex_ws/install/controller_manager:/home/kortex_ws/install/hardware_interface_testing:/home/kortex_ws/install/controller_interface:/home/kortex_ws/install/hardware_interface:/home/kortex_ws/install/ros2_control_test_assets:/home/kortex_ws/install/controller_manager_msgs:/home/kortex_ws/install/control_msgs:${AMENT_PREFIX_PATH} CMAKE_PREFIX_PATH=/home/kortex_ws/install/steering_controllers_library:/home/kortex_ws/install/controller_manager:/home/kortex_ws/install/hardware_interface_testing:/home/kortex_ws/install/controller_interface:/home/kortex_ws/install/hardware_interface:/home/kortex_ws/install/ros2_control_test_assets:/home/kortex_ws/install/controller_manager_msgs:/home/kortex_ws/install/control_msgs:/opt/ros/humble LD_LIBRARY_PATH=/home/kortex_ws/install/steering_controllers_library/lib:/home/kortex_ws/install/controller_manager/lib:/home/kortex_ws/install/hardware_interface_testing/lib:/home/kortex_ws/install/controller_interface/lib:/home/kortex_ws/install/hardware_interface/lib:/home/kortex_ws/install/controller_manager_msgs/lib:/home/kortex_ws/install/control_msgs/lib:${LD_LIBRARY_PATH} PYTHONPATH=/home/kortex_ws/install/controller_manager/local/lib/python3.10/dist-packages:/home/kortex_ws/install/controller_manager_msgs/local/lib/python3.10/dist-packages:/home/kortex_ws/install/control_msgs/local/lib/python3.10/dist-packages:${PYTHONPATH} /usr/bin/cmake --install /home/kortex_ws/build/bicycle_steering_controller
