[0.027s] Invoking command in '/home/moveit/build/moveit_resources_prbt_moveit_config': AMENT_PREFIX_PATH=/home/moveit/install/moveit_ros_move_group:/home/moveit/install/moveit_kinematics:/home/moveit/install/moveit_ros_planning:/home/moveit/install/moveit_ros_occupancy_map_monitor:/home/moveit/install/moveit_resources_prbt_ikfast_manipulator_plugin:/home/moveit/install/moveit_core:/home/moveit/install/moveit_resources_prbt_support:/home/moveit/install/moveit_msgs:/home/moveit/install/moveit_common:${AMENT_PREFIX_PATH} CMAKE_PREFIX_PATH=/home/moveit/install/moveit_ros_move_group:/home/moveit/install/moveit_kinematics:/home/moveit/install/moveit_ros_planning:/home/moveit/install/moveit_ros_occupancy_map_monitor:/home/moveit/install/moveit_resources_prbt_ikfast_manipulator_plugin:/home/moveit/install/moveit_core:/home/moveit/install/moveit_resources_prbt_support:/home/moveit/install/moveit_msgs:/home/moveit/install/moveit_common:/opt/ros/humble LD_LIBRARY_PATH=/home/moveit/install/moveit_ros_move_group/lib:/home/moveit/install/moveit_kinematics/lib:/home/moveit/install/moveit_ros_planning/lib:/home/moveit/install/moveit_ros_occupancy_map_monitor/lib:/home/moveit/install/moveit_resources_prbt_ikfast_manipulator_plugin/lib:/home/moveit/install/moveit_core/lib:/home/moveit/install/moveit_msgs/lib:${LD_LIBRARY_PATH} PATH=/home/moveit/install/moveit_core/bin:${PATH} PYTHONPATH=/home/moveit/install/moveit_msgs/local/lib/python3.10/dist-packages:${PYTHONPATH} /usr/bin/cmake /home/moveit/src/moveit2/moveit_planners/test_configs/prbt_moveit_config -DCMAKE_BUILD_TYPE=Release -DCMAKE_INSTALL_PREFIX=/home/moveit/install/moveit_resources_prbt_moveit_config
[0.076s] -- The C compiler identification is GNU 11.4.0
[0.122s] -- The CXX compiler identification is GNU 11.4.0
[0.129s] -- Detecting C compiler ABI info
[0.194s] -- Detecting C compiler ABI info - done
[0.199s] -- Check for working C compiler: /usr/bin/cc - skipped
[0.199s] -- Detecting C compile features
[0.199s] -- Detecting C compile features - done
[0.201s] -- Detecting CXX compiler ABI info
[0.274s] -- Detecting CXX compiler ABI info - done
[0.279s] -- Check for working CXX compiler: /usr/bin/c++ - skipped
[0.279s] -- Detecting CXX compile features
[0.279s] -- Detecting CXX compile features - done
[0.284s] -- Found ament_cmake: 1.3.9 (/opt/ros/humble/share/ament_cmake/cmake)
[0.410s] -- Found Python3: /usr/bin/python3 (found version "3.10.12") found components: Interpreter 
[0.588s] -- Configuring done
[0.591s] -- Generating done
[0.592s] -- Build files have been written to: /home/moveit/build/moveit_resources_prbt_moveit_config
[0.596s] Invoked command in '/home/moveit/build/moveit_resources_prbt_moveit_config' returned '0': AMENT_PREFIX_PATH=/home/moveit/install/moveit_ros_move_group:/home/moveit/install/moveit_kinematics:/home/moveit/install/moveit_ros_planning:/home/moveit/install/moveit_ros_occupancy_map_monitor:/home/moveit/install/moveit_resources_prbt_ikfast_manipulator_plugin:/home/moveit/install/moveit_core:/home/moveit/install/moveit_resources_prbt_support:/home/moveit/install/moveit_msgs:/home/moveit/install/moveit_common:${AMENT_PREFIX_PATH} CMAKE_PREFIX_PATH=/home/moveit/install/moveit_ros_move_group:/home/moveit/install/moveit_kinematics:/home/moveit/install/moveit_ros_planning:/home/moveit/install/moveit_ros_occupancy_map_monitor:/home/moveit/install/moveit_resources_prbt_ikfast_manipulator_plugin:/home/moveit/install/moveit_core:/home/moveit/install/moveit_resources_prbt_support:/home/moveit/install/moveit_msgs:/home/moveit/install/moveit_common:/opt/ros/humble LD_LIBRARY_PATH=/home/moveit/install/moveit_ros_move_group/lib:/home/moveit/install/moveit_kinematics/lib:/home/moveit/install/moveit_ros_planning/lib:/home/moveit/install/moveit_ros_occupancy_map_monitor/lib:/home/moveit/install/moveit_resources_prbt_ikfast_manipulator_plugin/lib:/home/moveit/install/moveit_core/lib:/home/moveit/install/moveit_msgs/lib:${LD_LIBRARY_PATH} PATH=/home/moveit/install/moveit_core/bin:${PATH} PYTHONPATH=/home/moveit/install/moveit_msgs/local/lib/python3.10/dist-packages:${PYTHONPATH} /usr/bin/cmake /home/moveit/src/moveit2/moveit_planners/test_configs/prbt_moveit_config -DCMAKE_BUILD_TYPE=Release -DCMAKE_INSTALL_PREFIX=/home/moveit/install/moveit_resources_prbt_moveit_config
[0.598s] Invoking command in '/home/moveit/build/moveit_resources_prbt_moveit_config': AMENT_PREFIX_PATH=/home/moveit/install/moveit_ros_move_group:/home/moveit/install/moveit_kinematics:/home/moveit/install/moveit_ros_planning:/home/moveit/install/moveit_ros_occupancy_map_monitor:/home/moveit/install/moveit_resources_prbt_ikfast_manipulator_plugin:/home/moveit/install/moveit_core:/home/moveit/install/moveit_resources_prbt_support:/home/moveit/install/moveit_msgs:/home/moveit/install/moveit_common:${AMENT_PREFIX_PATH} CMAKE_PREFIX_PATH=/home/moveit/install/moveit_ros_move_group:/home/moveit/install/moveit_kinematics:/home/moveit/install/moveit_ros_planning:/home/moveit/install/moveit_ros_occupancy_map_monitor:/home/moveit/install/moveit_resources_prbt_ikfast_manipulator_plugin:/home/moveit/install/moveit_core:/home/moveit/install/moveit_resources_prbt_support:/home/moveit/install/moveit_msgs:/home/moveit/install/moveit_common:/opt/ros/humble LD_LIBRARY_PATH=/home/moveit/install/moveit_ros_move_group/lib:/home/moveit/install/moveit_kinematics/lib:/home/moveit/install/moveit_ros_planning/lib:/home/moveit/install/moveit_ros_occupancy_map_monitor/lib:/home/moveit/install/moveit_resources_prbt_ikfast_manipulator_plugin/lib:/home/moveit/install/moveit_core/lib:/home/moveit/install/moveit_msgs/lib:${LD_LIBRARY_PATH} PATH=/home/moveit/install/moveit_core/bin:${PATH} PYTHONPATH=/home/moveit/install/moveit_msgs/local/lib/python3.10/dist-packages:${PYTHONPATH} /usr/bin/cmake --build /home/moveit/build/moveit_resources_prbt_moveit_config -- -j16 -l16
[0.643s] Invoked command in '/home/moveit/build/moveit_resources_prbt_moveit_config' returned '0': AMENT_PREFIX_PATH=/home/moveit/install/moveit_ros_move_group:/home/moveit/install/moveit_kinematics:/home/moveit/install/moveit_ros_planning:/home/moveit/install/moveit_ros_occupancy_map_monitor:/home/moveit/install/moveit_resources_prbt_ikfast_manipulator_plugin:/home/moveit/install/moveit_core:/home/moveit/install/moveit_resources_prbt_support:/home/moveit/install/moveit_msgs:/home/moveit/install/moveit_common:${AMENT_PREFIX_PATH} CMAKE_PREFIX_PATH=/home/moveit/install/moveit_ros_move_group:/home/moveit/install/moveit_kinematics:/home/moveit/install/moveit_ros_planning:/home/moveit/install/moveit_ros_occupancy_map_monitor:/home/moveit/install/moveit_resources_prbt_ikfast_manipulator_plugin:/home/moveit/install/moveit_core:/home/moveit/install/moveit_resources_prbt_support:/home/moveit/install/moveit_msgs:/home/moveit/install/moveit_common:/opt/ros/humble LD_LIBRARY_PATH=/home/moveit/install/moveit_ros_move_group/lib:/home/moveit/install/moveit_kinematics/lib:/home/moveit/install/moveit_ros_planning/lib:/home/moveit/install/moveit_ros_occupancy_map_monitor/lib:/home/moveit/install/moveit_resources_prbt_ikfast_manipulator_plugin/lib:/home/moveit/install/moveit_core/lib:/home/moveit/install/moveit_msgs/lib:${LD_LIBRARY_PATH} PATH=/home/moveit/install/moveit_core/bin:${PATH} PYTHONPATH=/home/moveit/install/moveit_msgs/local/lib/python3.10/dist-packages:${PYTHONPATH} /usr/bin/cmake --build /home/moveit/build/moveit_resources_prbt_moveit_config -- -j16 -l16
[0.667s] Invoking command in '/home/moveit/build/moveit_resources_prbt_moveit_config': AMENT_PREFIX_PATH=/home/moveit/install/moveit_ros_move_group:/home/moveit/install/moveit_kinematics:/home/moveit/install/moveit_ros_planning:/home/moveit/install/moveit_ros_occupancy_map_monitor:/home/moveit/install/moveit_resources_prbt_ikfast_manipulator_plugin:/home/moveit/install/moveit_core:/home/moveit/install/moveit_resources_prbt_support:/home/moveit/install/moveit_msgs:/home/moveit/install/moveit_common:${AMENT_PREFIX_PATH} CMAKE_PREFIX_PATH=/home/moveit/install/moveit_ros_move_group:/home/moveit/install/moveit_kinematics:/home/moveit/install/moveit_ros_planning:/home/moveit/install/moveit_ros_occupancy_map_monitor:/home/moveit/install/moveit_resources_prbt_ikfast_manipulator_plugin:/home/moveit/install/moveit_core:/home/moveit/install/moveit_resources_prbt_support:/home/moveit/install/moveit_msgs:/home/moveit/install/moveit_common:/opt/ros/humble LD_LIBRARY_PATH=/home/moveit/install/moveit_ros_move_group/lib:/home/moveit/install/moveit_kinematics/lib:/home/moveit/install/moveit_ros_planning/lib:/home/moveit/install/moveit_ros_occupancy_map_monitor/lib:/home/moveit/install/moveit_resources_prbt_ikfast_manipulator_plugin/lib:/home/moveit/install/moveit_core/lib:/home/moveit/install/moveit_msgs/lib:${LD_LIBRARY_PATH} PATH=/home/moveit/install/moveit_core/bin:${PATH} PYTHONPATH=/home/moveit/install/moveit_msgs/local/lib/python3.10/dist-packages:${PYTHONPATH} /usr/bin/cmake --install /home/moveit/build/moveit_resources_prbt_moveit_config
[0.677s] -- Install configuration: "Release"
[0.677s] -- Installing: /home/moveit/install/moveit_resources_prbt_moveit_config/share/moveit_resources_prbt_moveit_config/launch
[0.678s] -- Installing: /home/moveit/install/moveit_resources_prbt_moveit_config/share/moveit_resources_prbt_moveit_config/launch/demo.launch.py
[0.678s] -- Installing: /home/moveit/install/moveit_resources_prbt_moveit_config/share/moveit_resources_prbt_moveit_config/launch/moveit.rviz
[0.678s] -- Installing: /home/moveit/install/moveit_resources_prbt_moveit_config/share/moveit_resources_prbt_moveit_config/config
[0.678s] -- Installing: /home/moveit/install/moveit_resources_prbt_moveit_config/share/moveit_resources_prbt_moveit_config/config/joint_limits.yaml
[0.679s] -- Installing: /home/moveit/install/moveit_resources_prbt_moveit_config/share/moveit_resources_prbt_moveit_config/config/joint_names.yaml
[0.679s] -- Installing: /home/moveit/install/moveit_resources_prbt_moveit_config/share/moveit_resources_prbt_moveit_config/config/pilz_cartesian_limits.yaml
[0.679s] -- Installing: /home/moveit/install/moveit_resources_prbt_moveit_config/share/moveit_resources_prbt_moveit_config/config/controllers_manipulator.yaml
[0.679s] -- Installing: /home/moveit/install/moveit_resources_prbt_moveit_config/share/moveit_resources_prbt_moveit_config/config/prbt_ros_controllers.yaml
[0.679s] -- Installing: /home/moveit/install/moveit_resources_prbt_moveit_config/share/moveit_resources_prbt_moveit_config/config/prbt_controllers.yaml
[0.680s] -- Installing: /home/moveit/install/moveit_resources_prbt_moveit_config/share/moveit_resources_prbt_moveit_config/config/prbt.srdf.xacro
[0.680s] -- Installing: /home/moveit/install/moveit_resources_prbt_moveit_config/share/moveit_resources_prbt_moveit_config/config/prbt_manipulator.srdf.xacro
[0.680s] -- Installing: /home/moveit/install/moveit_resources_prbt_moveit_config/share/moveit_resources_prbt_moveit_config/config/ompl_planning.yaml
[0.680s] -- Installing: /home/moveit/install/moveit_resources_prbt_moveit_config/share/moveit_resources_prbt_moveit_config/config/kinematics.yaml
[0.681s] -- Installing: /home/moveit/install/moveit_resources_prbt_moveit_config/share/ament_index/resource_index/package_run_dependencies/moveit_resources_prbt_moveit_config
[0.681s] -- Installing: /home/moveit/install/moveit_resources_prbt_moveit_config/share/ament_index/resource_index/parent_prefix_path/moveit_resources_prbt_moveit_config
[0.681s] -- Installing: /home/moveit/install/moveit_resources_prbt_moveit_config/share/moveit_resources_prbt_moveit_config/environment/ament_prefix_path.sh
[0.681s] -- Installing: /home/moveit/install/moveit_resources_prbt_moveit_config/share/moveit_resources_prbt_moveit_config/environment/ament_prefix_path.dsv
[0.682s] -- Installing: /home/moveit/install/moveit_resources_prbt_moveit_config/share/moveit_resources_prbt_moveit_config/environment/path.sh
[0.682s] -- Installing: /home/moveit/install/moveit_resources_prbt_moveit_config/share/moveit_resources_prbt_moveit_config/environment/path.dsv
[0.682s] -- Installing: /home/moveit/install/moveit_resources_prbt_moveit_config/share/moveit_resources_prbt_moveit_config/local_setup.bash
[0.682s] -- Installing: /home/moveit/install/moveit_resources_prbt_moveit_config/share/moveit_resources_prbt_moveit_config/local_setup.sh
[0.682s] -- Installing: /home/moveit/install/moveit_resources_prbt_moveit_config/share/moveit_resources_prbt_moveit_config/local_setup.zsh
[0.682s] -- Installing: /home/moveit/install/moveit_resources_prbt_moveit_config/share/moveit_resources_prbt_moveit_config/local_setup.dsv
[0.683s] -- Installing: /home/moveit/install/moveit_resources_prbt_moveit_config/share/moveit_resources_prbt_moveit_config/package.dsv
[0.683s] -- Installing: /home/moveit/install/moveit_resources_prbt_moveit_config/share/ament_index/resource_index/packages/moveit_resources_prbt_moveit_config
[0.683s] -- Installing: /home/moveit/install/moveit_resources_prbt_moveit_config/share/moveit_resources_prbt_moveit_config/cmake/moveit_resources_prbt_moveit_configConfig.cmake
[0.683s] -- Installing: /home/moveit/install/moveit_resources_prbt_moveit_config/share/moveit_resources_prbt_moveit_config/cmake/moveit_resources_prbt_moveit_configConfig-version.cmake
[0.683s] -- Installing: /home/moveit/install/moveit_resources_prbt_moveit_config/share/moveit_resources_prbt_moveit_config/package.xml
[0.686s] Invoked command in '/home/moveit/build/moveit_resources_prbt_moveit_config' returned '0': AMENT_PREFIX_PATH=/home/moveit/install/moveit_ros_move_group:/home/moveit/install/moveit_kinematics:/home/moveit/install/moveit_ros_planning:/home/moveit/install/moveit_ros_occupancy_map_monitor:/home/moveit/install/moveit_resources_prbt_ikfast_manipulator_plugin:/home/moveit/install/moveit_core:/home/moveit/install/moveit_resources_prbt_support:/home/moveit/install/moveit_msgs:/home/moveit/install/moveit_common:${AMENT_PREFIX_PATH} CMAKE_PREFIX_PATH=/home/moveit/install/moveit_ros_move_group:/home/moveit/install/moveit_kinematics:/home/moveit/install/moveit_ros_planning:/home/moveit/install/moveit_ros_occupancy_map_monitor:/home/moveit/install/moveit_resources_prbt_ikfast_manipulator_plugin:/home/moveit/install/moveit_core:/home/moveit/install/moveit_resources_prbt_support:/home/moveit/install/moveit_msgs:/home/moveit/install/moveit_common:/opt/ros/humble LD_LIBRARY_PATH=/home/moveit/install/moveit_ros_move_group/lib:/home/moveit/install/moveit_kinematics/lib:/home/moveit/install/moveit_ros_planning/lib:/home/moveit/install/moveit_ros_occupancy_map_monitor/lib:/home/moveit/install/moveit_resources_prbt_ikfast_manipulator_plugin/lib:/home/moveit/install/moveit_core/lib:/home/moveit/install/moveit_msgs/lib:${LD_LIBRARY_PATH} PATH=/home/moveit/install/moveit_core/bin:${PATH} PYTHONPATH=/home/moveit/install/moveit_msgs/local/lib/python3.10/dist-packages:${PYTHONPATH} /usr/bin/cmake --install /home/moveit/build/moveit_resources_prbt_moveit_config
