[0.054s] Invoking command in '/home/kortex_ws/build/forward_command_controller': AMENT_PREFIX_PATH=/home/kortex_ws/install/controller_manager:/home/kortex_ws/install/hardware_interface_testing:/home/kortex_ws/install/controller_interface:/home/kortex_ws/install/hardware_interface:/home/kortex_ws/install/ros2_control_test_assets:/home/kortex_ws/install/controller_manager_msgs:/home/kortex_ws/install/control_msgs:${AMENT_PREFIX_PATH} CMAKE_PREFIX_PATH=/home/kortex_ws/install/controller_manager:/home/kortex_ws/install/hardware_interface_testing:/home/kortex_ws/install/controller_interface:/home/kortex_ws/install/hardware_interface:/home/kortex_ws/install/ros2_control_test_assets:/home/kortex_ws/install/controller_manager_msgs:/home/kortex_ws/install/control_msgs:/opt/ros/humble LD_LIBRARY_PATH=/home/kortex_ws/install/controller_manager/lib:/home/kortex_ws/install/hardware_interface_testing/lib:/home/kortex_ws/install/controller_interface/lib:/home/kortex_ws/install/hardware_interface/lib:/home/kortex_ws/install/controller_manager_msgs/lib:/home/kortex_ws/install/control_msgs/lib:${LD_LIBRARY_PATH} PYTHONPATH=/home/kortex_ws/install/controller_manager/local/lib/python3.10/dist-packages:/home/kortex_ws/install/controller_manager_msgs/local/lib/python3.10/dist-packages:/home/kortex_ws/install/control_msgs/local/lib/python3.10/dist-packages:${PYTHONPATH} /usr/bin/cmake /home/kortex_ws/src/ros2_controllers/forward_command_controller -DCMAKE_INSTALL_PREFIX=/home/kortex_ws/install/forward_command_controller
[0.443s] -- The CXX compiler identification is GNU 11.4.0
[0.445s] -- Detecting CXX compiler ABI info
[0.445s] -- Detecting CXX compiler ABI info - done
[0.445s] -- Check for working CXX compiler: /usr/bin/c++ - skipped
[0.445s] -- Detecting CXX compile features
[0.445s] -- Detecting CXX compile features - done
[0.445s] -- Found ament_cmake: 1.3.8 (/opt/ros/humble/share/ament_cmake/cmake)
[0.581s] -- Found Python3: /usr/bin/python3 (found version "3.10.12") found components: Interpreter 
[0.779s] -- Found backward_ros: 1.0.2 (/opt/ros/humble/share/backward_ros/cmake)
[0.792s] -- Found libdw: /usr/lib/x86_64-linux-gnu/libdw.so  
[0.800s] -- Could NOT find libbfd (missing: LIBBFD_LIBRARY LIBBFD_INCLUDE_DIR) 
[0.800s] -- BACKWARD_HAS_UNWIND=1
[0.800s] -- BACKWARD_HAS_BACKTRACE=0
[0.800s] -- BACKWARD_HAS_BACKTRACE_SYMBOL=0
[0.800s] -- BACKWARD_HAS_DW=1
[0.800s] -- BACKWARD_HAS_BFD=0
[0.801s] -- Found Backward: /opt/ros/humble/share/backward_ros/cmake  
[0.802s] -- Found controller_interface: 2.41.0 (/home/kortex_ws/install/controller_interface/share/controller_interface/cmake)
[0.881s] -- Found rosidl_generator_c: 3.1.5 (/opt/ros/humble/share/rosidl_generator_c/cmake)
[0.896s] -- Found rosidl_adapter: 3.1.5 (/opt/ros/humble/share/rosidl_adapter/cmake)
[0.917s] -- Found rosidl_generator_cpp: 3.1.5 (/opt/ros/humble/share/rosidl_generator_cpp/cmake)
[0.944s] -- Using all available rosidl_typesupport_c: rosidl_typesupport_fastrtps_c;rosidl_typesupport_introspection_c
[0.978s] -- Using all available rosidl_typesupport_cpp: rosidl_typesupport_fastrtps_cpp;rosidl_typesupport_introspection_cpp
[2.007s] -- Found rmw_implementation_cmake: 6.1.1 (/opt/ros/humble/share/rmw_implementation_cmake/cmake)
[2.013s] -- Found rmw_cyclonedds_cpp: 1.3.4 (/opt/ros/humble/share/rmw_cyclonedds_cpp/cmake)
[2.062s] -- Using RMW implementation 'rmw_cyclonedds_cpp' as default
[2.084s] -- Looking for C++ include pthread.h
[2.280s] -- Looking for C++ include pthread.h - found
[2.280s] -- Performing Test CMAKE_HAVE_LIBC_PTHREAD
[2.491s] -- Performing Test CMAKE_HAVE_LIBC_PTHREAD - Success
[2.492s] -- Found Threads: TRUE  
[2.849s] -- Found generate_parameter_library: 0.3.8 (/opt/ros/humble/share/generate_parameter_library/cmake)
[2.855s] -- Found parameter_traits: 0.3.8 (/opt/ros/humble/share/parameter_traits/cmake)
[2.902s] -- Found realtime_tools: 2.5.0 (/opt/ros/humble/share/realtime_tools/cmake)
[3.195s] -- Found ament_cmake_gmock: 1.3.8 (/opt/ros/humble/share/ament_cmake_gmock/cmake)
[3.195s] -- Found controller_manager: 2.41.0 (/home/kortex_ws/install/controller_manager/share/controller_manager/cmake)
[3.514s] -- Found ros2_control_test_assets: 2.41.0 (/home/kortex_ws/install/ros2_control_test_assets/share/ros2_control_test_assets/cmake)
[3.520s] -- Found gmock sources under '/opt/ros/humble/src/gmock_vendor': C++ tests using 'Google Mock' will be built
[3.568s] -- The C compiler identification is GNU 11.4.0
[3.577s] -- Detecting C compiler ABI info
[3.703s] -- Detecting C compiler ABI info - done
[3.712s] -- Check for working C compiler: /usr/bin/cc - skipped
[3.712s] -- Detecting C compile features
[3.712s] -- Detecting C compile features - done
[3.727s] -- Found ament_cmake_gtest: 1.3.8 (/opt/ros/humble/share/ament_cmake_gtest/cmake)
[3.729s] -- Found gtest sources under '/opt/ros/humble/src/gtest_vendor': C++ tests using 'Google Test' will be built
[6.243s] -- Configuring done
[7.308s] -- Generating done
[7.327s] -- Build files have been written to: /home/kortex_ws/build/forward_command_controller
[7.459s] Invoked command in '/home/kortex_ws/build/forward_command_controller' returned '0': AMENT_PREFIX_PATH=/home/kortex_ws/install/controller_manager:/home/kortex_ws/install/hardware_interface_testing:/home/kortex_ws/install/controller_interface:/home/kortex_ws/install/hardware_interface:/home/kortex_ws/install/ros2_control_test_assets:/home/kortex_ws/install/controller_manager_msgs:/home/kortex_ws/install/control_msgs:${AMENT_PREFIX_PATH} CMAKE_PREFIX_PATH=/home/kortex_ws/install/controller_manager:/home/kortex_ws/install/hardware_interface_testing:/home/kortex_ws/install/controller_interface:/home/kortex_ws/install/hardware_interface:/home/kortex_ws/install/ros2_control_test_assets:/home/kortex_ws/install/controller_manager_msgs:/home/kortex_ws/install/control_msgs:/opt/ros/humble LD_LIBRARY_PATH=/home/kortex_ws/install/controller_manager/lib:/home/kortex_ws/install/hardware_interface_testing/lib:/home/kortex_ws/install/controller_interface/lib:/home/kortex_ws/install/hardware_interface/lib:/home/kortex_ws/install/controller_manager_msgs/lib:/home/kortex_ws/install/control_msgs/lib:${LD_LIBRARY_PATH} PYTHONPATH=/home/kortex_ws/install/controller_manager/local/lib/python3.10/dist-packages:/home/kortex_ws/install/controller_manager_msgs/local/lib/python3.10/dist-packages:/home/kortex_ws/install/control_msgs/local/lib/python3.10/dist-packages:${PYTHONPATH} /usr/bin/cmake /home/kortex_ws/src/ros2_controllers/forward_command_controller -DCMAKE_INSTALL_PREFIX=/home/kortex_ws/install/forward_command_controller
[7.461s] Invoking command in '/home/kortex_ws/build/forward_command_controller': AMENT_PREFIX_PATH=/home/kortex_ws/install/controller_manager:/home/kortex_ws/install/hardware_interface_testing:/home/kortex_ws/install/controller_interface:/home/kortex_ws/install/hardware_interface:/home/kortex_ws/install/ros2_control_test_assets:/home/kortex_ws/install/controller_manager_msgs:/home/kortex_ws/install/control_msgs:${AMENT_PREFIX_PATH} CMAKE_PREFIX_PATH=/home/kortex_ws/install/controller_manager:/home/kortex_ws/install/hardware_interface_testing:/home/kortex_ws/install/controller_interface:/home/kortex_ws/install/hardware_interface:/home/kortex_ws/install/ros2_control_test_assets:/home/kortex_ws/install/controller_manager_msgs:/home/kortex_ws/install/control_msgs:/opt/ros/humble LD_LIBRARY_PATH=/home/kortex_ws/install/controller_manager/lib:/home/kortex_ws/install/hardware_interface_testing/lib:/home/kortex_ws/install/controller_interface/lib:/home/kortex_ws/install/hardware_interface/lib:/home/kortex_ws/install/controller_manager_msgs/lib:/home/kortex_ws/install/control_msgs/lib:${LD_LIBRARY_PATH} PYTHONPATH=/home/kortex_ws/install/controller_manager/local/lib/python3.10/dist-packages:/home/kortex_ws/install/controller_manager_msgs/local/lib/python3.10/dist-packages:/home/kortex_ws/install/control_msgs/local/lib/python3.10/dist-packages:${PYTHONPATH} /usr/bin/cmake --build /home/kortex_ws/build/forward_command_controller -- -j16 -l16
[7.832s] [  5%] [34m[1mRunning `/opt/ros/humble/bin/generate_parameter_library_cpp /home/kortex_ws/build/forward_command_controller/forward_command_controller_parameters/include//forward_command_controller_parameters.hpp /home/kortex_ws/src/ros2_controllers/forward_command_controller/src/forward_command_controller_parameters.yaml `[0m
[7.864s] [ 10%] [32mBuilding CXX object gmock/CMakeFiles/gmock_main.dir/src/gmock_main.cc.o[0m
[7.932s] [ 15%] [32mBuilding CXX object gmock/CMakeFiles/gmock.dir/opt/ros/humble/src/gtest_vendor/src/gtest-all.cc.o[0m
[7.935s] [ 21%] [34m[1mRunning `/opt/ros/humble/bin/generate_parameter_library_cpp /home/kortex_ws/build/forward_command_controller/multi_interface_forward_command_controller_parameters/include//multi_interface_forward_command_controller_parameters.hpp /home/kortex_ws/src/ros2_controllers/forward_command_controller/src/multi_interface_forward_command_controller_parameters.yaml `[0m
[7.971s] [ 26%] [32mBuilding CXX object gmock/CMakeFiles/gmock.dir/src/gmock-all.cc.o[0m
[8.852s] [ 26%] Built target multi_interface_forward_command_controller_parameters
[9.604s] [ 26%] Built target forward_command_controller_parameters
[9.837s] [ 31%] [32mBuilding CXX object CMakeFiles/forward_command_controller.dir/src/multi_interface_forward_command_controller.cpp.o[0m
[9.861s] [ 36%] [32mBuilding CXX object CMakeFiles/forward_command_controller.dir/src/forward_command_controller.cpp.o[0m
[9.863s] [ 42%] [32mBuilding CXX object CMakeFiles/forward_command_controller.dir/src/forward_controllers_base.cpp.o[0m
[13.531s] [ 47%] [32m[1mLinking CXX static library libgmock_main.a[0m
[13.924s] [ 47%] Built target gmock_main
[18.953s] [ 52%] [32m[1mLinking CXX static library libgmock.a[0m
[19.311s] [ 52%] Built target gmock
[26.350s] [ 57%] [32m[1mLinking CXX shared library libforward_command_controller.so[0m
[27.129s] [ 57%] Built target forward_command_controller
[27.166s] [ 63%] [32mBuilding CXX object CMakeFiles/test_load_forward_command_controller.dir/test/test_load_forward_command_controller.cpp.o[0m
[36.537s] [ 68%] [32m[1mLinking CXX executable test_load_forward_command_controller[0m
[41.153s] [ 68%] Built target test_load_forward_command_controller
[41.299s] [ 73%] [32mBuilding CXX object CMakeFiles/test_multi_interface_forward_command_controller.dir/test/test_multi_interface_forward_command_controller.cpp.o[0m
[41.300s] [ 78%] [32mBuilding CXX object CMakeFiles/test_load_multi_interface_forward_command_controller.dir/test/test_load_multi_interface_forward_command_controller.cpp.o[0m
[54.677s] [ 84%] [32m[1mLinking CXX executable test_load_multi_interface_forward_command_controller[0m
[56.938s] [ 89%] [32m[1mLinking CXX executable test_multi_interface_forward_command_controller[0m
[60.582s] [ 89%] Built target test_load_multi_interface_forward_command_controller
[60.715s] [ 89%] Built target test_multi_interface_forward_command_controller
[60.833s] [ 94%] [32mBuilding CXX object CMakeFiles/test_forward_command_controller.dir/test/test_forward_command_controller.cpp.o[0m
[70.234s] [100%] [32m[1mLinking CXX executable test_forward_command_controller[0m
[71.118s] [100%] Built target test_forward_command_controller
[71.133s] Invoked command in '/home/kortex_ws/build/forward_command_controller' returned '0': AMENT_PREFIX_PATH=/home/kortex_ws/install/controller_manager:/home/kortex_ws/install/hardware_interface_testing:/home/kortex_ws/install/controller_interface:/home/kortex_ws/install/hardware_interface:/home/kortex_ws/install/ros2_control_test_assets:/home/kortex_ws/install/controller_manager_msgs:/home/kortex_ws/install/control_msgs:${AMENT_PREFIX_PATH} CMAKE_PREFIX_PATH=/home/kortex_ws/install/controller_manager:/home/kortex_ws/install/hardware_interface_testing:/home/kortex_ws/install/controller_interface:/home/kortex_ws/install/hardware_interface:/home/kortex_ws/install/ros2_control_test_assets:/home/kortex_ws/install/controller_manager_msgs:/home/kortex_ws/install/control_msgs:/opt/ros/humble LD_LIBRARY_PATH=/home/kortex_ws/install/controller_manager/lib:/home/kortex_ws/install/hardware_interface_testing/lib:/home/kortex_ws/install/controller_interface/lib:/home/kortex_ws/install/hardware_interface/lib:/home/kortex_ws/install/controller_manager_msgs/lib:/home/kortex_ws/install/control_msgs/lib:${LD_LIBRARY_PATH} PYTHONPATH=/home/kortex_ws/install/controller_manager/local/lib/python3.10/dist-packages:/home/kortex_ws/install/controller_manager_msgs/local/lib/python3.10/dist-packages:/home/kortex_ws/install/control_msgs/local/lib/python3.10/dist-packages:${PYTHONPATH} /usr/bin/cmake --build /home/kortex_ws/build/forward_command_controller -- -j16 -l16
[71.187s] Invoking command in '/home/kortex_ws/build/forward_command_controller': AMENT_PREFIX_PATH=/home/kortex_ws/install/controller_manager:/home/kortex_ws/install/hardware_interface_testing:/home/kortex_ws/install/controller_interface:/home/kortex_ws/install/hardware_interface:/home/kortex_ws/install/ros2_control_test_assets:/home/kortex_ws/install/controller_manager_msgs:/home/kortex_ws/install/control_msgs:${AMENT_PREFIX_PATH} CMAKE_PREFIX_PATH=/home/kortex_ws/install/controller_manager:/home/kortex_ws/install/hardware_interface_testing:/home/kortex_ws/install/controller_interface:/home/kortex_ws/install/hardware_interface:/home/kortex_ws/install/ros2_control_test_assets:/home/kortex_ws/install/controller_manager_msgs:/home/kortex_ws/install/control_msgs:/opt/ros/humble LD_LIBRARY_PATH=/home/kortex_ws/install/controller_manager/lib:/home/kortex_ws/install/hardware_interface_testing/lib:/home/kortex_ws/install/controller_interface/lib:/home/kortex_ws/install/hardware_interface/lib:/home/kortex_ws/install/controller_manager_msgs/lib:/home/kortex_ws/install/control_msgs/lib:${LD_LIBRARY_PATH} PYTHONPATH=/home/kortex_ws/install/controller_manager/local/lib/python3.10/dist-packages:/home/kortex_ws/install/controller_manager_msgs/local/lib/python3.10/dist-packages:/home/kortex_ws/install/control_msgs/local/lib/python3.10/dist-packages:${PYTHONPATH} /usr/bin/cmake --install /home/kortex_ws/build/forward_command_controller
[71.197s] -- Install configuration: ""
[71.197s] -- Installing: /home/kortex_ws/install/forward_command_controller/include/forward_command_controller_parameters
[71.198s] -- Installing: /home/kortex_ws/install/forward_command_controller/include/forward_command_controller_parameters/forward_command_controller_parameters.hpp
[71.198s] -- Installing: /home/kortex_ws/install/forward_command_controller/include/multi_interface_forward_command_controller_parameters
[71.198s] -- Installing: /home/kortex_ws/install/forward_command_controller/include/multi_interface_forward_command_controller_parameters/multi_interface_forward_command_controller_parameters.hpp
[71.198s] -- Installing: /home/kortex_ws/install/forward_command_controller/share/forward_command_controller/forward_command_plugin.xml
[71.199s] -- Installing: /home/kortex_ws/install/forward_command_controller/include/forward_command_controller
[71.199s] -- Installing: /home/kortex_ws/install/forward_command_controller/include/forward_command_controller/forward_command_controller
[71.199s] -- Installing: /home/kortex_ws/install/forward_command_controller/include/forward_command_controller/forward_command_controller/forward_command_controller.hpp
[71.199s] -- Installing: /home/kortex_ws/install/forward_command_controller/include/forward_command_controller/forward_command_controller/visibility_control.h
[71.199s] -- Installing: /home/kortex_ws/install/forward_command_controller/include/forward_command_controller/forward_command_controller/forward_controllers_base.hpp
[71.203s] -- Installing: /home/kortex_ws/install/forward_command_controller/include/forward_command_controller/forward_command_controller/multi_interface_forward_command_controller.hpp
[71.203s] -- Installing: /home/kortex_ws/install/forward_command_controller/lib/libforward_command_controller.so
[71.218s] -- Set runtime path of "/home/kortex_ws/install/forward_command_controller/lib/libforward_command_controller.so" to ""
[71.218s] -- Installing: /home/kortex_ws/install/forward_command_controller/share/forward_command_controller/environment/library_path.sh
[71.218s] -- Installing: /home/kortex_ws/install/forward_command_controller/share/forward_command_controller/environment/library_path.dsv
[71.219s] -- Installing: /home/kortex_ws/install/forward_command_controller/share/ament_index/resource_index/package_run_dependencies/forward_command_controller
[71.219s] -- Installing: /home/kortex_ws/install/forward_command_controller/share/ament_index/resource_index/parent_prefix_path/forward_command_controller
[71.220s] -- Installing: /home/kortex_ws/install/forward_command_controller/share/forward_command_controller/environment/ament_prefix_path.sh
[71.220s] -- Installing: /home/kortex_ws/install/forward_command_controller/share/forward_command_controller/environment/ament_prefix_path.dsv
[71.221s] -- Installing: /home/kortex_ws/install/forward_command_controller/share/forward_command_controller/environment/path.sh
[71.221s] -- Installing: /home/kortex_ws/install/forward_command_controller/share/forward_command_controller/environment/path.dsv
[71.221s] -- Installing: /home/kortex_ws/install/forward_command_controller/share/forward_command_controller/local_setup.bash
[71.221s] -- Installing: /home/kortex_ws/install/forward_command_controller/share/forward_command_controller/local_setup.sh
[71.221s] -- Installing: /home/kortex_ws/install/forward_command_controller/share/forward_command_controller/local_setup.zsh
[71.221s] -- Installing: /home/kortex_ws/install/forward_command_controller/share/forward_command_controller/local_setup.dsv
[71.221s] -- Installing: /home/kortex_ws/install/forward_command_controller/share/forward_command_controller/package.dsv
[71.222s] -- Installing: /home/kortex_ws/install/forward_command_controller/share/ament_index/resource_index/packages/forward_command_controller
[71.222s] -- Installing: /home/kortex_ws/install/forward_command_controller/share/ament_index/resource_index/controller_interface__pluginlib__plugin/forward_command_controller
[71.222s] -- Installing: /home/kortex_ws/install/forward_command_controller/share/forward_command_controller/cmake/export_forward_command_controllerExport.cmake
[71.223s] -- Installing: /home/kortex_ws/install/forward_command_controller/share/forward_command_controller/cmake/export_forward_command_controllerExport-noconfig.cmake
[71.223s] -- Installing: /home/kortex_ws/install/forward_command_controller/share/forward_command_controller/cmake/ament_cmake_export_targets-extras.cmake
[71.223s] -- Installing: /home/kortex_ws/install/forward_command_controller/share/forward_command_controller/cmake/ament_cmake_export_dependencies-extras.cmake
[71.223s] -- Installing: /home/kortex_ws/install/forward_command_controller/share/forward_command_controller/cmake/forward_command_controllerConfig.cmake
[71.224s] -- Installing: /home/kortex_ws/install/forward_command_controller/share/forward_command_controller/cmake/forward_command_controllerConfig-version.cmake
[71.224s] -- Installing: /home/kortex_ws/install/forward_command_controller/share/forward_command_controller/package.xml
[71.230s] Invoked command in '/home/kortex_ws/build/forward_command_controller' returned '0': AMENT_PREFIX_PATH=/home/kortex_ws/install/controller_manager:/home/kortex_ws/install/hardware_interface_testing:/home/kortex_ws/install/controller_interface:/home/kortex_ws/install/hardware_interface:/home/kortex_ws/install/ros2_control_test_assets:/home/kortex_ws/install/controller_manager_msgs:/home/kortex_ws/install/control_msgs:${AMENT_PREFIX_PATH} CMAKE_PREFIX_PATH=/home/kortex_ws/install/controller_manager:/home/kortex_ws/install/hardware_interface_testing:/home/kortex_ws/install/controller_interface:/home/kortex_ws/install/hardware_interface:/home/kortex_ws/install/ros2_control_test_assets:/home/kortex_ws/install/controller_manager_msgs:/home/kortex_ws/install/control_msgs:/opt/ros/humble LD_LIBRARY_PATH=/home/kortex_ws/install/controller_manager/lib:/home/kortex_ws/install/hardware_interface_testing/lib:/home/kortex_ws/install/controller_interface/lib:/home/kortex_ws/install/hardware_interface/lib:/home/kortex_ws/install/controller_manager_msgs/lib:/home/kortex_ws/install/control_msgs/lib:${LD_LIBRARY_PATH} PYTHONPATH=/home/kortex_ws/install/controller_manager/local/lib/python3.10/dist-packages:/home/kortex_ws/install/controller_manager_msgs/local/lib/python3.10/dist-packages:/home/kortex_ws/install/control_msgs/local/lib/python3.10/dist-packages:${PYTHONPATH} /usr/bin/cmake --install /home/kortex_ws/build/forward_command_controller
