[0.014s] Invoking command in '/home/moveit/build/moveit_planners_chomp': AMENT_PREFIX_PATH=/home/moveit/install/chomp_motion_planner:/home/moveit/install/moveit_core:/home/moveit/install/moveit_msgs:/home/moveit/install/moveit_common:${AMENT_PREFIX_PATH} CMAKE_PREFIX_PATH=/home/moveit/install/chomp_motion_planner:/home/moveit/install/moveit_core:/home/moveit/install/moveit_msgs:/home/moveit/install/moveit_common:/opt/ros/humble LD_LIBRARY_PATH=/home/moveit/install/chomp_motion_planner/lib:/home/moveit/install/moveit_core/lib:/home/moveit/install/moveit_msgs/lib:${LD_LIBRARY_PATH} PATH=/home/moveit/install/moveit_core/bin:${PATH} PYTHONPATH=/home/moveit/install/moveit_msgs/local/lib/python3.10/dist-packages:${PYTHONPATH} /usr/bin/cmake --build /home/moveit/build/moveit_planners_chomp -- -j16 -l16
[0.060s] [35m[1mConsolidate compiler generated dependencies of target moveit_chomp_interface[0m
[0.089s] [ 60%] Built target moveit_chomp_interface
[0.101s] [35m[1mConsolidate compiler generated dependencies of target moveit_chomp_planner_plugin[0m
[0.128s] [100%] Built target moveit_chomp_planner_plugin
[0.138s] Invoked command in '/home/moveit/build/moveit_planners_chomp' returned '0': AMENT_PREFIX_PATH=/home/moveit/install/chomp_motion_planner:/home/moveit/install/moveit_core:/home/moveit/install/moveit_msgs:/home/moveit/install/moveit_common:${AMENT_PREFIX_PATH} CMAKE_PREFIX_PATH=/home/moveit/install/chomp_motion_planner:/home/moveit/install/moveit_core:/home/moveit/install/moveit_msgs:/home/moveit/install/moveit_common:/opt/ros/humble LD_LIBRARY_PATH=/home/moveit/install/chomp_motion_planner/lib:/home/moveit/install/moveit_core/lib:/home/moveit/install/moveit_msgs/lib:${LD_LIBRARY_PATH} PATH=/home/moveit/install/moveit_core/bin:${PATH} PYTHONPATH=/home/moveit/install/moveit_msgs/local/lib/python3.10/dist-packages:${PYTHONPATH} /usr/bin/cmake --build /home/moveit/build/moveit_planners_chomp -- -j16 -l16
[0.168s] Invoking command in '/home/moveit/build/moveit_planners_chomp': AMENT_PREFIX_PATH=/home/moveit/install/chomp_motion_planner:/home/moveit/install/moveit_core:/home/moveit/install/moveit_msgs:/home/moveit/install/moveit_common:${AMENT_PREFIX_PATH} CMAKE_PREFIX_PATH=/home/moveit/install/chomp_motion_planner:/home/moveit/install/moveit_core:/home/moveit/install/moveit_msgs:/home/moveit/install/moveit_common:/opt/ros/humble LD_LIBRARY_PATH=/home/moveit/install/chomp_motion_planner/lib:/home/moveit/install/moveit_core/lib:/home/moveit/install/moveit_msgs/lib:${LD_LIBRARY_PATH} PATH=/home/moveit/install/moveit_core/bin:${PATH} PYTHONPATH=/home/moveit/install/moveit_msgs/local/lib/python3.10/dist-packages:${PYTHONPATH} /usr/bin/cmake --install /home/moveit/build/moveit_planners_chomp
[0.175s] -- Install configuration: "Release"
[0.175s] -- Up-to-date: /home/moveit/install/moveit_planners_chomp/lib/libmoveit_chomp_interface.so.2.9.0
[0.175s] -- Up-to-date: /home/moveit/install/moveit_planners_chomp/lib/libmoveit_chomp_interface.so
[0.176s] -- Up-to-date: /home/moveit/install/moveit_planners_chomp/lib/libmoveit_chomp_planner_plugin.so
[0.176s] -- Up-to-date: /home/moveit/install/moveit_planners_chomp/share/moveit_planners_chomp/environment/library_path.sh
[0.176s] -- Up-to-date: /home/moveit/install/moveit_planners_chomp/share/moveit_planners_chomp/environment/library_path.dsv
[0.176s] -- Up-to-date: /home/moveit/install/moveit_planners_chomp/share/moveit_planners_chomp/chomp_interface_plugin_description.xml
[0.177s] -- Up-to-date: /home/moveit/install/moveit_planners_chomp/share/ament_index/resource_index/package_run_dependencies/moveit_planners_chomp
[0.177s] -- Up-to-date: /home/moveit/install/moveit_planners_chomp/share/ament_index/resource_index/parent_prefix_path/moveit_planners_chomp
[0.177s] -- Up-to-date: /home/moveit/install/moveit_planners_chomp/share/moveit_planners_chomp/environment/ament_prefix_path.sh
[0.177s] -- Up-to-date: /home/moveit/install/moveit_planners_chomp/share/moveit_planners_chomp/environment/ament_prefix_path.dsv
[0.177s] -- Up-to-date: /home/moveit/install/moveit_planners_chomp/share/moveit_planners_chomp/environment/path.sh
[0.177s] -- Up-to-date: /home/moveit/install/moveit_planners_chomp/share/moveit_planners_chomp/environment/path.dsv
[0.178s] -- Up-to-date: /home/moveit/install/moveit_planners_chomp/share/moveit_planners_chomp/local_setup.bash
[0.178s] -- Up-to-date: /home/moveit/install/moveit_planners_chomp/share/moveit_planners_chomp/local_setup.sh
[0.178s] -- Up-to-date: /home/moveit/install/moveit_planners_chomp/share/moveit_planners_chomp/local_setup.zsh
[0.178s] -- Up-to-date: /home/moveit/install/moveit_planners_chomp/share/moveit_planners_chomp/local_setup.dsv
[0.178s] -- Installing: /home/moveit/install/moveit_planners_chomp/share/moveit_planners_chomp/package.dsv
[0.178s] -- Up-to-date: /home/moveit/install/moveit_planners_chomp/share/ament_index/resource_index/packages/moveit_planners_chomp
[0.178s] -- Up-to-date: /home/moveit/install/moveit_planners_chomp/share/ament_index/resource_index/moveit_core__pluginlib__plugin/moveit_planners_chomp
[0.179s] -- Up-to-date: /home/moveit/install/moveit_planners_chomp/share/moveit_planners_chomp/cmake/moveit_planners_chompTargetsExport.cmake
[0.179s] -- Up-to-date: /home/moveit/install/moveit_planners_chomp/share/moveit_planners_chomp/cmake/moveit_planners_chompTargetsExport-release.cmake
[0.179s] -- Up-to-date: /home/moveit/install/moveit_planners_chomp/share/moveit_planners_chomp/cmake/ament_cmake_export_targets-extras.cmake
[0.179s] -- Up-to-date: /home/moveit/install/moveit_planners_chomp/share/moveit_planners_chomp/cmake/ament_cmake_export_dependencies-extras.cmake
[0.179s] -- Up-to-date: /home/moveit/install/moveit_planners_chomp/share/moveit_planners_chomp/cmake/moveit_planners_chompConfig.cmake
[0.179s] -- Up-to-date: /home/moveit/install/moveit_planners_chomp/share/moveit_planners_chomp/cmake/moveit_planners_chompConfig-version.cmake
[0.179s] -- Up-to-date: /home/moveit/install/moveit_planners_chomp/share/moveit_planners_chomp/package.xml
[0.181s] Invoked command in '/home/moveit/build/moveit_planners_chomp' returned '0': AMENT_PREFIX_PATH=/home/moveit/install/chomp_motion_planner:/home/moveit/install/moveit_core:/home/moveit/install/moveit_msgs:/home/moveit/install/moveit_common:${AMENT_PREFIX_PATH} CMAKE_PREFIX_PATH=/home/moveit/install/chomp_motion_planner:/home/moveit/install/moveit_core:/home/moveit/install/moveit_msgs:/home/moveit/install/moveit_common:/opt/ros/humble LD_LIBRARY_PATH=/home/moveit/install/chomp_motion_planner/lib:/home/moveit/install/moveit_core/lib:/home/moveit/install/moveit_msgs/lib:${LD_LIBRARY_PATH} PATH=/home/moveit/install/moveit_core/bin:${PATH} PYTHONPATH=/home/moveit/install/moveit_msgs/local/lib/python3.10/dist-packages:${PYTHONPATH} /usr/bin/cmake --install /home/moveit/build/moveit_planners_chomp
