[0.010s] Invoking command in '/home/kortex_ws/build/hardware_interface': AMENT_PREFIX_PATH=/home/kortex_ws/install/ros2_control_test_assets:/home/kortex_ws/install/control_msgs:${AMENT_PREFIX_PATH} CMAKE_PREFIX_PATH=/home/kortex_ws/install/ros2_control_test_assets:/home/kortex_ws/install/control_msgs:/opt/ros/humble LD_LIBRARY_PATH=/home/kortex_ws/install/control_msgs/lib:${LD_LIBRARY_PATH} PYTHONPATH=/home/kortex_ws/install/control_msgs/local/lib/python3.10/dist-packages:${PYTHONPATH} /usr/bin/cmake /home/kortex_ws/src/ros2_control/hardware_interface -DCMAKE_INSTALL_PREFIX=/home/kortex_ws/install/hardware_interface
[0.068s] -- The C compiler identification is GNU 11.4.0
[0.125s] -- The CXX compiler identification is GNU 11.4.0
[0.132s] -- Detecting C compiler ABI info
[0.203s] -- Detecting C compiler ABI info - done
[0.208s] -- Check for working C compiler: /usr/bin/cc - skipped
[0.208s] -- Detecting C compile features
[0.209s] -- Detecting C compile features - done
[0.211s] -- Detecting CXX compiler ABI info
[0.287s] -- Detecting CXX compiler ABI info - done
[0.293s] -- Check for working CXX compiler: /usr/bin/c++ - skipped
[0.294s] -- Detecting CXX compile features
[0.294s] -- Detecting CXX compile features - done
[0.299s] -- Found ament_cmake: 1.3.8 (/opt/ros/humble/share/ament_cmake/cmake)
[0.434s] -- Found Python3: /usr/bin/python3 (found version "3.10.12") found components: Interpreter 
[0.532s] -- Found control_msgs: 4.6.0 (/home/kortex_ws/install/control_msgs/share/control_msgs/cmake)
[0.579s] -- Found rosidl_generator_c: 3.1.5 (/opt/ros/humble/share/rosidl_generator_c/cmake)
[0.587s] -- Found rosidl_adapter: 3.1.5 (/opt/ros/humble/share/rosidl_adapter/cmake)
[0.597s] -- Found rosidl_generator_cpp: 3.1.5 (/opt/ros/humble/share/rosidl_generator_cpp/cmake)
[0.612s] -- Using all available rosidl_typesupport_c: rosidl_typesupport_fastrtps_c;rosidl_typesupport_introspection_c
[0.634s] -- Using all available rosidl_typesupport_cpp: rosidl_typesupport_fastrtps_cpp;rosidl_typesupport_introspection_cpp
[1.089s] -- Found lifecycle_msgs: 1.2.1 (/opt/ros/humble/share/lifecycle_msgs/cmake)
[1.104s] -- Found pluginlib: 5.1.0 (/opt/ros/humble/share/pluginlib/cmake)
[1.150s] -- Found rclcpp_lifecycle: 16.0.8 (/opt/ros/humble/share/rclcpp_lifecycle/cmake)
[1.217s] -- Found rmw_implementation_cmake: 6.1.1 (/opt/ros/humble/share/rmw_implementation_cmake/cmake)
[1.221s] -- Found rmw_cyclonedds_cpp: 1.3.4 (/opt/ros/humble/share/rmw_cyclonedds_cpp/cmake)
[1.254s] -- Using RMW implementation 'rmw_cyclonedds_cpp' as default
[1.268s] -- Looking for pthread.h
[1.335s] -- Looking for pthread.h - found
[1.335s] -- Performing Test CMAKE_HAVE_LIBC_PTHREAD
[1.401s] -- Performing Test CMAKE_HAVE_LIBC_PTHREAD - Success
[1.402s] -- Found Threads: TRUE  
[1.525s] -- Found TinyXML2 via Config file: TinyXML2_DIR-NOTFOUND
[1.530s] -- Found ament_cmake_gmock: 1.3.8 (/opt/ros/humble/share/ament_cmake_gmock/cmake)
[1.531s] -- Found ros2_control_test_assets: 2.41.0 (/home/kortex_ws/install/ros2_control_test_assets/share/ros2_control_test_assets/cmake)
[1.535s] -- Found gmock sources under '/opt/ros/humble/src/gmock_vendor': C++ tests using 'Google Mock' will be built
[1.542s] -- Found ament_cmake_gtest: 1.3.8 (/opt/ros/humble/share/ament_cmake_gtest/cmake)
[1.543s] -- Found gtest sources under '/opt/ros/humble/src/gtest_vendor': C++ tests using 'Google Test' will be built
[1.604s] -- Configuring done
[1.652s] -- Generating done
[1.654s] -- Build files have been written to: /home/kortex_ws/build/hardware_interface
[1.666s] Invoked command in '/home/kortex_ws/build/hardware_interface' returned '0': AMENT_PREFIX_PATH=/home/kortex_ws/install/ros2_control_test_assets:/home/kortex_ws/install/control_msgs:${AMENT_PREFIX_PATH} CMAKE_PREFIX_PATH=/home/kortex_ws/install/ros2_control_test_assets:/home/kortex_ws/install/control_msgs:/opt/ros/humble LD_LIBRARY_PATH=/home/kortex_ws/install/control_msgs/lib:${LD_LIBRARY_PATH} PYTHONPATH=/home/kortex_ws/install/control_msgs/local/lib/python3.10/dist-packages:${PYTHONPATH} /usr/bin/cmake /home/kortex_ws/src/ros2_control/hardware_interface -DCMAKE_INSTALL_PREFIX=/home/kortex_ws/install/hardware_interface
[1.667s] Invoking command in '/home/kortex_ws/build/hardware_interface': AMENT_PREFIX_PATH=/home/kortex_ws/install/ros2_control_test_assets:/home/kortex_ws/install/control_msgs:${AMENT_PREFIX_PATH} CMAKE_PREFIX_PATH=/home/kortex_ws/install/ros2_control_test_assets:/home/kortex_ws/install/control_msgs:/opt/ros/humble LD_LIBRARY_PATH=/home/kortex_ws/install/control_msgs/lib:${LD_LIBRARY_PATH} PYTHONPATH=/home/kortex_ws/install/control_msgs/local/lib/python3.10/dist-packages:${PYTHONPATH} /usr/bin/cmake --build /home/kortex_ws/build/hardware_interface -- -j16 -l16
[1.716s] [ 20%] [32mBuilding CXX object gmock/CMakeFiles/gmock_main.dir/src/gmock_main.cc.o[0m
[1.717s] [ 20%] [32mBuilding CXX object CMakeFiles/hardware_interface.dir/src/actuator.cpp.o[0m
[1.717s] [ 20%] [32mBuilding CXX object CMakeFiles/hardware_interface.dir/src/sensor.cpp.o[0m
[1.717s] [ 20%] [32mBuilding CXX object gmock/CMakeFiles/gmock.dir/opt/ros/humble/src/gtest_vendor/src/gtest-all.cc.o[0m
[1.717s] [ 20%] [32mBuilding CXX object CMakeFiles/hardware_interface.dir/src/resource_manager.cpp.o[0m
[1.717s] [ 20%] [32mBuilding CXX object CMakeFiles/hardware_interface.dir/src/lexical_casts.cpp.o[0m
[1.717s] [ 20%] [32mBuilding CXX object CMakeFiles/hardware_interface.dir/src/system.cpp.o[0m
[1.717s] [ 23%] [32mBuilding CXX object gmock/CMakeFiles/gmock.dir/src/gmock-all.cc.o[0m
[1.717s] [ 26%] [32mBuilding CXX object CMakeFiles/hardware_interface.dir/src/component_parser.cpp.o[0m
[3.137s] [ 29%] [32m[1mLinking CXX static library libgmock_main.a[0m
[3.212s] [ 29%] Built target gmock_main
[4.669s] [ 32%] [32m[1mLinking CXX static library libgmock.a[0m
[4.779s] [ 32%] Built target gmock
[4.800s] [ 35%] [32mBuilding CXX object CMakeFiles/test_macros.dir/test/test_macros.cpp.o[0m
[5.805s] [ 38%] [32m[1mLinking CXX executable test_macros[0m
[5.940s] [ 41%] [32m[1mLinking CXX shared library libhardware_interface.so[0m
[5.946s] [ 41%] Built target test_macros
[6.181s] [ 41%] Built target hardware_interface
[6.204s] [ 50%] [32mBuilding CXX object CMakeFiles/mock_components.dir/src/mock_components/generic_system.cpp.o[0m
[6.204s] [ 50%] [32mBuilding CXX object CMakeFiles/fake_components.dir/src/mock_components/generic_system.cpp.o[0m
[6.204s] [ 55%] [32mBuilding CXX object CMakeFiles/test_inst_hardwares.dir/test/test_inst_hardwares.cpp.o[0m
[6.204s] [ 55%] [32mBuilding CXX object CMakeFiles/test_hardware_components.dir/test/test_hardware_components/test_system_with_command_modes.cpp.o[0m
[6.204s] [ 55%] [32mBuilding CXX object CMakeFiles/test_joint_handle.dir/test/test_handle.cpp.o[0m
[6.205s] [ 67%] [32mBuilding CXX object CMakeFiles/test_component_parser.dir/test/test_component_parser.cpp.o[0m
[6.205s] [ 67%] [32mBuilding CXX object CMakeFiles/test_hardware_components.dir/test/test_hardware_components/test_force_torque_sensor.cpp.o[0m
[6.205s] [ 70%] [32mBuilding CXX object CMakeFiles/test_component_interfaces.dir/test/test_component_interfaces.cpp.o[0m
[6.205s] [ 70%] [32mBuilding CXX object CMakeFiles/test_hardware_components.dir/test/test_hardware_components/test_single_joint_actuator.cpp.o[0m
[6.205s] [ 70%] [32mBuilding CXX object CMakeFiles/fake_components.dir/src/mock_components/fake_generic_system.cpp.o[0m
[6.205s] [ 73%] [32mBuilding CXX object CMakeFiles/test_generic_system.dir/test/mock_components/test_generic_system.cpp.o[0m
[6.206s] [ 76%] [32mBuilding CXX object CMakeFiles/test_hardware_components.dir/test/test_hardware_components/test_two_joint_system.cpp.o[0m
[8.164s] [ 79%] [32m[1mLinking CXX shared library libtest_hardware_components.so[0m
[8.380s] [ 82%] [32m[1mLinking CXX executable test_joint_handle[0m
[8.390s] [ 82%] Built target test_hardware_components
[8.648s] [ 82%] Built target test_joint_handle
[8.783s] [ 88%] [32m[1mLinking CXX shared library libmock_components.so[0m
[8.783s] [ 88%] [32m[1mLinking CXX shared library libfake_components.so[0m
[8.820s] [ 91%] [32m[1mLinking CXX executable test_inst_hardwares[0m
[9.066s] [ 91%] Built target fake_components
[9.067s] [ 91%] Built target mock_components
[9.127s] [ 91%] Built target test_inst_hardwares
[9.770s] [ 94%] [32m[1mLinking CXX executable test_component_interfaces[0m
[9.869s] [ 97%] [32m[1mLinking CXX executable test_generic_system[0m
[10.072s] [ 97%] Built target test_component_interfaces
[10.093s] [100%] [32m[1mLinking CXX executable test_component_parser[0m
[10.169s] [100%] Built target test_generic_system
[10.395s] [100%] Built target test_component_parser
[10.406s] Invoked command in '/home/kortex_ws/build/hardware_interface' returned '0': AMENT_PREFIX_PATH=/home/kortex_ws/install/ros2_control_test_assets:/home/kortex_ws/install/control_msgs:${AMENT_PREFIX_PATH} CMAKE_PREFIX_PATH=/home/kortex_ws/install/ros2_control_test_assets:/home/kortex_ws/install/control_msgs:/opt/ros/humble LD_LIBRARY_PATH=/home/kortex_ws/install/control_msgs/lib:${LD_LIBRARY_PATH} PYTHONPATH=/home/kortex_ws/install/control_msgs/local/lib/python3.10/dist-packages:${PYTHONPATH} /usr/bin/cmake --build /home/kortex_ws/build/hardware_interface -- -j16 -l16
[10.474s] Invoking command in '/home/kortex_ws/build/hardware_interface': AMENT_PREFIX_PATH=/home/kortex_ws/install/ros2_control_test_assets:/home/kortex_ws/install/control_msgs:${AMENT_PREFIX_PATH} CMAKE_PREFIX_PATH=/home/kortex_ws/install/ros2_control_test_assets:/home/kortex_ws/install/control_msgs:/opt/ros/humble LD_LIBRARY_PATH=/home/kortex_ws/install/control_msgs/lib:${LD_LIBRARY_PATH} PYTHONPATH=/home/kortex_ws/install/control_msgs/local/lib/python3.10/dist-packages:${PYTHONPATH} /usr/bin/cmake --install /home/kortex_ws/build/hardware_interface
[10.481s] -- Install configuration: ""
[10.482s] -- Installing: /home/kortex_ws/install/hardware_interface/share/hardware_interface/mock_components_plugin_description.xml
[10.482s] -- Installing: /home/kortex_ws/install/hardware_interface/share/hardware_interface/fake_components_plugin_description.xml
[10.482s] -- Installing: /home/kortex_ws/install/hardware_interface/include
[10.482s] -- Installing: /home/kortex_ws/install/hardware_interface/include/fake_components
[10.482s] -- Installing: /home/kortex_ws/install/hardware_interface/include/fake_components/generic_system.hpp
[10.482s] -- Installing: /home/kortex_ws/install/hardware_interface/include/fake_components/visibility_control.h
[10.483s] -- Installing: /home/kortex_ws/install/hardware_interface/include/mock_components
[10.483s] -- Installing: /home/kortex_ws/install/hardware_interface/include/mock_components/generic_system.hpp
[10.483s] -- Installing: /home/kortex_ws/install/hardware_interface/include/mock_components/visibility_control.h
[10.483s] -- Installing: /home/kortex_ws/install/hardware_interface/include/hardware_interface
[10.483s] -- Installing: /home/kortex_ws/install/hardware_interface/include/hardware_interface/hardware_info.hpp
[10.483s] -- Installing: /home/kortex_ws/install/hardware_interface/include/hardware_interface/actuator.hpp
[10.483s] -- Installing: /home/kortex_ws/install/hardware_interface/include/hardware_interface/macros.hpp
[10.483s] -- Installing: /home/kortex_ws/install/hardware_interface/include/hardware_interface/component_parser.hpp
[10.483s] -- Installing: /home/kortex_ws/install/hardware_interface/include/hardware_interface/visibility_control.h
[10.484s] -- Installing: /home/kortex_ws/install/hardware_interface/include/hardware_interface/hardware_component_info.hpp
[10.484s] -- Installing: /home/kortex_ws/install/hardware_interface/include/hardware_interface/sensor.hpp
[10.484s] -- Installing: /home/kortex_ws/install/hardware_interface/include/hardware_interface/system_interface.hpp
[10.484s] -- Installing: /home/kortex_ws/install/hardware_interface/include/hardware_interface/resource_manager.hpp
[10.484s] -- Installing: /home/kortex_ws/install/hardware_interface/include/hardware_interface/controller_info.hpp
[10.484s] -- Installing: /home/kortex_ws/install/hardware_interface/include/hardware_interface/loaned_command_interface.hpp
[10.484s] -- Installing: /home/kortex_ws/install/hardware_interface/include/hardware_interface/types
[10.484s] -- Installing: /home/kortex_ws/install/hardware_interface/include/hardware_interface/types/hardware_interface_type_values.hpp
[10.485s] -- Installing: /home/kortex_ws/install/hardware_interface/include/hardware_interface/types/lifecycle_state_names.hpp
[10.485s] -- Installing: /home/kortex_ws/install/hardware_interface/include/hardware_interface/types/hardware_interface_return_values.hpp
[10.485s] -- Installing: /home/kortex_ws/install/hardware_interface/include/hardware_interface/handle.hpp
[10.485s] -- Installing: /home/kortex_ws/install/hardware_interface/include/hardware_interface/lexical_casts.hpp
[10.485s] -- Installing: /home/kortex_ws/install/hardware_interface/include/hardware_interface/actuator_interface.hpp
[10.485s] -- Installing: /home/kortex_ws/install/hardware_interface/include/hardware_interface/sensor_interface.hpp
[10.485s] -- Installing: /home/kortex_ws/install/hardware_interface/include/hardware_interface/system.hpp
[10.485s] -- Installing: /home/kortex_ws/install/hardware_interface/include/hardware_interface/loaned_state_interface.hpp
[10.486s] -- Installing: /home/kortex_ws/install/hardware_interface/lib/libfake_components.so
[10.487s] -- Set runtime path of "/home/kortex_ws/install/hardware_interface/lib/libfake_components.so" to ""
[10.487s] -- Installing: /home/kortex_ws/install/hardware_interface/lib/libmock_components.so
[10.488s] -- Set runtime path of "/home/kortex_ws/install/hardware_interface/lib/libmock_components.so" to ""
[10.488s] -- Installing: /home/kortex_ws/install/hardware_interface/lib/libhardware_interface.so
[10.493s] -- Set runtime path of "/home/kortex_ws/install/hardware_interface/lib/libhardware_interface.so" to ""
[10.494s] -- Installing: /home/kortex_ws/install/hardware_interface/lib/libtest_hardware_components.so
[10.495s] -- Set runtime path of "/home/kortex_ws/install/hardware_interface/lib/libtest_hardware_components.so" to ""
[10.495s] -- Installing: /home/kortex_ws/install/hardware_interface/share/hardware_interface/test/test_hardware_components/test_hardware_components.xml
[10.495s] -- Installing: /home/kortex_ws/install/hardware_interface/share/hardware_interface/environment/library_path.sh
[10.495s] -- Installing: /home/kortex_ws/install/hardware_interface/share/hardware_interface/environment/library_path.dsv
[10.496s] -- Installing: /home/kortex_ws/install/hardware_interface/share/ament_index/resource_index/package_run_dependencies/hardware_interface
[10.496s] -- Installing: /home/kortex_ws/install/hardware_interface/share/ament_index/resource_index/parent_prefix_path/hardware_interface
[10.496s] -- Installing: /home/kortex_ws/install/hardware_interface/share/hardware_interface/environment/ament_prefix_path.sh
[10.496s] -- Installing: /home/kortex_ws/install/hardware_interface/share/hardware_interface/environment/ament_prefix_path.dsv
[10.496s] -- Installing: /home/kortex_ws/install/hardware_interface/share/hardware_interface/environment/path.sh
[10.496s] -- Installing: /home/kortex_ws/install/hardware_interface/share/hardware_interface/environment/path.dsv
[10.496s] -- Installing: /home/kortex_ws/install/hardware_interface/share/hardware_interface/local_setup.bash
[10.496s] -- Installing: /home/kortex_ws/install/hardware_interface/share/hardware_interface/local_setup.sh
[10.497s] -- Installing: /home/kortex_ws/install/hardware_interface/share/hardware_interface/local_setup.zsh
[10.497s] -- Installing: /home/kortex_ws/install/hardware_interface/share/hardware_interface/local_setup.dsv
[10.497s] -- Installing: /home/kortex_ws/install/hardware_interface/share/hardware_interface/package.dsv
[10.497s] -- Installing: /home/kortex_ws/install/hardware_interface/share/ament_index/resource_index/packages/hardware_interface
[10.497s] -- Installing: /home/kortex_ws/install/hardware_interface/share/ament_index/resource_index/hardware_interface__pluginlib__plugin/hardware_interface
[10.497s] -- Installing: /home/kortex_ws/install/hardware_interface/share/hardware_interface/cmake/ament_cmake_export_include_directories-extras.cmake
[10.498s] -- Installing: /home/kortex_ws/install/hardware_interface/share/hardware_interface/cmake/ament_cmake_export_libraries-extras.cmake
[10.498s] -- Installing: /home/kortex_ws/install/hardware_interface/share/hardware_interface/cmake/ament_cmake_export_dependencies-extras.cmake
[10.498s] -- Installing: /home/kortex_ws/install/hardware_interface/share/hardware_interface/cmake/hardware_interfaceConfig.cmake
[10.498s] -- Installing: /home/kortex_ws/install/hardware_interface/share/hardware_interface/cmake/hardware_interfaceConfig-version.cmake
[10.498s] -- Installing: /home/kortex_ws/install/hardware_interface/share/hardware_interface/package.xml
[10.500s] Invoked command in '/home/kortex_ws/build/hardware_interface' returned '0': AMENT_PREFIX_PATH=/home/kortex_ws/install/ros2_control_test_assets:/home/kortex_ws/install/control_msgs:${AMENT_PREFIX_PATH} CMAKE_PREFIX_PATH=/home/kortex_ws/install/ros2_control_test_assets:/home/kortex_ws/install/control_msgs:/opt/ros/humble LD_LIBRARY_PATH=/home/kortex_ws/install/control_msgs/lib:${LD_LIBRARY_PATH} PYTHONPATH=/home/kortex_ws/install/control_msgs/local/lib/python3.10/dist-packages:${PYTHONPATH} /usr/bin/cmake --install /home/kortex_ws/build/hardware_interface
