[0.016s] Invoking command in '/home/moveit/build/moveit_planners_chomp': AMENT_PREFIX_PATH=/home/moveit/install/chomp_motion_planner:/home/moveit/install/moveit_core:/home/moveit/install/moveit_msgs:/home/moveit/install/moveit_common:${AMENT_PREFIX_PATH} CMAKE_PREFIX_PATH=/home/moveit/install/chomp_motion_planner:/home/moveit/install/moveit_core:/home/moveit/install/moveit_msgs:/home/moveit/install/moveit_common:/opt/ros/humble LD_LIBRARY_PATH=/home/moveit/install/chomp_motion_planner/lib:/home/moveit/install/moveit_core/lib:/home/moveit/install/moveit_msgs/lib:${LD_LIBRARY_PATH} PATH=/home/moveit/install/moveit_core/bin:${PATH} PYTHONPATH=/home/moveit/install/moveit_msgs/local/lib/python3.10/dist-packages:${PYTHONPATH} /usr/bin/cmake /home/moveit/src/moveit2/moveit_planners/chomp/chomp_interface -DCMAKE_BUILD_TYPE=Release -DCMAKE_INSTALL_PREFIX=/home/moveit/install/moveit_planners_chomp
[0.071s] -- The CXX compiler identification is GNU 11.4.0
[0.078s] -- Detecting CXX compiler ABI info
[0.148s] -- Detecting CXX compiler ABI info - done
[0.154s] -- Check for working CXX compiler: /usr/bin/c++ - skipped
[0.154s] -- Detecting CXX compile features
[0.154s] -- Detecting CXX compile features - done
[0.155s] -- Found moveit_common: 2.9.0 (/home/moveit/install/moveit_common/share/moveit_common/cmake)
[0.159s] -- Found ament_cmake: 1.3.9 (/opt/ros/humble/share/ament_cmake/cmake)
[0.279s] -- Found Python3: /usr/bin/python3 (found version "3.10.12") found components: Interpreter 
[0.439s] -- Found libdw: /usr/lib/x86_64-linux-gnu/libdw.so  
[0.443s] -- Could NOT find libbfd (missing: LIBBFD_LIBRARY LIBBFD_INCLUDE_DIR) 
[0.443s] -- BACKWARD_HAS_UNWIND=1
[0.443s] -- BACKWARD_HAS_BACKTRACE=0
[0.443s] -- BACKWARD_HAS_BACKTRACE_SYMBOL=0
[0.443s] -- BACKWARD_HAS_DW=1
[0.443s] -- BACKWARD_HAS_BFD=0
[0.444s] -- Found Backward: /opt/ros/humble/share/backward_ros/cmake  
[0.445s] -- Found moveit_core: 2.9.0 (/home/moveit/install/moveit_core/share/moveit_core/cmake)
[0.691s] -- Found Boost: /usr/lib/x86_64-linux-gnu/cmake/Boost-1.74.0/BoostConfig.cmake (found version "1.74.0") found components: chrono date_time filesystem iostreams program_options regex serialization system thread 
[0.764s] -- Found parameter_traits: 0.3.8 (/opt/ros/humble/share/parameter_traits/cmake)
[0.818s] -- Found rosidl_generator_c: 3.1.5 (/opt/ros/humble/share/rosidl_generator_c/cmake)
[0.826s] -- Found rosidl_adapter: 3.1.5 (/opt/ros/humble/share/rosidl_adapter/cmake)
[0.837s] -- Found rosidl_generator_cpp: 3.1.5 (/opt/ros/humble/share/rosidl_generator_cpp/cmake)
[0.852s] -- Using all available rosidl_typesupport_c: rosidl_typesupport_fastrtps_c;rosidl_typesupport_introspection_c
[0.874s] -- Using all available rosidl_typesupport_cpp: rosidl_typesupport_fastrtps_cpp;rosidl_typesupport_introspection_cpp
[0.949s] -- Found rmw_implementation_cmake: 6.1.2 (/opt/ros/humble/share/rmw_implementation_cmake/cmake)
[0.953s] -- Found rmw_cyclonedds_cpp: 1.3.4 (/opt/ros/humble/share/rmw_cyclonedds_cpp/cmake)
[0.986s] -- Using RMW implementation 'rmw_cyclonedds_cpp' as default
[1.000s] -- Found Threads: TRUE  
[1.153s] -- Found Eigen3: TRUE (found version "3.4.0") 
[1.157s] -- Found rclcpp_lifecycle: 16.0.9 (/opt/ros/humble/share/rclcpp_lifecycle/cmake)
[1.201s] -- Found Boost: /usr/lib/x86_64-linux-gnu/cmake/Boost-1.74.0/BoostConfig.cmake (found version "1.74.0") found components: filesystem 
[1.347s] -- library: /usr/lib/x86_64-linux-gnu/libcurl.so
[1.602s] -- Ensuring Eigen3 include directory is part of orocos-kdl CMake target
[2.499s] -- Found chomp_motion_planner: 2.9.0 (/home/moveit/install/chomp_motion_planner/share/chomp_motion_planner/cmake)
[2.511s] -- Found ament_lint_auto: 0.12.11 (/opt/ros/humble/share/ament_lint_auto/cmake)
[2.536s] -- Added test 'cppcheck' to perform static code analysis on C / C++ code
[2.536s] -- Configured cppcheck include dirs: /home/moveit/src/moveit2/moveit_planners/chomp/chomp_interface/include
[2.536s] -- Configured cppcheck exclude dirs and/or files: 
[2.537s] -- Added test 'xmllint' to check XML markup files
[2.539s] -- Configuring done
[2.575s] -- Generating done
[2.577s] -- Build files have been written to: /home/moveit/build/moveit_planners_chomp
[2.587s] Invoked command in '/home/moveit/build/moveit_planners_chomp' returned '0': AMENT_PREFIX_PATH=/home/moveit/install/chomp_motion_planner:/home/moveit/install/moveit_core:/home/moveit/install/moveit_msgs:/home/moveit/install/moveit_common:${AMENT_PREFIX_PATH} CMAKE_PREFIX_PATH=/home/moveit/install/chomp_motion_planner:/home/moveit/install/moveit_core:/home/moveit/install/moveit_msgs:/home/moveit/install/moveit_common:/opt/ros/humble LD_LIBRARY_PATH=/home/moveit/install/chomp_motion_planner/lib:/home/moveit/install/moveit_core/lib:/home/moveit/install/moveit_msgs/lib:${LD_LIBRARY_PATH} PATH=/home/moveit/install/moveit_core/bin:${PATH} PYTHONPATH=/home/moveit/install/moveit_msgs/local/lib/python3.10/dist-packages:${PYTHONPATH} /usr/bin/cmake /home/moveit/src/moveit2/moveit_planners/chomp/chomp_interface -DCMAKE_BUILD_TYPE=Release -DCMAKE_INSTALL_PREFIX=/home/moveit/install/moveit_planners_chomp
[2.589s] Invoking command in '/home/moveit/build/moveit_planners_chomp': AMENT_PREFIX_PATH=/home/moveit/install/chomp_motion_planner:/home/moveit/install/moveit_core:/home/moveit/install/moveit_msgs:/home/moveit/install/moveit_common:${AMENT_PREFIX_PATH} CMAKE_PREFIX_PATH=/home/moveit/install/chomp_motion_planner:/home/moveit/install/moveit_core:/home/moveit/install/moveit_msgs:/home/moveit/install/moveit_common:/opt/ros/humble LD_LIBRARY_PATH=/home/moveit/install/chomp_motion_planner/lib:/home/moveit/install/moveit_core/lib:/home/moveit/install/moveit_msgs/lib:${LD_LIBRARY_PATH} PATH=/home/moveit/install/moveit_core/bin:${PATH} PYTHONPATH=/home/moveit/install/moveit_msgs/local/lib/python3.10/dist-packages:${PYTHONPATH} /usr/bin/cmake --build /home/moveit/build/moveit_planners_chomp -- -j16 -l16
[2.641s] [ 40%] [32mBuilding CXX object CMakeFiles/moveit_chomp_interface.dir/src/chomp_interface.cpp.o[0m
[2.641s] [ 40%] [32mBuilding CXX object CMakeFiles/moveit_chomp_interface.dir/src/chomp_planning_context.cpp.o[0m
[10.951s] [ 60%] [32m[1mLinking CXX shared library libmoveit_chomp_interface.so[0m
[11.146s] [ 60%] Built target moveit_chomp_interface
[11.175s] [ 80%] [32mBuilding CXX object CMakeFiles/moveit_chomp_planner_plugin.dir/src/chomp_plugin.cpp.o[0m
[21.144s] [100%] [32m[1mLinking CXX shared library libmoveit_chomp_planner_plugin.so[0m
[21.265s] [100%] Built target moveit_chomp_planner_plugin
[21.276s] Invoked command in '/home/moveit/build/moveit_planners_chomp' returned '0': AMENT_PREFIX_PATH=/home/moveit/install/chomp_motion_planner:/home/moveit/install/moveit_core:/home/moveit/install/moveit_msgs:/home/moveit/install/moveit_common:${AMENT_PREFIX_PATH} CMAKE_PREFIX_PATH=/home/moveit/install/chomp_motion_planner:/home/moveit/install/moveit_core:/home/moveit/install/moveit_msgs:/home/moveit/install/moveit_common:/opt/ros/humble LD_LIBRARY_PATH=/home/moveit/install/chomp_motion_planner/lib:/home/moveit/install/moveit_core/lib:/home/moveit/install/moveit_msgs/lib:${LD_LIBRARY_PATH} PATH=/home/moveit/install/moveit_core/bin:${PATH} PYTHONPATH=/home/moveit/install/moveit_msgs/local/lib/python3.10/dist-packages:${PYTHONPATH} /usr/bin/cmake --build /home/moveit/build/moveit_planners_chomp -- -j16 -l16
[21.307s] Invoking command in '/home/moveit/build/moveit_planners_chomp': AMENT_PREFIX_PATH=/home/moveit/install/chomp_motion_planner:/home/moveit/install/moveit_core:/home/moveit/install/moveit_msgs:/home/moveit/install/moveit_common:${AMENT_PREFIX_PATH} CMAKE_PREFIX_PATH=/home/moveit/install/chomp_motion_planner:/home/moveit/install/moveit_core:/home/moveit/install/moveit_msgs:/home/moveit/install/moveit_common:/opt/ros/humble LD_LIBRARY_PATH=/home/moveit/install/chomp_motion_planner/lib:/home/moveit/install/moveit_core/lib:/home/moveit/install/moveit_msgs/lib:${LD_LIBRARY_PATH} PATH=/home/moveit/install/moveit_core/bin:${PATH} PYTHONPATH=/home/moveit/install/moveit_msgs/local/lib/python3.10/dist-packages:${PYTHONPATH} /usr/bin/cmake --install /home/moveit/build/moveit_planners_chomp
[21.314s] -- Install configuration: "Release"
[21.314s] -- Installing: /home/moveit/install/moveit_planners_chomp/lib/libmoveit_chomp_interface.so.2.9.0
[21.314s] -- Set runtime path of "/home/moveit/install/moveit_planners_chomp/lib/libmoveit_chomp_interface.so.2.9.0" to ""
[21.314s] -- Installing: /home/moveit/install/moveit_planners_chomp/lib/libmoveit_chomp_interface.so
[21.314s] -- Installing: /home/moveit/install/moveit_planners_chomp/lib/libmoveit_chomp_planner_plugin.so
[21.315s] -- Set runtime path of "/home/moveit/install/moveit_planners_chomp/lib/libmoveit_chomp_planner_plugin.so" to ""
[21.315s] -- Installing: /home/moveit/install/moveit_planners_chomp/share/moveit_planners_chomp/environment/library_path.sh
[21.315s] -- Installing: /home/moveit/install/moveit_planners_chomp/share/moveit_planners_chomp/environment/library_path.dsv
[21.315s] -- Installing: /home/moveit/install/moveit_planners_chomp/share/moveit_planners_chomp/chomp_interface_plugin_description.xml
[21.316s] -- Installing: /home/moveit/install/moveit_planners_chomp/share/ament_index/resource_index/package_run_dependencies/moveit_planners_chomp
[21.316s] -- Installing: /home/moveit/install/moveit_planners_chomp/share/ament_index/resource_index/parent_prefix_path/moveit_planners_chomp
[21.316s] -- Installing: /home/moveit/install/moveit_planners_chomp/share/moveit_planners_chomp/environment/ament_prefix_path.sh
[21.316s] -- Installing: /home/moveit/install/moveit_planners_chomp/share/moveit_planners_chomp/environment/ament_prefix_path.dsv
[21.316s] -- Installing: /home/moveit/install/moveit_planners_chomp/share/moveit_planners_chomp/environment/path.sh
[21.316s] -- Installing: /home/moveit/install/moveit_planners_chomp/share/moveit_planners_chomp/environment/path.dsv
[21.316s] -- Installing: /home/moveit/install/moveit_planners_chomp/share/moveit_planners_chomp/local_setup.bash
[21.317s] -- Installing: /home/moveit/install/moveit_planners_chomp/share/moveit_planners_chomp/local_setup.sh
[21.317s] -- Installing: /home/moveit/install/moveit_planners_chomp/share/moveit_planners_chomp/local_setup.zsh
[21.317s] -- Installing: /home/moveit/install/moveit_planners_chomp/share/moveit_planners_chomp/local_setup.dsv
[21.317s] -- Installing: /home/moveit/install/moveit_planners_chomp/share/moveit_planners_chomp/package.dsv
[21.317s] -- Installing: /home/moveit/install/moveit_planners_chomp/share/ament_index/resource_index/packages/moveit_planners_chomp
[21.317s] -- Installing: /home/moveit/install/moveit_planners_chomp/share/ament_index/resource_index/moveit_core__pluginlib__plugin/moveit_planners_chomp
[21.317s] -- Installing: /home/moveit/install/moveit_planners_chomp/share/moveit_planners_chomp/cmake/moveit_planners_chompTargetsExport.cmake
[21.318s] -- Installing: /home/moveit/install/moveit_planners_chomp/share/moveit_planners_chomp/cmake/moveit_planners_chompTargetsExport-release.cmake
[21.318s] -- Installing: /home/moveit/install/moveit_planners_chomp/share/moveit_planners_chomp/cmake/ament_cmake_export_targets-extras.cmake
[21.318s] -- Installing: /home/moveit/install/moveit_planners_chomp/share/moveit_planners_chomp/cmake/ament_cmake_export_dependencies-extras.cmake
[21.318s] -- Installing: /home/moveit/install/moveit_planners_chomp/share/moveit_planners_chomp/cmake/moveit_planners_chompConfig.cmake
[21.318s] -- Installing: /home/moveit/install/moveit_planners_chomp/share/moveit_planners_chomp/cmake/moveit_planners_chompConfig-version.cmake
[21.318s] -- Installing: /home/moveit/install/moveit_planners_chomp/share/moveit_planners_chomp/package.xml
[21.320s] Invoked command in '/home/moveit/build/moveit_planners_chomp' returned '0': AMENT_PREFIX_PATH=/home/moveit/install/chomp_motion_planner:/home/moveit/install/moveit_core:/home/moveit/install/moveit_msgs:/home/moveit/install/moveit_common:${AMENT_PREFIX_PATH} CMAKE_PREFIX_PATH=/home/moveit/install/chomp_motion_planner:/home/moveit/install/moveit_core:/home/moveit/install/moveit_msgs:/home/moveit/install/moveit_common:/opt/ros/humble LD_LIBRARY_PATH=/home/moveit/install/chomp_motion_planner/lib:/home/moveit/install/moveit_core/lib:/home/moveit/install/moveit_msgs/lib:${LD_LIBRARY_PATH} PATH=/home/moveit/install/moveit_core/bin:${PATH} PYTHONPATH=/home/moveit/install/moveit_msgs/local/lib/python3.10/dist-packages:${PYTHONPATH} /usr/bin/cmake --install /home/moveit/build/moveit_planners_chomp
