/home/humble_ws/install/antworker_moveit_bringup/lib/python3.10/site-packages/antworker_moveit_bringup/move_action_interface.py
/home/humble_ws/install/antworker_moveit_bringup/lib/python3.10/site-packages/antworker_moveit_bringup/attach_static_obstacles.py
/home/humble_ws/install/antworker_moveit_bringup/lib/python3.10/site-packages/antworker_moveit_bringup/__init__.py
/home/humble_ws/install/antworker_moveit_bringup/lib/python3.10/site-packages/antworker_moveit_bringup/__pycache__/move_action_interface.cpython-310.pyc
/home/humble_ws/install/antworker_moveit_bringup/lib/python3.10/site-packages/antworker_moveit_bringup/__pycache__/attach_static_obstacles.cpython-310.pyc
/home/humble_ws/install/antworker_moveit_bringup/lib/python3.10/site-packages/antworker_moveit_bringup/__pycache__/__init__.cpython-310.pyc
/home/humble_ws/install/antworker_moveit_bringup/share/ament_index/resource_index/packages/antworker_moveit_bringup
/home/humble_ws/install/antworker_moveit_bringup/share/antworker_moveit_bringup/package.xml
/home/humble_ws/install/antworker_moveit_bringup/share/antworker_moveit_bringup/launch/moveit_bringup.launch.py
/home/humble_ws/install/antworker_moveit_bringup/share/antworker_moveit_bringup/config/moveit_py_params.yaml
/home/humble_ws/install/antworker_moveit_bringup/share/antworker_moveit_bringup/config/target_to_actual_bridge.yaml
/home/humble_ws/install/antworker_moveit_bringup/share/antworker_moveit_bringup/config/rviz_config.rviz
/home/humble_ws/install/antworker_moveit_bringup/lib/python3.10/site-packages/antworker_moveit_bringup-0.0.0-py3.10.egg-info/requires.txt
/home/humble_ws/install/antworker_moveit_bringup/lib/python3.10/site-packages/antworker_moveit_bringup-0.0.0-py3.10.egg-info/SOURCES.txt
/home/humble_ws/install/antworker_moveit_bringup/lib/python3.10/site-packages/antworker_moveit_bringup-0.0.0-py3.10.egg-info/zip-safe
/home/humble_ws/install/antworker_moveit_bringup/lib/python3.10/site-packages/antworker_moveit_bringup-0.0.0-py3.10.egg-info/dependency_links.txt
/home/humble_ws/install/antworker_moveit_bringup/lib/python3.10/site-packages/antworker_moveit_bringup-0.0.0-py3.10.egg-info/top_level.txt
/home/humble_ws/install/antworker_moveit_bringup/lib/python3.10/site-packages/antworker_moveit_bringup-0.0.0-py3.10.egg-info/PKG-INFO
/home/humble_ws/install/antworker_moveit_bringup/lib/python3.10/site-packages/antworker_moveit_bringup-0.0.0-py3.10.egg-info/entry_points.txt
/home/humble_ws/install/antworker_moveit_bringup/lib/antworker_moveit_bringup/move_action_interface
