[0.044s] Invoking command in '/home/kortex_ws/build/range_sensor_broadcaster': AMENT_PREFIX_PATH=/home/kortex_ws/install/controller_manager:/home/kortex_ws/install/hardware_interface_testing:/home/kortex_ws/install/controller_interface:/home/kortex_ws/install/hardware_interface:/home/kortex_ws/install/ros2_control_test_assets:/home/kortex_ws/install/controller_manager_msgs:/home/kortex_ws/install/control_msgs:${AMENT_PREFIX_PATH} CMAKE_PREFIX_PATH=/home/kortex_ws/install/controller_manager:/home/kortex_ws/install/hardware_interface_testing:/home/kortex_ws/install/controller_interface:/home/kortex_ws/install/hardware_interface:/home/kortex_ws/install/ros2_control_test_assets:/home/kortex_ws/install/controller_manager_msgs:/home/kortex_ws/install/control_msgs:/opt/ros/humble LD_LIBRARY_PATH=/home/kortex_ws/install/controller_manager/lib:/home/kortex_ws/install/hardware_interface_testing/lib:/home/kortex_ws/install/controller_interface/lib:/home/kortex_ws/install/hardware_interface/lib:/home/kortex_ws/install/controller_manager_msgs/lib:/home/kortex_ws/install/control_msgs/lib:${LD_LIBRARY_PATH} PYTHONPATH=/home/kortex_ws/install/controller_manager/local/lib/python3.10/dist-packages:/home/kortex_ws/install/controller_manager_msgs/local/lib/python3.10/dist-packages:/home/kortex_ws/install/control_msgs/local/lib/python3.10/dist-packages:${PYTHONPATH} /usr/bin/cmake /home/kortex_ws/src/ros2_controllers/range_sensor_broadcaster -DCMAKE_INSTALL_PREFIX=/home/kortex_ws/install/range_sensor_broadcaster
[0.432s] -- The C compiler identification is GNU 11.4.0
[0.433s] -- The CXX compiler identification is GNU 11.4.0
[0.433s] -- Detecting C compiler ABI info
[0.433s] -- Detecting C compiler ABI info - done
[0.433s] -- Check for working C compiler: /usr/bin/cc - skipped
[0.433s] -- Detecting C compile features
[0.433s] -- Detecting C compile features - done
[0.433s] -- Detecting CXX compiler ABI info
[0.502s] -- Detecting CXX compiler ABI info - done
[0.512s] -- Check for working CXX compiler: /usr/bin/c++ - skipped
[0.513s] -- Detecting CXX compile features
[0.513s] -- Detecting CXX compile features - done
[0.521s] -- Found ament_cmake: 1.3.8 (/opt/ros/humble/share/ament_cmake/cmake)
[0.760s] -- Found Python3: /usr/bin/python3 (found version "3.10.12") found components: Interpreter 
[0.964s] -- Found backward_ros: 1.0.2 (/opt/ros/humble/share/backward_ros/cmake)
[0.981s] -- Found libdw: /usr/lib/x86_64-linux-gnu/libdw.so  
[0.992s] -- Could NOT find libbfd (missing: LIBBFD_LIBRARY LIBBFD_INCLUDE_DIR) 
[0.993s] -- BACKWARD_HAS_UNWIND=1
[0.993s] -- BACKWARD_HAS_BACKTRACE=0
[0.993s] -- BACKWARD_HAS_BACKTRACE_SYMBOL=0
[0.993s] -- BACKWARD_HAS_DW=1
[0.993s] -- BACKWARD_HAS_BFD=0
[0.994s] -- Found Backward: /opt/ros/humble/share/backward_ros/cmake  
[0.995s] -- Found controller_interface: 2.41.0 (/home/kortex_ws/install/controller_interface/share/controller_interface/cmake)
[1.103s] -- Found rosidl_generator_c: 3.1.5 (/opt/ros/humble/share/rosidl_generator_c/cmake)
[1.117s] -- Found rosidl_adapter: 3.1.5 (/opt/ros/humble/share/rosidl_adapter/cmake)
[1.136s] -- Found rosidl_generator_cpp: 3.1.5 (/opt/ros/humble/share/rosidl_generator_cpp/cmake)
[1.165s] -- Using all available rosidl_typesupport_c: rosidl_typesupport_fastrtps_c;rosidl_typesupport_introspection_c
[1.208s] -- Using all available rosidl_typesupport_cpp: rosidl_typesupport_fastrtps_cpp;rosidl_typesupport_introspection_cpp
[2.347s] -- Found rmw_implementation_cmake: 6.1.1 (/opt/ros/humble/share/rmw_implementation_cmake/cmake)
[2.355s] -- Found rmw_cyclonedds_cpp: 1.3.4 (/opt/ros/humble/share/rmw_cyclonedds_cpp/cmake)
[2.411s] -- Using RMW implementation 'rmw_cyclonedds_cpp' as default
[2.439s] -- Looking for pthread.h
[2.614s] -- Looking for pthread.h - found
[2.614s] -- Performing Test CMAKE_HAVE_LIBC_PTHREAD
[2.767s] -- Performing Test CMAKE_HAVE_LIBC_PTHREAD - Success
[2.769s] -- Found Threads: TRUE  
[3.194s] -- Found generate_parameter_library: 0.3.8 (/opt/ros/humble/share/generate_parameter_library/cmake)
[3.200s] -- Found parameter_traits: 0.3.8 (/opt/ros/humble/share/parameter_traits/cmake)
[3.262s] -- Found realtime_tools: 2.5.0 (/opt/ros/humble/share/realtime_tools/cmake)
[3.711s] -- Found ament_cmake_gmock: 1.3.8 (/opt/ros/humble/share/ament_cmake_gmock/cmake)
[3.712s] -- Found controller_manager: 2.41.0 (/home/kortex_ws/install/controller_manager/share/controller_manager/cmake)
[4.167s] -- Found ros2_control_test_assets: 2.41.0 (/home/kortex_ws/install/ros2_control_test_assets/share/ros2_control_test_assets/cmake)
[4.175s] -- Found gmock sources under '/opt/ros/humble/src/gmock_vendor': C++ tests using 'Google Mock' will be built
[4.192s] -- Found ament_cmake_gtest: 1.3.8 (/opt/ros/humble/share/ament_cmake_gtest/cmake)
[4.192s] -- Found gtest sources under '/opt/ros/humble/src/gtest_vendor': C++ tests using 'Google Test' will be built
[5.165s] -- Found gmock sources under '/opt/ros/humble/src/gmock_vendor': C++ tests using 'Google Mock' will be built
[5.166s] -- Found ament_cmake_gtest: 1.3.8 (/opt/ros/humble/share/ament_cmake_gtest/cmake)
[5.167s] -- Found gtest sources under '/opt/ros/humble/src/gtest_vendor': C++ tests using 'Google Test' will be built
[5.584s] -- Configuring done
[5.795s] -- Generating done
[5.801s] -- Build files have been written to: /home/kortex_ws/build/range_sensor_broadcaster
[5.854s] Invoked command in '/home/kortex_ws/build/range_sensor_broadcaster' returned '0': AMENT_PREFIX_PATH=/home/kortex_ws/install/controller_manager:/home/kortex_ws/install/hardware_interface_testing:/home/kortex_ws/install/controller_interface:/home/kortex_ws/install/hardware_interface:/home/kortex_ws/install/ros2_control_test_assets:/home/kortex_ws/install/controller_manager_msgs:/home/kortex_ws/install/control_msgs:${AMENT_PREFIX_PATH} CMAKE_PREFIX_PATH=/home/kortex_ws/install/controller_manager:/home/kortex_ws/install/hardware_interface_testing:/home/kortex_ws/install/controller_interface:/home/kortex_ws/install/hardware_interface:/home/kortex_ws/install/ros2_control_test_assets:/home/kortex_ws/install/controller_manager_msgs:/home/kortex_ws/install/control_msgs:/opt/ros/humble LD_LIBRARY_PATH=/home/kortex_ws/install/controller_manager/lib:/home/kortex_ws/install/hardware_interface_testing/lib:/home/kortex_ws/install/controller_interface/lib:/home/kortex_ws/install/hardware_interface/lib:/home/kortex_ws/install/controller_manager_msgs/lib:/home/kortex_ws/install/control_msgs/lib:${LD_LIBRARY_PATH} PYTHONPATH=/home/kortex_ws/install/controller_manager/local/lib/python3.10/dist-packages:/home/kortex_ws/install/controller_manager_msgs/local/lib/python3.10/dist-packages:/home/kortex_ws/install/control_msgs/local/lib/python3.10/dist-packages:${PYTHONPATH} /usr/bin/cmake /home/kortex_ws/src/ros2_controllers/range_sensor_broadcaster -DCMAKE_INSTALL_PREFIX=/home/kortex_ws/install/range_sensor_broadcaster
[5.870s] Invoking command in '/home/kortex_ws/build/range_sensor_broadcaster': AMENT_PREFIX_PATH=/home/kortex_ws/install/controller_manager:/home/kortex_ws/install/hardware_interface_testing:/home/kortex_ws/install/controller_interface:/home/kortex_ws/install/hardware_interface:/home/kortex_ws/install/ros2_control_test_assets:/home/kortex_ws/install/controller_manager_msgs:/home/kortex_ws/install/control_msgs:${AMENT_PREFIX_PATH} CMAKE_PREFIX_PATH=/home/kortex_ws/install/controller_manager:/home/kortex_ws/install/hardware_interface_testing:/home/kortex_ws/install/controller_interface:/home/kortex_ws/install/hardware_interface:/home/kortex_ws/install/ros2_control_test_assets:/home/kortex_ws/install/controller_manager_msgs:/home/kortex_ws/install/control_msgs:/opt/ros/humble LD_LIBRARY_PATH=/home/kortex_ws/install/controller_manager/lib:/home/kortex_ws/install/hardware_interface_testing/lib:/home/kortex_ws/install/controller_interface/lib:/home/kortex_ws/install/hardware_interface/lib:/home/kortex_ws/install/controller_manager_msgs/lib:/home/kortex_ws/install/control_msgs/lib:${LD_LIBRARY_PATH} PYTHONPATH=/home/kortex_ws/install/controller_manager/local/lib/python3.10/dist-packages:/home/kortex_ws/install/controller_manager_msgs/local/lib/python3.10/dist-packages:/home/kortex_ws/install/control_msgs/local/lib/python3.10/dist-packages:${PYTHONPATH} /usr/bin/cmake --build /home/kortex_ws/build/range_sensor_broadcaster -- -j16 -l16
[6.232s] [ 10%] [32mBuilding CXX object gmock/CMakeFiles/gmock.dir/opt/ros/humble/src/gtest_vendor/src/gtest-all.cc.o[0m
[6.276s] [ 20%] [32mBuilding CXX object gmock/CMakeFiles/gmock.dir/src/gmock-all.cc.o[0m
[6.284s] [ 30%] [34m[1mRunning `/opt/ros/humble/bin/generate_parameter_library_cpp /home/kortex_ws/build/range_sensor_broadcaster/range_sensor_broadcaster_parameters/include//range_sensor_broadcaster_parameters.hpp /home/kortex_ws/src/ros2_controllers/range_sensor_broadcaster/src/range_sensor_broadcaster_parameters.yaml `[0m
[7.773s] [ 30%] Built target range_sensor_broadcaster_parameters
[7.984s] [ 40%] [32mBuilding CXX object CMakeFiles/range_sensor_broadcaster.dir/src/range_sensor_broadcaster.cpp.o[0m
[18.610s] [ 50%] [32m[1mLinking CXX static library libgmock.a[0m
[19.137s] [ 50%] Built target gmock
[23.922s] [ 60%] [32m[1mLinking CXX shared library librange_sensor_broadcaster.so[0m
[24.301s] [ 60%] Built target range_sensor_broadcaster
[24.340s] [ 70%] [32mBuilding CXX object CMakeFiles/test_load_range_sensor_broadcaster.dir/test/test_load_range_sensor_broadcaster.cpp.o[0m
[32.174s] [ 80%] [32m[1mLinking CXX executable test_load_range_sensor_broadcaster[0m
[35.102s] [ 80%] Built target test_load_range_sensor_broadcaster
[35.149s] [ 90%] [32mBuilding CXX object CMakeFiles/test_range_sensor_broadcaster.dir/test/test_range_sensor_broadcaster.cpp.o[0m
[59.558s] [100%] [32m[1mLinking CXX executable test_range_sensor_broadcaster[0m
[62.945s] [100%] Built target test_range_sensor_broadcaster
[62.971s] Invoked command in '/home/kortex_ws/build/range_sensor_broadcaster' returned '0': AMENT_PREFIX_PATH=/home/kortex_ws/install/controller_manager:/home/kortex_ws/install/hardware_interface_testing:/home/kortex_ws/install/controller_interface:/home/kortex_ws/install/hardware_interface:/home/kortex_ws/install/ros2_control_test_assets:/home/kortex_ws/install/controller_manager_msgs:/home/kortex_ws/install/control_msgs:${AMENT_PREFIX_PATH} CMAKE_PREFIX_PATH=/home/kortex_ws/install/controller_manager:/home/kortex_ws/install/hardware_interface_testing:/home/kortex_ws/install/controller_interface:/home/kortex_ws/install/hardware_interface:/home/kortex_ws/install/ros2_control_test_assets:/home/kortex_ws/install/controller_manager_msgs:/home/kortex_ws/install/control_msgs:/opt/ros/humble LD_LIBRARY_PATH=/home/kortex_ws/install/controller_manager/lib:/home/kortex_ws/install/hardware_interface_testing/lib:/home/kortex_ws/install/controller_interface/lib:/home/kortex_ws/install/hardware_interface/lib:/home/kortex_ws/install/controller_manager_msgs/lib:/home/kortex_ws/install/control_msgs/lib:${LD_LIBRARY_PATH} PYTHONPATH=/home/kortex_ws/install/controller_manager/local/lib/python3.10/dist-packages:/home/kortex_ws/install/controller_manager_msgs/local/lib/python3.10/dist-packages:/home/kortex_ws/install/control_msgs/local/lib/python3.10/dist-packages:${PYTHONPATH} /usr/bin/cmake --build /home/kortex_ws/build/range_sensor_broadcaster -- -j16 -l16
[63.060s] Invoking command in '/home/kortex_ws/build/range_sensor_broadcaster': AMENT_PREFIX_PATH=/home/kortex_ws/install/controller_manager:/home/kortex_ws/install/hardware_interface_testing:/home/kortex_ws/install/controller_interface:/home/kortex_ws/install/hardware_interface:/home/kortex_ws/install/ros2_control_test_assets:/home/kortex_ws/install/controller_manager_msgs:/home/kortex_ws/install/control_msgs:${AMENT_PREFIX_PATH} CMAKE_PREFIX_PATH=/home/kortex_ws/install/controller_manager:/home/kortex_ws/install/hardware_interface_testing:/home/kortex_ws/install/controller_interface:/home/kortex_ws/install/hardware_interface:/home/kortex_ws/install/ros2_control_test_assets:/home/kortex_ws/install/controller_manager_msgs:/home/kortex_ws/install/control_msgs:/opt/ros/humble LD_LIBRARY_PATH=/home/kortex_ws/install/controller_manager/lib:/home/kortex_ws/install/hardware_interface_testing/lib:/home/kortex_ws/install/controller_interface/lib:/home/kortex_ws/install/hardware_interface/lib:/home/kortex_ws/install/controller_manager_msgs/lib:/home/kortex_ws/install/control_msgs/lib:${LD_LIBRARY_PATH} PYTHONPATH=/home/kortex_ws/install/controller_manager/local/lib/python3.10/dist-packages:/home/kortex_ws/install/controller_manager_msgs/local/lib/python3.10/dist-packages:/home/kortex_ws/install/control_msgs/local/lib/python3.10/dist-packages:${PYTHONPATH} /usr/bin/cmake --install /home/kortex_ws/build/range_sensor_broadcaster
[63.073s] -- Install configuration: ""
[63.073s] -- Installing: /home/kortex_ws/install/range_sensor_broadcaster/include/range_sensor_broadcaster_parameters
[63.073s] -- Installing: /home/kortex_ws/install/range_sensor_broadcaster/include/range_sensor_broadcaster_parameters/range_sensor_broadcaster_parameters.hpp
[63.074s] -- Installing: /home/kortex_ws/install/range_sensor_broadcaster/share/range_sensor_broadcaster/range_sensor_broadcaster.xml
[63.074s] -- Up-to-date: /home/kortex_ws/install/range_sensor_broadcaster/include
[63.074s] -- Installing: /home/kortex_ws/install/range_sensor_broadcaster/include/range_sensor_broadcaster
[63.074s] -- Installing: /home/kortex_ws/install/range_sensor_broadcaster/include/range_sensor_broadcaster/range_sensor_broadcaster.hpp
[63.075s] -- Installing: /home/kortex_ws/install/range_sensor_broadcaster/include/range_sensor_broadcaster/visibility_control.h
[63.075s] -- Installing: /home/kortex_ws/install/range_sensor_broadcaster/lib/librange_sensor_broadcaster.so
[63.082s] -- Set runtime path of "/home/kortex_ws/install/range_sensor_broadcaster/lib/librange_sensor_broadcaster.so" to ""
[63.082s] -- Installing: /home/kortex_ws/install/range_sensor_broadcaster/share/range_sensor_broadcaster/environment/library_path.sh
[63.082s] -- Installing: /home/kortex_ws/install/range_sensor_broadcaster/share/range_sensor_broadcaster/environment/library_path.dsv
[63.083s] -- Installing: /home/kortex_ws/install/range_sensor_broadcaster/share/ament_index/resource_index/package_run_dependencies/range_sensor_broadcaster
[63.083s] -- Installing: /home/kortex_ws/install/range_sensor_broadcaster/share/ament_index/resource_index/parent_prefix_path/range_sensor_broadcaster
[63.083s] -- Installing: /home/kortex_ws/install/range_sensor_broadcaster/share/range_sensor_broadcaster/environment/ament_prefix_path.sh
[63.083s] -- Installing: /home/kortex_ws/install/range_sensor_broadcaster/share/range_sensor_broadcaster/environment/ament_prefix_path.dsv
[63.083s] -- Installing: /home/kortex_ws/install/range_sensor_broadcaster/share/range_sensor_broadcaster/environment/path.sh
[63.084s] -- Installing: /home/kortex_ws/install/range_sensor_broadcaster/share/range_sensor_broadcaster/environment/path.dsv
[63.084s] -- Installing: /home/kortex_ws/install/range_sensor_broadcaster/share/range_sensor_broadcaster/local_setup.bash
[63.084s] -- Installing: /home/kortex_ws/install/range_sensor_broadcaster/share/range_sensor_broadcaster/local_setup.sh
[63.084s] -- Installing: /home/kortex_ws/install/range_sensor_broadcaster/share/range_sensor_broadcaster/local_setup.zsh
[63.084s] -- Installing: /home/kortex_ws/install/range_sensor_broadcaster/share/range_sensor_broadcaster/local_setup.dsv
[63.085s] -- Installing: /home/kortex_ws/install/range_sensor_broadcaster/share/range_sensor_broadcaster/package.dsv
[63.085s] -- Installing: /home/kortex_ws/install/range_sensor_broadcaster/share/ament_index/resource_index/packages/range_sensor_broadcaster
[63.085s] -- Installing: /home/kortex_ws/install/range_sensor_broadcaster/share/ament_index/resource_index/controller_interface__pluginlib__plugin/range_sensor_broadcaster
[63.086s] -- Installing: /home/kortex_ws/install/range_sensor_broadcaster/share/range_sensor_broadcaster/cmake/export_range_sensor_broadcasterExport.cmake
[63.086s] -- Installing: /home/kortex_ws/install/range_sensor_broadcaster/share/range_sensor_broadcaster/cmake/export_range_sensor_broadcasterExport-noconfig.cmake
[63.086s] -- Installing: /home/kortex_ws/install/range_sensor_broadcaster/share/range_sensor_broadcaster/cmake/ament_cmake_export_targets-extras.cmake
[63.087s] -- Installing: /home/kortex_ws/install/range_sensor_broadcaster/share/range_sensor_broadcaster/cmake/ament_cmake_export_dependencies-extras.cmake
[63.087s] -- Installing: /home/kortex_ws/install/range_sensor_broadcaster/share/range_sensor_broadcaster/cmake/range_sensor_broadcasterConfig.cmake
[63.087s] -- Installing: /home/kortex_ws/install/range_sensor_broadcaster/share/range_sensor_broadcaster/cmake/range_sensor_broadcasterConfig-version.cmake
[63.087s] -- Installing: /home/kortex_ws/install/range_sensor_broadcaster/share/range_sensor_broadcaster/package.xml
[63.093s] Invoked command in '/home/kortex_ws/build/range_sensor_broadcaster' returned '0': AMENT_PREFIX_PATH=/home/kortex_ws/install/controller_manager:/home/kortex_ws/install/hardware_interface_testing:/home/kortex_ws/install/controller_interface:/home/kortex_ws/install/hardware_interface:/home/kortex_ws/install/ros2_control_test_assets:/home/kortex_ws/install/controller_manager_msgs:/home/kortex_ws/install/control_msgs:${AMENT_PREFIX_PATH} CMAKE_PREFIX_PATH=/home/kortex_ws/install/controller_manager:/home/kortex_ws/install/hardware_interface_testing:/home/kortex_ws/install/controller_interface:/home/kortex_ws/install/hardware_interface:/home/kortex_ws/install/ros2_control_test_assets:/home/kortex_ws/install/controller_manager_msgs:/home/kortex_ws/install/control_msgs:/opt/ros/humble LD_LIBRARY_PATH=/home/kortex_ws/install/controller_manager/lib:/home/kortex_ws/install/hardware_interface_testing/lib:/home/kortex_ws/install/controller_interface/lib:/home/kortex_ws/install/hardware_interface/lib:/home/kortex_ws/install/controller_manager_msgs/lib:/home/kortex_ws/install/control_msgs/lib:${LD_LIBRARY_PATH} PYTHONPATH=/home/kortex_ws/install/controller_manager/local/lib/python3.10/dist-packages:/home/kortex_ws/install/controller_manager_msgs/local/lib/python3.10/dist-packages:/home/kortex_ws/install/control_msgs/local/lib/python3.10/dist-packages:${PYTHONPATH} /usr/bin/cmake --install /home/kortex_ws/build/range_sensor_broadcaster
