[0.016s] Invoking command in '/home/moveit/build/moveit_ros_robot_interaction': AMENT_PREFIX_PATH=/home/moveit/install/moveit_ros_planning:/home/moveit/install/moveit_ros_occupancy_map_monitor:/home/moveit/install/moveit_core:/home/moveit/install/moveit_msgs:/home/moveit/install/moveit_common:${AMENT_PREFIX_PATH} CMAKE_PREFIX_PATH=/home/moveit/install/moveit_ros_planning:/home/moveit/install/moveit_ros_occupancy_map_monitor:/home/moveit/install/moveit_core:/home/moveit/install/moveit_msgs:/home/moveit/install/moveit_common:/opt/ros/humble LD_LIBRARY_PATH=/home/moveit/install/moveit_ros_planning/lib:/home/moveit/install/moveit_ros_occupancy_map_monitor/lib:/home/moveit/install/moveit_core/lib:/home/moveit/install/moveit_msgs/lib:${LD_LIBRARY_PATH} PATH=/home/moveit/install/moveit_core/bin:${PATH} PYTHONPATH=/home/moveit/install/moveit_msgs/local/lib/python3.10/dist-packages:${PYTHONPATH} /usr/bin/cmake --build /home/moveit/build/moveit_ros_robot_interaction -- -j16 -l16
[0.072s] [ 15%] Built target gtest_main
[0.072s] [ 30%] Built target gtest
[0.086s] [ 84%] Built target moveit_robot_interaction
[0.115s] [100%] Built target locked_robot_state_test
[0.126s] Invoked command in '/home/moveit/build/moveit_ros_robot_interaction' returned '0': AMENT_PREFIX_PATH=/home/moveit/install/moveit_ros_planning:/home/moveit/install/moveit_ros_occupancy_map_monitor:/home/moveit/install/moveit_core:/home/moveit/install/moveit_msgs:/home/moveit/install/moveit_common:${AMENT_PREFIX_PATH} CMAKE_PREFIX_PATH=/home/moveit/install/moveit_ros_planning:/home/moveit/install/moveit_ros_occupancy_map_monitor:/home/moveit/install/moveit_core:/home/moveit/install/moveit_msgs:/home/moveit/install/moveit_common:/opt/ros/humble LD_LIBRARY_PATH=/home/moveit/install/moveit_ros_planning/lib:/home/moveit/install/moveit_ros_occupancy_map_monitor/lib:/home/moveit/install/moveit_core/lib:/home/moveit/install/moveit_msgs/lib:${LD_LIBRARY_PATH} PATH=/home/moveit/install/moveit_core/bin:${PATH} PYTHONPATH=/home/moveit/install/moveit_msgs/local/lib/python3.10/dist-packages:${PYTHONPATH} /usr/bin/cmake --build /home/moveit/build/moveit_ros_robot_interaction -- -j16 -l16
[0.164s] Invoking command in '/home/moveit/build/moveit_ros_robot_interaction': AMENT_PREFIX_PATH=/home/moveit/install/moveit_ros_planning:/home/moveit/install/moveit_ros_occupancy_map_monitor:/home/moveit/install/moveit_core:/home/moveit/install/moveit_msgs:/home/moveit/install/moveit_common:${AMENT_PREFIX_PATH} CMAKE_PREFIX_PATH=/home/moveit/install/moveit_ros_planning:/home/moveit/install/moveit_ros_occupancy_map_monitor:/home/moveit/install/moveit_core:/home/moveit/install/moveit_msgs:/home/moveit/install/moveit_common:/opt/ros/humble LD_LIBRARY_PATH=/home/moveit/install/moveit_ros_planning/lib:/home/moveit/install/moveit_ros_occupancy_map_monitor/lib:/home/moveit/install/moveit_core/lib:/home/moveit/install/moveit_msgs/lib:${LD_LIBRARY_PATH} PATH=/home/moveit/install/moveit_core/bin:${PATH} PYTHONPATH=/home/moveit/install/moveit_msgs/local/lib/python3.10/dist-packages:${PYTHONPATH} /usr/bin/cmake --install /home/moveit/build/moveit_ros_robot_interaction
[0.171s] -- Install configuration: "Release"
[0.172s] -- Up-to-date: /home/moveit/install/moveit_ros_robot_interaction/lib/libmoveit_robot_interaction.so.2.9.0
[0.172s] -- Up-to-date: /home/moveit/install/moveit_ros_robot_interaction/lib/libmoveit_robot_interaction.so
[0.172s] -- Up-to-date: /home/moveit/install/moveit_ros_robot_interaction/include/moveit_ros_robot_interaction
[0.172s] -- Up-to-date: /home/moveit/install/moveit_ros_robot_interaction/include/moveit_ros_robot_interaction/moveit
[0.172s] -- Up-to-date: /home/moveit/install/moveit_ros_robot_interaction/include/moveit_ros_robot_interaction/moveit/robot_interaction
[0.173s] -- Up-to-date: /home/moveit/install/moveit_ros_robot_interaction/include/moveit_ros_robot_interaction/moveit/robot_interaction/kinematic_options.h
[0.173s] -- Up-to-date: /home/moveit/install/moveit_ros_robot_interaction/include/moveit_ros_robot_interaction/moveit/robot_interaction/kinematic_options_map.h
[0.173s] -- Up-to-date: /home/moveit/install/moveit_ros_robot_interaction/include/moveit_ros_robot_interaction/moveit/robot_interaction/interactive_marker_helpers.h
[0.173s] -- Up-to-date: /home/moveit/install/moveit_ros_robot_interaction/include/moveit_ros_robot_interaction/moveit/robot_interaction/interaction_handler.h
[0.173s] -- Up-to-date: /home/moveit/install/moveit_ros_robot_interaction/include/moveit_ros_robot_interaction/moveit/robot_interaction/interaction.h
[0.173s] -- Up-to-date: /home/moveit/install/moveit_ros_robot_interaction/include/moveit_ros_robot_interaction/moveit/robot_interaction/robot_interaction.h
[0.173s] -- Up-to-date: /home/moveit/install/moveit_ros_robot_interaction/include/moveit_ros_robot_interaction/moveit/robot_interaction/locked_robot_state.h
[0.173s] -- Up-to-date: /home/moveit/install/moveit_ros_robot_interaction/include/moveit_ros_robot_interaction/moveit_robot_interaction_export.h
[0.173s] -- Up-to-date: /home/moveit/install/moveit_ros_robot_interaction/share/moveit_ros_robot_interaction/resources
[0.173s] -- Up-to-date: /home/moveit/install/moveit_ros_robot_interaction/share/moveit_ros_robot_interaction/resources/access-denied.stl
[0.173s] -- Up-to-date: /home/moveit/install/moveit_ros_robot_interaction/share/moveit_ros_robot_interaction/resources/access-denied.dae
[0.173s] -- Up-to-date: /home/moveit/install/moveit_ros_robot_interaction/share/moveit_ros_robot_interaction/environment/library_path.sh
[0.173s] -- Up-to-date: /home/moveit/install/moveit_ros_robot_interaction/share/moveit_ros_robot_interaction/environment/library_path.dsv
[0.174s] -- Up-to-date: /home/moveit/install/moveit_ros_robot_interaction/share/ament_index/resource_index/package_run_dependencies/moveit_ros_robot_interaction
[0.174s] -- Up-to-date: /home/moveit/install/moveit_ros_robot_interaction/share/ament_index/resource_index/parent_prefix_path/moveit_ros_robot_interaction
[0.174s] -- Up-to-date: /home/moveit/install/moveit_ros_robot_interaction/share/moveit_ros_robot_interaction/environment/ament_prefix_path.sh
[0.174s] -- Up-to-date: /home/moveit/install/moveit_ros_robot_interaction/share/moveit_ros_robot_interaction/environment/ament_prefix_path.dsv
[0.174s] -- Up-to-date: /home/moveit/install/moveit_ros_robot_interaction/share/moveit_ros_robot_interaction/environment/path.sh
[0.174s] -- Up-to-date: /home/moveit/install/moveit_ros_robot_interaction/share/moveit_ros_robot_interaction/environment/path.dsv
[0.174s] -- Up-to-date: /home/moveit/install/moveit_ros_robot_interaction/share/moveit_ros_robot_interaction/local_setup.bash
[0.174s] -- Up-to-date: /home/moveit/install/moveit_ros_robot_interaction/share/moveit_ros_robot_interaction/local_setup.sh
[0.174s] -- Up-to-date: /home/moveit/install/moveit_ros_robot_interaction/share/moveit_ros_robot_interaction/local_setup.zsh
[0.174s] -- Up-to-date: /home/moveit/install/moveit_ros_robot_interaction/share/moveit_ros_robot_interaction/local_setup.dsv
[0.174s] -- Installing: /home/moveit/install/moveit_ros_robot_interaction/share/moveit_ros_robot_interaction/package.dsv
[0.174s] -- Up-to-date: /home/moveit/install/moveit_ros_robot_interaction/share/ament_index/resource_index/packages/moveit_ros_robot_interaction
[0.175s] -- Up-to-date: /home/moveit/install/moveit_ros_robot_interaction/share/moveit_ros_robot_interaction/cmake/moveit_ros_robot_interactionTargetsExport.cmake
[0.175s] -- Up-to-date: /home/moveit/install/moveit_ros_robot_interaction/share/moveit_ros_robot_interaction/cmake/moveit_ros_robot_interactionTargetsExport-release.cmake
[0.175s] -- Up-to-date: /home/moveit/install/moveit_ros_robot_interaction/share/moveit_ros_robot_interaction/cmake/ament_cmake_export_targets-extras.cmake
[0.175s] -- Up-to-date: /home/moveit/install/moveit_ros_robot_interaction/share/moveit_ros_robot_interaction/cmake/ament_cmake_export_dependencies-extras.cmake
[0.175s] -- Up-to-date: /home/moveit/install/moveit_ros_robot_interaction/share/moveit_ros_robot_interaction/cmake/moveit_ros_robot_interactionConfig.cmake
[0.176s] -- Up-to-date: /home/moveit/install/moveit_ros_robot_interaction/share/moveit_ros_robot_interaction/cmake/moveit_ros_robot_interactionConfig-version.cmake
[0.176s] -- Up-to-date: /home/moveit/install/moveit_ros_robot_interaction/share/moveit_ros_robot_interaction/package.xml
[0.177s] Invoked command in '/home/moveit/build/moveit_ros_robot_interaction' returned '0': AMENT_PREFIX_PATH=/home/moveit/install/moveit_ros_planning:/home/moveit/install/moveit_ros_occupancy_map_monitor:/home/moveit/install/moveit_core:/home/moveit/install/moveit_msgs:/home/moveit/install/moveit_common:${AMENT_PREFIX_PATH} CMAKE_PREFIX_PATH=/home/moveit/install/moveit_ros_planning:/home/moveit/install/moveit_ros_occupancy_map_monitor:/home/moveit/install/moveit_core:/home/moveit/install/moveit_msgs:/home/moveit/install/moveit_common:/opt/ros/humble LD_LIBRARY_PATH=/home/moveit/install/moveit_ros_planning/lib:/home/moveit/install/moveit_ros_occupancy_map_monitor/lib:/home/moveit/install/moveit_core/lib:/home/moveit/install/moveit_msgs/lib:${LD_LIBRARY_PATH} PATH=/home/moveit/install/moveit_core/bin:${PATH} PYTHONPATH=/home/moveit/install/moveit_msgs/local/lib/python3.10/dist-packages:${PYTHONPATH} /usr/bin/cmake --install /home/moveit/build/moveit_ros_robot_interaction
