/home/humble_ws/install/antworker_description/lib/python3.10/site-packages/description/__init__.py
/home/humble_ws/install/antworker_description/lib/python3.10/site-packages/description/__pycache__/__init__.cpython-310.pyc
/home/humble_ws/install/antworker_description/share/ament_index/resource_index/packages/antworker_description
/home/humble_ws/install/antworker_description/share/antworker_description/package.xml
/home/humble_ws/install/antworker_description/share/antworker_description/description/combined/worker_with_arm.urdf
/home/humble_ws/install/antworker_description/share/antworker_description/description/arm/urdf/GEN3_6DOF_VISION_URDF_ARM_V01.urdf
/home/humble_ws/install/antworker_description/share/antworker_description/description/arm/meshes/bracelet_with_vision_link.obj
/home/humble_ws/install/antworker_description/share/antworker_description/description/arm/meshes/bicep_link.STL
/home/humble_ws/install/antworker_description/share/antworker_description/description/arm/meshes/spherical_wrist_2_link.STL
/home/humble_ws/install/antworker_description/share/antworker_description/description/arm/meshes/bracelet_no_vision_link.obj
/home/humble_ws/install/antworker_description/share/antworker_description/description/arm/meshes/bracelet_with_vision_link.STL
/home/humble_ws/install/antworker_description/share/antworker_description/description/arm/meshes/base_link.obj
/home/humble_ws/install/antworker_description/share/antworker_description/description/arm/meshes/shoulder_link.obj
/home/humble_ws/install/antworker_description/share/antworker_description/description/arm/meshes/forearm_link.STL
/home/humble_ws/install/antworker_description/share/antworker_description/description/arm/meshes/spherical_wrist_2_link.obj
/home/humble_ws/install/antworker_description/share/antworker_description/description/arm/meshes/spherical_wrist_1_link.obj
/home/humble_ws/install/antworker_description/share/antworker_description/description/arm/meshes/forearm_link.obj
/home/humble_ws/install/antworker_description/share/antworker_description/description/arm/meshes/bicep_link.obj
/home/humble_ws/install/antworker_description/share/antworker_description/description/arm/meshes/shoulder_link.STL
/home/humble_ws/install/antworker_description/share/antworker_description/description/arm/meshes/bracelet_no_vision_link.STL
/home/humble_ws/install/antworker_description/share/antworker_description/description/arm/meshes/spherical_wrist_1_link.STL
/home/humble_ws/install/antworker_description/share/antworker_description/description/arm/meshes/base_link.STL
/home/humble_ws/install/antworker_description/share/antworker_description/description/base/meshes/body.stl
/home/humble_ws/install/antworker_description/share/antworker_description/description/base/meshes/antworker_chassis_collision.stl
/home/humble_ws/install/antworker_description/share/antworker_description/description/base/meshes/wheel_b.dae
/home/humble_ws/install/antworker_description/share/antworker_description/description/base/meshes/antworker_chassis.dae
/home/humble_ws/install/antworker_description/share/antworker_description/description/base/meshes/worker_chassis.stl
/home/humble_ws/install/antworker_description/share/antworker_description/description/base/meshes/wheel_a.dae
/home/humble_ws/install/antworker_description/lib/python3.10/site-packages/antworker_description-0.0.0-py3.10.egg-info/requires.txt
/home/humble_ws/install/antworker_description/lib/python3.10/site-packages/antworker_description-0.0.0-py3.10.egg-info/SOURCES.txt
/home/humble_ws/install/antworker_description/lib/python3.10/site-packages/antworker_description-0.0.0-py3.10.egg-info/zip-safe
/home/humble_ws/install/antworker_description/lib/python3.10/site-packages/antworker_description-0.0.0-py3.10.egg-info/dependency_links.txt
/home/humble_ws/install/antworker_description/lib/python3.10/site-packages/antworker_description-0.0.0-py3.10.egg-info/top_level.txt
/home/humble_ws/install/antworker_description/lib/python3.10/site-packages/antworker_description-0.0.0-py3.10.egg-info/PKG-INFO
/home/humble_ws/install/antworker_description/lib/python3.10/site-packages/antworker_description-0.0.0-py3.10.egg-info/entry_points.txt
