-- The C compiler identification is GNU 11.4.0
-- The CXX compiler identification is GNU 11.4.0
-- Detecting C compiler ABI info
-- Detecting C compiler ABI info - done
-- Check for working C compiler: /usr/bin/cc - skipped
-- Detecting C compile features
-- Detecting C compile features - done
-- Detecting CXX compiler ABI info
-- Detecting CXX compiler ABI info - done
-- Check for working CXX compiler: /usr/bin/c++ - skipped
-- Detecting CXX compile features
-- Detecting CXX compile features - done
-- Found ament_cmake: 1.3.8 (/opt/ros/humble/share/ament_cmake/cmake)
-- Found Python3: /usr/bin/python3 (found version "3.10.12") found components: Interpreter 
-- Configuring done
-- Generating done
-- Build files have been written to: /home/humble_ws/build/antworker_moveit_description2
-- Install configuration: ""
-- Installing: /home/humble_ws/install/antworker_moveit_description2/share/ament_index/resource_index/package_run_dependencies/antworker_moveit_description2
-- Installing: /home/humble_ws/install/antworker_moveit_description2/share/ament_index/resource_index/parent_prefix_path/antworker_moveit_description2
-- Installing: /home/humble_ws/install/antworker_moveit_description2/share/antworker_moveit_description2/environment/ament_prefix_path.sh
-- Installing: /home/humble_ws/install/antworker_moveit_description2/share/antworker_moveit_description2/environment/ament_prefix_path.dsv
-- Installing: /home/humble_ws/install/antworker_moveit_description2/share/antworker_moveit_description2/environment/path.sh
-- Installing: /home/humble_ws/install/antworker_moveit_description2/share/antworker_moveit_description2/environment/path.dsv
-- Installing: /home/humble_ws/install/antworker_moveit_description2/share/antworker_moveit_description2/local_setup.bash
-- Installing: /home/humble_ws/install/antworker_moveit_description2/share/antworker_moveit_description2/local_setup.sh
-- Installing: /home/humble_ws/install/antworker_moveit_description2/share/antworker_moveit_description2/local_setup.zsh
-- Installing: /home/humble_ws/install/antworker_moveit_description2/share/antworker_moveit_description2/local_setup.dsv
-- Installing: /home/humble_ws/install/antworker_moveit_description2/share/antworker_moveit_description2/package.dsv
-- Installing: /home/humble_ws/install/antworker_moveit_description2/share/ament_index/resource_index/packages/antworker_moveit_description2
-- Installing: /home/humble_ws/install/antworker_moveit_description2/share/antworker_moveit_description2/cmake/antworker_moveit_description2Config.cmake
-- Installing: /home/humble_ws/install/antworker_moveit_description2/share/antworker_moveit_description2/cmake/antworker_moveit_description2Config-version.cmake
-- Installing: /home/humble_ws/install/antworker_moveit_description2/share/antworker_moveit_description2/package.xml
-- Installing: /home/humble_ws/install/antworker_moveit_description2/share/antworker_moveit_description2/launch
-- Installing: /home/humble_ws/install/antworker_moveit_description2/share/antworker_moveit_description2/launch/demo.launch.py
-- Installing: /home/humble_ws/install/antworker_moveit_description2/share/antworker_moveit_description2/launch/setup_assistant.launch.py
-- Installing: /home/humble_ws/install/antworker_moveit_description2/share/antworker_moveit_description2/launch/move_group.launch.py
-- Installing: /home/humble_ws/install/antworker_moveit_description2/share/antworker_moveit_description2/launch/warehouse_db.launch.py
-- Installing: /home/humble_ws/install/antworker_moveit_description2/share/antworker_moveit_description2/launch/static_virtual_joint_tfs.launch.py
-- Installing: /home/humble_ws/install/antworker_moveit_description2/share/antworker_moveit_description2/launch/spawn_controllers.launch.py
-- Installing: /home/humble_ws/install/antworker_moveit_description2/share/antworker_moveit_description2/launch/rsp.launch.py
-- Installing: /home/humble_ws/install/antworker_moveit_description2/share/antworker_moveit_description2/launch/moveit_rviz.launch.py
-- Installing: /home/humble_ws/install/antworker_moveit_description2/share/antworker_moveit_description2/config
-- Installing: /home/humble_ws/install/antworker_moveit_description2/share/antworker_moveit_description2/config/joint_limits.yaml
-- Installing: /home/humble_ws/install/antworker_moveit_description2/share/antworker_moveit_description2/config/ros2_controllers.yaml
-- Installing: /home/humble_ws/install/antworker_moveit_description2/share/antworker_moveit_description2/config/pilz_cartesian_limits.yaml
-- Installing: /home/humble_ws/install/antworker_moveit_description2/share/antworker_moveit_description2/config/GEN3_6DOF_VISION_URDF_ARM_V01.srdf
-- Installing: /home/humble_ws/install/antworker_moveit_description2/share/antworker_moveit_description2/config/GEN3_6DOF_VISION_URDF_ARM_V01.ros2_control.xacro
-- Installing: /home/humble_ws/install/antworker_moveit_description2/share/antworker_moveit_description2/config/moveit.rviz
-- Installing: /home/humble_ws/install/antworker_moveit_description2/share/antworker_moveit_description2/config/kinematics.yaml
-- Installing: /home/humble_ws/install/antworker_moveit_description2/share/antworker_moveit_description2/config/GEN3_6DOF_VISION_URDF_ARM_V01.urdf.xacro
-- Installing: /home/humble_ws/install/antworker_moveit_description2/share/antworker_moveit_description2/config/sensors_3d.yaml
-- Installing: /home/humble_ws/install/antworker_moveit_description2/share/antworker_moveit_description2/config/initial_positions.yaml
-- Installing: /home/humble_ws/install/antworker_moveit_description2/share/antworker_moveit_description2/config/moveit_controllers.yaml
-- Installing: /home/humble_ws/install/antworker_moveit_description2/share/antworker_moveit_description2/.setup_assistant
