[0.012s] Invoking command in '/home/humble_ws/build/antworker_moveit_description2': AMENT_PREFIX_PATH=/home/humble_ws/install/antworker_description:${AMENT_PREFIX_PATH} CMAKE_PREFIX_PATH=${CMAKE_PREFIX_PATH}:/home/kortex_ws/install/rqt_joint_trajectory_controller:/home/kortex_ws/install/rqt_controller_manager:/home/kortex_ws/install/ros2controlcli:/home/kortex_ws/install/ros2_controllers_test_nodes:/opt/ros/humble PYTHONPATH=/home/humble_ws/install/antworker_description/lib/python3.10/site-packages:${PYTHONPATH} /usr/bin/cmake /home/humble_ws/src/antworker_moveit_description2 -DCMAKE_INSTALL_PREFIX=/home/humble_ws/install/antworker_moveit_description2
[0.155s] -- The C compiler identification is GNU 11.4.0
[0.232s] -- The CXX compiler identification is GNU 11.4.0
[0.242s] -- Detecting C compiler ABI info
[0.330s] -- Detecting C compiler ABI info - done
[0.335s] -- Check for working C compiler: /usr/bin/cc - skipped
[0.335s] -- Detecting C compile features
[0.336s] -- Detecting C compile features - done
[0.339s] -- Detecting CXX compiler ABI info
[0.428s] -- Detecting CXX compiler ABI info - done
[0.433s] -- Check for working CXX compiler: /usr/bin/c++ - skipped
[0.433s] -- Detecting CXX compile features
[0.433s] -- Detecting CXX compile features - done
[0.448s] -- Found ament_cmake: 1.3.8 (/opt/ros/humble/share/ament_cmake/cmake)
[0.577s] -- Found Python3: /usr/bin/python3 (found version "3.10.12") found components: Interpreter 
[0.786s] -- Configuring done
[0.788s] -- Generating done
[0.789s] -- Build files have been written to: /home/humble_ws/build/antworker_moveit_description2
[0.793s] Invoked command in '/home/humble_ws/build/antworker_moveit_description2' returned '0': AMENT_PREFIX_PATH=/home/humble_ws/install/antworker_description:${AMENT_PREFIX_PATH} CMAKE_PREFIX_PATH=${CMAKE_PREFIX_PATH}:/home/kortex_ws/install/rqt_joint_trajectory_controller:/home/kortex_ws/install/rqt_controller_manager:/home/kortex_ws/install/ros2controlcli:/home/kortex_ws/install/ros2_controllers_test_nodes:/opt/ros/humble PYTHONPATH=/home/humble_ws/install/antworker_description/lib/python3.10/site-packages:${PYTHONPATH} /usr/bin/cmake /home/humble_ws/src/antworker_moveit_description2 -DCMAKE_INSTALL_PREFIX=/home/humble_ws/install/antworker_moveit_description2
[0.795s] Invoking command in '/home/humble_ws/build/antworker_moveit_description2': AMENT_PREFIX_PATH=/home/humble_ws/install/antworker_description:${AMENT_PREFIX_PATH} CMAKE_PREFIX_PATH=${CMAKE_PREFIX_PATH}:/home/kortex_ws/install/rqt_joint_trajectory_controller:/home/kortex_ws/install/rqt_controller_manager:/home/kortex_ws/install/ros2controlcli:/home/kortex_ws/install/ros2_controllers_test_nodes:/opt/ros/humble PYTHONPATH=/home/humble_ws/install/antworker_description/lib/python3.10/site-packages:${PYTHONPATH} /usr/bin/cmake --build /home/humble_ws/build/antworker_moveit_description2 -- -j16 -l16
[0.848s] Invoked command in '/home/humble_ws/build/antworker_moveit_description2' returned '0': AMENT_PREFIX_PATH=/home/humble_ws/install/antworker_description:${AMENT_PREFIX_PATH} CMAKE_PREFIX_PATH=${CMAKE_PREFIX_PATH}:/home/kortex_ws/install/rqt_joint_trajectory_controller:/home/kortex_ws/install/rqt_controller_manager:/home/kortex_ws/install/ros2controlcli:/home/kortex_ws/install/ros2_controllers_test_nodes:/opt/ros/humble PYTHONPATH=/home/humble_ws/install/antworker_description/lib/python3.10/site-packages:${PYTHONPATH} /usr/bin/cmake --build /home/humble_ws/build/antworker_moveit_description2 -- -j16 -l16
[0.900s] Invoking command in '/home/humble_ws/build/antworker_moveit_description2': AMENT_PREFIX_PATH=/home/humble_ws/install/antworker_description:${AMENT_PREFIX_PATH} CMAKE_PREFIX_PATH=${CMAKE_PREFIX_PATH}:/home/kortex_ws/install/rqt_joint_trajectory_controller:/home/kortex_ws/install/rqt_controller_manager:/home/kortex_ws/install/ros2controlcli:/home/kortex_ws/install/ros2_controllers_test_nodes:/opt/ros/humble PYTHONPATH=/home/humble_ws/install/antworker_description/lib/python3.10/site-packages:${PYTHONPATH} /usr/bin/cmake --install /home/humble_ws/build/antworker_moveit_description2
[0.909s] -- Install configuration: ""
[0.909s] -- Installing: /home/humble_ws/install/antworker_moveit_description2/share/ament_index/resource_index/package_run_dependencies/antworker_moveit_description2
[0.910s] -- Installing: /home/humble_ws/install/antworker_moveit_description2/share/ament_index/resource_index/parent_prefix_path/antworker_moveit_description2
[0.910s] -- Installing: /home/humble_ws/install/antworker_moveit_description2/share/antworker_moveit_description2/environment/ament_prefix_path.sh
[0.910s] -- Installing: /home/humble_ws/install/antworker_moveit_description2/share/antworker_moveit_description2/environment/ament_prefix_path.dsv
[0.910s] -- Installing: /home/humble_ws/install/antworker_moveit_description2/share/antworker_moveit_description2/environment/path.sh
[0.910s] -- Installing: /home/humble_ws/install/antworker_moveit_description2/share/antworker_moveit_description2/environment/path.dsv
[0.910s] -- Installing: /home/humble_ws/install/antworker_moveit_description2/share/antworker_moveit_description2/local_setup.bash
[0.911s] -- Installing: /home/humble_ws/install/antworker_moveit_description2/share/antworker_moveit_description2/local_setup.sh
[0.911s] -- Installing: /home/humble_ws/install/antworker_moveit_description2/share/antworker_moveit_description2/local_setup.zsh
[0.911s] -- Installing: /home/humble_ws/install/antworker_moveit_description2/share/antworker_moveit_description2/local_setup.dsv
[0.911s] -- Installing: /home/humble_ws/install/antworker_moveit_description2/share/antworker_moveit_description2/package.dsv
[0.911s] -- Installing: /home/humble_ws/install/antworker_moveit_description2/share/ament_index/resource_index/packages/antworker_moveit_description2
[0.911s] -- Installing: /home/humble_ws/install/antworker_moveit_description2/share/antworker_moveit_description2/cmake/antworker_moveit_description2Config.cmake
[0.911s] -- Installing: /home/humble_ws/install/antworker_moveit_description2/share/antworker_moveit_description2/cmake/antworker_moveit_description2Config-version.cmake
[0.911s] -- Installing: /home/humble_ws/install/antworker_moveit_description2/share/antworker_moveit_description2/package.xml
[0.912s] -- Installing: /home/humble_ws/install/antworker_moveit_description2/share/antworker_moveit_description2/launch
[0.912s] -- Installing: /home/humble_ws/install/antworker_moveit_description2/share/antworker_moveit_description2/launch/demo.launch.py
[0.918s] -- Installing: /home/humble_ws/install/antworker_moveit_description2/share/antworker_moveit_description2/launch/setup_assistant.launch.py
[0.918s] -- Installing: /home/humble_ws/install/antworker_moveit_description2/share/antworker_moveit_description2/launch/move_group.launch.py
[0.918s] -- Installing: /home/humble_ws/install/antworker_moveit_description2/share/antworker_moveit_description2/launch/warehouse_db.launch.py
[0.919s] -- Installing: /home/humble_ws/install/antworker_moveit_description2/share/antworker_moveit_description2/launch/static_virtual_joint_tfs.launch.py
[0.919s] -- Installing: /home/humble_ws/install/antworker_moveit_description2/share/antworker_moveit_description2/launch/spawn_controllers.launch.py
[0.919s] -- Installing: /home/humble_ws/install/antworker_moveit_description2/share/antworker_moveit_description2/launch/rsp.launch.py
[0.919s] -- Installing: /home/humble_ws/install/antworker_moveit_description2/share/antworker_moveit_description2/launch/moveit_rviz.launch.py
[0.919s] -- Installing: /home/humble_ws/install/antworker_moveit_description2/share/antworker_moveit_description2/config
[0.919s] -- Installing: /home/humble_ws/install/antworker_moveit_description2/share/antworker_moveit_description2/config/joint_limits.yaml
[0.920s] -- Installing: /home/humble_ws/install/antworker_moveit_description2/share/antworker_moveit_description2/config/ros2_controllers.yaml
[0.920s] -- Installing: /home/humble_ws/install/antworker_moveit_description2/share/antworker_moveit_description2/config/pilz_cartesian_limits.yaml
[0.920s] -- Installing: /home/humble_ws/install/antworker_moveit_description2/share/antworker_moveit_description2/config/GEN3_6DOF_VISION_URDF_ARM_V01.srdf
[0.920s] -- Installing: /home/humble_ws/install/antworker_moveit_description2/share/antworker_moveit_description2/config/GEN3_6DOF_VISION_URDF_ARM_V01.ros2_control.xacro
[0.921s] -- Installing: /home/humble_ws/install/antworker_moveit_description2/share/antworker_moveit_description2/config/moveit.rviz
[0.921s] -- Installing: /home/humble_ws/install/antworker_moveit_description2/share/antworker_moveit_description2/config/kinematics.yaml
[0.921s] -- Installing: /home/humble_ws/install/antworker_moveit_description2/share/antworker_moveit_description2/config/GEN3_6DOF_VISION_URDF_ARM_V01.urdf.xacro
[0.921s] -- Installing: /home/humble_ws/install/antworker_moveit_description2/share/antworker_moveit_description2/config/sensors_3d.yaml
[0.921s] -- Installing: /home/humble_ws/install/antworker_moveit_description2/share/antworker_moveit_description2/config/initial_positions.yaml
[0.921s] -- Installing: /home/humble_ws/install/antworker_moveit_description2/share/antworker_moveit_description2/config/moveit_controllers.yaml
[0.922s] -- Installing: /home/humble_ws/install/antworker_moveit_description2/share/antworker_moveit_description2/.setup_assistant
[0.923s] Invoked command in '/home/humble_ws/build/antworker_moveit_description2' returned '0': AMENT_PREFIX_PATH=/home/humble_ws/install/antworker_description:${AMENT_PREFIX_PATH} CMAKE_PREFIX_PATH=${CMAKE_PREFIX_PATH}:/home/kortex_ws/install/rqt_joint_trajectory_controller:/home/kortex_ws/install/rqt_controller_manager:/home/kortex_ws/install/ros2controlcli:/home/kortex_ws/install/ros2_controllers_test_nodes:/opt/ros/humble PYTHONPATH=/home/humble_ws/install/antworker_description/lib/python3.10/site-packages:${PYTHONPATH} /usr/bin/cmake --install /home/humble_ws/build/antworker_moveit_description2
