[0.045s] Invoking command in '/home/moveit/build/moveit_py': CMAKE_PREFIX_PATH=/home/moveit/install/moveit_ros_planning_interface:/home/moveit/install/moveit_ros_move_group:/home/moveit/install/moveit_ros_warehouse:/home/moveit/install/moveit_kinematics:/home/moveit/install/moveit_ros_planning:/home/moveit/install/moveit_ros_occupancy_map_monitor:/home/moveit/install/moveit_core:/home/moveit/install/moveit_msgs:/home/moveit/install/moveit_common:/home/moveit/install/pilz_industrial_motion_planner_testutils:/home/moveit/install/moveit_runtime:/home/moveit/install/moveit:/home/moveit/install/moveit_planners:/home/moveit/install/pilz_industrial_motion_planner:/home/moveit/install/moveit_ros_control_interface:/home/moveit/install/moveit_plugins:/home/moveit/install/moveit_simple_controller_manager:/home/moveit/install/moveit_setup_assistant:/home/moveit/install/moveit_setup_srdf_plugins:/home/moveit/install/moveit_setup_core_plugins:/home/moveit/install/moveit_setup_controllers:/home/moveit/install/moveit_setup_app_plugins:/home/moveit/install/moveit_setup_framework:/home/moveit/install/moveit_servo:/home/moveit/install/moveit_ros:/home/moveit/install/moveit_ros_visualization:/home/moveit/install/moveit_py:/home/moveit/install/moveit_hybrid_planning:/home/moveit/install/moveit_ros_benchmarks:/home/moveit/install/moveit_ros_robot_interaction:/home/moveit/install/moveit_ros_perception:/home/moveit/install/moveit_resources_prbt_pg70_support:/home/moveit/install/moveit_resources_prbt_moveit_config:/home/moveit/install/moveit_planners_ompl:/home/moveit/install/moveit_resources_prbt_support:/home/moveit/install/moveit_resources_prbt_ikfast_manipulator_plugin:/home/moveit/install/moveit_resources:/home/moveit/install/moveit_resources_pr2_description:/home/moveit/install/moveit_resources_panda_moveit_config:/home/moveit/install/dual_arm_panda_moveit_config:/home/moveit/install/moveit_resources_panda_description:/home/moveit/install/moveit_resources_fanuc_moveit_config:/home/moveit/install/moveit_resources_fanuc_description:/home/moveit/install/moveit_planners_stomp:/home/moveit/install/moveit_planners_chomp:/home/moveit/install/chomp_motion_planner:/home/moveit/install/moveit_configs_utils:/opt/ros/humble LD_LIBRARY_PATH=/home/moveit/install/moveit_ros_planning_interface/lib:/home/moveit/install/moveit_ros_move_group/lib:/home/moveit/install/moveit_ros_warehouse/lib:/home/moveit/install/moveit_kinematics/lib:/home/moveit/install/moveit_ros_planning/lib:/home/moveit/install/moveit_ros_occupancy_map_monitor/lib:/home/moveit/install/moveit_core/lib:/home/moveit/install/moveit_msgs/lib:/home/moveit/install/pilz_industrial_motion_planner_testutils/lib:/home/moveit/install/pilz_industrial_motion_planner/lib:/home/moveit/install/moveit_ros_control_interface/lib:/home/moveit/install/moveit_simple_controller_manager/lib:/home/moveit/install/moveit_setup_assistant/lib:/home/moveit/install/moveit_setup_srdf_plugins/lib:/home/moveit/install/moveit_setup_core_plugins/lib:/home/moveit/install/moveit_setup_controllers/lib:/home/moveit/install/moveit_setup_app_plugins/lib:/home/moveit/install/moveit_setup_framework/lib:/home/moveit/install/moveit_servo/lib:/home/moveit/install/moveit_ros_visualization/lib:/home/moveit/install/moveit_py/lib:/home/moveit/install/moveit_hybrid_planning/lib:/home/moveit/install/moveit_ros_benchmarks/lib:/home/moveit/install/moveit_ros_robot_interaction/lib:/home/moveit/install/moveit_ros_perception/lib:/home/moveit/install/moveit_planners_ompl/lib:/home/moveit/install/moveit_resources_prbt_ikfast_manipulator_plugin/lib:/home/moveit/install/moveit_planners_stomp/lib:/home/moveit/install/moveit_planners_chomp/lib:/home/moveit/install/chomp_motion_planner/lib:/opt/ros/humble/opt/rviz_ogre_vendor/lib:/opt/ros/humble/lib/x86_64-linux-gnu:/opt/ros/humble/lib /usr/bin/cmake /home/moveit/src/moveit2/moveit_py -DCMAKE_INSTALL_PREFIX=/home/moveit/install/moveit_py
[0.061s] -- Found ament_cmake: 1.3.9 (/opt/ros/humble/share/ament_cmake/cmake)
[0.105s] -- Found Python3: /usr/bin/python3 (found version "3.10.12") found components: Interpreter 
[0.157s] -- Found rclcpp: 16.0.9 (/opt/ros/humble/share/rclcpp/cmake)
[0.182s] -- Found rosidl_generator_c: 3.1.5 (/opt/ros/humble/share/rosidl_generator_c/cmake)
[0.184s] -- Found rosidl_adapter: 3.1.5 (/opt/ros/humble/share/rosidl_adapter/cmake)
[0.189s] -- Found rosidl_generator_cpp: 3.1.5 (/opt/ros/humble/share/rosidl_generator_cpp/cmake)
[0.198s] -- Using all available rosidl_typesupport_c: rosidl_typesupport_fastrtps_c;rosidl_typesupport_introspection_c
[0.211s] -- Using all available rosidl_typesupport_cpp: rosidl_typesupport_fastrtps_cpp;rosidl_typesupport_introspection_cpp
[0.255s] -- Found rmw_implementation_cmake: 6.1.2 (/opt/ros/humble/share/rmw_implementation_cmake/cmake)
[0.257s] -- Found rmw_cyclonedds_cpp: 1.3.4 (/opt/ros/humble/share/rmw_cyclonedds_cpp/cmake)
[0.279s] -- Using RMW implementation 'rmw_cyclonedds_cpp' as default
[0.390s] -- Found rclpy: 3.3.13 (/opt/ros/humble/share/rclpy/cmake)
[0.390s] -- Found geometry_msgs: 4.2.3 (/opt/ros/humble/share/geometry_msgs/cmake)
[0.421s] -- Found moveit_ros_planning: 2.9.0 (/home/moveit/install/moveit_ros_planning/share/moveit_ros_planning/cmake)
[0.430s] -- Found Boost: /usr/lib/x86_64-linux-gnu/cmake/Boost-1.74.0/BoostConfig.cmake (found version "1.74.0") found components: system filesystem date_time program_options thread chrono 
[0.465s] -- Found parameter_traits: 0.3.8 (/opt/ros/humble/share/parameter_traits/cmake)
[0.474s] -- Found rclcpp_lifecycle: 16.0.9 (/opt/ros/humble/share/rclcpp_lifecycle/cmake)
[0.788s] -- Found Boost: /usr/lib/x86_64-linux-gnu/cmake/Boost-1.74.0/BoostConfig.cmake (found version "1.74.0") found components: chrono date_time filesystem iostreams program_options regex serialization system thread 
[0.813s] -- Found Boost: /usr/lib/x86_64-linux-gnu/cmake/Boost-1.74.0/BoostConfig.cmake (found version "1.74.0") found components: filesystem 
[0.858s] -- library: /usr/lib/x86_64-linux-gnu/libcurl.so
[1.074s] -- Ensuring Eigen3 include directory is part of orocos-kdl CMake target
[1.974s] -- Found moveit_ros_planning_interface: 2.9.0 (/home/moveit/install/moveit_ros_planning_interface/share/moveit_ros_planning_interface/cmake)
[1.978s] -- Found Boost: /usr/lib/x86_64-linux-gnu/cmake/Boost-1.74.0/BoostConfig.cmake (found version "1.74.0") found components: date_time filesystem program_options system thread 
[2.127s] -- Found Boost: /usr/lib/x86_64-linux-gnu/cmake/Boost-1.74.0/BoostConfig.cmake (found version "1.74.0") found components: thread system filesystem regex date_time program_options 
[2.308s] -- Found Boost: /usr/lib/x86_64-linux-gnu/cmake/Boost-1.74.0/BoostConfig.cmake (found version "1.74.0") found components: system filesystem date_time program_options thread 
[2.556s] -- Found Python3: /usr/bin/python3 (found version "3.10.12") found components: Interpreter Development Development.Module Development.Embed 
[2.556s] -- Found pybind11_vendor: 2.4.2 (/opt/ros/humble/share/pybind11_vendor/cmake)
[2.558s] -- Found pybind11: /usr/include (found version "2.9.1")
[2.613s] -- Found ament_cmake_pytest: 1.3.9 (/opt/ros/humble/share/ament_cmake_pytest/cmake)
[3.077s] -- Configuring done
[3.121s] -- Generating done
[3.124s] -- Build files have been written to: /home/moveit/build/moveit_py
[3.134s] Invoked command in '/home/moveit/build/moveit_py' returned '0': CMAKE_PREFIX_PATH=/home/moveit/install/moveit_ros_planning_interface:/home/moveit/install/moveit_ros_move_group:/home/moveit/install/moveit_ros_warehouse:/home/moveit/install/moveit_kinematics:/home/moveit/install/moveit_ros_planning:/home/moveit/install/moveit_ros_occupancy_map_monitor:/home/moveit/install/moveit_core:/home/moveit/install/moveit_msgs:/home/moveit/install/moveit_common:/home/moveit/install/pilz_industrial_motion_planner_testutils:/home/moveit/install/moveit_runtime:/home/moveit/install/moveit:/home/moveit/install/moveit_planners:/home/moveit/install/pilz_industrial_motion_planner:/home/moveit/install/moveit_ros_control_interface:/home/moveit/install/moveit_plugins:/home/moveit/install/moveit_simple_controller_manager:/home/moveit/install/moveit_setup_assistant:/home/moveit/install/moveit_setup_srdf_plugins:/home/moveit/install/moveit_setup_core_plugins:/home/moveit/install/moveit_setup_controllers:/home/moveit/install/moveit_setup_app_plugins:/home/moveit/install/moveit_setup_framework:/home/moveit/install/moveit_servo:/home/moveit/install/moveit_ros:/home/moveit/install/moveit_ros_visualization:/home/moveit/install/moveit_py:/home/moveit/install/moveit_hybrid_planning:/home/moveit/install/moveit_ros_benchmarks:/home/moveit/install/moveit_ros_robot_interaction:/home/moveit/install/moveit_ros_perception:/home/moveit/install/moveit_resources_prbt_pg70_support:/home/moveit/install/moveit_resources_prbt_moveit_config:/home/moveit/install/moveit_planners_ompl:/home/moveit/install/moveit_resources_prbt_support:/home/moveit/install/moveit_resources_prbt_ikfast_manipulator_plugin:/home/moveit/install/moveit_resources:/home/moveit/install/moveit_resources_pr2_description:/home/moveit/install/moveit_resources_panda_moveit_config:/home/moveit/install/dual_arm_panda_moveit_config:/home/moveit/install/moveit_resources_panda_description:/home/moveit/install/moveit_resources_fanuc_moveit_config:/home/moveit/install/moveit_resources_fanuc_description:/home/moveit/install/moveit_planners_stomp:/home/moveit/install/moveit_planners_chomp:/home/moveit/install/chomp_motion_planner:/home/moveit/install/moveit_configs_utils:/opt/ros/humble LD_LIBRARY_PATH=/home/moveit/install/moveit_ros_planning_interface/lib:/home/moveit/install/moveit_ros_move_group/lib:/home/moveit/install/moveit_ros_warehouse/lib:/home/moveit/install/moveit_kinematics/lib:/home/moveit/install/moveit_ros_planning/lib:/home/moveit/install/moveit_ros_occupancy_map_monitor/lib:/home/moveit/install/moveit_core/lib:/home/moveit/install/moveit_msgs/lib:/home/moveit/install/pilz_industrial_motion_planner_testutils/lib:/home/moveit/install/pilz_industrial_motion_planner/lib:/home/moveit/install/moveit_ros_control_interface/lib:/home/moveit/install/moveit_simple_controller_manager/lib:/home/moveit/install/moveit_setup_assistant/lib:/home/moveit/install/moveit_setup_srdf_plugins/lib:/home/moveit/install/moveit_setup_core_plugins/lib:/home/moveit/install/moveit_setup_controllers/lib:/home/moveit/install/moveit_setup_app_plugins/lib:/home/moveit/install/moveit_setup_framework/lib:/home/moveit/install/moveit_servo/lib:/home/moveit/install/moveit_ros_visualization/lib:/home/moveit/install/moveit_py/lib:/home/moveit/install/moveit_hybrid_planning/lib:/home/moveit/install/moveit_ros_benchmarks/lib:/home/moveit/install/moveit_ros_robot_interaction/lib:/home/moveit/install/moveit_ros_perception/lib:/home/moveit/install/moveit_planners_ompl/lib:/home/moveit/install/moveit_resources_prbt_ikfast_manipulator_plugin/lib:/home/moveit/install/moveit_planners_stomp/lib:/home/moveit/install/moveit_planners_chomp/lib:/home/moveit/install/chomp_motion_planner/lib:/opt/ros/humble/opt/rviz_ogre_vendor/lib:/opt/ros/humble/lib/x86_64-linux-gnu:/opt/ros/humble/lib /usr/bin/cmake /home/moveit/src/moveit2/moveit_py -DCMAKE_INSTALL_PREFIX=/home/moveit/install/moveit_py
[3.136s] Invoking command in '/home/moveit/build/moveit_py': CMAKE_PREFIX_PATH=/home/moveit/install/moveit_ros_planning_interface:/home/moveit/install/moveit_ros_move_group:/home/moveit/install/moveit_ros_warehouse:/home/moveit/install/moveit_kinematics:/home/moveit/install/moveit_ros_planning:/home/moveit/install/moveit_ros_occupancy_map_monitor:/home/moveit/install/moveit_core:/home/moveit/install/moveit_msgs:/home/moveit/install/moveit_common:/home/moveit/install/pilz_industrial_motion_planner_testutils:/home/moveit/install/moveit_runtime:/home/moveit/install/moveit:/home/moveit/install/moveit_planners:/home/moveit/install/pilz_industrial_motion_planner:/home/moveit/install/moveit_ros_control_interface:/home/moveit/install/moveit_plugins:/home/moveit/install/moveit_simple_controller_manager:/home/moveit/install/moveit_setup_assistant:/home/moveit/install/moveit_setup_srdf_plugins:/home/moveit/install/moveit_setup_core_plugins:/home/moveit/install/moveit_setup_controllers:/home/moveit/install/moveit_setup_app_plugins:/home/moveit/install/moveit_setup_framework:/home/moveit/install/moveit_servo:/home/moveit/install/moveit_ros:/home/moveit/install/moveit_ros_visualization:/home/moveit/install/moveit_py:/home/moveit/install/moveit_hybrid_planning:/home/moveit/install/moveit_ros_benchmarks:/home/moveit/install/moveit_ros_robot_interaction:/home/moveit/install/moveit_ros_perception:/home/moveit/install/moveit_resources_prbt_pg70_support:/home/moveit/install/moveit_resources_prbt_moveit_config:/home/moveit/install/moveit_planners_ompl:/home/moveit/install/moveit_resources_prbt_support:/home/moveit/install/moveit_resources_prbt_ikfast_manipulator_plugin:/home/moveit/install/moveit_resources:/home/moveit/install/moveit_resources_pr2_description:/home/moveit/install/moveit_resources_panda_moveit_config:/home/moveit/install/dual_arm_panda_moveit_config:/home/moveit/install/moveit_resources_panda_description:/home/moveit/install/moveit_resources_fanuc_moveit_config:/home/moveit/install/moveit_resources_fanuc_description:/home/moveit/install/moveit_planners_stomp:/home/moveit/install/moveit_planners_chomp:/home/moveit/install/chomp_motion_planner:/home/moveit/install/moveit_configs_utils:/opt/ros/humble LD_LIBRARY_PATH=/home/moveit/install/moveit_ros_planning_interface/lib:/home/moveit/install/moveit_ros_move_group/lib:/home/moveit/install/moveit_ros_warehouse/lib:/home/moveit/install/moveit_kinematics/lib:/home/moveit/install/moveit_ros_planning/lib:/home/moveit/install/moveit_ros_occupancy_map_monitor/lib:/home/moveit/install/moveit_core/lib:/home/moveit/install/moveit_msgs/lib:/home/moveit/install/pilz_industrial_motion_planner_testutils/lib:/home/moveit/install/pilz_industrial_motion_planner/lib:/home/moveit/install/moveit_ros_control_interface/lib:/home/moveit/install/moveit_simple_controller_manager/lib:/home/moveit/install/moveit_setup_assistant/lib:/home/moveit/install/moveit_setup_srdf_plugins/lib:/home/moveit/install/moveit_setup_core_plugins/lib:/home/moveit/install/moveit_setup_controllers/lib:/home/moveit/install/moveit_setup_app_plugins/lib:/home/moveit/install/moveit_setup_framework/lib:/home/moveit/install/moveit_servo/lib:/home/moveit/install/moveit_ros_visualization/lib:/home/moveit/install/moveit_py/lib:/home/moveit/install/moveit_hybrid_planning/lib:/home/moveit/install/moveit_ros_benchmarks/lib:/home/moveit/install/moveit_ros_robot_interaction/lib:/home/moveit/install/moveit_ros_perception/lib:/home/moveit/install/moveit_planners_ompl/lib:/home/moveit/install/moveit_resources_prbt_ikfast_manipulator_plugin/lib:/home/moveit/install/moveit_planners_stomp/lib:/home/moveit/install/moveit_planners_chomp/lib:/home/moveit/install/chomp_motion_planner/lib:/opt/ros/humble/opt/rviz_ogre_vendor/lib:/opt/ros/humble/lib/x86_64-linux-gnu:/opt/ros/humble/lib /usr/bin/cmake --build /home/moveit/build/moveit_py -- -j16 -l16
[3.193s] [35m[1mConsolidate compiler generated dependencies of target moveit_py_utils[0m
[3.220s] [  0%] Built target ament_cmake_python_copy_moveit
[3.220s] [ 12%] Built target moveit_py_utils
[3.241s] [35m[1mConsolidate compiler generated dependencies of target planning[0m
[3.245s] [35m[1mConsolidate compiler generated dependencies of target core[0m
[3.309s] [ 37%] Built target planning
[3.323s] [100%] Built target core
[3.401s] running egg_info
[3.401s] writing moveit.egg-info/PKG-INFO
[3.401s] writing dependency_links to moveit.egg-info/dependency_links.txt
[3.401s] writing top-level names to moveit.egg-info/top_level.txt
[3.402s] reading manifest file 'moveit.egg-info/SOURCES.txt'
[3.403s] writing manifest file 'moveit.egg-info/SOURCES.txt'
[3.427s] [100%] Built target ament_cmake_python_build_moveit_egg
[3.441s] Invoked command in '/home/moveit/build/moveit_py' returned '0': CMAKE_PREFIX_PATH=/home/moveit/install/moveit_ros_planning_interface:/home/moveit/install/moveit_ros_move_group:/home/moveit/install/moveit_ros_warehouse:/home/moveit/install/moveit_kinematics:/home/moveit/install/moveit_ros_planning:/home/moveit/install/moveit_ros_occupancy_map_monitor:/home/moveit/install/moveit_core:/home/moveit/install/moveit_msgs:/home/moveit/install/moveit_common:/home/moveit/install/pilz_industrial_motion_planner_testutils:/home/moveit/install/moveit_runtime:/home/moveit/install/moveit:/home/moveit/install/moveit_planners:/home/moveit/install/pilz_industrial_motion_planner:/home/moveit/install/moveit_ros_control_interface:/home/moveit/install/moveit_plugins:/home/moveit/install/moveit_simple_controller_manager:/home/moveit/install/moveit_setup_assistant:/home/moveit/install/moveit_setup_srdf_plugins:/home/moveit/install/moveit_setup_core_plugins:/home/moveit/install/moveit_setup_controllers:/home/moveit/install/moveit_setup_app_plugins:/home/moveit/install/moveit_setup_framework:/home/moveit/install/moveit_servo:/home/moveit/install/moveit_ros:/home/moveit/install/moveit_ros_visualization:/home/moveit/install/moveit_py:/home/moveit/install/moveit_hybrid_planning:/home/moveit/install/moveit_ros_benchmarks:/home/moveit/install/moveit_ros_robot_interaction:/home/moveit/install/moveit_ros_perception:/home/moveit/install/moveit_resources_prbt_pg70_support:/home/moveit/install/moveit_resources_prbt_moveit_config:/home/moveit/install/moveit_planners_ompl:/home/moveit/install/moveit_resources_prbt_support:/home/moveit/install/moveit_resources_prbt_ikfast_manipulator_plugin:/home/moveit/install/moveit_resources:/home/moveit/install/moveit_resources_pr2_description:/home/moveit/install/moveit_resources_panda_moveit_config:/home/moveit/install/dual_arm_panda_moveit_config:/home/moveit/install/moveit_resources_panda_description:/home/moveit/install/moveit_resources_fanuc_moveit_config:/home/moveit/install/moveit_resources_fanuc_description:/home/moveit/install/moveit_planners_stomp:/home/moveit/install/moveit_planners_chomp:/home/moveit/install/chomp_motion_planner:/home/moveit/install/moveit_configs_utils:/opt/ros/humble LD_LIBRARY_PATH=/home/moveit/install/moveit_ros_planning_interface/lib:/home/moveit/install/moveit_ros_move_group/lib:/home/moveit/install/moveit_ros_warehouse/lib:/home/moveit/install/moveit_kinematics/lib:/home/moveit/install/moveit_ros_planning/lib:/home/moveit/install/moveit_ros_occupancy_map_monitor/lib:/home/moveit/install/moveit_core/lib:/home/moveit/install/moveit_msgs/lib:/home/moveit/install/pilz_industrial_motion_planner_testutils/lib:/home/moveit/install/pilz_industrial_motion_planner/lib:/home/moveit/install/moveit_ros_control_interface/lib:/home/moveit/install/moveit_simple_controller_manager/lib:/home/moveit/install/moveit_setup_assistant/lib:/home/moveit/install/moveit_setup_srdf_plugins/lib:/home/moveit/install/moveit_setup_core_plugins/lib:/home/moveit/install/moveit_setup_controllers/lib:/home/moveit/install/moveit_setup_app_plugins/lib:/home/moveit/install/moveit_setup_framework/lib:/home/moveit/install/moveit_servo/lib:/home/moveit/install/moveit_ros_visualization/lib:/home/moveit/install/moveit_py/lib:/home/moveit/install/moveit_hybrid_planning/lib:/home/moveit/install/moveit_ros_benchmarks/lib:/home/moveit/install/moveit_ros_robot_interaction/lib:/home/moveit/install/moveit_ros_perception/lib:/home/moveit/install/moveit_planners_ompl/lib:/home/moveit/install/moveit_resources_prbt_ikfast_manipulator_plugin/lib:/home/moveit/install/moveit_planners_stomp/lib:/home/moveit/install/moveit_planners_chomp/lib:/home/moveit/install/chomp_motion_planner/lib:/opt/ros/humble/opt/rviz_ogre_vendor/lib:/opt/ros/humble/lib/x86_64-linux-gnu:/opt/ros/humble/lib /usr/bin/cmake --build /home/moveit/build/moveit_py -- -j16 -l16
[3.598s] Invoking command in '/home/moveit/build/moveit_py': CMAKE_PREFIX_PATH=/home/moveit/install/moveit_ros_planning_interface:/home/moveit/install/moveit_ros_move_group:/home/moveit/install/moveit_ros_warehouse:/home/moveit/install/moveit_kinematics:/home/moveit/install/moveit_ros_planning:/home/moveit/install/moveit_ros_occupancy_map_monitor:/home/moveit/install/moveit_core:/home/moveit/install/moveit_msgs:/home/moveit/install/moveit_common:/home/moveit/install/pilz_industrial_motion_planner_testutils:/home/moveit/install/moveit_runtime:/home/moveit/install/moveit:/home/moveit/install/moveit_planners:/home/moveit/install/pilz_industrial_motion_planner:/home/moveit/install/moveit_ros_control_interface:/home/moveit/install/moveit_plugins:/home/moveit/install/moveit_simple_controller_manager:/home/moveit/install/moveit_setup_assistant:/home/moveit/install/moveit_setup_srdf_plugins:/home/moveit/install/moveit_setup_core_plugins:/home/moveit/install/moveit_setup_controllers:/home/moveit/install/moveit_setup_app_plugins:/home/moveit/install/moveit_setup_framework:/home/moveit/install/moveit_servo:/home/moveit/install/moveit_ros:/home/moveit/install/moveit_ros_visualization:/home/moveit/install/moveit_py:/home/moveit/install/moveit_hybrid_planning:/home/moveit/install/moveit_ros_benchmarks:/home/moveit/install/moveit_ros_robot_interaction:/home/moveit/install/moveit_ros_perception:/home/moveit/install/moveit_resources_prbt_pg70_support:/home/moveit/install/moveit_resources_prbt_moveit_config:/home/moveit/install/moveit_planners_ompl:/home/moveit/install/moveit_resources_prbt_support:/home/moveit/install/moveit_resources_prbt_ikfast_manipulator_plugin:/home/moveit/install/moveit_resources:/home/moveit/install/moveit_resources_pr2_description:/home/moveit/install/moveit_resources_panda_moveit_config:/home/moveit/install/dual_arm_panda_moveit_config:/home/moveit/install/moveit_resources_panda_description:/home/moveit/install/moveit_resources_fanuc_moveit_config:/home/moveit/install/moveit_resources_fanuc_description:/home/moveit/install/moveit_planners_stomp:/home/moveit/install/moveit_planners_chomp:/home/moveit/install/chomp_motion_planner:/home/moveit/install/moveit_configs_utils:/opt/ros/humble LD_LIBRARY_PATH=/home/moveit/install/moveit_ros_planning_interface/lib:/home/moveit/install/moveit_ros_move_group/lib:/home/moveit/install/moveit_ros_warehouse/lib:/home/moveit/install/moveit_kinematics/lib:/home/moveit/install/moveit_ros_planning/lib:/home/moveit/install/moveit_ros_occupancy_map_monitor/lib:/home/moveit/install/moveit_core/lib:/home/moveit/install/moveit_msgs/lib:/home/moveit/install/pilz_industrial_motion_planner_testutils/lib:/home/moveit/install/pilz_industrial_motion_planner/lib:/home/moveit/install/moveit_ros_control_interface/lib:/home/moveit/install/moveit_simple_controller_manager/lib:/home/moveit/install/moveit_setup_assistant/lib:/home/moveit/install/moveit_setup_srdf_plugins/lib:/home/moveit/install/moveit_setup_core_plugins/lib:/home/moveit/install/moveit_setup_controllers/lib:/home/moveit/install/moveit_setup_app_plugins/lib:/home/moveit/install/moveit_setup_framework/lib:/home/moveit/install/moveit_servo/lib:/home/moveit/install/moveit_ros_visualization/lib:/home/moveit/install/moveit_py/lib:/home/moveit/install/moveit_hybrid_planning/lib:/home/moveit/install/moveit_ros_benchmarks/lib:/home/moveit/install/moveit_ros_robot_interaction/lib:/home/moveit/install/moveit_ros_perception/lib:/home/moveit/install/moveit_planners_ompl/lib:/home/moveit/install/moveit_resources_prbt_ikfast_manipulator_plugin/lib:/home/moveit/install/moveit_planners_stomp/lib:/home/moveit/install/moveit_planners_chomp/lib:/home/moveit/install/chomp_motion_planner/lib:/opt/ros/humble/opt/rviz_ogre_vendor/lib:/opt/ros/humble/lib/x86_64-linux-gnu:/opt/ros/humble/lib /usr/bin/cmake --install /home/moveit/build/moveit_py
[3.608s] -- Install configuration: "Release"
[3.608s] -- Up-to-date: /home/moveit/install/moveit_py/share/moveit_py/environment/pythonpath.sh
[3.608s] -- Installing: /home/moveit/install/moveit_py/share/moveit_py/environment/pythonpath.dsv
[3.608s] -- Up-to-date: /home/moveit/install/moveit_py/local/lib/python3.10/dist-packages/moveit-2.9.0-py3.10.egg-info
[3.608s] -- Installing: /home/moveit/install/moveit_py/local/lib/python3.10/dist-packages/moveit-2.9.0-py3.10.egg-info/SOURCES.txt
[3.608s] -- Installing: /home/moveit/install/moveit_py/local/lib/python3.10/dist-packages/moveit-2.9.0-py3.10.egg-info/dependency_links.txt
[3.608s] -- Installing: /home/moveit/install/moveit_py/local/lib/python3.10/dist-packages/moveit-2.9.0-py3.10.egg-info/top_level.txt
[3.608s] -- Installing: /home/moveit/install/moveit_py/local/lib/python3.10/dist-packages/moveit-2.9.0-py3.10.egg-info/PKG-INFO
[3.608s] -- Up-to-date: /home/moveit/install/moveit_py/local/lib/python3.10/dist-packages/moveit
[3.608s] -- Up-to-date: /home/moveit/install/moveit_py/local/lib/python3.10/dist-packages/moveit/utils.pyi
[3.608s] -- Up-to-date: /home/moveit/install/moveit_py/local/lib/python3.10/dist-packages/moveit/utils.py
[3.609s] -- Up-to-date: /home/moveit/install/moveit_py/local/lib/python3.10/dist-packages/moveit/core
[3.609s] -- Up-to-date: /home/moveit/install/moveit_py/local/lib/python3.10/dist-packages/moveit/core/robot_model.pyi
[3.609s] -- Up-to-date: /home/moveit/install/moveit_py/local/lib/python3.10/dist-packages/moveit/core/kinematic_constraints.pyi
[3.609s] -- Up-to-date: /home/moveit/install/moveit_py/local/lib/python3.10/dist-packages/moveit/core/planning_scene.pyi
[3.609s] -- Up-to-date: /home/moveit/install/moveit_py/local/lib/python3.10/dist-packages/moveit/core/robot_trajectory.pyi
[3.609s] -- Up-to-date: /home/moveit/install/moveit_py/local/lib/python3.10/dist-packages/moveit/core/robot_state.pyi
[3.609s] -- Up-to-date: /home/moveit/install/moveit_py/local/lib/python3.10/dist-packages/moveit/core/__init__.pyi
[3.609s] -- Up-to-date: /home/moveit/install/moveit_py/local/lib/python3.10/dist-packages/moveit/core/planning_interface.pyi
[3.609s] -- Up-to-date: /home/moveit/install/moveit_py/local/lib/python3.10/dist-packages/moveit/core/collision_detection.pyi
[3.609s] -- Up-to-date: /home/moveit/install/moveit_py/local/lib/python3.10/dist-packages/moveit/core/controller_manager.pyi
[3.609s] -- Up-to-date: /home/moveit/install/moveit_py/local/lib/python3.10/dist-packages/moveit/README.md
[3.609s] -- Up-to-date: /home/moveit/install/moveit_py/local/lib/python3.10/dist-packages/moveit/py.typed
[3.609s] -- Up-to-date: /home/moveit/install/moveit_py/local/lib/python3.10/dist-packages/moveit/__init__.py
[3.609s] -- Up-to-date: /home/moveit/install/moveit_py/local/lib/python3.10/dist-packages/moveit/planning.pyi
[3.609s] -- Up-to-date: /home/moveit/install/moveit_py/local/lib/python3.10/dist-packages/moveit/servo_client
[3.609s] -- Up-to-date: /home/moveit/install/moveit_py/local/lib/python3.10/dist-packages/moveit/servo_client/README.md
[3.609s] -- Up-to-date: /home/moveit/install/moveit_py/local/lib/python3.10/dist-packages/moveit/servo_client/teleop.py
[3.610s] -- Up-to-date: /home/moveit/install/moveit_py/local/lib/python3.10/dist-packages/moveit/servo_client/__init__.pyi
[3.610s] -- Up-to-date: /home/moveit/install/moveit_py/local/lib/python3.10/dist-packages/moveit/servo_client/teleop.pyi
[3.610s] -- Up-to-date: /home/moveit/install/moveit_py/local/lib/python3.10/dist-packages/moveit/servo_client/__init__.py
[3.610s] -- Up-to-date: /home/moveit/install/moveit_py/local/lib/python3.10/dist-packages/moveit/servo_client/devices
[3.610s] -- Up-to-date: /home/moveit/install/moveit_py/local/lib/python3.10/dist-packages/moveit/servo_client/devices/__init__.pyi
[3.610s] -- Up-to-date: /home/moveit/install/moveit_py/local/lib/python3.10/dist-packages/moveit/servo_client/devices/ps4_dualshock.py
[3.610s] -- Up-to-date: /home/moveit/install/moveit_py/local/lib/python3.10/dist-packages/moveit/servo_client/devices/__init__.py
[3.610s] -- Up-to-date: /home/moveit/install/moveit_py/local/lib/python3.10/dist-packages/moveit/servo_client/devices/ps4_dualshock.pyi
[3.610s] -- Up-to-date: /home/moveit/install/moveit_py/local/lib/python3.10/dist-packages/moveit/policies
[3.610s] -- Up-to-date: /home/moveit/install/moveit_py/local/lib/python3.10/dist-packages/moveit/policies/__init__.pyi
[3.610s] -- Up-to-date: /home/moveit/install/moveit_py/local/lib/python3.10/dist-packages/moveit/policies/policy.pyi
[3.610s] -- Up-to-date: /home/moveit/install/moveit_py/local/lib/python3.10/dist-packages/moveit/policies/policy.py
[3.610s] -- Up-to-date: /home/moveit/install/moveit_py/local/lib/python3.10/dist-packages/moveit/policies/__init__.py
[3.634s] Listing '/home/moveit/install/moveit_py/local/lib/python3.10/dist-packages/moveit'...
[3.634s] Listing '/home/moveit/install/moveit_py/local/lib/python3.10/dist-packages/moveit/core'...
[3.634s] Listing '/home/moveit/install/moveit_py/local/lib/python3.10/dist-packages/moveit/policies'...
[3.634s] Listing '/home/moveit/install/moveit_py/local/lib/python3.10/dist-packages/moveit/servo_client'...
[3.634s] Listing '/home/moveit/install/moveit_py/local/lib/python3.10/dist-packages/moveit/servo_client/devices'...
[3.637s] -- Up-to-date: /home/moveit/install/moveit_py/local/lib/python3.10/dist-packages/moveit/core.cpython-310-x86_64-linux-gnu.so
[3.638s] -- Up-to-date: /home/moveit/install/moveit_py/local/lib/python3.10/dist-packages/moveit/planning.cpython-310-x86_64-linux-gnu.so
[3.638s] -- Up-to-date: /home/moveit/install/moveit_py/share/moveit_py/environment/library_path.sh
[3.638s] -- Installing: /home/moveit/install/moveit_py/share/moveit_py/environment/library_path.dsv
[3.638s] -- Up-to-date: /home/moveit/install/moveit_py/share/ament_index/resource_index/package_run_dependencies/moveit_py
[3.638s] -- Installing: /home/moveit/install/moveit_py/share/ament_index/resource_index/parent_prefix_path/moveit_py
[3.638s] -- Up-to-date: /home/moveit/install/moveit_py/share/moveit_py/environment/ament_prefix_path.sh
[3.638s] -- Installing: /home/moveit/install/moveit_py/share/moveit_py/environment/ament_prefix_path.dsv
[3.639s] -- Up-to-date: /home/moveit/install/moveit_py/share/moveit_py/environment/path.sh
[3.639s] -- Installing: /home/moveit/install/moveit_py/share/moveit_py/environment/path.dsv
[3.639s] -- Up-to-date: /home/moveit/install/moveit_py/share/moveit_py/local_setup.bash
[3.639s] -- Up-to-date: /home/moveit/install/moveit_py/share/moveit_py/local_setup.sh
[3.639s] -- Up-to-date: /home/moveit/install/moveit_py/share/moveit_py/local_setup.zsh
[3.639s] -- Installing: /home/moveit/install/moveit_py/share/moveit_py/local_setup.dsv
[3.639s] -- Installing: /home/moveit/install/moveit_py/share/moveit_py/package.dsv
[3.639s] -- Up-to-date: /home/moveit/install/moveit_py/share/ament_index/resource_index/packages/moveit_py
[3.639s] -- Up-to-date: /home/moveit/install/moveit_py/share/moveit_py/cmake/moveit_py_utilsTargetsExport.cmake
[3.639s] -- Up-to-date: /home/moveit/install/moveit_py/share/moveit_py/cmake/moveit_py_utilsTargetsExport-release.cmake
[3.639s] -- Up-to-date: /home/moveit/install/moveit_py/share/moveit_py/cmake/ament_cmake_export_targets-extras.cmake
[3.639s] -- Up-to-date: /home/moveit/install/moveit_py/share/moveit_py/cmake/ament_cmake_export_dependencies-extras.cmake
[3.639s] -- Up-to-date: /home/moveit/install/moveit_py/share/moveit_py/cmake/moveit_pyConfig.cmake
[3.639s] -- Up-to-date: /home/moveit/install/moveit_py/share/moveit_py/cmake/moveit_pyConfig-version.cmake
[3.640s] -- Up-to-date: /home/moveit/install/moveit_py/share/moveit_py/package.xml
[3.640s] -- Up-to-date: /home/moveit/install/moveit_py/lib/libmoveit_py_utils.so.
[3.640s] -- Up-to-date: /home/moveit/install/moveit_py/lib/libmoveit_py_utils.so
[3.640s] -- Up-to-date: /home/moveit/install/moveit_py/include/moveit_py
[3.640s] -- Up-to-date: /home/moveit/install/moveit_py/include/moveit_py/moveit_py
[3.640s] -- Up-to-date: /home/moveit/install/moveit_py/include/moveit_py/moveit_py/moveit_py_utils
[3.640s] -- Up-to-date: /home/moveit/install/moveit_py/include/moveit_py/moveit_py/moveit_py_utils/copy_ros_msg.h
[3.640s] -- Up-to-date: /home/moveit/install/moveit_py/include/moveit_py/moveit_py/moveit_py_utils/ros_msg_typecasters.h
[3.642s] Invoked command in '/home/moveit/build/moveit_py' returned '0': CMAKE_PREFIX_PATH=/home/moveit/install/moveit_ros_planning_interface:/home/moveit/install/moveit_ros_move_group:/home/moveit/install/moveit_ros_warehouse:/home/moveit/install/moveit_kinematics:/home/moveit/install/moveit_ros_planning:/home/moveit/install/moveit_ros_occupancy_map_monitor:/home/moveit/install/moveit_core:/home/moveit/install/moveit_msgs:/home/moveit/install/moveit_common:/home/moveit/install/pilz_industrial_motion_planner_testutils:/home/moveit/install/moveit_runtime:/home/moveit/install/moveit:/home/moveit/install/moveit_planners:/home/moveit/install/pilz_industrial_motion_planner:/home/moveit/install/moveit_ros_control_interface:/home/moveit/install/moveit_plugins:/home/moveit/install/moveit_simple_controller_manager:/home/moveit/install/moveit_setup_assistant:/home/moveit/install/moveit_setup_srdf_plugins:/home/moveit/install/moveit_setup_core_plugins:/home/moveit/install/moveit_setup_controllers:/home/moveit/install/moveit_setup_app_plugins:/home/moveit/install/moveit_setup_framework:/home/moveit/install/moveit_servo:/home/moveit/install/moveit_ros:/home/moveit/install/moveit_ros_visualization:/home/moveit/install/moveit_py:/home/moveit/install/moveit_hybrid_planning:/home/moveit/install/moveit_ros_benchmarks:/home/moveit/install/moveit_ros_robot_interaction:/home/moveit/install/moveit_ros_perception:/home/moveit/install/moveit_resources_prbt_pg70_support:/home/moveit/install/moveit_resources_prbt_moveit_config:/home/moveit/install/moveit_planners_ompl:/home/moveit/install/moveit_resources_prbt_support:/home/moveit/install/moveit_resources_prbt_ikfast_manipulator_plugin:/home/moveit/install/moveit_resources:/home/moveit/install/moveit_resources_pr2_description:/home/moveit/install/moveit_resources_panda_moveit_config:/home/moveit/install/dual_arm_panda_moveit_config:/home/moveit/install/moveit_resources_panda_description:/home/moveit/install/moveit_resources_fanuc_moveit_config:/home/moveit/install/moveit_resources_fanuc_description:/home/moveit/install/moveit_planners_stomp:/home/moveit/install/moveit_planners_chomp:/home/moveit/install/chomp_motion_planner:/home/moveit/install/moveit_configs_utils:/opt/ros/humble LD_LIBRARY_PATH=/home/moveit/install/moveit_ros_planning_interface/lib:/home/moveit/install/moveit_ros_move_group/lib:/home/moveit/install/moveit_ros_warehouse/lib:/home/moveit/install/moveit_kinematics/lib:/home/moveit/install/moveit_ros_planning/lib:/home/moveit/install/moveit_ros_occupancy_map_monitor/lib:/home/moveit/install/moveit_core/lib:/home/moveit/install/moveit_msgs/lib:/home/moveit/install/pilz_industrial_motion_planner_testutils/lib:/home/moveit/install/pilz_industrial_motion_planner/lib:/home/moveit/install/moveit_ros_control_interface/lib:/home/moveit/install/moveit_simple_controller_manager/lib:/home/moveit/install/moveit_setup_assistant/lib:/home/moveit/install/moveit_setup_srdf_plugins/lib:/home/moveit/install/moveit_setup_core_plugins/lib:/home/moveit/install/moveit_setup_controllers/lib:/home/moveit/install/moveit_setup_app_plugins/lib:/home/moveit/install/moveit_setup_framework/lib:/home/moveit/install/moveit_servo/lib:/home/moveit/install/moveit_ros_visualization/lib:/home/moveit/install/moveit_py/lib:/home/moveit/install/moveit_hybrid_planning/lib:/home/moveit/install/moveit_ros_benchmarks/lib:/home/moveit/install/moveit_ros_robot_interaction/lib:/home/moveit/install/moveit_ros_perception/lib:/home/moveit/install/moveit_planners_ompl/lib:/home/moveit/install/moveit_resources_prbt_ikfast_manipulator_plugin/lib:/home/moveit/install/moveit_planners_stomp/lib:/home/moveit/install/moveit_planners_chomp/lib:/home/moveit/install/chomp_motion_planner/lib:/opt/ros/humble/opt/rviz_ogre_vendor/lib:/opt/ros/humble/lib/x86_64-linux-gnu:/opt/ros/humble/lib /usr/bin/cmake --install /home/moveit/build/moveit_py
