[0.640s] Invoking command in '/home/moveit/src/moveit2/moveit_configs_utils': PYTHONPATH=/home/moveit/build/moveit_configs_utils/prefix_override:/home/moveit/install/moveit_configs_utils/lib/python3.10/site-packages:${PYTHONPATH} /usr/bin/python3 -W ignore:setup.py install is deprecated setup.py egg_info --egg-base ../../../build/moveit_configs_utils build --build-base /home/moveit/build/moveit_configs_utils/build install --record /home/moveit/build/moveit_configs_utils/install.log --single-version-externally-managed install_data
[0.881s] running egg_info
[0.882s] writing ../../../build/moveit_configs_utils/moveit_configs_utils.egg-info/PKG-INFO
[0.882s] writing dependency_links to ../../../build/moveit_configs_utils/moveit_configs_utils.egg-info/dependency_links.txt
[0.882s] writing entry points to ../../../build/moveit_configs_utils/moveit_configs_utils.egg-info/entry_points.txt
[0.883s] writing requirements to ../../../build/moveit_configs_utils/moveit_configs_utils.egg-info/requires.txt
[0.883s] writing top-level names to ../../../build/moveit_configs_utils/moveit_configs_utils.egg-info/top_level.txt
[0.885s] reading manifest file '../../../build/moveit_configs_utils/moveit_configs_utils.egg-info/SOURCES.txt'
[0.890s] writing manifest file '../../../build/moveit_configs_utils/moveit_configs_utils.egg-info/SOURCES.txt'
[0.890s] running build
[0.890s] running build_py
[0.890s] running install
[0.891s] running install_lib
[0.892s] running install_data
[0.892s] running install_egg_info
[0.894s] removing '/home/moveit/install/moveit_configs_utils/lib/python3.10/site-packages/moveit_configs_utils-2.9.0-py3.10.egg-info' (and everything under it)
[0.895s] Copying ../../../build/moveit_configs_utils/moveit_configs_utils.egg-info to /home/moveit/install/moveit_configs_utils/lib/python3.10/site-packages/moveit_configs_utils-2.9.0-py3.10.egg-info
[0.896s] running install_scripts
[0.920s] writing list of installed files to '/home/moveit/build/moveit_configs_utils/install.log'
[0.949s] Invoked command in '/home/moveit/src/moveit2/moveit_configs_utils' returned '0': PYTHONPATH=/home/moveit/build/moveit_configs_utils/prefix_override:/home/moveit/install/moveit_configs_utils/lib/python3.10/site-packages:${PYTHONPATH} /usr/bin/python3 -W ignore:setup.py install is deprecated setup.py egg_info --egg-base ../../../build/moveit_configs_utils build --build-base /home/moveit/build/moveit_configs_utils/build install --record /home/moveit/build/moveit_configs_utils/install.log --single-version-externally-managed install_data
