[0.028s] Invoking command in '/home/moveit/build/moveit_hybrid_planning': AMENT_PREFIX_PATH=/home/moveit/install/moveit_ros_planning_interface:/home/moveit/install/moveit_ros_move_group:/home/moveit/install/moveit_ros_warehouse:/home/moveit/install/moveit_planners_ompl:/home/moveit/install/moveit_kinematics:/home/moveit/install/moveit_ros_planning:/home/moveit/install/moveit_ros_occupancy_map_monitor:/home/moveit/install/moveit_core:/home/moveit/install/moveit_resources_panda_moveit_config:/home/moveit/install/moveit_resources_panda_description:/home/moveit/install/moveit_msgs:/home/moveit/install/moveit_common:${AMENT_PREFIX_PATH} CMAKE_PREFIX_PATH=/home/moveit/install/moveit_ros_planning_interface:/home/moveit/install/moveit_ros_move_group:/home/moveit/install/moveit_ros_warehouse:/home/moveit/install/moveit_planners_ompl:/home/moveit/install/moveit_kinematics:/home/moveit/install/moveit_ros_planning:/home/moveit/install/moveit_ros_occupancy_map_monitor:/home/moveit/install/moveit_core:/home/moveit/install/moveit_resources_panda_moveit_config:/home/moveit/install/moveit_resources_panda_description:/home/moveit/install/moveit_msgs:/home/moveit/install/moveit_common:/opt/ros/humble LD_LIBRARY_PATH=/home/moveit/install/moveit_ros_planning_interface/lib:/home/moveit/install/moveit_ros_move_group/lib:/home/moveit/install/moveit_ros_warehouse/lib:/home/moveit/install/moveit_planners_ompl/lib:/home/moveit/install/moveit_kinematics/lib:/home/moveit/install/moveit_ros_planning/lib:/home/moveit/install/moveit_ros_occupancy_map_monitor/lib:/home/moveit/install/moveit_core/lib:/home/moveit/install/moveit_msgs/lib:${LD_LIBRARY_PATH} PATH=/home/moveit/install/moveit_core/bin:${PATH} PYTHONPATH=/home/moveit/install/moveit_msgs/local/lib/python3.10/dist-packages:${PYTHONPATH} /usr/bin/cmake /home/moveit/src/moveit2/moveit_ros/hybrid_planning -DCMAKE_BUILD_TYPE=Release -DCMAKE_INSTALL_PREFIX=/home/moveit/install/moveit_hybrid_planning
[0.086s] -- The CXX compiler identification is GNU 11.4.0
[0.092s] -- Detecting CXX compiler ABI info
[0.165s] -- Detecting CXX compiler ABI info - done
[0.170s] -- Check for working CXX compiler: /usr/bin/c++ - skipped
[0.170s] -- Detecting CXX compile features
[0.170s] -- Detecting CXX compile features - done
[0.172s] -- Found moveit_common: 2.9.0 (/home/moveit/install/moveit_common/share/moveit_common/cmake)
[0.177s] -- Found ament_cmake: 1.3.9 (/opt/ros/humble/share/ament_cmake/cmake)
[0.296s] -- Found Python3: /usr/bin/python3 (found version "3.10.12") found components: Interpreter 
[0.460s] -- Found libdw: /usr/lib/x86_64-linux-gnu/libdw.so  
[0.465s] -- Could NOT find libbfd (missing: LIBBFD_LIBRARY LIBBFD_INCLUDE_DIR) 
[0.465s] -- BACKWARD_HAS_UNWIND=1
[0.465s] -- BACKWARD_HAS_BACKTRACE=0
[0.465s] -- BACKWARD_HAS_BACKTRACE_SYMBOL=0
[0.465s] -- BACKWARD_HAS_DW=1
[0.465s] -- BACKWARD_HAS_BFD=0
[0.465s] -- Found Backward: /opt/ros/humble/share/backward_ros/cmake  
[0.467s] -- Found moveit_core: 2.9.0 (/home/moveit/install/moveit_core/share/moveit_core/cmake)
[0.722s] -- Found Boost: /usr/lib/x86_64-linux-gnu/cmake/Boost-1.74.0/BoostConfig.cmake (found version "1.74.0") found components: chrono date_time filesystem iostreams program_options regex serialization system thread 
[0.785s] -- Found parameter_traits: 0.3.8 (/opt/ros/humble/share/parameter_traits/cmake)
[0.847s] -- Found rosidl_generator_c: 3.1.5 (/opt/ros/humble/share/rosidl_generator_c/cmake)
[0.857s] -- Found rosidl_adapter: 3.1.5 (/opt/ros/humble/share/rosidl_adapter/cmake)
[0.869s] -- Found rosidl_generator_cpp: 3.1.5 (/opt/ros/humble/share/rosidl_generator_cpp/cmake)
[0.892s] -- Using all available rosidl_typesupport_c: rosidl_typesupport_fastrtps_c;rosidl_typesupport_introspection_c
[0.915s] -- Using all available rosidl_typesupport_cpp: rosidl_typesupport_fastrtps_cpp;rosidl_typesupport_introspection_cpp
[0.994s] -- Found rmw_implementation_cmake: 6.1.2 (/opt/ros/humble/share/rmw_implementation_cmake/cmake)
[0.999s] -- Found rmw_cyclonedds_cpp: 1.3.4 (/opt/ros/humble/share/rmw_cyclonedds_cpp/cmake)
[1.035s] -- Using RMW implementation 'rmw_cyclonedds_cpp' as default
[1.051s] -- Found Threads: TRUE  
[1.196s] -- Found Eigen3: TRUE (found version "3.4.0") 
[1.201s] -- Found rclcpp_lifecycle: 16.0.9 (/opt/ros/humble/share/rclcpp_lifecycle/cmake)
[1.245s] -- Found Boost: /usr/lib/x86_64-linux-gnu/cmake/Boost-1.74.0/BoostConfig.cmake (found version "1.74.0") found components: filesystem 
[1.397s] -- library: /usr/lib/x86_64-linux-gnu/libcurl.so
[1.637s] -- Ensuring Eigen3 include directory is part of orocos-kdl CMake target
[2.494s] -- Found moveit_ros_planning: 2.9.0 (/home/moveit/install/moveit_ros_planning/share/moveit_ros_planning/cmake)
[2.498s] -- Found Boost: /usr/lib/x86_64-linux-gnu/cmake/Boost-1.74.0/BoostConfig.cmake (found version "1.74.0") found components: system filesystem date_time program_options thread chrono 
[2.796s] -- Found moveit_ros_planning_interface: 2.9.0 (/home/moveit/install/moveit_ros_planning_interface/share/moveit_ros_planning_interface/cmake)
[2.800s] -- Found Boost: /usr/lib/x86_64-linux-gnu/cmake/Boost-1.74.0/BoostConfig.cmake (found version "1.74.0") found components: date_time filesystem program_options system thread 
[2.947s] -- Found Boost: /usr/lib/x86_64-linux-gnu/cmake/Boost-1.74.0/BoostConfig.cmake (found version "1.74.0") found components: thread system filesystem regex date_time program_options 
[3.185s] -- Found Boost: /usr/lib/x86_64-linux-gnu/cmake/Boost-1.74.0/BoostConfig.cmake (found version "1.74.0") found components: system filesystem date_time program_options thread 
[3.474s] -- Found ament_lint_auto: 0.12.11 (/opt/ros/humble/share/ament_lint_auto/cmake)
[3.478s] -- Found ament_cmake_gtest: 1.3.9 (/opt/ros/humble/share/ament_cmake_gtest/cmake)
[3.483s] -- Found ros_testing: 0.4.0 (/opt/ros/humble/share/ros_testing/cmake)
[3.488s] -- Found launch_testing_ament_cmake: 1.0.6 (/opt/ros/humble/share/launch_testing_ament_cmake/cmake)
[3.492s] -- Found python_cmake_module: 0.10.0 (/opt/ros/humble/share/python_cmake_module/cmake)
[3.510s] -- Found PythonInterp: /usr/bin/python3 (found suitable version "3.10.12", minimum required is "3.6") 
[3.516s] -- Found PythonLibs: /usr/lib/x86_64-linux-gnu/libpython3.10.so (found suitable version "3.10.12", minimum required is "3.5") 
[3.516s] -- Using PYTHON_EXECUTABLE: /usr/bin/python3
[3.516s] -- Using PYTHON_INCLUDE_DIRS: /usr/include/python3.10
[3.516s] -- Using PYTHON_LIBRARIES: /usr/lib/x86_64-linux-gnu/libpython3.10.so
[3.532s] -- Found PythonExtra: .so  
[3.536s] -- Found Boost: /usr/lib/x86_64-linux-gnu/cmake/Boost-1.74.0/BoostConfig.cmake (found version "1.74.0") found components: filesystem 
[3.613s] -- Configuring done
[3.785s] -- Generating done
[3.789s] -- Build files have been written to: /home/moveit/build/moveit_hybrid_planning
[3.806s] Invoked command in '/home/moveit/build/moveit_hybrid_planning' returned '0': AMENT_PREFIX_PATH=/home/moveit/install/moveit_ros_planning_interface:/home/moveit/install/moveit_ros_move_group:/home/moveit/install/moveit_ros_warehouse:/home/moveit/install/moveit_planners_ompl:/home/moveit/install/moveit_kinematics:/home/moveit/install/moveit_ros_planning:/home/moveit/install/moveit_ros_occupancy_map_monitor:/home/moveit/install/moveit_core:/home/moveit/install/moveit_resources_panda_moveit_config:/home/moveit/install/moveit_resources_panda_description:/home/moveit/install/moveit_msgs:/home/moveit/install/moveit_common:${AMENT_PREFIX_PATH} CMAKE_PREFIX_PATH=/home/moveit/install/moveit_ros_planning_interface:/home/moveit/install/moveit_ros_move_group:/home/moveit/install/moveit_ros_warehouse:/home/moveit/install/moveit_planners_ompl:/home/moveit/install/moveit_kinematics:/home/moveit/install/moveit_ros_planning:/home/moveit/install/moveit_ros_occupancy_map_monitor:/home/moveit/install/moveit_core:/home/moveit/install/moveit_resources_panda_moveit_config:/home/moveit/install/moveit_resources_panda_description:/home/moveit/install/moveit_msgs:/home/moveit/install/moveit_common:/opt/ros/humble LD_LIBRARY_PATH=/home/moveit/install/moveit_ros_planning_interface/lib:/home/moveit/install/moveit_ros_move_group/lib:/home/moveit/install/moveit_ros_warehouse/lib:/home/moveit/install/moveit_planners_ompl/lib:/home/moveit/install/moveit_kinematics/lib:/home/moveit/install/moveit_ros_planning/lib:/home/moveit/install/moveit_ros_occupancy_map_monitor/lib:/home/moveit/install/moveit_core/lib:/home/moveit/install/moveit_msgs/lib:${LD_LIBRARY_PATH} PATH=/home/moveit/install/moveit_core/bin:${PATH} PYTHONPATH=/home/moveit/install/moveit_msgs/local/lib/python3.10/dist-packages:${PYTHONPATH} /usr/bin/cmake /home/moveit/src/moveit2/moveit_ros/hybrid_planning -DCMAKE_BUILD_TYPE=Release -DCMAKE_INSTALL_PREFIX=/home/moveit/install/moveit_hybrid_planning
[3.807s] Invoking command in '/home/moveit/build/moveit_hybrid_planning': AMENT_PREFIX_PATH=/home/moveit/install/moveit_ros_planning_interface:/home/moveit/install/moveit_ros_move_group:/home/moveit/install/moveit_ros_warehouse:/home/moveit/install/moveit_planners_ompl:/home/moveit/install/moveit_kinematics:/home/moveit/install/moveit_ros_planning:/home/moveit/install/moveit_ros_occupancy_map_monitor:/home/moveit/install/moveit_core:/home/moveit/install/moveit_resources_panda_moveit_config:/home/moveit/install/moveit_resources_panda_description:/home/moveit/install/moveit_msgs:/home/moveit/install/moveit_common:${AMENT_PREFIX_PATH} CMAKE_PREFIX_PATH=/home/moveit/install/moveit_ros_planning_interface:/home/moveit/install/moveit_ros_move_group:/home/moveit/install/moveit_ros_warehouse:/home/moveit/install/moveit_planners_ompl:/home/moveit/install/moveit_kinematics:/home/moveit/install/moveit_ros_planning:/home/moveit/install/moveit_ros_occupancy_map_monitor:/home/moveit/install/moveit_core:/home/moveit/install/moveit_resources_panda_moveit_config:/home/moveit/install/moveit_resources_panda_description:/home/moveit/install/moveit_msgs:/home/moveit/install/moveit_common:/opt/ros/humble LD_LIBRARY_PATH=/home/moveit/install/moveit_ros_planning_interface/lib:/home/moveit/install/moveit_ros_move_group/lib:/home/moveit/install/moveit_ros_warehouse/lib:/home/moveit/install/moveit_planners_ompl/lib:/home/moveit/install/moveit_kinematics/lib:/home/moveit/install/moveit_ros_planning/lib:/home/moveit/install/moveit_ros_occupancy_map_monitor/lib:/home/moveit/install/moveit_core/lib:/home/moveit/install/moveit_msgs/lib:${LD_LIBRARY_PATH} PATH=/home/moveit/install/moveit_core/bin:${PATH} PYTHONPATH=/home/moveit/install/moveit_msgs/local/lib/python3.10/dist-packages:${PYTHONPATH} /usr/bin/cmake --build /home/moveit/build/moveit_hybrid_planning -- -j16 -l16
[3.865s] [ 30%] [32mBuilding CXX object hybrid_planning_manager/hybrid_planning_manager_component/CMakeFiles/moveit_hybrid_planning_manager.dir/src/hybrid_planning_manager.cpp.o[0m
[3.865s] [ 30%] [32mBuilding CXX object test/CMakeFiles/hybrid_planning_demo_node.dir/hybrid_planning_demo_node.cpp.o[0m
[3.865s] [ 30%] [32mBuilding CXX object test/CMakeFiles/cancel_action.dir/cancel_action.cpp.o[0m
[3.865s] [ 30%] [32mBuilding CXX object global_planner/global_planner_plugins/CMakeFiles/motion_planning_pipeline_plugin.dir/src/moveit_planning_pipeline.cpp.o[0m
[3.865s] [ 30%] [32mBuilding CXX object local_planner/trajectory_operator_plugins/CMakeFiles/simple_sampler_plugin.dir/src/simple_sampler.cpp.o[0m
[3.865s] [ 30%] [32mBuilding CXX object local_planner/local_planner_component/CMakeFiles/moveit_local_planner_component.dir/src/local_planner_component.cpp.o[0m
[3.865s] [ 35%] [32mBuilding CXX object global_planner/global_planner_component/CMakeFiles/moveit_global_planner_component.dir/src/global_planner_component.cpp.o[0m
[3.866s] [ 40%] [32mBuilding CXX object local_planner/local_constraint_solver_plugins/CMakeFiles/forward_trajectory_plugin.dir/src/forward_trajectory.cpp.o[0m
[7.374s] [ 45%] [32m[1mLinking CXX executable cancel_action[0m
[7.637s] [ 45%] Built target cancel_action
[10.774s] [ 50%] [32m[1mLinking CXX shared library libsimple_sampler_plugin.so[0m
[10.982s] [ 50%] Built target simple_sampler_plugin
[14.305s] [ 55%] [32m[1mLinking CXX shared library libforward_trajectory_plugin.so[0m
[14.554s] [ 55%] Built target forward_trajectory_plugin
[16.025s] [ 60%] [32m[1mLinking CXX shared library libmotion_planning_pipeline_plugin.so[0m
[16.266s] [ 60%] Built target motion_planning_pipeline_plugin
[21.474s] [ 65%] [32m[1mLinking CXX shared library libmoveit_global_planner_component.so[0m
[21.848s] [ 65%] Built target moveit_global_planner_component
[22.476s] [ 70%] [32m[1mLinking CXX executable hybrid_planning_demo_node[0m
[22.835s] [ 70%] Built target hybrid_planning_demo_node
[22.947s] [ 75%] [32m[1mLinking CXX shared library libmoveit_hybrid_planning_manager.so[0m
[23.322s] [ 75%] Built target moveit_hybrid_planning_manager
[23.345s] [ 80%] [32mBuilding CXX object hybrid_planning_manager/planner_logic_plugins/CMakeFiles/single_plan_execution_plugin.dir/src/single_plan_execution.cpp.o[0m
[27.128s] [ 85%] [32m[1mLinking CXX shared library libmoveit_local_planner_component.so[0m
[27.152s] [ 90%] [32m[1mLinking CXX shared library libsingle_plan_execution_plugin.so[0m
[27.339s] [ 90%] Built target single_plan_execution_plugin
[27.363s] [ 95%] [32mBuilding CXX object hybrid_planning_manager/planner_logic_plugins/CMakeFiles/replan_invalidated_trajectory_plugin.dir/src/replan_invalidated_trajectory.cpp.o[0m
[27.398s] [ 95%] Built target moveit_local_planner_component
[31.045s] [100%] [32m[1mLinking CXX shared library libreplan_invalidated_trajectory_plugin.so[0m
[31.217s] [100%] Built target replan_invalidated_trajectory_plugin
[31.228s] Invoked command in '/home/moveit/build/moveit_hybrid_planning' returned '0': AMENT_PREFIX_PATH=/home/moveit/install/moveit_ros_planning_interface:/home/moveit/install/moveit_ros_move_group:/home/moveit/install/moveit_ros_warehouse:/home/moveit/install/moveit_planners_ompl:/home/moveit/install/moveit_kinematics:/home/moveit/install/moveit_ros_planning:/home/moveit/install/moveit_ros_occupancy_map_monitor:/home/moveit/install/moveit_core:/home/moveit/install/moveit_resources_panda_moveit_config:/home/moveit/install/moveit_resources_panda_description:/home/moveit/install/moveit_msgs:/home/moveit/install/moveit_common:${AMENT_PREFIX_PATH} CMAKE_PREFIX_PATH=/home/moveit/install/moveit_ros_planning_interface:/home/moveit/install/moveit_ros_move_group:/home/moveit/install/moveit_ros_warehouse:/home/moveit/install/moveit_planners_ompl:/home/moveit/install/moveit_kinematics:/home/moveit/install/moveit_ros_planning:/home/moveit/install/moveit_ros_occupancy_map_monitor:/home/moveit/install/moveit_core:/home/moveit/install/moveit_resources_panda_moveit_config:/home/moveit/install/moveit_resources_panda_description:/home/moveit/install/moveit_msgs:/home/moveit/install/moveit_common:/opt/ros/humble LD_LIBRARY_PATH=/home/moveit/install/moveit_ros_planning_interface/lib:/home/moveit/install/moveit_ros_move_group/lib:/home/moveit/install/moveit_ros_warehouse/lib:/home/moveit/install/moveit_planners_ompl/lib:/home/moveit/install/moveit_kinematics/lib:/home/moveit/install/moveit_ros_planning/lib:/home/moveit/install/moveit_ros_occupancy_map_monitor/lib:/home/moveit/install/moveit_core/lib:/home/moveit/install/moveit_msgs/lib:${LD_LIBRARY_PATH} PATH=/home/moveit/install/moveit_core/bin:${PATH} PYTHONPATH=/home/moveit/install/moveit_msgs/local/lib/python3.10/dist-packages:${PYTHONPATH} /usr/bin/cmake --build /home/moveit/build/moveit_hybrid_planning -- -j16 -l16
[31.258s] Invoking command in '/home/moveit/build/moveit_hybrid_planning': AMENT_PREFIX_PATH=/home/moveit/install/moveit_ros_planning_interface:/home/moveit/install/moveit_ros_move_group:/home/moveit/install/moveit_ros_warehouse:/home/moveit/install/moveit_planners_ompl:/home/moveit/install/moveit_kinematics:/home/moveit/install/moveit_ros_planning:/home/moveit/install/moveit_ros_occupancy_map_monitor:/home/moveit/install/moveit_core:/home/moveit/install/moveit_resources_panda_moveit_config:/home/moveit/install/moveit_resources_panda_description:/home/moveit/install/moveit_msgs:/home/moveit/install/moveit_common:${AMENT_PREFIX_PATH} CMAKE_PREFIX_PATH=/home/moveit/install/moveit_ros_planning_interface:/home/moveit/install/moveit_ros_move_group:/home/moveit/install/moveit_ros_warehouse:/home/moveit/install/moveit_planners_ompl:/home/moveit/install/moveit_kinematics:/home/moveit/install/moveit_ros_planning:/home/moveit/install/moveit_ros_occupancy_map_monitor:/home/moveit/install/moveit_core:/home/moveit/install/moveit_resources_panda_moveit_config:/home/moveit/install/moveit_resources_panda_description:/home/moveit/install/moveit_msgs:/home/moveit/install/moveit_common:/opt/ros/humble LD_LIBRARY_PATH=/home/moveit/install/moveit_ros_planning_interface/lib:/home/moveit/install/moveit_ros_move_group/lib:/home/moveit/install/moveit_ros_warehouse/lib:/home/moveit/install/moveit_planners_ompl/lib:/home/moveit/install/moveit_kinematics/lib:/home/moveit/install/moveit_ros_planning/lib:/home/moveit/install/moveit_ros_occupancy_map_monitor/lib:/home/moveit/install/moveit_core/lib:/home/moveit/install/moveit_msgs/lib:${LD_LIBRARY_PATH} PATH=/home/moveit/install/moveit_core/bin:${PATH} PYTHONPATH=/home/moveit/install/moveit_msgs/local/lib/python3.10/dist-packages:${PYTHONPATH} /usr/bin/cmake --install /home/moveit/build/moveit_hybrid_planning
[31.265s] -- Install configuration: "Release"
[31.266s] -- Installing: /home/moveit/install/moveit_hybrid_planning/lib/libmoveit_global_planner_component.so.2.9.0
[31.268s] -- Set runtime path of "/home/moveit/install/moveit_hybrid_planning/lib/libmoveit_global_planner_component.so.2.9.0" to ""
[31.268s] -- Installing: /home/moveit/install/moveit_hybrid_planning/lib/libmoveit_global_planner_component.so
[31.268s] -- Installing: /home/moveit/install/moveit_hybrid_planning/lib/libmoveit_hybrid_planning_manager.so.2.9.0
[31.270s] -- Set runtime path of "/home/moveit/install/moveit_hybrid_planning/lib/libmoveit_hybrid_planning_manager.so.2.9.0" to ""
[31.270s] -- Installing: /home/moveit/install/moveit_hybrid_planning/lib/libmoveit_hybrid_planning_manager.so
[31.270s] -- Installing: /home/moveit/install/moveit_hybrid_planning/lib/libmoveit_local_planner_component.so.2.9.0
[31.273s] -- Set runtime path of "/home/moveit/install/moveit_hybrid_planning/lib/libmoveit_local_planner_component.so.2.9.0" to ""
[31.273s] -- Installing: /home/moveit/install/moveit_hybrid_planning/lib/libmoveit_local_planner_component.so
[31.273s] -- Installing: /home/moveit/install/moveit_hybrid_planning/lib/libforward_trajectory_plugin.so.2.9.0
[31.273s] -- Set runtime path of "/home/moveit/install/moveit_hybrid_planning/lib/libforward_trajectory_plugin.so.2.9.0" to ""
[31.273s] -- Installing: /home/moveit/install/moveit_hybrid_planning/lib/libforward_trajectory_plugin.so
[31.274s] -- Installing: /home/moveit/install/moveit_hybrid_planning/lib/libmotion_planning_pipeline_plugin.so.2.9.0
[31.274s] -- Set runtime path of "/home/moveit/install/moveit_hybrid_planning/lib/libmotion_planning_pipeline_plugin.so.2.9.0" to ""
[31.274s] -- Installing: /home/moveit/install/moveit_hybrid_planning/lib/libmotion_planning_pipeline_plugin.so
[31.274s] -- Installing: /home/moveit/install/moveit_hybrid_planning/lib/libreplan_invalidated_trajectory_plugin.so.2.9.0
[31.274s] -- Set runtime path of "/home/moveit/install/moveit_hybrid_planning/lib/libreplan_invalidated_trajectory_plugin.so.2.9.0" to ""
[31.274s] -- Installing: /home/moveit/install/moveit_hybrid_planning/lib/libreplan_invalidated_trajectory_plugin.so
[31.275s] -- Installing: /home/moveit/install/moveit_hybrid_planning/lib/libsimple_sampler_plugin.so.2.9.0
[31.275s] -- Set runtime path of "/home/moveit/install/moveit_hybrid_planning/lib/libsimple_sampler_plugin.so.2.9.0" to ""
[31.275s] -- Installing: /home/moveit/install/moveit_hybrid_planning/lib/libsimple_sampler_plugin.so
[31.275s] -- Installing: /home/moveit/install/moveit_hybrid_planning/lib/libsingle_plan_execution_plugin.so.2.9.0
[31.275s] -- Set runtime path of "/home/moveit/install/moveit_hybrid_planning/lib/libsingle_plan_execution_plugin.so.2.9.0" to ""
[31.275s] -- Installing: /home/moveit/install/moveit_hybrid_planning/lib/libsingle_plan_execution_plugin.so
[31.275s] -- Installing: /home/moveit/install/moveit_hybrid_planning/lib/moveit_hybrid_planning/cancel_action
[31.276s] -- Set runtime path of "/home/moveit/install/moveit_hybrid_planning/lib/moveit_hybrid_planning/cancel_action" to ""
[31.276s] -- Installing: /home/moveit/install/moveit_hybrid_planning/lib/moveit_hybrid_planning/hybrid_planning_demo_node
[31.277s] -- Set runtime path of "/home/moveit/install/moveit_hybrid_planning/lib/moveit_hybrid_planning/hybrid_planning_demo_node" to ""
[31.277s] -- Installing: /home/moveit/install/moveit_hybrid_planning/include/moveit_hybrid_planning
[31.278s] -- Installing: /home/moveit/install/moveit_hybrid_planning/include/moveit_hybrid_planning/moveit
[31.278s] -- Installing: /home/moveit/install/moveit_hybrid_planning/include/moveit_hybrid_planning/moveit/global_planner
[31.278s] -- Installing: /home/moveit/install/moveit_hybrid_planning/include/moveit_hybrid_planning/moveit/global_planner/global_planner_component.h
[31.278s] -- Installing: /home/moveit/install/moveit_hybrid_planning/include/moveit_hybrid_planning/moveit/global_planner/global_planner_interface.h
[31.278s] -- Up-to-date: /home/moveit/install/moveit_hybrid_planning/include/moveit_hybrid_planning
[31.278s] -- Up-to-date: /home/moveit/install/moveit_hybrid_planning/include/moveit_hybrid_planning/moveit
[31.278s] -- Up-to-date: /home/moveit/install/moveit_hybrid_planning/include/moveit_hybrid_planning/moveit/global_planner
[31.278s] -- Installing: /home/moveit/install/moveit_hybrid_planning/include/moveit_hybrid_planning/moveit/global_planner/moveit_planning_pipeline.h
[31.278s] -- Up-to-date: /home/moveit/install/moveit_hybrid_planning/include/moveit_hybrid_planning
[31.278s] -- Up-to-date: /home/moveit/install/moveit_hybrid_planning/include/moveit_hybrid_planning/moveit
[31.278s] -- Installing: /home/moveit/install/moveit_hybrid_planning/include/moveit_hybrid_planning/moveit/hybrid_planning_manager
[31.278s] -- Installing: /home/moveit/install/moveit_hybrid_planning/include/moveit_hybrid_planning/moveit/hybrid_planning_manager/hybrid_planning_events.h
[31.279s] -- Installing: /home/moveit/install/moveit_hybrid_planning/include/moveit_hybrid_planning/moveit/hybrid_planning_manager/moveit_error_code_interface.h
[31.279s] -- Installing: /home/moveit/install/moveit_hybrid_planning/include/moveit_hybrid_planning/moveit/hybrid_planning_manager/hybrid_planning_manager.h
[31.279s] -- Installing: /home/moveit/install/moveit_hybrid_planning/include/moveit_hybrid_planning/moveit/hybrid_planning_manager/planner_logic_interface.h
[31.279s] -- Up-to-date: /home/moveit/install/moveit_hybrid_planning/include/moveit_hybrid_planning
[31.279s] -- Up-to-date: /home/moveit/install/moveit_hybrid_planning/include/moveit_hybrid_planning/moveit
[31.279s] -- Installing: /home/moveit/install/moveit_hybrid_planning/include/moveit_hybrid_planning/moveit/planner_logic_plugins
[31.279s] -- Installing: /home/moveit/install/moveit_hybrid_planning/include/moveit_hybrid_planning/moveit/planner_logic_plugins/single_plan_execution.h
[31.279s] -- Installing: /home/moveit/install/moveit_hybrid_planning/include/moveit_hybrid_planning/moveit/planner_logic_plugins/replan_invalidated_trajectory.h
[31.279s] -- Up-to-date: /home/moveit/install/moveit_hybrid_planning/include/moveit_hybrid_planning
[31.279s] -- Up-to-date: /home/moveit/install/moveit_hybrid_planning/include/moveit_hybrid_planning/moveit
[31.279s] -- Installing: /home/moveit/install/moveit_hybrid_planning/include/moveit_hybrid_planning/moveit/local_planner
[31.279s] -- Installing: /home/moveit/install/moveit_hybrid_planning/include/moveit_hybrid_planning/moveit/local_planner/feedback_types.h
[31.279s] -- Installing: /home/moveit/install/moveit_hybrid_planning/include/moveit_hybrid_planning/moveit/local_planner/local_planner_component.h
[31.279s] -- Installing: /home/moveit/install/moveit_hybrid_planning/include/moveit_hybrid_planning/moveit/local_planner/trajectory_operator_interface.h
[31.280s] -- Installing: /home/moveit/install/moveit_hybrid_planning/include/moveit_hybrid_planning/moveit/local_planner/local_constraint_solver_interface.h
[31.280s] -- Up-to-date: /home/moveit/install/moveit_hybrid_planning/include/moveit_hybrid_planning
[31.280s] -- Up-to-date: /home/moveit/install/moveit_hybrid_planning/include/moveit_hybrid_planning/moveit
[31.280s] -- Installing: /home/moveit/install/moveit_hybrid_planning/include/moveit_hybrid_planning/moveit/trajectory_operator_plugins
[31.280s] -- Installing: /home/moveit/install/moveit_hybrid_planning/include/moveit_hybrid_planning/moveit/trajectory_operator_plugins/simple_sampler.h
[31.280s] -- Up-to-date: /home/moveit/install/moveit_hybrid_planning/include/moveit_hybrid_planning
[31.280s] -- Up-to-date: /home/moveit/install/moveit_hybrid_planning/include/moveit_hybrid_planning/moveit
[31.280s] -- Installing: /home/moveit/install/moveit_hybrid_planning/include/moveit_hybrid_planning/moveit/local_constraint_solver_plugins
[31.280s] -- Installing: /home/moveit/install/moveit_hybrid_planning/include/moveit_hybrid_planning/moveit/local_constraint_solver_plugins/forward_trajectory.h
[31.280s] -- Installing: /home/moveit/install/moveit_hybrid_planning/share/moveit_hybrid_planning/launch
[31.280s] -- Installing: /home/moveit/install/moveit_hybrid_planning/share/moveit_hybrid_planning/launch/hybrid_planning_common.py
[31.281s] -- Installing: /home/moveit/install/moveit_hybrid_planning/share/moveit_hybrid_planning/launch/test_basic_integration.test.py
[31.281s] -- Installing: /home/moveit/install/moveit_hybrid_planning/share/moveit_hybrid_planning/launch/hybrid_planning_demo.launch.py
[31.281s] -- Installing: /home/moveit/install/moveit_hybrid_planning/share/moveit_hybrid_planning/config
[31.281s] -- Installing: /home/moveit/install/moveit_hybrid_planning/share/moveit_hybrid_planning/config/demo_controller.yaml
[31.281s] -- Installing: /home/moveit/install/moveit_hybrid_planning/share/moveit_hybrid_planning/config/global_planner.yaml
[31.282s] -- Installing: /home/moveit/install/moveit_hybrid_planning/share/moveit_hybrid_planning/config/local_planner.yaml
[31.282s] -- Installing: /home/moveit/install/moveit_hybrid_planning/share/moveit_hybrid_planning/config/common_hybrid_planning_params.yaml
[31.282s] -- Installing: /home/moveit/install/moveit_hybrid_planning/share/moveit_hybrid_planning/config/hybrid_planning_demo.rviz
[31.282s] -- Installing: /home/moveit/install/moveit_hybrid_planning/share/moveit_hybrid_planning/config/hybrid_planning_manager.yaml
[31.283s] -- Installing: /home/moveit/install/moveit_hybrid_planning/share/moveit_hybrid_planning/single_plan_execution_plugin.xml
[31.283s] -- Installing: /home/moveit/install/moveit_hybrid_planning/share/moveit_hybrid_planning/moveit_planning_pipeline_plugin.xml
[31.283s] -- Installing: /home/moveit/install/moveit_hybrid_planning/share/moveit_hybrid_planning/simple_sampler_plugin.xml
[31.283s] -- Installing: /home/moveit/install/moveit_hybrid_planning/share/moveit_hybrid_planning/replan_invalidated_trajectory_plugin.xml
[31.283s] -- Installing: /home/moveit/install/moveit_hybrid_planning/share/moveit_hybrid_planning/forward_trajectory_plugin.xml
[31.284s] -- Installing: /home/moveit/install/moveit_hybrid_planning/share/moveit_hybrid_planning/environment/library_path.sh
[31.284s] -- Installing: /home/moveit/install/moveit_hybrid_planning/share/moveit_hybrid_planning/environment/library_path.dsv
[31.284s] -- Installing: /home/moveit/install/moveit_hybrid_planning/share/ament_index/resource_index/package_run_dependencies/moveit_hybrid_planning
[31.284s] -- Installing: /home/moveit/install/moveit_hybrid_planning/share/ament_index/resource_index/parent_prefix_path/moveit_hybrid_planning
[31.284s] -- Installing: /home/moveit/install/moveit_hybrid_planning/share/moveit_hybrid_planning/environment/ament_prefix_path.sh
[31.284s] -- Installing: /home/moveit/install/moveit_hybrid_planning/share/moveit_hybrid_planning/environment/ament_prefix_path.dsv
[31.285s] -- Installing: /home/moveit/install/moveit_hybrid_planning/share/moveit_hybrid_planning/environment/path.sh
[31.285s] -- Installing: /home/moveit/install/moveit_hybrid_planning/share/moveit_hybrid_planning/environment/path.dsv
[31.285s] -- Installing: /home/moveit/install/moveit_hybrid_planning/share/moveit_hybrid_planning/local_setup.bash
[31.285s] -- Installing: /home/moveit/install/moveit_hybrid_planning/share/moveit_hybrid_planning/local_setup.sh
[31.285s] -- Installing: /home/moveit/install/moveit_hybrid_planning/share/moveit_hybrid_planning/local_setup.zsh
[31.285s] -- Installing: /home/moveit/install/moveit_hybrid_planning/share/moveit_hybrid_planning/local_setup.dsv
[31.285s] -- Installing: /home/moveit/install/moveit_hybrid_planning/share/moveit_hybrid_planning/package.dsv
[31.286s] -- Installing: /home/moveit/install/moveit_hybrid_planning/share/ament_index/resource_index/packages/moveit_hybrid_planning
[31.286s] -- Installing: /home/moveit/install/moveit_hybrid_planning/share/ament_index/resource_index/moveit_hybrid_planning__pluginlib__plugin/moveit_hybrid_planning
[31.286s] -- Installing: /home/moveit/install/moveit_hybrid_planning/share/ament_index/resource_index/rclcpp_components/moveit_hybrid_planning
[31.286s] -- Installing: /home/moveit/install/moveit_hybrid_planning/share/moveit_hybrid_planning/cmake/moveit_hybrid_planningTargetsExport.cmake
[31.286s] -- Installing: /home/moveit/install/moveit_hybrid_planning/share/moveit_hybrid_planning/cmake/moveit_hybrid_planningTargetsExport-release.cmake
[31.286s] -- Installing: /home/moveit/install/moveit_hybrid_planning/share/moveit_hybrid_planning/cmake/ament_cmake_export_dependencies-extras.cmake
[31.286s] -- Installing: /home/moveit/install/moveit_hybrid_planning/share/moveit_hybrid_planning/cmake/ament_cmake_export_targets-extras.cmake
[31.287s] -- Installing: /home/moveit/install/moveit_hybrid_planning/share/moveit_hybrid_planning/cmake/moveit_hybrid_planningConfig.cmake
[31.287s] -- Installing: /home/moveit/install/moveit_hybrid_planning/share/moveit_hybrid_planning/cmake/moveit_hybrid_planningConfig-version.cmake
[31.287s] -- Installing: /home/moveit/install/moveit_hybrid_planning/share/moveit_hybrid_planning/package.xml
[31.289s] Invoked command in '/home/moveit/build/moveit_hybrid_planning' returned '0': AMENT_PREFIX_PATH=/home/moveit/install/moveit_ros_planning_interface:/home/moveit/install/moveit_ros_move_group:/home/moveit/install/moveit_ros_warehouse:/home/moveit/install/moveit_planners_ompl:/home/moveit/install/moveit_kinematics:/home/moveit/install/moveit_ros_planning:/home/moveit/install/moveit_ros_occupancy_map_monitor:/home/moveit/install/moveit_core:/home/moveit/install/moveit_resources_panda_moveit_config:/home/moveit/install/moveit_resources_panda_description:/home/moveit/install/moveit_msgs:/home/moveit/install/moveit_common:${AMENT_PREFIX_PATH} CMAKE_PREFIX_PATH=/home/moveit/install/moveit_ros_planning_interface:/home/moveit/install/moveit_ros_move_group:/home/moveit/install/moveit_ros_warehouse:/home/moveit/install/moveit_planners_ompl:/home/moveit/install/moveit_kinematics:/home/moveit/install/moveit_ros_planning:/home/moveit/install/moveit_ros_occupancy_map_monitor:/home/moveit/install/moveit_core:/home/moveit/install/moveit_resources_panda_moveit_config:/home/moveit/install/moveit_resources_panda_description:/home/moveit/install/moveit_msgs:/home/moveit/install/moveit_common:/opt/ros/humble LD_LIBRARY_PATH=/home/moveit/install/moveit_ros_planning_interface/lib:/home/moveit/install/moveit_ros_move_group/lib:/home/moveit/install/moveit_ros_warehouse/lib:/home/moveit/install/moveit_planners_ompl/lib:/home/moveit/install/moveit_kinematics/lib:/home/moveit/install/moveit_ros_planning/lib:/home/moveit/install/moveit_ros_occupancy_map_monitor/lib:/home/moveit/install/moveit_core/lib:/home/moveit/install/moveit_msgs/lib:${LD_LIBRARY_PATH} PATH=/home/moveit/install/moveit_core/bin:${PATH} PYTHONPATH=/home/moveit/install/moveit_msgs/local/lib/python3.10/dist-packages:${PYTHONPATH} /usr/bin/cmake --install /home/moveit/build/moveit_hybrid_planning
