[0.019s] Invoking command in '/home/kortex_ws/build/robotiq_controllers': AMENT_PREFIX_PATH=/home/kortex_ws/install/controller_interface:/home/kortex_ws/install/hardware_interface:/home/kortex_ws/install/control_msgs:${AMENT_PREFIX_PATH} CMAKE_PREFIX_PATH=/home/kortex_ws/install/controller_interface:/home/kortex_ws/install/hardware_interface:/home/kortex_ws/install/control_msgs:/opt/ros/humble LD_LIBRARY_PATH=/home/kortex_ws/install/controller_interface/lib:/home/kortex_ws/install/hardware_interface/lib:/home/kortex_ws/install/control_msgs/lib:${LD_LIBRARY_PATH} PYTHONPATH=/home/kortex_ws/install/control_msgs/local/lib/python3.10/dist-packages:${PYTHONPATH} /usr/bin/cmake /home/kortex_ws/src/ros2_robotiq_gripper/robotiq_controllers -DCMAKE_INSTALL_PREFIX=/home/kortex_ws/install/robotiq_controllers
[0.100s] -- The C compiler identification is GNU 11.4.0
[0.173s] -- The CXX compiler identification is GNU 11.4.0
[0.183s] -- Detecting C compiler ABI info
[0.288s] -- Detecting C compiler ABI info - done
[0.295s] -- Check for working C compiler: /usr/bin/cc - skipped
[0.295s] -- Detecting C compile features
[0.296s] -- Detecting C compile features - done
[0.299s] -- Detecting CXX compiler ABI info
[0.404s] -- Detecting CXX compiler ABI info - done
[0.415s] -- Check for working CXX compiler: /usr/bin/c++ - skipped
[0.416s] -- Detecting CXX compile features
[0.416s] -- Detecting CXX compile features - done
[0.423s] -- Found ament_cmake: 1.3.8 (/opt/ros/humble/share/ament_cmake/cmake)
[0.659s] -- Found Python3: /usr/bin/python3 (found version "3.10.12") found components: Interpreter 
[0.805s] -- Found controller_interface: 2.41.0 (/home/kortex_ws/install/controller_interface/share/controller_interface/cmake)
[0.884s] -- Found rosidl_generator_c: 3.1.5 (/opt/ros/humble/share/rosidl_generator_c/cmake)
[0.895s] -- Found rosidl_adapter: 3.1.5 (/opt/ros/humble/share/rosidl_adapter/cmake)
[0.910s] -- Found rosidl_generator_cpp: 3.1.5 (/opt/ros/humble/share/rosidl_generator_cpp/cmake)
[0.935s] -- Using all available rosidl_typesupport_c: rosidl_typesupport_fastrtps_c;rosidl_typesupport_introspection_c
[0.966s] -- Using all available rosidl_typesupport_cpp: rosidl_typesupport_fastrtps_cpp;rosidl_typesupport_introspection_cpp
[1.927s] -- Found rmw_implementation_cmake: 6.1.1 (/opt/ros/humble/share/rmw_implementation_cmake/cmake)
[1.931s] -- Found rmw_cyclonedds_cpp: 1.3.4 (/opt/ros/humble/share/rmw_cyclonedds_cpp/cmake)
[1.970s] -- Using RMW implementation 'rmw_cyclonedds_cpp' as default
[1.990s] -- Looking for pthread.h
[2.081s] -- Looking for pthread.h - found
[2.081s] -- Performing Test CMAKE_HAVE_LIBC_PTHREAD
[2.167s] -- Performing Test CMAKE_HAVE_LIBC_PTHREAD - Success
[2.170s] -- Found Threads: TRUE  
[2.450s] -- Found std_srvs: 4.2.3 (/opt/ros/humble/share/std_srvs/cmake)
[2.561s] -- Found ament_lint_auto: 0.12.10 (/opt/ros/humble/share/ament_lint_auto/cmake)
[2.656s] -- Added test 'cppcheck' to perform static code analysis on C / C++ code
[2.656s] -- Configured cppcheck include dirs: /home/kortex_ws/src/ros2_robotiq_gripper/robotiq_controllers/include
[2.656s] -- Configured cppcheck exclude dirs and/or files: 
[2.657s] -- Added test 'lint_cmake' to check CMake code style
[2.663s] -- Configuring done
[2.706s] -- Generating done
[2.707s] -- Build files have been written to: /home/kortex_ws/build/robotiq_controllers
[2.717s] Invoked command in '/home/kortex_ws/build/robotiq_controllers' returned '0': AMENT_PREFIX_PATH=/home/kortex_ws/install/controller_interface:/home/kortex_ws/install/hardware_interface:/home/kortex_ws/install/control_msgs:${AMENT_PREFIX_PATH} CMAKE_PREFIX_PATH=/home/kortex_ws/install/controller_interface:/home/kortex_ws/install/hardware_interface:/home/kortex_ws/install/control_msgs:/opt/ros/humble LD_LIBRARY_PATH=/home/kortex_ws/install/controller_interface/lib:/home/kortex_ws/install/hardware_interface/lib:/home/kortex_ws/install/control_msgs/lib:${LD_LIBRARY_PATH} PYTHONPATH=/home/kortex_ws/install/control_msgs/local/lib/python3.10/dist-packages:${PYTHONPATH} /usr/bin/cmake /home/kortex_ws/src/ros2_robotiq_gripper/robotiq_controllers -DCMAKE_INSTALL_PREFIX=/home/kortex_ws/install/robotiq_controllers
[2.718s] Invoking command in '/home/kortex_ws/build/robotiq_controllers': AMENT_PREFIX_PATH=/home/kortex_ws/install/controller_interface:/home/kortex_ws/install/hardware_interface:/home/kortex_ws/install/control_msgs:${AMENT_PREFIX_PATH} CMAKE_PREFIX_PATH=/home/kortex_ws/install/controller_interface:/home/kortex_ws/install/hardware_interface:/home/kortex_ws/install/control_msgs:/opt/ros/humble LD_LIBRARY_PATH=/home/kortex_ws/install/controller_interface/lib:/home/kortex_ws/install/hardware_interface/lib:/home/kortex_ws/install/control_msgs/lib:${LD_LIBRARY_PATH} PYTHONPATH=/home/kortex_ws/install/control_msgs/local/lib/python3.10/dist-packages:${PYTHONPATH} /usr/bin/cmake --build /home/kortex_ws/build/robotiq_controllers -- -j16 -l16
[2.776s] [ 50%] [32mBuilding CXX object CMakeFiles/robotiq_controllers.dir/src/robotiq_activation_controller.cpp.o[0m
[7.430s] [100%] [32m[1mLinking CXX shared library librobotiq_controllers.so[0m
[7.628s] [100%] Built target robotiq_controllers
[7.641s] Invoked command in '/home/kortex_ws/build/robotiq_controllers' returned '0': AMENT_PREFIX_PATH=/home/kortex_ws/install/controller_interface:/home/kortex_ws/install/hardware_interface:/home/kortex_ws/install/control_msgs:${AMENT_PREFIX_PATH} CMAKE_PREFIX_PATH=/home/kortex_ws/install/controller_interface:/home/kortex_ws/install/hardware_interface:/home/kortex_ws/install/control_msgs:/opt/ros/humble LD_LIBRARY_PATH=/home/kortex_ws/install/controller_interface/lib:/home/kortex_ws/install/hardware_interface/lib:/home/kortex_ws/install/control_msgs/lib:${LD_LIBRARY_PATH} PYTHONPATH=/home/kortex_ws/install/control_msgs/local/lib/python3.10/dist-packages:${PYTHONPATH} /usr/bin/cmake --build /home/kortex_ws/build/robotiq_controllers -- -j16 -l16
[7.671s] Invoking command in '/home/kortex_ws/build/robotiq_controllers': AMENT_PREFIX_PATH=/home/kortex_ws/install/controller_interface:/home/kortex_ws/install/hardware_interface:/home/kortex_ws/install/control_msgs:${AMENT_PREFIX_PATH} CMAKE_PREFIX_PATH=/home/kortex_ws/install/controller_interface:/home/kortex_ws/install/hardware_interface:/home/kortex_ws/install/control_msgs:/opt/ros/humble LD_LIBRARY_PATH=/home/kortex_ws/install/controller_interface/lib:/home/kortex_ws/install/hardware_interface/lib:/home/kortex_ws/install/control_msgs/lib:${LD_LIBRARY_PATH} PYTHONPATH=/home/kortex_ws/install/control_msgs/local/lib/python3.10/dist-packages:${PYTHONPATH} /usr/bin/cmake --install /home/kortex_ws/build/robotiq_controllers
[7.680s] -- Install configuration: ""
[7.680s] -- Installing: /home/kortex_ws/install/robotiq_controllers/share/robotiq_controllers/controller_plugins.xml
[7.680s] -- Installing: /home/kortex_ws/install/robotiq_controllers/lib/librobotiq_controllers.so
[7.682s] -- Set runtime path of "/home/kortex_ws/install/robotiq_controllers/lib/librobotiq_controllers.so" to ""
[7.682s] -- Installing: /home/kortex_ws/install/robotiq_controllers/include
[7.683s] -- Installing: /home/kortex_ws/install/robotiq_controllers/include/robotiq_controllers
[7.683s] -- Installing: /home/kortex_ws/install/robotiq_controllers/include/robotiq_controllers/robotiq_activation_controller.hpp
[7.683s] -- Installing: /home/kortex_ws/install/robotiq_controllers/share/robotiq_controllers/environment/library_path.sh
[7.683s] -- Installing: /home/kortex_ws/install/robotiq_controllers/share/robotiq_controllers/environment/library_path.dsv
[7.683s] -- Installing: /home/kortex_ws/install/robotiq_controllers/share/ament_index/resource_index/package_run_dependencies/robotiq_controllers
[7.683s] -- Installing: /home/kortex_ws/install/robotiq_controllers/share/ament_index/resource_index/parent_prefix_path/robotiq_controllers
[7.683s] -- Installing: /home/kortex_ws/install/robotiq_controllers/share/robotiq_controllers/environment/ament_prefix_path.sh
[7.684s] -- Installing: /home/kortex_ws/install/robotiq_controllers/share/robotiq_controllers/environment/ament_prefix_path.dsv
[7.684s] -- Installing: /home/kortex_ws/install/robotiq_controllers/share/robotiq_controllers/environment/path.sh
[7.684s] -- Installing: /home/kortex_ws/install/robotiq_controllers/share/robotiq_controllers/environment/path.dsv
[7.684s] -- Installing: /home/kortex_ws/install/robotiq_controllers/share/robotiq_controllers/local_setup.bash
[7.684s] -- Installing: /home/kortex_ws/install/robotiq_controllers/share/robotiq_controllers/local_setup.sh
[7.684s] -- Installing: /home/kortex_ws/install/robotiq_controllers/share/robotiq_controllers/local_setup.zsh
[7.684s] -- Installing: /home/kortex_ws/install/robotiq_controllers/share/robotiq_controllers/local_setup.dsv
[7.685s] -- Installing: /home/kortex_ws/install/robotiq_controllers/share/robotiq_controllers/package.dsv
[7.685s] -- Installing: /home/kortex_ws/install/robotiq_controllers/share/ament_index/resource_index/packages/robotiq_controllers
[7.685s] -- Installing: /home/kortex_ws/install/robotiq_controllers/share/ament_index/resource_index/controller_interface__pluginlib__plugin/robotiq_controllers
[7.685s] -- Installing: /home/kortex_ws/install/robotiq_controllers/share/robotiq_controllers/cmake/export_robotiq_controllersExport.cmake
[7.685s] -- Installing: /home/kortex_ws/install/robotiq_controllers/share/robotiq_controllers/cmake/export_robotiq_controllersExport-noconfig.cmake
[7.685s] -- Installing: /home/kortex_ws/install/robotiq_controllers/share/robotiq_controllers/cmake/ament_cmake_export_include_directories-extras.cmake
[7.686s] -- Installing: /home/kortex_ws/install/robotiq_controllers/share/robotiq_controllers/cmake/ament_cmake_export_libraries-extras.cmake
[7.686s] -- Installing: /home/kortex_ws/install/robotiq_controllers/share/robotiq_controllers/cmake/ament_cmake_export_targets-extras.cmake
[7.686s] -- Installing: /home/kortex_ws/install/robotiq_controllers/share/robotiq_controllers/cmake/ament_cmake_export_dependencies-extras.cmake
[7.686s] -- Installing: /home/kortex_ws/install/robotiq_controllers/share/robotiq_controllers/cmake/robotiq_controllersConfig.cmake
[7.686s] -- Installing: /home/kortex_ws/install/robotiq_controllers/share/robotiq_controllers/cmake/robotiq_controllersConfig-version.cmake
[7.686s] -- Installing: /home/kortex_ws/install/robotiq_controllers/share/robotiq_controllers/package.xml
[7.690s] Invoked command in '/home/kortex_ws/build/robotiq_controllers' returned '0': AMENT_PREFIX_PATH=/home/kortex_ws/install/controller_interface:/home/kortex_ws/install/hardware_interface:/home/kortex_ws/install/control_msgs:${AMENT_PREFIX_PATH} CMAKE_PREFIX_PATH=/home/kortex_ws/install/controller_interface:/home/kortex_ws/install/hardware_interface:/home/kortex_ws/install/control_msgs:/opt/ros/humble LD_LIBRARY_PATH=/home/kortex_ws/install/controller_interface/lib:/home/kortex_ws/install/hardware_interface/lib:/home/kortex_ws/install/control_msgs/lib:${LD_LIBRARY_PATH} PYTHONPATH=/home/kortex_ws/install/control_msgs/local/lib/python3.10/dist-packages:${PYTHONPATH} /usr/bin/cmake --install /home/kortex_ws/build/robotiq_controllers
