[0.022s] Invoking command in '/home/moveit/build/moveit_kinematics': AMENT_PREFIX_PATH=/home/moveit/install/moveit_ros_planning:/home/moveit/install/moveit_ros_occupancy_map_monitor:/home/moveit/install/moveit_core:/home/moveit/install/moveit_resources_panda_moveit_config:/home/moveit/install/moveit_resources_fanuc_moveit_config:/home/moveit/install/moveit_resources_panda_description:/home/moveit/install/moveit_resources_fanuc_description:/home/moveit/install/moveit_msgs:/home/moveit/install/moveit_configs_utils:/home/moveit/install/moveit_common:${AMENT_PREFIX_PATH} CMAKE_PREFIX_PATH=/home/moveit/install/moveit_ros_planning:/home/moveit/install/moveit_ros_occupancy_map_monitor:/home/moveit/install/moveit_core:/home/moveit/install/moveit_resources_panda_moveit_config:/home/moveit/install/moveit_resources_fanuc_moveit_config:/home/moveit/install/moveit_resources_panda_description:/home/moveit/install/moveit_resources_fanuc_description:/home/moveit/install/moveit_msgs:/home/moveit/install/moveit_common:/opt/ros/humble LD_LIBRARY_PATH=/home/moveit/install/moveit_ros_planning/lib:/home/moveit/install/moveit_ros_occupancy_map_monitor/lib:/home/moveit/install/moveit_core/lib:/home/moveit/install/moveit_msgs/lib:${LD_LIBRARY_PATH} PATH=/home/moveit/install/moveit_core/bin:${PATH} PYTHONPATH=/home/moveit/install/moveit_msgs/local/lib/python3.10/dist-packages:/home/moveit/install/moveit_configs_utils/lib/python3.10/site-packages:${PYTHONPATH} /usr/bin/cmake /home/moveit/src/moveit2/moveit_kinematics -DCMAKE_BUILD_TYPE=Release -DCMAKE_INSTALL_PREFIX=/home/moveit/install/moveit_kinematics
[0.075s] -- The CXX compiler identification is GNU 11.4.0
[0.081s] -- Detecting CXX compiler ABI info
[0.151s] -- Detecting CXX compiler ABI info - done
[0.156s] -- Check for working CXX compiler: /usr/bin/c++ - skipped
[0.156s] -- Detecting CXX compile features
[0.156s] -- Detecting CXX compile features - done
[0.158s] -- Found moveit_common: 2.9.0 (/home/moveit/install/moveit_common/share/moveit_common/cmake)
[0.162s] -- Found ament_cmake: 1.3.9 (/opt/ros/humble/share/ament_cmake/cmake)
[0.280s] -- Found Python3: /usr/bin/python3 (found version "3.10.12") found components: Interpreter 
[0.438s] -- Found libdw: /usr/lib/x86_64-linux-gnu/libdw.so  
[0.442s] -- Could NOT find libbfd (missing: LIBBFD_LIBRARY LIBBFD_INCLUDE_DIR) 
[0.442s] -- BACKWARD_HAS_UNWIND=1
[0.442s] -- BACKWARD_HAS_BACKTRACE=0
[0.442s] -- BACKWARD_HAS_BACKTRACE_SYMBOL=0
[0.442s] -- BACKWARD_HAS_DW=1
[0.442s] -- BACKWARD_HAS_BFD=0
[0.443s] -- Found Backward: /opt/ros/humble/share/backward_ros/cmake  
[0.456s] -- Found class_loader: 2.2.0 (/opt/ros/humble/share/class_loader/cmake)
[0.481s] -- Found generate_parameter_library: 0.3.8 (/opt/ros/humble/share/generate_parameter_library/cmake)
[0.489s] -- Found parameter_traits: 0.3.8 (/opt/ros/humble/share/parameter_traits/cmake)
[0.542s] -- Found rosidl_generator_c: 3.1.5 (/opt/ros/humble/share/rosidl_generator_c/cmake)
[0.551s] -- Found rosidl_adapter: 3.1.5 (/opt/ros/humble/share/rosidl_adapter/cmake)
[0.563s] -- Found rosidl_generator_cpp: 3.1.5 (/opt/ros/humble/share/rosidl_generator_cpp/cmake)
[0.586s] -- Using all available rosidl_typesupport_c: rosidl_typesupport_fastrtps_c;rosidl_typesupport_introspection_c
[0.603s] -- Using all available rosidl_typesupport_cpp: rosidl_typesupport_fastrtps_cpp;rosidl_typesupport_introspection_cpp
[0.680s] -- Found rmw_implementation_cmake: 6.1.2 (/opt/ros/humble/share/rmw_implementation_cmake/cmake)
[0.685s] -- Found rmw_cyclonedds_cpp: 1.3.4 (/opt/ros/humble/share/rmw_cyclonedds_cpp/cmake)
[0.720s] -- Using RMW implementation 'rmw_cyclonedds_cpp' as default
[0.736s] -- Looking for C++ include pthread.h
[0.832s] -- Looking for C++ include pthread.h - found
[0.833s] -- Performing Test CMAKE_HAVE_LIBC_PTHREAD
[0.927s] -- Performing Test CMAKE_HAVE_LIBC_PTHREAD - Success
[0.928s] -- Found Threads: TRUE  
[1.080s] -- Found rclcpp_lifecycle: 16.0.9 (/opt/ros/humble/share/rclcpp_lifecycle/cmake)
[1.119s] -- Found kdl_parser: 2.6.4 (/opt/ros/humble/share/kdl_parser/cmake)
[1.133s] -- Found eigen3_cmake_module: 0.1.1 (/opt/ros/humble/share/eigen3_cmake_module/cmake)
[1.133s] -- Found Eigen3: TRUE (found version "3.4.0") 
[1.133s] -- Ensuring Eigen3 include directory is part of orocos-kdl CMake target
[1.138s] -- Found moveit_core: 2.9.0 (/home/moveit/install/moveit_core/share/moveit_core/cmake)
[1.196s] -- Found Boost: /usr/lib/x86_64-linux-gnu/cmake/Boost-1.74.0/BoostConfig.cmake (found version "1.74.0") found components: chrono date_time filesystem iostreams program_options regex serialization system thread 
[1.236s] -- Found Boost: /usr/lib/x86_64-linux-gnu/cmake/Boost-1.74.0/BoostConfig.cmake (found version "1.74.0") found components: filesystem 
[1.374s] -- library: /usr/lib/x86_64-linux-gnu/libcurl.so
[2.501s] -- Found moveit_ros_planning: 2.9.0 (/home/moveit/install/moveit_ros_planning/share/moveit_ros_planning/cmake)
[2.505s] -- Found Boost: /usr/lib/x86_64-linux-gnu/cmake/Boost-1.74.0/BoostConfig.cmake (found version "1.74.0") found components: system filesystem date_time program_options thread chrono 
[2.834s] -- Found Boost: /usr/lib/x86_64-linux-gnu/cmake/Boost-1.74.0/BoostConfig.cmake (found version "1.74.0") found components: program_options system 
[2.891s] -- Found ament_cmake_gtest: 1.3.9 (/opt/ros/humble/share/ament_cmake_gtest/cmake)
[2.896s] -- Found ros_testing: 0.4.0 (/opt/ros/humble/share/ros_testing/cmake)
[2.899s] -- Found launch_testing_ament_cmake: 1.0.6 (/opt/ros/humble/share/launch_testing_ament_cmake/cmake)
[2.903s] -- Found python_cmake_module: 0.10.0 (/opt/ros/humble/share/python_cmake_module/cmake)
[2.921s] -- Found PythonInterp: /usr/bin/python3 (found suitable version "3.10.12", minimum required is "3.6") 
[2.924s] -- Found PythonLibs: /usr/lib/x86_64-linux-gnu/libpython3.10.so (found suitable version "3.10.12", minimum required is "3.5") 
[2.924s] -- Using PYTHON_EXECUTABLE: /usr/bin/python3
[2.924s] -- Using PYTHON_INCLUDE_DIRS: /usr/include/python3.10
[2.924s] -- Using PYTHON_LIBRARIES: /usr/lib/x86_64-linux-gnu/libpython3.10.so
[2.942s] -- Found PythonExtra: .so  
[2.944s] -- Found moveit_resources_fanuc_description: 3.0.0 (/home/moveit/install/moveit_resources_fanuc_description/share/moveit_resources_fanuc_description/cmake)
[2.945s] -- Found moveit_resources_fanuc_moveit_config: 3.0.0 (/home/moveit/install/moveit_resources_fanuc_moveit_config/share/moveit_resources_fanuc_moveit_config/cmake)
[2.946s] -- Found moveit_resources_panda_description: 3.0.0 (/home/moveit/install/moveit_resources_panda_description/share/moveit_resources_panda_description/cmake)
[2.947s] -- Found moveit_resources_panda_moveit_config: 3.0.0 (/home/moveit/install/moveit_resources_panda_moveit_config/share/moveit_resources_panda_moveit_config/cmake)
[2.951s] -- Found gtest sources under '/opt/ros/humble/src/gtest_vendor': C++ tests using 'Google Test' will be built
[2.987s] -- The C compiler identification is GNU 11.4.0
[2.994s] -- Detecting C compiler ABI info
[3.075s] -- Detecting C compiler ABI info - done
[3.080s] -- Check for working C compiler: /usr/bin/cc - skipped
[3.080s] -- Detecting C compile features
[3.081s] -- Detecting C compile features - done
[3.094s] -- Found ament_lint_auto: 0.12.11 (/opt/ros/humble/share/ament_lint_auto/cmake)
[3.108s] -- Found launch_testing_ament_cmake: 1.0.6 (/opt/ros/humble/share/launch_testing_ament_cmake/cmake)
[3.108s] -- Found python_cmake_module: 0.10.0 (/opt/ros/humble/share/python_cmake_module/cmake)
[3.127s] -- Using PYTHON_EXECUTABLE: /usr/bin/python3
[3.127s] -- Using PYTHON_INCLUDE_DIRS: /usr/include/python3.10
[3.127s] -- Using PYTHON_LIBRARIES: /usr/lib/x86_64-linux-gnu/libpython3.10.so
[3.180s] -- Added test 'cppcheck' to perform static code analysis on C / C++ code
[3.180s] -- Configured cppcheck include dirs: /home/moveit/src/moveit2/moveit_kinematics/kdl_kinematics_plugin/include;/home/moveit/src/moveit2/moveit_kinematics/srv_kinematics_plugin/include;/home/moveit/src/moveit2/moveit_kinematics/cached_ik_kinematics_plugin/include
[3.180s] -- Configured cppcheck exclude dirs and/or files: 
[3.181s] -- Added test 'lint_cmake' to check CMake code style
[3.183s] -- Configuring done
[3.279s] -- Generating done
[3.282s] -- Build files have been written to: /home/moveit/build/moveit_kinematics
[3.297s] Invoked command in '/home/moveit/build/moveit_kinematics' returned '0': AMENT_PREFIX_PATH=/home/moveit/install/moveit_ros_planning:/home/moveit/install/moveit_ros_occupancy_map_monitor:/home/moveit/install/moveit_core:/home/moveit/install/moveit_resources_panda_moveit_config:/home/moveit/install/moveit_resources_fanuc_moveit_config:/home/moveit/install/moveit_resources_panda_description:/home/moveit/install/moveit_resources_fanuc_description:/home/moveit/install/moveit_msgs:/home/moveit/install/moveit_configs_utils:/home/moveit/install/moveit_common:${AMENT_PREFIX_PATH} CMAKE_PREFIX_PATH=/home/moveit/install/moveit_ros_planning:/home/moveit/install/moveit_ros_occupancy_map_monitor:/home/moveit/install/moveit_core:/home/moveit/install/moveit_resources_panda_moveit_config:/home/moveit/install/moveit_resources_fanuc_moveit_config:/home/moveit/install/moveit_resources_panda_description:/home/moveit/install/moveit_resources_fanuc_description:/home/moveit/install/moveit_msgs:/home/moveit/install/moveit_common:/opt/ros/humble LD_LIBRARY_PATH=/home/moveit/install/moveit_ros_planning/lib:/home/moveit/install/moveit_ros_occupancy_map_monitor/lib:/home/moveit/install/moveit_core/lib:/home/moveit/install/moveit_msgs/lib:${LD_LIBRARY_PATH} PATH=/home/moveit/install/moveit_core/bin:${PATH} PYTHONPATH=/home/moveit/install/moveit_msgs/local/lib/python3.10/dist-packages:/home/moveit/install/moveit_configs_utils/lib/python3.10/site-packages:${PYTHONPATH} /usr/bin/cmake /home/moveit/src/moveit2/moveit_kinematics -DCMAKE_BUILD_TYPE=Release -DCMAKE_INSTALL_PREFIX=/home/moveit/install/moveit_kinematics
[3.299s] Invoking command in '/home/moveit/build/moveit_kinematics': AMENT_PREFIX_PATH=/home/moveit/install/moveit_ros_planning:/home/moveit/install/moveit_ros_occupancy_map_monitor:/home/moveit/install/moveit_core:/home/moveit/install/moveit_resources_panda_moveit_config:/home/moveit/install/moveit_resources_fanuc_moveit_config:/home/moveit/install/moveit_resources_panda_description:/home/moveit/install/moveit_resources_fanuc_description:/home/moveit/install/moveit_msgs:/home/moveit/install/moveit_configs_utils:/home/moveit/install/moveit_common:${AMENT_PREFIX_PATH} CMAKE_PREFIX_PATH=/home/moveit/install/moveit_ros_planning:/home/moveit/install/moveit_ros_occupancy_map_monitor:/home/moveit/install/moveit_core:/home/moveit/install/moveit_resources_panda_moveit_config:/home/moveit/install/moveit_resources_fanuc_moveit_config:/home/moveit/install/moveit_resources_panda_description:/home/moveit/install/moveit_resources_fanuc_description:/home/moveit/install/moveit_msgs:/home/moveit/install/moveit_common:/opt/ros/humble LD_LIBRARY_PATH=/home/moveit/install/moveit_ros_planning/lib:/home/moveit/install/moveit_ros_occupancy_map_monitor/lib:/home/moveit/install/moveit_core/lib:/home/moveit/install/moveit_msgs/lib:${LD_LIBRARY_PATH} PATH=/home/moveit/install/moveit_core/bin:${PATH} PYTHONPATH=/home/moveit/install/moveit_msgs/local/lib/python3.10/dist-packages:/home/moveit/install/moveit_configs_utils/lib/python3.10/site-packages:${PYTHONPATH} /usr/bin/cmake --build /home/moveit/build/moveit_kinematics -- -j16 -l16
[3.351s] [ 25%] [34m[1mRunning `/opt/ros/humble/bin/generate_parameter_library_cpp /home/moveit/build/moveit_kinematics/kdl_kinematics_plugin/kdl_kinematics_parameters/include//kdl_kinematics_parameters.hpp /home/moveit/src/moveit2/moveit_kinematics/kdl_kinematics_plugin/src/kdl_kinematics_parameters.yaml `[0m
[3.352s] [ 25%] [34m[1mRunning `/opt/ros/humble/bin/generate_parameter_library_cpp /home/moveit/build/moveit_kinematics/cached_ik_kinematics_plugin/cached_ik_kinematics_parameters/include//cached_ik_kinematics_parameters.hpp /home/moveit/src/moveit2/moveit_kinematics/cached_ik_kinematics_plugin/include/moveit/cached_ik_kinematics_plugin/cached_ik_kinematics_parameters.yaml `[0m
[3.352s] [ 25%] [32mBuilding CXX object gtest/CMakeFiles/gtest_main.dir/src/gtest_main.cc.o[0m
[3.352s] [ 25%] [32mBuilding CXX object gtest/CMakeFiles/gtest.dir/src/gtest-all.cc.o[0m
[3.352s] [ 25%] [34m[1mRunning `/opt/ros/humble/bin/generate_parameter_library_cpp /home/moveit/build/moveit_kinematics/srv_kinematics_plugin/srv_kinematics_parameters/include//srv_kinematics_parameters.hpp /home/moveit/src/moveit2/moveit_kinematics/srv_kinematics_plugin/src/srv_kinematics_parameters.yaml `[0m
[3.352s] [ 30%] [32mBuilding CXX object test/CMakeFiles/benchmark_ik.dir/benchmark_ik.cpp.o[0m
[3.527s] [ 30%] Built target srv_kinematics_parameters
[3.562s] [ 35%] [32mBuilding CXX object srv_kinematics_plugin/CMakeFiles/moveit_srv_kinematics_plugin.dir/src/srv_kinematics_plugin.cpp.o[0m
[3.596s] [ 35%] Built target cached_ik_kinematics_parameters
[3.642s] [ 35%] Built target kdl_kinematics_parameters
[3.675s] [ 45%] [32mBuilding CXX object kdl_kinematics_plugin/CMakeFiles/moveit_kdl_kinematics_plugin.dir/src/kdl_kinematics_plugin.cpp.o[0m
[3.675s] [ 45%] [32mBuilding CXX object kdl_kinematics_plugin/CMakeFiles/moveit_kdl_kinematics_plugin.dir/src/chainiksolver_vel_mimic_svd.cpp.o[0m
[4.515s] [ 50%] [32m[1mLinking CXX static library libgtest_main.a[0m
[4.573s] [ 50%] Built target gtest_main
[10.372s] [ 55%] [32m[1mLinking CXX static library libgtest.a[0m
[10.423s] [ 55%] Built target gtest
[13.146s] [ 60%] [32m[1mLinking CXX shared library libmoveit_srv_kinematics_plugin.so[0m
[13.312s] [ 60%] Built target moveit_srv_kinematics_plugin
[15.110s] [ 65%] [32m[1mLinking CXX executable benchmark_ik[0m
[15.126s] [ 70%] [32m[1mLinking CXX shared library libmoveit_kdl_kinematics_plugin.so[0m
[15.302s] [ 70%] Built target moveit_kdl_kinematics_plugin
[15.326s] [ 80%] [32mBuilding CXX object cached_ik_kinematics_plugin/CMakeFiles/moveit_cached_ik_kinematics_base.dir/src/ik_cache.cpp.o[0m
[15.326s] [ 80%] [32mBuilding CXX object test/CMakeFiles/test_kinematics_plugin.dir/test_kinematics_plugin.cpp.o[0m
[15.403s] [ 80%] Built target benchmark_ik
[24.837s] [ 85%] [32m[1mLinking CXX shared library libmoveit_cached_ik_kinematics_base.so[0m
[25.008s] [ 85%] Built target moveit_cached_ik_kinematics_base
[25.033s] [ 90%] [32mBuilding CXX object cached_ik_kinematics_plugin/CMakeFiles/moveit_cached_ik_kinematics_plugin.dir/src/cached_ik_kinematics_plugin.cpp.o[0m
[32.537s] [ 95%] [32m[1mLinking CXX shared library libmoveit_cached_ik_kinematics_plugin.so[0m
[32.688s] [ 95%] Built target moveit_cached_ik_kinematics_plugin
[33.205s] [100%] [32m[1mLinking CXX executable test_kinematics_plugin[0m
[33.482s] [100%] Built target test_kinematics_plugin
[33.494s] Invoked command in '/home/moveit/build/moveit_kinematics' returned '0': AMENT_PREFIX_PATH=/home/moveit/install/moveit_ros_planning:/home/moveit/install/moveit_ros_occupancy_map_monitor:/home/moveit/install/moveit_core:/home/moveit/install/moveit_resources_panda_moveit_config:/home/moveit/install/moveit_resources_fanuc_moveit_config:/home/moveit/install/moveit_resources_panda_description:/home/moveit/install/moveit_resources_fanuc_description:/home/moveit/install/moveit_msgs:/home/moveit/install/moveit_configs_utils:/home/moveit/install/moveit_common:${AMENT_PREFIX_PATH} CMAKE_PREFIX_PATH=/home/moveit/install/moveit_ros_planning:/home/moveit/install/moveit_ros_occupancy_map_monitor:/home/moveit/install/moveit_core:/home/moveit/install/moveit_resources_panda_moveit_config:/home/moveit/install/moveit_resources_fanuc_moveit_config:/home/moveit/install/moveit_resources_panda_description:/home/moveit/install/moveit_resources_fanuc_description:/home/moveit/install/moveit_msgs:/home/moveit/install/moveit_common:/opt/ros/humble LD_LIBRARY_PATH=/home/moveit/install/moveit_ros_planning/lib:/home/moveit/install/moveit_ros_occupancy_map_monitor/lib:/home/moveit/install/moveit_core/lib:/home/moveit/install/moveit_msgs/lib:${LD_LIBRARY_PATH} PATH=/home/moveit/install/moveit_core/bin:${PATH} PYTHONPATH=/home/moveit/install/moveit_msgs/local/lib/python3.10/dist-packages:/home/moveit/install/moveit_configs_utils/lib/python3.10/site-packages:${PYTHONPATH} /usr/bin/cmake --build /home/moveit/build/moveit_kinematics -- -j16 -l16
[33.524s] Invoking command in '/home/moveit/build/moveit_kinematics': AMENT_PREFIX_PATH=/home/moveit/install/moveit_ros_planning:/home/moveit/install/moveit_ros_occupancy_map_monitor:/home/moveit/install/moveit_core:/home/moveit/install/moveit_resources_panda_moveit_config:/home/moveit/install/moveit_resources_fanuc_moveit_config:/home/moveit/install/moveit_resources_panda_description:/home/moveit/install/moveit_resources_fanuc_description:/home/moveit/install/moveit_msgs:/home/moveit/install/moveit_configs_utils:/home/moveit/install/moveit_common:${AMENT_PREFIX_PATH} CMAKE_PREFIX_PATH=/home/moveit/install/moveit_ros_planning:/home/moveit/install/moveit_ros_occupancy_map_monitor:/home/moveit/install/moveit_core:/home/moveit/install/moveit_resources_panda_moveit_config:/home/moveit/install/moveit_resources_fanuc_moveit_config:/home/moveit/install/moveit_resources_panda_description:/home/moveit/install/moveit_resources_fanuc_description:/home/moveit/install/moveit_msgs:/home/moveit/install/moveit_common:/opt/ros/humble LD_LIBRARY_PATH=/home/moveit/install/moveit_ros_planning/lib:/home/moveit/install/moveit_ros_occupancy_map_monitor/lib:/home/moveit/install/moveit_core/lib:/home/moveit/install/moveit_msgs/lib:${LD_LIBRARY_PATH} PATH=/home/moveit/install/moveit_core/bin:${PATH} PYTHONPATH=/home/moveit/install/moveit_msgs/local/lib/python3.10/dist-packages:/home/moveit/install/moveit_configs_utils/lib/python3.10/site-packages:${PYTHONPATH} /usr/bin/cmake --install /home/moveit/build/moveit_kinematics
[33.531s] -- Install configuration: "Release"
[33.531s] -- Installing: /home/moveit/install/moveit_kinematics/share/moveit_kinematics/kdl_kinematics_plugin_description.xml
[33.531s] -- Installing: /home/moveit/install/moveit_kinematics/share/moveit_kinematics/srv_kinematics_plugin_description.xml
[33.532s] -- Installing: /home/moveit/install/moveit_kinematics/share/moveit_kinematics/cached_ik_kinematics_plugin_description.xml
[33.532s] -- Installing: /home/moveit/install/moveit_kinematics/include/cached_ik_kinematics_parameters
[33.532s] -- Installing: /home/moveit/install/moveit_kinematics/include/cached_ik_kinematics_parameters/cached_ik_kinematics_parameters.hpp
[33.532s] -- Installing: /home/moveit/install/moveit_kinematics/include/moveit_kinematics
[33.532s] -- Installing: /home/moveit/install/moveit_kinematics/include/moveit_kinematics/moveit
[33.532s] -- Installing: /home/moveit/install/moveit_kinematics/include/moveit_kinematics/moveit/cached_ik_kinematics_plugin
[33.532s] -- Installing: /home/moveit/install/moveit_kinematics/include/moveit_kinematics/moveit/cached_ik_kinematics_plugin/cached_ik_kinematics_plugin.h
[33.533s] -- Installing: /home/moveit/install/moveit_kinematics/include/moveit_kinematics/moveit/cached_ik_kinematics_plugin/detail
[33.533s] -- Installing: /home/moveit/install/moveit_kinematics/include/moveit_kinematics/moveit/cached_ik_kinematics_plugin/detail/GreedyKCenters.h
[33.533s] -- Installing: /home/moveit/install/moveit_kinematics/include/moveit_kinematics/moveit/cached_ik_kinematics_plugin/detail/NearestNeighbors.h
[33.533s] -- Installing: /home/moveit/install/moveit_kinematics/include/moveit_kinematics/moveit/cached_ik_kinematics_plugin/detail/NearestNeighborsGNAT.h
[33.533s] -- Installing: /home/moveit/install/moveit_kinematics/include/moveit_kinematics/moveit/cached_ik_kinematics_plugin/cached_ik_kinematics_parameters.yaml
[33.533s] -- Installing: /home/moveit/install/moveit_kinematics/include/moveit_kinematics/moveit/cached_ik_kinematics_plugin/cached_ik_kinematics_plugin-inl.h
[33.533s] -- Installing: /home/moveit/install/moveit_kinematics/share/moveit_kinematics/launch
[33.534s] -- Installing: /home/moveit/install/moveit_kinematics/share/moveit_kinematics/launch/measure_ik_call_cost.launch
[33.534s] -- Installing: /home/moveit/install/moveit_kinematics/lib/moveit_kinematics/auto_create_ikfast_moveit_plugin.sh
[33.534s] -- Installing: /home/moveit/install/moveit_kinematics/lib/moveit_kinematics/create_ikfast_moveit_plugin.py
[33.534s] -- Installing: /home/moveit/install/moveit_kinematics/lib/moveit_kinematics/round_collada_numbers.py
[33.535s] -- Installing: /home/moveit/install/moveit_kinematics/share/moveit_kinematics/ikfast_kinematics_plugin/templates
[33.535s] -- Installing: /home/moveit/install/moveit_kinematics/share/moveit_kinematics/ikfast_kinematics_plugin/templates/ikfast61_moveit_plugin_template.cpp
[33.535s] -- Installing: /home/moveit/install/moveit_kinematics/share/moveit_kinematics/ikfast_kinematics_plugin/templates/ikfast_kinematics_parameters.yaml
[33.535s] -- Installing: /home/moveit/install/moveit_kinematics/share/moveit_kinematics/ikfast_kinematics_plugin/templates/ikfast.h
[33.535s] -- Installing: /home/moveit/install/moveit_kinematics/share/moveit_kinematics/ikfast_kinematics_plugin/templates/CMakeLists.txt
[33.536s] -- Installing: /home/moveit/install/moveit_kinematics/include/kdl_kinematics_parameters
[33.536s] -- Installing: /home/moveit/install/moveit_kinematics/include/kdl_kinematics_parameters/kdl_kinematics_parameters.hpp
[33.536s] -- Up-to-date: /home/moveit/install/moveit_kinematics/include/moveit_kinematics
[33.536s] -- Up-to-date: /home/moveit/install/moveit_kinematics/include/moveit_kinematics/moveit
[33.536s] -- Installing: /home/moveit/install/moveit_kinematics/include/moveit_kinematics/moveit/kdl_kinematics_plugin
[33.536s] -- Installing: /home/moveit/install/moveit_kinematics/include/moveit_kinematics/moveit/kdl_kinematics_plugin/chainiksolver_vel_mimic_svd.hpp
[33.537s] -- Installing: /home/moveit/install/moveit_kinematics/include/moveit_kinematics/moveit/kdl_kinematics_plugin/joint_mimic.hpp
[33.537s] -- Installing: /home/moveit/install/moveit_kinematics/include/moveit_kinematics/moveit/kdl_kinematics_plugin/kdl_kinematics_plugin.h
[33.537s] -- Installing: /home/moveit/install/moveit_kinematics/include/srv_kinematics_parameters
[33.537s] -- Installing: /home/moveit/install/moveit_kinematics/include/srv_kinematics_parameters/srv_kinematics_parameters.hpp
[33.537s] -- Up-to-date: /home/moveit/install/moveit_kinematics/include/moveit_kinematics
[33.537s] -- Up-to-date: /home/moveit/install/moveit_kinematics/include/moveit_kinematics/moveit
[33.537s] -- Installing: /home/moveit/install/moveit_kinematics/include/moveit_kinematics/moveit/srv_kinematics_plugin
[33.537s] -- Installing: /home/moveit/install/moveit_kinematics/include/moveit_kinematics/moveit/srv_kinematics_plugin/srv_kinematics_plugin.h
[33.537s] -- Installing: /home/moveit/install/moveit_kinematics/share/moveit_kinematics/config
[33.537s] -- Installing: /home/moveit/install/moveit_kinematics/share/moveit_kinematics/config/panda-kdl-singular-test.yaml
[33.538s] -- Installing: /home/moveit/install/moveit_kinematics/share/moveit_kinematics/config/fanuc-kdl-singular-test.yaml
[33.538s] -- Installing: /home/moveit/install/moveit_kinematics/share/moveit_kinematics/config/panda-kdl-test.yaml
[33.538s] -- Installing: /home/moveit/install/moveit_kinematics/share/moveit_kinematics/config/fanuc-kdl-test.yaml
[33.538s] -- Up-to-date: /home/moveit/install/moveit_kinematics/share/moveit_kinematics/launch
[33.538s] -- Installing: /home/moveit/install/moveit_kinematics/share/moveit_kinematics/launch/fanuc-kdl-singular.test.py
[33.538s] -- Installing: /home/moveit/install/moveit_kinematics/share/moveit_kinematics/launch/panda-kdl-singular.test.py
[33.538s] -- Installing: /home/moveit/install/moveit_kinematics/share/moveit_kinematics/launch/fanuc-kdl.test.py
[33.538s] -- Installing: /home/moveit/install/moveit_kinematics/share/moveit_kinematics/launch/panda-kdl.test.py
[33.539s] -- Installing: /home/moveit/install/moveit_kinematics/lib/moveit_kinematics/benchmark_ik
[33.539s] -- Set runtime path of "/home/moveit/install/moveit_kinematics/lib/moveit_kinematics/benchmark_ik" to ""
[33.539s] -- Installing: /home/moveit/install/moveit_kinematics/lib/moveit_kinematics/test_kinematics_plugin
[33.541s] -- Set runtime path of "/home/moveit/install/moveit_kinematics/lib/moveit_kinematics/test_kinematics_plugin" to ""
[33.541s] -- Installing: /home/moveit/install/moveit_kinematics/lib/libmoveit_cached_ik_kinematics_base.so.2.9.0
[33.542s] -- Set runtime path of "/home/moveit/install/moveit_kinematics/lib/libmoveit_cached_ik_kinematics_base.so.2.9.0" to ""
[33.542s] -- Installing: /home/moveit/install/moveit_kinematics/lib/libmoveit_cached_ik_kinematics_base.so
[33.542s] -- Installing: /home/moveit/install/moveit_kinematics/lib/libmoveit_cached_ik_kinematics_plugin.so.2.9.0
[33.542s] -- Set runtime path of "/home/moveit/install/moveit_kinematics/lib/libmoveit_cached_ik_kinematics_plugin.so.2.9.0" to ""
[33.542s] -- Installing: /home/moveit/install/moveit_kinematics/lib/libmoveit_cached_ik_kinematics_plugin.so
[33.543s] -- Installing: /home/moveit/install/moveit_kinematics/lib/libmoveit_kdl_kinematics_plugin.so
[33.543s] -- Set runtime path of "/home/moveit/install/moveit_kinematics/lib/libmoveit_kdl_kinematics_plugin.so" to ""
[33.544s] -- Installing: /home/moveit/install/moveit_kinematics/lib/libmoveit_srv_kinematics_plugin.so.2.9.0
[33.544s] -- Set runtime path of "/home/moveit/install/moveit_kinematics/lib/libmoveit_srv_kinematics_plugin.so.2.9.0" to ""
[33.544s] -- Installing: /home/moveit/install/moveit_kinematics/lib/libmoveit_srv_kinematics_plugin.so
[33.545s] -- Installing: /home/moveit/install/moveit_kinematics/share/moveit_kinematics/environment/library_path.sh
[33.545s] -- Installing: /home/moveit/install/moveit_kinematics/share/moveit_kinematics/environment/library_path.dsv
[33.545s] -- Installing: /home/moveit/install/moveit_kinematics/share/ament_index/resource_index/package_run_dependencies/moveit_kinematics
[33.545s] -- Installing: /home/moveit/install/moveit_kinematics/share/ament_index/resource_index/parent_prefix_path/moveit_kinematics
[33.545s] -- Installing: /home/moveit/install/moveit_kinematics/share/moveit_kinematics/environment/ament_prefix_path.sh
[33.545s] -- Installing: /home/moveit/install/moveit_kinematics/share/moveit_kinematics/environment/ament_prefix_path.dsv
[33.545s] -- Installing: /home/moveit/install/moveit_kinematics/share/moveit_kinematics/environment/path.sh
[33.546s] -- Installing: /home/moveit/install/moveit_kinematics/share/moveit_kinematics/environment/path.dsv
[33.546s] -- Installing: /home/moveit/install/moveit_kinematics/share/moveit_kinematics/local_setup.bash
[33.546s] -- Installing: /home/moveit/install/moveit_kinematics/share/moveit_kinematics/local_setup.sh
[33.546s] -- Installing: /home/moveit/install/moveit_kinematics/share/moveit_kinematics/local_setup.zsh
[33.546s] -- Installing: /home/moveit/install/moveit_kinematics/share/moveit_kinematics/local_setup.dsv
[33.546s] -- Installing: /home/moveit/install/moveit_kinematics/share/moveit_kinematics/package.dsv
[33.546s] -- Installing: /home/moveit/install/moveit_kinematics/share/ament_index/resource_index/packages/moveit_kinematics
[33.547s] -- Installing: /home/moveit/install/moveit_kinematics/share/ament_index/resource_index/moveit_core__pluginlib__plugin/moveit_kinematics
[33.547s] -- Installing: /home/moveit/install/moveit_kinematics/share/moveit_kinematics/cmake/moveit_kinematicsTargetsExport.cmake
[33.547s] -- Installing: /home/moveit/install/moveit_kinematics/share/moveit_kinematics/cmake/moveit_kinematicsTargetsExport-release.cmake
[33.547s] -- Installing: /home/moveit/install/moveit_kinematics/share/moveit_kinematics/cmake/ConfigExtras.cmake
[33.547s] -- Installing: /home/moveit/install/moveit_kinematics/share/moveit_kinematics/cmake/ament_cmake_export_targets-extras.cmake
[33.547s] -- Installing: /home/moveit/install/moveit_kinematics/share/moveit_kinematics/cmake/ament_cmake_export_dependencies-extras.cmake
[33.547s] -- Installing: /home/moveit/install/moveit_kinematics/share/moveit_kinematics/cmake/moveit_kinematicsConfig.cmake
[33.548s] -- Installing: /home/moveit/install/moveit_kinematics/share/moveit_kinematics/cmake/moveit_kinematicsConfig-version.cmake
[33.548s] -- Installing: /home/moveit/install/moveit_kinematics/share/moveit_kinematics/package.xml
[33.550s] Invoked command in '/home/moveit/build/moveit_kinematics' returned '0': AMENT_PREFIX_PATH=/home/moveit/install/moveit_ros_planning:/home/moveit/install/moveit_ros_occupancy_map_monitor:/home/moveit/install/moveit_core:/home/moveit/install/moveit_resources_panda_moveit_config:/home/moveit/install/moveit_resources_fanuc_moveit_config:/home/moveit/install/moveit_resources_panda_description:/home/moveit/install/moveit_resources_fanuc_description:/home/moveit/install/moveit_msgs:/home/moveit/install/moveit_configs_utils:/home/moveit/install/moveit_common:${AMENT_PREFIX_PATH} CMAKE_PREFIX_PATH=/home/moveit/install/moveit_ros_planning:/home/moveit/install/moveit_ros_occupancy_map_monitor:/home/moveit/install/moveit_core:/home/moveit/install/moveit_resources_panda_moveit_config:/home/moveit/install/moveit_resources_fanuc_moveit_config:/home/moveit/install/moveit_resources_panda_description:/home/moveit/install/moveit_resources_fanuc_description:/home/moveit/install/moveit_msgs:/home/moveit/install/moveit_common:/opt/ros/humble LD_LIBRARY_PATH=/home/moveit/install/moveit_ros_planning/lib:/home/moveit/install/moveit_ros_occupancy_map_monitor/lib:/home/moveit/install/moveit_core/lib:/home/moveit/install/moveit_msgs/lib:${LD_LIBRARY_PATH} PATH=/home/moveit/install/moveit_core/bin:${PATH} PYTHONPATH=/home/moveit/install/moveit_msgs/local/lib/python3.10/dist-packages:/home/moveit/install/moveit_configs_utils/lib/python3.10/site-packages:${PYTHONPATH} /usr/bin/cmake --install /home/moveit/build/moveit_kinematics
