[0.068s] Invoking command in '/home/moveit/build/pilz_industrial_motion_planner': AMENT_PREFIX_PATH=/home/moveit/install/moveit_configs_utils:/home/humble_ws/install/moveit_rolling_humble_interface:/home/humble_ws/install/kortex_interface:/home/humble_ws/install/attempt_py_moveit:/home/humble_ws/install/antworker_navigation:/home/humble_ws/install/antworker_moveit_description:/home/humble_ws/install/antworker_isaacsim_world:/home/humble_ws/install/antworker_description:/home/moveit/install/pilz_industrial_motion_planner_testutils:/home/moveit/install/moveit_runtime:/home/moveit/install/moveit:/home/moveit/install/moveit_planners:/home/moveit/install/pilz_industrial_motion_planner:/home/moveit/install/moveit_ros_control_interface:/home/moveit/install/moveit_plugins:/home/moveit/install/moveit_simple_controller_manager:/home/moveit/install/moveit_setup_assistant:/home/moveit/install/moveit_setup_srdf_plugins:/home/moveit/install/moveit_setup_core_plugins:/home/moveit/install/moveit_setup_controllers:/home/moveit/install/moveit_setup_app_plugins:/home/moveit/install/moveit_setup_framework:/home/moveit/install/moveit_servo:/home/moveit/install/moveit_ros:/home/moveit/install/moveit_ros_visualization:/home/moveit/install/moveit_py:/home/moveit/install/moveit_hybrid_planning:/home/moveit/install/moveit_ros_planning_interface:/home/moveit/install/moveit_ros_benchmarks:/home/moveit/install/moveit_ros_warehouse:/home/moveit/install/moveit_ros_robot_interaction:/home/moveit/install/moveit_ros_perception:/home/moveit/install/moveit_resources_prbt_pg70_support:/home/moveit/install/moveit_resources_prbt_moveit_config:/home/moveit/install/moveit_ros_move_group:/home/moveit/install/moveit_planners_ompl:/home/moveit/install/moveit_kinematics:/home/moveit/install/moveit_ros_planning:/home/moveit/install/moveit_ros_occupancy_map_monitor:/home/moveit/install/moveit_resources_prbt_support:/home/moveit/install/moveit_resources_prbt_ikfast_manipulator_plugin:/home/moveit/install/moveit_resources:/home/moveit/install/moveit_resources_pr2_description:/home/moveit/install/moveit_resources_panda_moveit_config:/home/moveit/install/dual_arm_panda_moveit_config:/home/moveit/install/moveit_resources_panda_description:/home/moveit/install/moveit_resources_fanuc_moveit_config:/home/moveit/install/moveit_resources_fanuc_description:/home/moveit/install/moveit_planners_stomp:/home/moveit/install/moveit_planners_chomp:/home/moveit/install/chomp_motion_planner:/home/moveit/install/moveit_core:/home/moveit/install/moveit_msgs:/home/moveit/install/moveit_common:/opt/ros/humble CMAKE_PREFIX_PATH=/home/moveit/install/moveit_resources_prbt_pg70_support:/home/moveit/install/moveit_ros_planning_interface:/home/moveit/install/moveit_resources_prbt_moveit_config:/home/moveit/install/moveit_ros_move_group:/home/moveit/install/moveit_ros_warehouse:/home/moveit/install/moveit_kinematics:/home/moveit/install/moveit_ros_planning:/home/moveit/install/pilz_industrial_motion_planner_testutils:/home/moveit/install/moveit_ros_occupancy_map_monitor:/home/moveit/install/moveit_resources_prbt_ikfast_manipulator_plugin:/home/moveit/install/moveit_core:/home/moveit/install/moveit_resources_panda_moveit_config:/home/moveit/install/moveit_resources_prbt_support:/home/moveit/install/moveit_resources_panda_description:/home/moveit/install/moveit_msgs:/home/moveit/install/moveit_common:/home/humble_ws/install/antworker_moveit_description:/home/moveit/install/moveit_runtime:/home/moveit/install/moveit:/home/moveit/install/moveit_planners:/home/moveit/install/pilz_industrial_motion_planner:/home/moveit/install/moveit_ros_control_interface:/home/moveit/install/moveit_plugins:/home/moveit/install/moveit_simple_controller_manager:/home/moveit/install/moveit_setup_assistant:/home/moveit/install/moveit_setup_srdf_plugins:/home/moveit/install/moveit_setup_core_plugins:/home/moveit/install/moveit_setup_controllers:/home/moveit/install/moveit_setup_app_plugins:/home/moveit/install/moveit_setup_framework:/home/moveit/install/moveit_servo:/home/moveit/install/moveit_ros:/home/moveit/install/moveit_ros_visualization:/home/moveit/install/moveit_py:/home/moveit/install/moveit_hybrid_planning:/home/moveit/install/moveit_ros_benchmarks:/home/moveit/install/moveit_ros_robot_interaction:/home/moveit/install/moveit_ros_perception:/home/moveit/install/moveit_planners_ompl:/home/moveit/install/moveit_resources:/home/moveit/install/moveit_resources_pr2_description:/home/moveit/install/dual_arm_panda_moveit_config:/home/moveit/install/moveit_resources_fanuc_moveit_config:/home/moveit/install/moveit_resources_fanuc_description:/home/moveit/install/moveit_planners_stomp:/home/moveit/install/moveit_planners_chomp:/home/moveit/install/chomp_motion_planner:/home/humble_ws/install/moveit_rolling_humble_interface:/home/humble_ws/install/kortex_interface:/home/humble_ws/install/attempt_py_moveit:/home/humble_ws/install/antworker_navigation:/home/humble_ws/install/antworker_isaacsim_world:/home/humble_ws/install/antworker_description:/home/moveit/install/moveit_configs_utils:/opt/ros/humble LD_LIBRARY_PATH=/home/moveit/install/moveit_ros_planning_interface/lib:/home/moveit/install/moveit_ros_move_group/lib:/home/moveit/install/moveit_ros_warehouse/lib:/home/moveit/install/moveit_kinematics/lib:/home/moveit/install/moveit_ros_planning/lib:/home/moveit/install/pilz_industrial_motion_planner_testutils/lib:/home/moveit/install/moveit_ros_occupancy_map_monitor/lib:/home/moveit/install/moveit_resources_prbt_ikfast_manipulator_plugin/lib:/home/moveit/install/moveit_core/lib:/home/moveit/install/moveit_msgs/lib:/home/moveit/install/pilz_industrial_motion_planner/lib:/home/moveit/install/moveit_ros_control_interface/lib:/home/moveit/install/moveit_simple_controller_manager/lib:/home/moveit/install/moveit_setup_assistant/lib:/home/moveit/install/moveit_setup_srdf_plugins/lib:/home/moveit/install/moveit_setup_core_plugins/lib:/home/moveit/install/moveit_setup_controllers/lib:/home/moveit/install/moveit_setup_app_plugins/lib:/home/moveit/install/moveit_setup_framework/lib:/home/moveit/install/moveit_servo/lib:/home/moveit/install/moveit_ros_visualization/lib:/home/moveit/install/moveit_py/lib:/home/moveit/install/moveit_hybrid_planning/lib:/home/moveit/install/moveit_ros_benchmarks/lib:/home/moveit/install/moveit_ros_robot_interaction/lib:/home/moveit/install/moveit_ros_perception/lib:/home/moveit/install/moveit_planners_ompl/lib:/home/moveit/install/moveit_planners_stomp/lib:/home/moveit/install/moveit_planners_chomp/lib:/home/moveit/install/chomp_motion_planner/lib:/opt/ros/humble/opt/rviz_ogre_vendor/lib:/opt/ros/humble/lib/x86_64-linux-gnu:/opt/ros/humble/lib PYTHONPATH=/home/moveit/install/moveit_configs_utils/lib/python3.10/site-packages:/home/humble_ws/install/moveit_rolling_humble_interface/lib/python3.10/site-packages:/home/humble_ws/install/kortex_interface/lib/python3.10/site-packages:/home/humble_ws/install/attempt_py_moveit/lib/python3.10/site-packages:/home/humble_ws/install/antworker_navigation/lib/python3.10/site-packages:/home/humble_ws/install/antworker_isaacsim_world/lib/python3.10/site-packages:/home/humble_ws/install/antworker_description/lib/python3.10/site-packages:/home/moveit/install/moveit_py/local/lib/python3.10/dist-packages:/home/moveit/install/moveit_msgs/local/lib/python3.10/dist-packages:/opt/ros/humble/lib/python3.10/site-packages:/opt/ros/humble/local/lib/python3.10/dist-packages /usr/bin/cmake --build /home/moveit/build/pilz_industrial_motion_planner -- -j16 -l16
[0.164s] [  1%] Built target cartesian_limits_parameters
[0.165s] [  3%] Built target gtest_main
[0.165s] [  7%] Built target gmock
[0.168s] [ 10%] Built target gmock_main
[0.168s] [ 12%] Built target gtest
[0.222s] [ 15%] Built target planning_context_loader_base
[0.222s] [ 21%] Built target joint_limits_common
[0.228s] [ 26%] Built target trajectory_generation_common
[0.276s] [ 30%] Built target unittest_joint_limits_container
[0.276s] [ 31%] Built target unittest_joint_limits_validator
[0.282s] [ 33%] Built target unittest_joint_limit
[0.292s] [ 36%] Built target unittest_joint_limits_aggregator
[0.294s] [ 38%] Built target pilz_industrial_motion_planner_test_utils
[0.295s] [ 41%] Built target pilz_industrial_motion_planner
[0.296s] [ 45%] Built target command_list_manager
[0.301s] [ 55%] Built target planning_context_loader_lin
[0.301s] [ 55%] Built target planning_context_loader_ptp
[0.302s] [ 60%] Built target planning_context_loader_circ
[0.324s] [35m[1mConsolidate compiler generated dependencies of target unittest_trajectory_functions[0m
[0.324s] [35m[1mConsolidate compiler generated dependencies of target unittest_pilz_industrial_motion_planner[0m
[0.328s] [35m[1mConsolidate compiler generated dependencies of target sequence_capability[0m
[0.328s] [35m[1mConsolidate compiler generated dependencies of target unittest_planning_context_loaders[0m
[0.330s] [35m[1mConsolidate compiler generated dependencies of target unittest_pilz_industrial_motion_planner_direct[0m
[0.330s] [35m[1mConsolidate compiler generated dependencies of target unittest_trajectory_generator_ptp[0m
[0.332s] [35m[1mConsolidate compiler generated dependencies of target unittest_trajectory_generator_lin[0m
[0.332s] [35m[1mConsolidate compiler generated dependencies of target unittest_planning_context[0m
[0.335s] [35m[1mConsolidate compiler generated dependencies of target unittest_trajectory_blender_transition_window[0m
[0.337s] [35m[1mConsolidate compiler generated dependencies of target unittest_trajectory_generator_circ[0m
[0.357s] [35m[1mConsolidate compiler generated dependencies of target unittest_trajectory_generator_common[0m
[0.358s] [35m[1mConsolidate compiler generated dependencies of target unittest_trajectory_generator[0m
[0.384s] [ 63%] Built target unittest_velocity_profile_atrap
[0.397s] [ 66%] Built target unittest_get_solver_tip_frame
[0.413s] [ 68%] Built target unittest_planning_context_loaders
[0.414s] [ 71%] Built target unittest_trajectory_functions
[0.414s] [ 73%] Built target unittest_pilz_industrial_motion_planner
[0.415s] [ 76%] Built target unittest_pilz_industrial_motion_planner_direct
[0.416s] [ 78%] Built target unittest_planning_context
[0.418s] [ 81%] Built target unittest_trajectory_generator_ptp
[0.418s] [ 83%] Built target unittest_trajectory_generator_lin
[0.432s] [ 86%] Built target unittest_trajectory_generator_circ
[0.435s] [ 88%] Built target unittest_trajectory_generator_common
[0.435s] [ 96%] Built target sequence_capability
[0.435s] [ 96%] Built target unittest_trajectory_blender_transition_window
[0.443s] [100%] Built target unittest_trajectory_generator
[0.465s] Invoked command in '/home/moveit/build/pilz_industrial_motion_planner' returned '0': AMENT_PREFIX_PATH=/home/moveit/install/moveit_configs_utils:/home/humble_ws/install/moveit_rolling_humble_interface:/home/humble_ws/install/kortex_interface:/home/humble_ws/install/attempt_py_moveit:/home/humble_ws/install/antworker_navigation:/home/humble_ws/install/antworker_moveit_description:/home/humble_ws/install/antworker_isaacsim_world:/home/humble_ws/install/antworker_description:/home/moveit/install/pilz_industrial_motion_planner_testutils:/home/moveit/install/moveit_runtime:/home/moveit/install/moveit:/home/moveit/install/moveit_planners:/home/moveit/install/pilz_industrial_motion_planner:/home/moveit/install/moveit_ros_control_interface:/home/moveit/install/moveit_plugins:/home/moveit/install/moveit_simple_controller_manager:/home/moveit/install/moveit_setup_assistant:/home/moveit/install/moveit_setup_srdf_plugins:/home/moveit/install/moveit_setup_core_plugins:/home/moveit/install/moveit_setup_controllers:/home/moveit/install/moveit_setup_app_plugins:/home/moveit/install/moveit_setup_framework:/home/moveit/install/moveit_servo:/home/moveit/install/moveit_ros:/home/moveit/install/moveit_ros_visualization:/home/moveit/install/moveit_py:/home/moveit/install/moveit_hybrid_planning:/home/moveit/install/moveit_ros_planning_interface:/home/moveit/install/moveit_ros_benchmarks:/home/moveit/install/moveit_ros_warehouse:/home/moveit/install/moveit_ros_robot_interaction:/home/moveit/install/moveit_ros_perception:/home/moveit/install/moveit_resources_prbt_pg70_support:/home/moveit/install/moveit_resources_prbt_moveit_config:/home/moveit/install/moveit_ros_move_group:/home/moveit/install/moveit_planners_ompl:/home/moveit/install/moveit_kinematics:/home/moveit/install/moveit_ros_planning:/home/moveit/install/moveit_ros_occupancy_map_monitor:/home/moveit/install/moveit_resources_prbt_support:/home/moveit/install/moveit_resources_prbt_ikfast_manipulator_plugin:/home/moveit/install/moveit_resources:/home/moveit/install/moveit_resources_pr2_description:/home/moveit/install/moveit_resources_panda_moveit_config:/home/moveit/install/dual_arm_panda_moveit_config:/home/moveit/install/moveit_resources_panda_description:/home/moveit/install/moveit_resources_fanuc_moveit_config:/home/moveit/install/moveit_resources_fanuc_description:/home/moveit/install/moveit_planners_stomp:/home/moveit/install/moveit_planners_chomp:/home/moveit/install/chomp_motion_planner:/home/moveit/install/moveit_core:/home/moveit/install/moveit_msgs:/home/moveit/install/moveit_common:/opt/ros/humble CMAKE_PREFIX_PATH=/home/moveit/install/moveit_resources_prbt_pg70_support:/home/moveit/install/moveit_ros_planning_interface:/home/moveit/install/moveit_resources_prbt_moveit_config:/home/moveit/install/moveit_ros_move_group:/home/moveit/install/moveit_ros_warehouse:/home/moveit/install/moveit_kinematics:/home/moveit/install/moveit_ros_planning:/home/moveit/install/pilz_industrial_motion_planner_testutils:/home/moveit/install/moveit_ros_occupancy_map_monitor:/home/moveit/install/moveit_resources_prbt_ikfast_manipulator_plugin:/home/moveit/install/moveit_core:/home/moveit/install/moveit_resources_panda_moveit_config:/home/moveit/install/moveit_resources_prbt_support:/home/moveit/install/moveit_resources_panda_description:/home/moveit/install/moveit_msgs:/home/moveit/install/moveit_common:/home/humble_ws/install/antworker_moveit_description:/home/moveit/install/moveit_runtime:/home/moveit/install/moveit:/home/moveit/install/moveit_planners:/home/moveit/install/pilz_industrial_motion_planner:/home/moveit/install/moveit_ros_control_interface:/home/moveit/install/moveit_plugins:/home/moveit/install/moveit_simple_controller_manager:/home/moveit/install/moveit_setup_assistant:/home/moveit/install/moveit_setup_srdf_plugins:/home/moveit/install/moveit_setup_core_plugins:/home/moveit/install/moveit_setup_controllers:/home/moveit/install/moveit_setup_app_plugins:/home/moveit/install/moveit_setup_framework:/home/moveit/install/moveit_servo:/home/moveit/install/moveit_ros:/home/moveit/install/moveit_ros_visualization:/home/moveit/install/moveit_py:/home/moveit/install/moveit_hybrid_planning:/home/moveit/install/moveit_ros_benchmarks:/home/moveit/install/moveit_ros_robot_interaction:/home/moveit/install/moveit_ros_perception:/home/moveit/install/moveit_planners_ompl:/home/moveit/install/moveit_resources:/home/moveit/install/moveit_resources_pr2_description:/home/moveit/install/dual_arm_panda_moveit_config:/home/moveit/install/moveit_resources_fanuc_moveit_config:/home/moveit/install/moveit_resources_fanuc_description:/home/moveit/install/moveit_planners_stomp:/home/moveit/install/moveit_planners_chomp:/home/moveit/install/chomp_motion_planner:/home/humble_ws/install/moveit_rolling_humble_interface:/home/humble_ws/install/kortex_interface:/home/humble_ws/install/attempt_py_moveit:/home/humble_ws/install/antworker_navigation:/home/humble_ws/install/antworker_isaacsim_world:/home/humble_ws/install/antworker_description:/home/moveit/install/moveit_configs_utils:/opt/ros/humble LD_LIBRARY_PATH=/home/moveit/install/moveit_ros_planning_interface/lib:/home/moveit/install/moveit_ros_move_group/lib:/home/moveit/install/moveit_ros_warehouse/lib:/home/moveit/install/moveit_kinematics/lib:/home/moveit/install/moveit_ros_planning/lib:/home/moveit/install/pilz_industrial_motion_planner_testutils/lib:/home/moveit/install/moveit_ros_occupancy_map_monitor/lib:/home/moveit/install/moveit_resources_prbt_ikfast_manipulator_plugin/lib:/home/moveit/install/moveit_core/lib:/home/moveit/install/moveit_msgs/lib:/home/moveit/install/pilz_industrial_motion_planner/lib:/home/moveit/install/moveit_ros_control_interface/lib:/home/moveit/install/moveit_simple_controller_manager/lib:/home/moveit/install/moveit_setup_assistant/lib:/home/moveit/install/moveit_setup_srdf_plugins/lib:/home/moveit/install/moveit_setup_core_plugins/lib:/home/moveit/install/moveit_setup_controllers/lib:/home/moveit/install/moveit_setup_app_plugins/lib:/home/moveit/install/moveit_setup_framework/lib:/home/moveit/install/moveit_servo/lib:/home/moveit/install/moveit_ros_visualization/lib:/home/moveit/install/moveit_py/lib:/home/moveit/install/moveit_hybrid_planning/lib:/home/moveit/install/moveit_ros_benchmarks/lib:/home/moveit/install/moveit_ros_robot_interaction/lib:/home/moveit/install/moveit_ros_perception/lib:/home/moveit/install/moveit_planners_ompl/lib:/home/moveit/install/moveit_planners_stomp/lib:/home/moveit/install/moveit_planners_chomp/lib:/home/moveit/install/chomp_motion_planner/lib:/opt/ros/humble/opt/rviz_ogre_vendor/lib:/opt/ros/humble/lib/x86_64-linux-gnu:/opt/ros/humble/lib PYTHONPATH=/home/moveit/install/moveit_configs_utils/lib/python3.10/site-packages:/home/humble_ws/install/moveit_rolling_humble_interface/lib/python3.10/site-packages:/home/humble_ws/install/kortex_interface/lib/python3.10/site-packages:/home/humble_ws/install/attempt_py_moveit/lib/python3.10/site-packages:/home/humble_ws/install/antworker_navigation/lib/python3.10/site-packages:/home/humble_ws/install/antworker_isaacsim_world/lib/python3.10/site-packages:/home/humble_ws/install/antworker_description/lib/python3.10/site-packages:/home/moveit/install/moveit_py/local/lib/python3.10/dist-packages:/home/moveit/install/moveit_msgs/local/lib/python3.10/dist-packages:/opt/ros/humble/lib/python3.10/site-packages:/opt/ros/humble/local/lib/python3.10/dist-packages /usr/bin/cmake --build /home/moveit/build/pilz_industrial_motion_planner -- -j16 -l16
[0.730s] Invoking command in '/home/moveit/build/pilz_industrial_motion_planner': AMENT_PREFIX_PATH=/home/moveit/install/moveit_configs_utils:/home/humble_ws/install/moveit_rolling_humble_interface:/home/humble_ws/install/kortex_interface:/home/humble_ws/install/attempt_py_moveit:/home/humble_ws/install/antworker_navigation:/home/humble_ws/install/antworker_moveit_description:/home/humble_ws/install/antworker_isaacsim_world:/home/humble_ws/install/antworker_description:/home/moveit/install/pilz_industrial_motion_planner_testutils:/home/moveit/install/moveit_runtime:/home/moveit/install/moveit:/home/moveit/install/moveit_planners:/home/moveit/install/pilz_industrial_motion_planner:/home/moveit/install/moveit_ros_control_interface:/home/moveit/install/moveit_plugins:/home/moveit/install/moveit_simple_controller_manager:/home/moveit/install/moveit_setup_assistant:/home/moveit/install/moveit_setup_srdf_plugins:/home/moveit/install/moveit_setup_core_plugins:/home/moveit/install/moveit_setup_controllers:/home/moveit/install/moveit_setup_app_plugins:/home/moveit/install/moveit_setup_framework:/home/moveit/install/moveit_servo:/home/moveit/install/moveit_ros:/home/moveit/install/moveit_ros_visualization:/home/moveit/install/moveit_py:/home/moveit/install/moveit_hybrid_planning:/home/moveit/install/moveit_ros_planning_interface:/home/moveit/install/moveit_ros_benchmarks:/home/moveit/install/moveit_ros_warehouse:/home/moveit/install/moveit_ros_robot_interaction:/home/moveit/install/moveit_ros_perception:/home/moveit/install/moveit_resources_prbt_pg70_support:/home/moveit/install/moveit_resources_prbt_moveit_config:/home/moveit/install/moveit_ros_move_group:/home/moveit/install/moveit_planners_ompl:/home/moveit/install/moveit_kinematics:/home/moveit/install/moveit_ros_planning:/home/moveit/install/moveit_ros_occupancy_map_monitor:/home/moveit/install/moveit_resources_prbt_support:/home/moveit/install/moveit_resources_prbt_ikfast_manipulator_plugin:/home/moveit/install/moveit_resources:/home/moveit/install/moveit_resources_pr2_description:/home/moveit/install/moveit_resources_panda_moveit_config:/home/moveit/install/dual_arm_panda_moveit_config:/home/moveit/install/moveit_resources_panda_description:/home/moveit/install/moveit_resources_fanuc_moveit_config:/home/moveit/install/moveit_resources_fanuc_description:/home/moveit/install/moveit_planners_stomp:/home/moveit/install/moveit_planners_chomp:/home/moveit/install/chomp_motion_planner:/home/moveit/install/moveit_core:/home/moveit/install/moveit_msgs:/home/moveit/install/moveit_common:/opt/ros/humble CMAKE_PREFIX_PATH=/home/moveit/install/moveit_resources_prbt_pg70_support:/home/moveit/install/moveit_ros_planning_interface:/home/moveit/install/moveit_resources_prbt_moveit_config:/home/moveit/install/moveit_ros_move_group:/home/moveit/install/moveit_ros_warehouse:/home/moveit/install/moveit_kinematics:/home/moveit/install/moveit_ros_planning:/home/moveit/install/pilz_industrial_motion_planner_testutils:/home/moveit/install/moveit_ros_occupancy_map_monitor:/home/moveit/install/moveit_resources_prbt_ikfast_manipulator_plugin:/home/moveit/install/moveit_core:/home/moveit/install/moveit_resources_panda_moveit_config:/home/moveit/install/moveit_resources_prbt_support:/home/moveit/install/moveit_resources_panda_description:/home/moveit/install/moveit_msgs:/home/moveit/install/moveit_common:/home/humble_ws/install/antworker_moveit_description:/home/moveit/install/moveit_runtime:/home/moveit/install/moveit:/home/moveit/install/moveit_planners:/home/moveit/install/pilz_industrial_motion_planner:/home/moveit/install/moveit_ros_control_interface:/home/moveit/install/moveit_plugins:/home/moveit/install/moveit_simple_controller_manager:/home/moveit/install/moveit_setup_assistant:/home/moveit/install/moveit_setup_srdf_plugins:/home/moveit/install/moveit_setup_core_plugins:/home/moveit/install/moveit_setup_controllers:/home/moveit/install/moveit_setup_app_plugins:/home/moveit/install/moveit_setup_framework:/home/moveit/install/moveit_servo:/home/moveit/install/moveit_ros:/home/moveit/install/moveit_ros_visualization:/home/moveit/install/moveit_py:/home/moveit/install/moveit_hybrid_planning:/home/moveit/install/moveit_ros_benchmarks:/home/moveit/install/moveit_ros_robot_interaction:/home/moveit/install/moveit_ros_perception:/home/moveit/install/moveit_planners_ompl:/home/moveit/install/moveit_resources:/home/moveit/install/moveit_resources_pr2_description:/home/moveit/install/dual_arm_panda_moveit_config:/home/moveit/install/moveit_resources_fanuc_moveit_config:/home/moveit/install/moveit_resources_fanuc_description:/home/moveit/install/moveit_planners_stomp:/home/moveit/install/moveit_planners_chomp:/home/moveit/install/chomp_motion_planner:/home/humble_ws/install/moveit_rolling_humble_interface:/home/humble_ws/install/kortex_interface:/home/humble_ws/install/attempt_py_moveit:/home/humble_ws/install/antworker_navigation:/home/humble_ws/install/antworker_isaacsim_world:/home/humble_ws/install/antworker_description:/home/moveit/install/moveit_configs_utils:/opt/ros/humble LD_LIBRARY_PATH=/home/moveit/install/moveit_ros_planning_interface/lib:/home/moveit/install/moveit_ros_move_group/lib:/home/moveit/install/moveit_ros_warehouse/lib:/home/moveit/install/moveit_kinematics/lib:/home/moveit/install/moveit_ros_planning/lib:/home/moveit/install/pilz_industrial_motion_planner_testutils/lib:/home/moveit/install/moveit_ros_occupancy_map_monitor/lib:/home/moveit/install/moveit_resources_prbt_ikfast_manipulator_plugin/lib:/home/moveit/install/moveit_core/lib:/home/moveit/install/moveit_msgs/lib:/home/moveit/install/pilz_industrial_motion_planner/lib:/home/moveit/install/moveit_ros_control_interface/lib:/home/moveit/install/moveit_simple_controller_manager/lib:/home/moveit/install/moveit_setup_assistant/lib:/home/moveit/install/moveit_setup_srdf_plugins/lib:/home/moveit/install/moveit_setup_core_plugins/lib:/home/moveit/install/moveit_setup_controllers/lib:/home/moveit/install/moveit_setup_app_plugins/lib:/home/moveit/install/moveit_setup_framework/lib:/home/moveit/install/moveit_servo/lib:/home/moveit/install/moveit_ros_visualization/lib:/home/moveit/install/moveit_py/lib:/home/moveit/install/moveit_hybrid_planning/lib:/home/moveit/install/moveit_ros_benchmarks/lib:/home/moveit/install/moveit_ros_robot_interaction/lib:/home/moveit/install/moveit_ros_perception/lib:/home/moveit/install/moveit_planners_ompl/lib:/home/moveit/install/moveit_planners_stomp/lib:/home/moveit/install/moveit_planners_chomp/lib:/home/moveit/install/chomp_motion_planner/lib:/opt/ros/humble/opt/rviz_ogre_vendor/lib:/opt/ros/humble/lib/x86_64-linux-gnu:/opt/ros/humble/lib PYTHONPATH=/home/moveit/install/moveit_configs_utils/lib/python3.10/site-packages:/home/humble_ws/install/moveit_rolling_humble_interface/lib/python3.10/site-packages:/home/humble_ws/install/kortex_interface/lib/python3.10/site-packages:/home/humble_ws/install/attempt_py_moveit/lib/python3.10/site-packages:/home/humble_ws/install/antworker_navigation/lib/python3.10/site-packages:/home/humble_ws/install/antworker_isaacsim_world/lib/python3.10/site-packages:/home/humble_ws/install/antworker_description/lib/python3.10/site-packages:/home/moveit/install/moveit_py/local/lib/python3.10/dist-packages:/home/moveit/install/moveit_msgs/local/lib/python3.10/dist-packages:/opt/ros/humble/lib/python3.10/site-packages:/opt/ros/humble/local/lib/python3.10/dist-packages /usr/bin/cmake --install /home/moveit/build/pilz_industrial_motion_planner
[0.745s] -- Install configuration: "Release"
[0.745s] -- Up-to-date: /home/moveit/install/pilz_industrial_motion_planner/include/cartesian_limits_parameters
[0.745s] -- Up-to-date: /home/moveit/install/pilz_industrial_motion_planner/include/cartesian_limits_parameters/cartesian_limits_parameters.hpp
[0.745s] -- Up-to-date: /home/moveit/install/pilz_industrial_motion_planner/share/pilz_industrial_motion_planner/plugins/pilz_industrial_motion_planner_plugin_description.xml
[0.745s] -- Up-to-date: /home/moveit/install/pilz_industrial_motion_planner/share/pilz_industrial_motion_planner/plugins/sequence_capability_plugin_description.xml
[0.745s] -- Up-to-date: /home/moveit/install/pilz_industrial_motion_planner/share/pilz_industrial_motion_planner/plugins/planning_context_plugin_description.xml
[0.745s] -- Up-to-date: /home/moveit/install/pilz_industrial_motion_planner/lib/libpilz_industrial_motion_planner.so
[0.746s] -- Up-to-date: /home/moveit/install/pilz_industrial_motion_planner/lib/libjoint_limits_common.so
[0.747s] -- Up-to-date: /home/moveit/install/pilz_industrial_motion_planner/lib/libplanning_context_loader_base.so
[0.748s] -- Up-to-date: /home/moveit/install/pilz_industrial_motion_planner/lib/libplanning_context_loader_ptp.so
[0.748s] -- Up-to-date: /home/moveit/install/pilz_industrial_motion_planner/lib/libplanning_context_loader_lin.so
[0.749s] -- Up-to-date: /home/moveit/install/pilz_industrial_motion_planner/lib/libplanning_context_loader_circ.so
[0.750s] -- Up-to-date: /home/moveit/install/pilz_industrial_motion_planner/lib/libcommand_list_manager.so
[0.750s] -- Up-to-date: /home/moveit/install/pilz_industrial_motion_planner/lib/libsequence_capability.so
[0.751s] -- Up-to-date: /home/moveit/install/pilz_industrial_motion_planner/lib/libtrajectory_generation_common.so
[0.751s] -- Up-to-date: /home/moveit/install/pilz_industrial_motion_planner/include/pilz_industrial_motion_planner
[0.751s] -- Up-to-date: /home/moveit/install/pilz_industrial_motion_planner/include/pilz_industrial_motion_planner/joint_limits_copy
[0.752s] -- Up-to-date: /home/moveit/install/pilz_industrial_motion_planner/include/pilz_industrial_motion_planner/joint_limits_copy/joint_limits_rosparam.hpp
[0.752s] -- Up-to-date: /home/moveit/install/pilz_industrial_motion_planner/include/pilz_industrial_motion_planner/joint_limits_copy/joint_limits.hpp
[0.752s] -- Up-to-date: /home/moveit/install/pilz_industrial_motion_planner/include/pilz_industrial_motion_planner/pilz_industrial_motion_planner
[0.752s] -- Up-to-date: /home/moveit/install/pilz_industrial_motion_planner/include/pilz_industrial_motion_planner/pilz_industrial_motion_planner/cartesian_trajectory.h
[0.752s] -- Up-to-date: /home/moveit/install/pilz_industrial_motion_planner/include/pilz_industrial_motion_planner/pilz_industrial_motion_planner/trajectory_blender_transition_window.h
[0.752s] -- Up-to-date: /home/moveit/install/pilz_industrial_motion_planner/include/pilz_industrial_motion_planner/pilz_industrial_motion_planner/planning_context_ptp.h
[0.752s] -- Up-to-date: /home/moveit/install/pilz_industrial_motion_planner/include/pilz_industrial_motion_planner/pilz_industrial_motion_planner/cartesian_trajectory_point.h
[0.752s] -- Up-to-date: /home/moveit/install/pilz_industrial_motion_planner/include/pilz_industrial_motion_planner/pilz_industrial_motion_planner/planning_context_loader_ptp.h
[0.753s] -- Up-to-date: /home/moveit/install/pilz_industrial_motion_planner/include/pilz_industrial_motion_planner/pilz_industrial_motion_planner/tip_frame_getter.h
[0.753s] -- Up-to-date: /home/moveit/install/pilz_industrial_motion_planner/include/pilz_industrial_motion_planner/pilz_industrial_motion_planner/move_group_sequence_action.h
[0.753s] -- Up-to-date: /home/moveit/install/pilz_industrial_motion_planner/include/pilz_industrial_motion_planner/pilz_industrial_motion_planner/trajectory_generator.h
[0.753s] -- Up-to-date: /home/moveit/install/pilz_industrial_motion_planner/include/pilz_industrial_motion_planner/pilz_industrial_motion_planner/trajectory_blend_response.h
[0.753s] -- Up-to-date: /home/moveit/install/pilz_industrial_motion_planner/include/pilz_industrial_motion_planner/pilz_industrial_motion_planner/joint_limits_aggregator.h
[0.753s] -- Up-to-date: /home/moveit/install/pilz_industrial_motion_planner/include/pilz_industrial_motion_planner/pilz_industrial_motion_planner/planning_context_circ.h
[0.753s] -- Up-to-date: /home/moveit/install/pilz_industrial_motion_planner/include/pilz_industrial_motion_planner/pilz_industrial_motion_planner/trajectory_generator_ptp.h
[0.753s] -- Up-to-date: /home/moveit/install/pilz_industrial_motion_planner/include/pilz_industrial_motion_planner/pilz_industrial_motion_planner/joint_limits_extension.h
[0.753s] -- Up-to-date: /home/moveit/install/pilz_industrial_motion_planner/include/pilz_industrial_motion_planner/pilz_industrial_motion_planner/joint_limits_interface_extension.h
[0.753s] -- Up-to-date: /home/moveit/install/pilz_industrial_motion_planner/include/pilz_industrial_motion_planner/pilz_industrial_motion_planner/planning_context_loader.h
[0.753s] -- Up-to-date: /home/moveit/install/pilz_industrial_motion_planner/include/pilz_industrial_motion_planner/pilz_industrial_motion_planner/planning_context_lin.h
[0.754s] -- Up-to-date: /home/moveit/install/pilz_industrial_motion_planner/include/pilz_industrial_motion_planner/pilz_industrial_motion_planner/velocity_profile_atrap.h
[0.754s] -- Up-to-date: /home/moveit/install/pilz_industrial_motion_planner/include/pilz_industrial_motion_planner/pilz_industrial_motion_planner/trajectory_blender.h
[0.754s] -- Up-to-date: /home/moveit/install/pilz_industrial_motion_planner/include/pilz_industrial_motion_planner/pilz_industrial_motion_planner/planning_context_loader_circ.h
[0.754s] -- Up-to-date: /home/moveit/install/pilz_industrial_motion_planner/include/pilz_industrial_motion_planner/pilz_industrial_motion_planner/trajectory_generator_circ.h
[0.754s] -- Up-to-date: /home/moveit/install/pilz_industrial_motion_planner/include/pilz_industrial_motion_planner/pilz_industrial_motion_planner/planning_context_loader_lin.h
[0.754s] -- Up-to-date: /home/moveit/install/pilz_industrial_motion_planner/include/pilz_industrial_motion_planner/pilz_industrial_motion_planner/limits_container.h
[0.754s] -- Up-to-date: /home/moveit/install/pilz_industrial_motion_planner/include/pilz_industrial_motion_planner/pilz_industrial_motion_planner/joint_limits_container.h
[0.754s] -- Up-to-date: /home/moveit/install/pilz_industrial_motion_planner/include/pilz_industrial_motion_planner/pilz_industrial_motion_planner/planning_exceptions.h
[0.754s] -- Up-to-date: /home/moveit/install/pilz_industrial_motion_planner/include/pilz_industrial_motion_planner/pilz_industrial_motion_planner/planning_context_base.h
[0.754s] -- Up-to-date: /home/moveit/install/pilz_industrial_motion_planner/include/pilz_industrial_motion_planner/pilz_industrial_motion_planner/move_group_sequence_service.h
[0.754s] -- Up-to-date: /home/moveit/install/pilz_industrial_motion_planner/include/pilz_industrial_motion_planner/pilz_industrial_motion_planner/plan_components_builder.h
[0.754s] -- Up-to-date: /home/moveit/install/pilz_industrial_motion_planner/include/pilz_industrial_motion_planner/pilz_industrial_motion_planner/command_list_manager.h
[0.754s] -- Up-to-date: /home/moveit/install/pilz_industrial_motion_planner/include/pilz_industrial_motion_planner/pilz_industrial_motion_planner/trajectory_generation_exceptions.h
[0.754s] -- Up-to-date: /home/moveit/install/pilz_industrial_motion_planner/include/pilz_industrial_motion_planner/pilz_industrial_motion_planner/pilz_industrial_motion_planner.h
[0.754s] -- Up-to-date: /home/moveit/install/pilz_industrial_motion_planner/include/pilz_industrial_motion_planner/pilz_industrial_motion_planner/capability_names.h
[0.755s] -- Up-to-date: /home/moveit/install/pilz_industrial_motion_planner/include/pilz_industrial_motion_planner/pilz_industrial_motion_planner/path_circle_generator.h
[0.755s] -- Up-to-date: /home/moveit/install/pilz_industrial_motion_planner/include/pilz_industrial_motion_planner/pilz_industrial_motion_planner/trajectory_generator_lin.h
[0.755s] -- Up-to-date: /home/moveit/install/pilz_industrial_motion_planner/include/pilz_industrial_motion_planner/pilz_industrial_motion_planner/joint_limits_validator.h
[0.755s] -- Up-to-date: /home/moveit/install/pilz_industrial_motion_planner/include/pilz_industrial_motion_planner/pilz_industrial_motion_planner/trajectory_functions.h
[0.755s] -- Up-to-date: /home/moveit/install/pilz_industrial_motion_planner/include/pilz_industrial_motion_planner/pilz_industrial_motion_planner/trajectory_blend_request.h
[0.755s] -- Up-to-date: /home/moveit/install/pilz_industrial_motion_planner/share/pilz_industrial_motion_planner/environment/library_path.sh
[0.755s] -- Up-to-date: /home/moveit/install/pilz_industrial_motion_planner/share/pilz_industrial_motion_planner/environment/library_path.dsv
[0.755s] -- Up-to-date: /home/moveit/install/pilz_industrial_motion_planner/lib/pilz_industrial_motion_planner/unittest_pilz_industrial_motion_planner_direct
[0.756s] -- Up-to-date: /home/moveit/install/pilz_industrial_motion_planner/lib/pilz_industrial_motion_planner/unittest_velocity_profile_atrap
[0.757s] -- Up-to-date: /home/moveit/install/pilz_industrial_motion_planner/lib/pilz_industrial_motion_planner/unittest_trajectory_generator
[0.758s] -- Up-to-date: /home/moveit/install/pilz_industrial_motion_planner/lib/pilz_industrial_motion_planner/unittest_trajectory_functions
[0.759s] -- Up-to-date: /home/moveit/install/pilz_industrial_motion_planner/lib/pilz_industrial_motion_planner/unittest_trajectory_blender_transition_window
[0.760s] -- Up-to-date: /home/moveit/install/pilz_industrial_motion_planner/lib/pilz_industrial_motion_planner/unittest_trajectory_generator_common
[0.760s] -- Up-to-date: /home/moveit/install/pilz_industrial_motion_planner/lib/pilz_industrial_motion_planner/unittest_trajectory_generator_circ
[0.761s] -- Up-to-date: /home/moveit/install/pilz_industrial_motion_planner/lib/pilz_industrial_motion_planner/unittest_trajectory_generator_lin
[0.762s] -- Up-to-date: /home/moveit/install/pilz_industrial_motion_planner/lib/pilz_industrial_motion_planner/unittest_trajectory_generator_ptp
[0.763s] -- Up-to-date: /home/moveit/install/pilz_industrial_motion_planner/lib/pilz_industrial_motion_planner/unittest_pilz_industrial_motion_planner
[0.764s] -- Up-to-date: /home/moveit/install/pilz_industrial_motion_planner/lib/pilz_industrial_motion_planner/unittest_joint_limit
[0.764s] -- Up-to-date: /home/moveit/install/pilz_industrial_motion_planner/lib/pilz_industrial_motion_planner/unittest_joint_limits_aggregator
[0.765s] -- Up-to-date: /home/moveit/install/pilz_industrial_motion_planner/lib/pilz_industrial_motion_planner/unittest_joint_limits_container
[0.766s] -- Up-to-date: /home/moveit/install/pilz_industrial_motion_planner/lib/pilz_industrial_motion_planner/unittest_joint_limits_validator
[0.766s] -- Up-to-date: /home/moveit/install/pilz_industrial_motion_planner/lib/pilz_industrial_motion_planner/unittest_planning_context_loaders
[0.767s] -- Up-to-date: /home/moveit/install/pilz_industrial_motion_planner/lib/pilz_industrial_motion_planner/unittest_planning_context
[0.768s] -- Up-to-date: /home/moveit/install/pilz_industrial_motion_planner/lib/pilz_industrial_motion_planner/unittest_get_solver_tip_frame
[0.768s] -- Up-to-date: /home/moveit/install/pilz_industrial_motion_planner/share/pilz_industrial_motion_planner/config
[0.768s] -- Up-to-date: /home/moveit/install/pilz_industrial_motion_planner/share/pilz_industrial_motion_planner/config/unittest_trajectory_generator_circ.yaml
[0.768s] -- Up-to-date: /home/moveit/install/pilz_industrial_motion_planner/share/pilz_industrial_motion_planner/config/unittest_trajectory_functions.yaml
[0.768s] -- Up-to-date: /home/moveit/install/pilz_industrial_motion_planner/share/pilz_industrial_motion_planner/config/unittest_joint_limit_config.yaml
[0.768s] -- Up-to-date: /home/moveit/install/pilz_industrial_motion_planner/share/pilz_industrial_motion_planner/config/unittest_trajectory_generator_lin.yaml
[0.769s] -- Up-to-date: /home/moveit/install/pilz_industrial_motion_planner/share/pilz_industrial_motion_planner/config/unittest_trajectory_generator_common.yaml
[0.769s] -- Up-to-date: /home/moveit/install/pilz_industrial_motion_planner/share/pilz_industrial_motion_planner/config/unittest_trajectory_generator_ptp.yaml
[0.769s] -- Up-to-date: /home/moveit/install/pilz_industrial_motion_planner/share/pilz_industrial_motion_planner/config/unittest_joint_limits_aggregator.yaml
[0.769s] -- Up-to-date: /home/moveit/install/pilz_industrial_motion_planner/share/pilz_industrial_motion_planner/config/unittest_trajectory_blender_transition_window.yaml
[0.769s] -- Up-to-date: /home/moveit/install/pilz_industrial_motion_planner/share/pilz_industrial_motion_planner/launch
[0.769s] -- Up-to-date: /home/moveit/install/pilz_industrial_motion_planner/share/pilz_industrial_motion_planner/launch/unittest_joint_limit.test.py
[0.769s] -- Up-to-date: /home/moveit/install/pilz_industrial_motion_planner/share/pilz_industrial_motion_planner/launch/unittest_planning_context_loaders.test.py
[0.769s] -- Up-to-date: /home/moveit/install/pilz_industrial_motion_planner/share/pilz_industrial_motion_planner/launch/unittest_planning_context.test.py
[0.769s] -- Up-to-date: /home/moveit/install/pilz_industrial_motion_planner/share/pilz_industrial_motion_planner/launch/unittest_trajectory_functions.test.py
[0.769s] -- Up-to-date: /home/moveit/install/pilz_industrial_motion_planner/share/pilz_industrial_motion_planner/launch/unittest_joint_limits_aggregator.test.py
[0.769s] -- Up-to-date: /home/moveit/install/pilz_industrial_motion_planner/share/pilz_industrial_motion_planner/launch/unittest_trajectory_blender_transition_window.test.py
[0.769s] -- Up-to-date: /home/moveit/install/pilz_industrial_motion_planner/share/pilz_industrial_motion_planner/launch/unittest_pilz_industrial_motion_planner.test.py
[0.770s] -- Up-to-date: /home/moveit/install/pilz_industrial_motion_planner/share/pilz_industrial_motion_planner/launch/unittest_trajectory_generator_circ.test.py
[0.770s] -- Up-to-date: /home/moveit/install/pilz_industrial_motion_planner/share/pilz_industrial_motion_planner/launch/unittest_trajectory_generator_lin.test.py
[0.770s] -- Up-to-date: /home/moveit/install/pilz_industrial_motion_planner/share/pilz_industrial_motion_planner/launch/common_parameters.py
[0.770s] -- Up-to-date: /home/moveit/install/pilz_industrial_motion_planner/share/pilz_industrial_motion_planner/launch/unittest_trajectory_generator_ptp.test.py
[0.770s] -- Up-to-date: /home/moveit/install/pilz_industrial_motion_planner/share/pilz_industrial_motion_planner/launch/unittest_trajectory_generator_common.test.py
[0.770s] -- Up-to-date: /home/moveit/install/pilz_industrial_motion_planner/share/pilz_industrial_motion_planner/launch/unittest_cartesian_limits_aggregator.test.py
[0.770s] -- Up-to-date: /home/moveit/install/pilz_industrial_motion_planner/share/pilz_industrial_motion_planner/test_data
[0.770s] -- Up-to-date: /home/moveit/install/pilz_industrial_motion_planner/share/pilz_industrial_motion_planner/test_data/concept_testdata.odp
[0.770s] -- Up-to-date: /home/moveit/install/pilz_industrial_motion_planner/share/pilz_industrial_motion_planner/test_data/testpoints.py
[0.770s] -- Up-to-date: /home/moveit/install/pilz_industrial_motion_planner/share/pilz_industrial_motion_planner/test_data/concept_testdata.png
[0.770s] -- Up-to-date: /home/moveit/install/pilz_industrial_motion_planner/share/pilz_industrial_motion_planner/test_data/frankaemika_panda
[0.770s] -- Up-to-date: /home/moveit/install/pilz_industrial_motion_planner/share/pilz_industrial_motion_planner/test_data/frankaemika_panda/testdata_sequence.xml
[0.770s] -- Up-to-date: /home/moveit/install/pilz_industrial_motion_planner/share/pilz_industrial_motion_planner/test_data/prbt
[0.771s] -- Up-to-date: /home/moveit/install/pilz_industrial_motion_planner/share/pilz_industrial_motion_planner/test_data/prbt/testdata_deprecated.xml
[0.771s] -- Up-to-date: /home/moveit/install/pilz_industrial_motion_planner/share/pilz_industrial_motion_planner/test_data/prbt/testdata_sequence.xml
[0.771s] -- Up-to-date: /home/moveit/install/pilz_industrial_motion_planner/share/pilz_industrial_motion_planner/test_data/prbt/testdata_with_gripper.xml
[0.771s] -- Up-to-date: /home/moveit/install/pilz_industrial_motion_planner/share/ament_index/resource_index/package_run_dependencies/pilz_industrial_motion_planner
[0.771s] -- Up-to-date: /home/moveit/install/pilz_industrial_motion_planner/share/ament_index/resource_index/parent_prefix_path/pilz_industrial_motion_planner
[0.771s] -- Up-to-date: /home/moveit/install/pilz_industrial_motion_planner/share/pilz_industrial_motion_planner/environment/ament_prefix_path.sh
[0.771s] -- Up-to-date: /home/moveit/install/pilz_industrial_motion_planner/share/pilz_industrial_motion_planner/environment/ament_prefix_path.dsv
[0.771s] -- Up-to-date: /home/moveit/install/pilz_industrial_motion_planner/share/pilz_industrial_motion_planner/environment/path.sh
[0.771s] -- Up-to-date: /home/moveit/install/pilz_industrial_motion_planner/share/pilz_industrial_motion_planner/environment/path.dsv
[0.771s] -- Up-to-date: /home/moveit/install/pilz_industrial_motion_planner/share/pilz_industrial_motion_planner/local_setup.bash
[0.771s] -- Up-to-date: /home/moveit/install/pilz_industrial_motion_planner/share/pilz_industrial_motion_planner/local_setup.sh
[0.771s] -- Up-to-date: /home/moveit/install/pilz_industrial_motion_planner/share/pilz_industrial_motion_planner/local_setup.zsh
[0.771s] -- Up-to-date: /home/moveit/install/pilz_industrial_motion_planner/share/pilz_industrial_motion_planner/local_setup.dsv
[0.771s] -- Installing: /home/moveit/install/pilz_industrial_motion_planner/share/pilz_industrial_motion_planner/package.dsv
[0.771s] -- Up-to-date: /home/moveit/install/pilz_industrial_motion_planner/share/ament_index/resource_index/packages/pilz_industrial_motion_planner
[0.772s] -- Up-to-date: /home/moveit/install/pilz_industrial_motion_planner/share/ament_index/resource_index/moveit_core__pluginlib__plugin/pilz_industrial_motion_planner
[0.772s] -- Up-to-date: /home/moveit/install/pilz_industrial_motion_planner/share/ament_index/resource_index/moveit_ros_move_group__pluginlib__plugin/pilz_industrial_motion_planner
[0.772s] -- Up-to-date: /home/moveit/install/pilz_industrial_motion_planner/share/ament_index/resource_index/pilz_industrial_motion_planner__pluginlib__plugin/pilz_industrial_motion_planner
[0.772s] -- Up-to-date: /home/moveit/install/pilz_industrial_motion_planner/share/pilz_industrial_motion_planner/cmake/pilz_industrial_motion_plannerTargetsExport.cmake
[0.772s] -- Up-to-date: /home/moveit/install/pilz_industrial_motion_planner/share/pilz_industrial_motion_planner/cmake/pilz_industrial_motion_plannerTargetsExport-release.cmake
[0.772s] -- Up-to-date: /home/moveit/install/pilz_industrial_motion_planner/share/pilz_industrial_motion_planner/cmake/ament_cmake_export_include_directories-extras.cmake
[0.772s] -- Up-to-date: /home/moveit/install/pilz_industrial_motion_planner/share/pilz_industrial_motion_planner/cmake/ament_cmake_export_targets-extras.cmake
[0.772s] -- Up-to-date: /home/moveit/install/pilz_industrial_motion_planner/share/pilz_industrial_motion_planner/cmake/ament_cmake_export_dependencies-extras.cmake
[0.772s] -- Up-to-date: /home/moveit/install/pilz_industrial_motion_planner/share/pilz_industrial_motion_planner/cmake/pilz_industrial_motion_plannerConfig.cmake
[0.772s] -- Up-to-date: /home/moveit/install/pilz_industrial_motion_planner/share/pilz_industrial_motion_planner/cmake/pilz_industrial_motion_plannerConfig-version.cmake
[0.772s] -- Up-to-date: /home/moveit/install/pilz_industrial_motion_planner/share/pilz_industrial_motion_planner/package.xml
[0.776s] Invoked command in '/home/moveit/build/pilz_industrial_motion_planner' returned '0': AMENT_PREFIX_PATH=/home/moveit/install/moveit_configs_utils:/home/humble_ws/install/moveit_rolling_humble_interface:/home/humble_ws/install/kortex_interface:/home/humble_ws/install/attempt_py_moveit:/home/humble_ws/install/antworker_navigation:/home/humble_ws/install/antworker_moveit_description:/home/humble_ws/install/antworker_isaacsim_world:/home/humble_ws/install/antworker_description:/home/moveit/install/pilz_industrial_motion_planner_testutils:/home/moveit/install/moveit_runtime:/home/moveit/install/moveit:/home/moveit/install/moveit_planners:/home/moveit/install/pilz_industrial_motion_planner:/home/moveit/install/moveit_ros_control_interface:/home/moveit/install/moveit_plugins:/home/moveit/install/moveit_simple_controller_manager:/home/moveit/install/moveit_setup_assistant:/home/moveit/install/moveit_setup_srdf_plugins:/home/moveit/install/moveit_setup_core_plugins:/home/moveit/install/moveit_setup_controllers:/home/moveit/install/moveit_setup_app_plugins:/home/moveit/install/moveit_setup_framework:/home/moveit/install/moveit_servo:/home/moveit/install/moveit_ros:/home/moveit/install/moveit_ros_visualization:/home/moveit/install/moveit_py:/home/moveit/install/moveit_hybrid_planning:/home/moveit/install/moveit_ros_planning_interface:/home/moveit/install/moveit_ros_benchmarks:/home/moveit/install/moveit_ros_warehouse:/home/moveit/install/moveit_ros_robot_interaction:/home/moveit/install/moveit_ros_perception:/home/moveit/install/moveit_resources_prbt_pg70_support:/home/moveit/install/moveit_resources_prbt_moveit_config:/home/moveit/install/moveit_ros_move_group:/home/moveit/install/moveit_planners_ompl:/home/moveit/install/moveit_kinematics:/home/moveit/install/moveit_ros_planning:/home/moveit/install/moveit_ros_occupancy_map_monitor:/home/moveit/install/moveit_resources_prbt_support:/home/moveit/install/moveit_resources_prbt_ikfast_manipulator_plugin:/home/moveit/install/moveit_resources:/home/moveit/install/moveit_resources_pr2_description:/home/moveit/install/moveit_resources_panda_moveit_config:/home/moveit/install/dual_arm_panda_moveit_config:/home/moveit/install/moveit_resources_panda_description:/home/moveit/install/moveit_resources_fanuc_moveit_config:/home/moveit/install/moveit_resources_fanuc_description:/home/moveit/install/moveit_planners_stomp:/home/moveit/install/moveit_planners_chomp:/home/moveit/install/chomp_motion_planner:/home/moveit/install/moveit_core:/home/moveit/install/moveit_msgs:/home/moveit/install/moveit_common:/opt/ros/humble CMAKE_PREFIX_PATH=/home/moveit/install/moveit_resources_prbt_pg70_support:/home/moveit/install/moveit_ros_planning_interface:/home/moveit/install/moveit_resources_prbt_moveit_config:/home/moveit/install/moveit_ros_move_group:/home/moveit/install/moveit_ros_warehouse:/home/moveit/install/moveit_kinematics:/home/moveit/install/moveit_ros_planning:/home/moveit/install/pilz_industrial_motion_planner_testutils:/home/moveit/install/moveit_ros_occupancy_map_monitor:/home/moveit/install/moveit_resources_prbt_ikfast_manipulator_plugin:/home/moveit/install/moveit_core:/home/moveit/install/moveit_resources_panda_moveit_config:/home/moveit/install/moveit_resources_prbt_support:/home/moveit/install/moveit_resources_panda_description:/home/moveit/install/moveit_msgs:/home/moveit/install/moveit_common:/home/humble_ws/install/antworker_moveit_description:/home/moveit/install/moveit_runtime:/home/moveit/install/moveit:/home/moveit/install/moveit_planners:/home/moveit/install/pilz_industrial_motion_planner:/home/moveit/install/moveit_ros_control_interface:/home/moveit/install/moveit_plugins:/home/moveit/install/moveit_simple_controller_manager:/home/moveit/install/moveit_setup_assistant:/home/moveit/install/moveit_setup_srdf_plugins:/home/moveit/install/moveit_setup_core_plugins:/home/moveit/install/moveit_setup_controllers:/home/moveit/install/moveit_setup_app_plugins:/home/moveit/install/moveit_setup_framework:/home/moveit/install/moveit_servo:/home/moveit/install/moveit_ros:/home/moveit/install/moveit_ros_visualization:/home/moveit/install/moveit_py:/home/moveit/install/moveit_hybrid_planning:/home/moveit/install/moveit_ros_benchmarks:/home/moveit/install/moveit_ros_robot_interaction:/home/moveit/install/moveit_ros_perception:/home/moveit/install/moveit_planners_ompl:/home/moveit/install/moveit_resources:/home/moveit/install/moveit_resources_pr2_description:/home/moveit/install/dual_arm_panda_moveit_config:/home/moveit/install/moveit_resources_fanuc_moveit_config:/home/moveit/install/moveit_resources_fanuc_description:/home/moveit/install/moveit_planners_stomp:/home/moveit/install/moveit_planners_chomp:/home/moveit/install/chomp_motion_planner:/home/humble_ws/install/moveit_rolling_humble_interface:/home/humble_ws/install/kortex_interface:/home/humble_ws/install/attempt_py_moveit:/home/humble_ws/install/antworker_navigation:/home/humble_ws/install/antworker_isaacsim_world:/home/humble_ws/install/antworker_description:/home/moveit/install/moveit_configs_utils:/opt/ros/humble LD_LIBRARY_PATH=/home/moveit/install/moveit_ros_planning_interface/lib:/home/moveit/install/moveit_ros_move_group/lib:/home/moveit/install/moveit_ros_warehouse/lib:/home/moveit/install/moveit_kinematics/lib:/home/moveit/install/moveit_ros_planning/lib:/home/moveit/install/pilz_industrial_motion_planner_testutils/lib:/home/moveit/install/moveit_ros_occupancy_map_monitor/lib:/home/moveit/install/moveit_resources_prbt_ikfast_manipulator_plugin/lib:/home/moveit/install/moveit_core/lib:/home/moveit/install/moveit_msgs/lib:/home/moveit/install/pilz_industrial_motion_planner/lib:/home/moveit/install/moveit_ros_control_interface/lib:/home/moveit/install/moveit_simple_controller_manager/lib:/home/moveit/install/moveit_setup_assistant/lib:/home/moveit/install/moveit_setup_srdf_plugins/lib:/home/moveit/install/moveit_setup_core_plugins/lib:/home/moveit/install/moveit_setup_controllers/lib:/home/moveit/install/moveit_setup_app_plugins/lib:/home/moveit/install/moveit_setup_framework/lib:/home/moveit/install/moveit_servo/lib:/home/moveit/install/moveit_ros_visualization/lib:/home/moveit/install/moveit_py/lib:/home/moveit/install/moveit_hybrid_planning/lib:/home/moveit/install/moveit_ros_benchmarks/lib:/home/moveit/install/moveit_ros_robot_interaction/lib:/home/moveit/install/moveit_ros_perception/lib:/home/moveit/install/moveit_planners_ompl/lib:/home/moveit/install/moveit_planners_stomp/lib:/home/moveit/install/moveit_planners_chomp/lib:/home/moveit/install/chomp_motion_planner/lib:/opt/ros/humble/opt/rviz_ogre_vendor/lib:/opt/ros/humble/lib/x86_64-linux-gnu:/opt/ros/humble/lib PYTHONPATH=/home/moveit/install/moveit_configs_utils/lib/python3.10/site-packages:/home/humble_ws/install/moveit_rolling_humble_interface/lib/python3.10/site-packages:/home/humble_ws/install/kortex_interface/lib/python3.10/site-packages:/home/humble_ws/install/attempt_py_moveit/lib/python3.10/site-packages:/home/humble_ws/install/antworker_navigation/lib/python3.10/site-packages:/home/humble_ws/install/antworker_isaacsim_world/lib/python3.10/site-packages:/home/humble_ws/install/antworker_description/lib/python3.10/site-packages:/home/moveit/install/moveit_py/local/lib/python3.10/dist-packages:/home/moveit/install/moveit_msgs/local/lib/python3.10/dist-packages:/opt/ros/humble/lib/python3.10/site-packages:/opt/ros/humble/local/lib/python3.10/dist-packages /usr/bin/cmake --install /home/moveit/build/pilz_industrial_motion_planner
