[35m[1mConsolidate compiler generated dependencies of target gtest_main[0m
[35m[1mConsolidate compiler generated dependencies of target gtest[0m
[35m[1mConsolidate compiler generated dependencies of target gmock_main[0m
[35m[1mConsolidate compiler generated dependencies of target gmock[0m
[  1%] Built target cartesian_limits_parameters
[  7%] Built target gtest_main
[  7%] Built target gmock_main
[  8%] Built target gtest
[ 12%] Built target gmock
[35m[1mConsolidate compiler generated dependencies of target planning_context_loader_base[0m
[35m[1mConsolidate compiler generated dependencies of target joint_limits_common[0m
[35m[1mConsolidate compiler generated dependencies of target trajectory_generation_common[0m
[ 15%] Built target planning_context_loader_base
[ 21%] Built target joint_limits_common
[35m[1mConsolidate compiler generated dependencies of target unittest_joint_limits_container[0m
[35m[1mConsolidate compiler generated dependencies of target unittest_joint_limits_validator[0m
[35m[1mConsolidate compiler generated dependencies of target pilz_industrial_motion_planner[0m
[35m[1mConsolidate compiler generated dependencies of target unittest_joint_limit[0m
[35m[1mConsolidate compiler generated dependencies of target unittest_joint_limits_aggregator[0m
[ 26%] Built target trajectory_generation_common
[ 30%] Built target unittest_joint_limits_validator
[ 31%] Built target unittest_joint_limits_container
[ 33%] Built target unittest_joint_limit
[35m[1mConsolidate compiler generated dependencies of target pilz_industrial_motion_planner_test_utils[0m
[35m[1mConsolidate compiler generated dependencies of target planning_context_loader_ptp[0m
[ 36%] Built target pilz_industrial_motion_planner
[35m[1mConsolidate compiler generated dependencies of target command_list_manager[0m
[35m[1mConsolidate compiler generated dependencies of target planning_context_loader_lin[0m
[35m[1mConsolidate compiler generated dependencies of target planning_context_loader_circ[0m
[ 38%] Built target unittest_joint_limits_aggregator
[35m[1mConsolidate compiler generated dependencies of target unittest_velocity_profile_atrap[0m
[35m[1mConsolidate compiler generated dependencies of target unittest_trajectory_generator[0m
[35m[1mConsolidate compiler generated dependencies of target unittest_get_solver_tip_frame[0m
[ 42%] Built target pilz_industrial_motion_planner_test_utils
[ 42%] [32mBuilding CXX object test/unit_tests/CMakeFiles/unittest_pilz_industrial_motion_planner.dir/src/unittest_pilz_industrial_motion_planner.cpp.o[0m
[ 46%] Built target unittest_velocity_profile_atrap
[ 50%] Built target command_list_manager
[ 60%] Built target planning_context_loader_ptp
[ 60%] Built target planning_context_loader_lin
[ 65%] Built target planning_context_loader_circ
[ 66%] [32mBuilding CXX object test/unit_tests/CMakeFiles/unittest_trajectory_generator.dir/__/__/src/trajectory_generator.cpp.o[0m
[ 68%] Built target unittest_get_solver_tip_frame
[ 70%] [32mBuilding CXX object test/unit_tests/CMakeFiles/unittest_planning_context_loaders.dir/src/unittest_planning_context_loaders.cpp.o[0m
[ 71%] [32mBuilding CXX object test/unit_tests/CMakeFiles/unittest_trajectory_functions.dir/src/unittest_trajectory_functions.cpp.o[0m
[ 77%] [32mBuilding CXX object test/unit_tests/CMakeFiles/unittest_pilz_industrial_motion_planner_direct.dir/src/unittest_pilz_industrial_motion_planner_direct.cpp.o[0m
[ 77%] [32mBuilding CXX object test/unit_tests/CMakeFiles/unittest_trajectory_generator_common.dir/src/unittest_trajectory_generator_common.cpp.o[0m
[ 77%] [32mBuilding CXX object test/unit_tests/CMakeFiles/unittest_trajectory_generator_lin.dir/src/unittest_trajectory_generator_lin.cpp.o[0m
[ 77%] [32mBuilding CXX object CMakeFiles/sequence_capability.dir/src/move_group_sequence_action.cpp.o[0m
[ 77%] [32mBuilding CXX object test/unit_tests/CMakeFiles/unittest_trajectory_generator_ptp.dir/src/unittest_trajectory_generator_ptp.cpp.o[0m
[ 80%] [32mBuilding CXX object test/unit_tests/CMakeFiles/unittest_trajectory_blender_transition_window.dir/__/__/src/trajectory_blender_transition_window.cpp.o[0m
[ 78%] [32mBuilding CXX object test/unit_tests/CMakeFiles/unittest_planning_context.dir/src/unittest_planning_context.cpp.o[0m
[ 81%] [32mBuilding CXX object CMakeFiles/sequence_capability.dir/src/move_group_sequence_service.cpp.o[0m
[ 82%] [32mBuilding CXX object test/unit_tests/CMakeFiles/unittest_trajectory_blender_transition_window.dir/src/unittest_trajectory_blender_transition_window.cpp.o[0m
[ 83%] [32mBuilding CXX object test/unit_tests/CMakeFiles/unittest_trajectory_generator_circ.dir/src/unittest_trajectory_generator_circ.cpp.o[0m
