[0.035s] Invoking command in '/home/moveit/build/pilz_industrial_motion_planner': AMENT_PREFIX_PATH=/home/moveit/install/moveit_resources_prbt_pg70_support:/home/moveit/install/moveit_ros_planning_interface:/home/moveit/install/moveit_resources_prbt_moveit_config:/home/moveit/install/moveit_ros_move_group:/home/moveit/install/moveit_ros_warehouse:/home/moveit/install/moveit_kinematics:/home/moveit/install/moveit_ros_planning:/home/moveit/install/pilz_industrial_motion_planner_testutils:/home/moveit/install/moveit_ros_occupancy_map_monitor:/home/moveit/install/moveit_resources_prbt_ikfast_manipulator_plugin:/home/moveit/install/moveit_core:/home/moveit/install/moveit_resources_panda_moveit_config:/home/moveit/install/moveit_resources_prbt_support:/home/moveit/install/moveit_resources_panda_description:/home/moveit/install/moveit_msgs:/home/moveit/install/moveit_configs_utils:/home/moveit/install/moveit_common:${AMENT_PREFIX_PATH} CMAKE_PREFIX_PATH=/home/moveit/install/moveit_resources_prbt_pg70_support:/home/moveit/install/moveit_ros_planning_interface:/home/moveit/install/moveit_resources_prbt_moveit_config:/home/moveit/install/moveit_ros_move_group:/home/moveit/install/moveit_ros_warehouse:/home/moveit/install/moveit_kinematics:/home/moveit/install/moveit_ros_planning:/home/moveit/install/pilz_industrial_motion_planner_testutils:/home/moveit/install/moveit_ros_occupancy_map_monitor:/home/moveit/install/moveit_resources_prbt_ikfast_manipulator_plugin:/home/moveit/install/moveit_core:/home/moveit/install/moveit_resources_panda_moveit_config:/home/moveit/install/moveit_resources_prbt_support:/home/moveit/install/moveit_resources_panda_description:/home/moveit/install/moveit_msgs:/home/moveit/install/moveit_common:/opt/ros/humble LD_LIBRARY_PATH=/home/moveit/install/moveit_ros_planning_interface/lib:/home/moveit/install/moveit_ros_move_group/lib:/home/moveit/install/moveit_ros_warehouse/lib:/home/moveit/install/moveit_kinematics/lib:/home/moveit/install/moveit_ros_planning/lib:/home/moveit/install/pilz_industrial_motion_planner_testutils/lib:/home/moveit/install/moveit_ros_occupancy_map_monitor/lib:/home/moveit/install/moveit_resources_prbt_ikfast_manipulator_plugin/lib:/home/moveit/install/moveit_core/lib:/home/moveit/install/moveit_msgs/lib:${LD_LIBRARY_PATH} PATH=/home/moveit/install/moveit_core/bin:${PATH} PYTHONPATH=/home/moveit/install/moveit_msgs/local/lib/python3.10/dist-packages:/home/moveit/install/moveit_configs_utils/lib/python3.10/site-packages:${PYTHONPATH} /usr/bin/cmake --build /home/moveit/build/pilz_industrial_motion_planner -- -j16 -l16
[0.092s] [35m[1mConsolidate compiler generated dependencies of target gtest_main[0m
[0.092s] [35m[1mConsolidate compiler generated dependencies of target gtest[0m
[0.092s] [35m[1mConsolidate compiler generated dependencies of target gmock_main[0m
[0.096s] [35m[1mConsolidate compiler generated dependencies of target gmock[0m
[0.104s] [  1%] Built target cartesian_limits_parameters
[0.108s] [  7%] Built target gtest_main
[0.108s] [  7%] Built target gmock_main
[0.108s] [  8%] Built target gtest
[0.118s] [ 12%] Built target gmock
[0.121s] [35m[1mConsolidate compiler generated dependencies of target planning_context_loader_base[0m
[0.122s] [35m[1mConsolidate compiler generated dependencies of target joint_limits_common[0m
[0.122s] [35m[1mConsolidate compiler generated dependencies of target trajectory_generation_common[0m
[0.155s] [ 15%] Built target planning_context_loader_base
[0.158s] [ 21%] Built target joint_limits_common
[0.172s] [35m[1mConsolidate compiler generated dependencies of target unittest_joint_limits_container[0m
[0.172s] [35m[1mConsolidate compiler generated dependencies of target unittest_joint_limits_validator[0m
[0.173s] [35m[1mConsolidate compiler generated dependencies of target pilz_industrial_motion_planner[0m
[0.173s] [35m[1mConsolidate compiler generated dependencies of target unittest_joint_limit[0m
[0.175s] [35m[1mConsolidate compiler generated dependencies of target unittest_joint_limits_aggregator[0m
[0.186s] [ 26%] Built target trajectory_generation_common
[0.191s] [ 30%] Built target unittest_joint_limits_validator
[0.191s] [ 31%] Built target unittest_joint_limits_container
[0.200s] [ 33%] Built target unittest_joint_limit
[0.202s] [35m[1mConsolidate compiler generated dependencies of target pilz_industrial_motion_planner_test_utils[0m
[0.205s] [35m[1mConsolidate compiler generated dependencies of target planning_context_loader_ptp[0m
[0.205s] [ 36%] Built target pilz_industrial_motion_planner
[0.206s] [35m[1mConsolidate compiler generated dependencies of target command_list_manager[0m
[0.207s] [35m[1mConsolidate compiler generated dependencies of target planning_context_loader_lin[0m
[0.209s] [35m[1mConsolidate compiler generated dependencies of target planning_context_loader_circ[0m
[0.217s] [ 38%] Built target unittest_joint_limits_aggregator
[0.223s] [35m[1mConsolidate compiler generated dependencies of target unittest_velocity_profile_atrap[0m
[0.224s] [35m[1mConsolidate compiler generated dependencies of target unittest_trajectory_generator[0m
[0.224s] [35m[1mConsolidate compiler generated dependencies of target unittest_get_solver_tip_frame[0m
[0.241s] [ 42%] Built target pilz_industrial_motion_planner_test_utils
[0.241s] [ 42%] [32mBuilding CXX object test/unit_tests/CMakeFiles/unittest_pilz_industrial_motion_planner.dir/src/unittest_pilz_industrial_motion_planner.cpp.o[0m
[0.249s] [ 46%] Built target unittest_velocity_profile_atrap
[0.257s] [ 50%] Built target command_list_manager
[0.257s] [ 60%] Built target planning_context_loader_ptp
[0.257s] [ 60%] Built target planning_context_loader_lin
[0.260s] [ 65%] Built target planning_context_loader_circ
[0.260s] [ 66%] [32mBuilding CXX object test/unit_tests/CMakeFiles/unittest_trajectory_generator.dir/__/__/src/trajectory_generator.cpp.o[0m
[0.262s] [ 68%] Built target unittest_get_solver_tip_frame
[0.276s] [ 70%] [32mBuilding CXX object test/unit_tests/CMakeFiles/unittest_planning_context_loaders.dir/src/unittest_planning_context_loaders.cpp.o[0m
[0.276s] [ 71%] [32mBuilding CXX object test/unit_tests/CMakeFiles/unittest_trajectory_functions.dir/src/unittest_trajectory_functions.cpp.o[0m
[0.296s] [ 77%] [32mBuilding CXX object test/unit_tests/CMakeFiles/unittest_pilz_industrial_motion_planner_direct.dir/src/unittest_pilz_industrial_motion_planner_direct.cpp.o[0m
[0.296s] [ 77%] [32mBuilding CXX object test/unit_tests/CMakeFiles/unittest_trajectory_generator_common.dir/src/unittest_trajectory_generator_common.cpp.o[0m
[0.296s] [ 77%] [32mBuilding CXX object test/unit_tests/CMakeFiles/unittest_trajectory_generator_lin.dir/src/unittest_trajectory_generator_lin.cpp.o[0m
[0.296s] [ 77%] [32mBuilding CXX object CMakeFiles/sequence_capability.dir/src/move_group_sequence_action.cpp.o[0m
[0.297s] [ 77%] [32mBuilding CXX object test/unit_tests/CMakeFiles/unittest_trajectory_generator_ptp.dir/src/unittest_trajectory_generator_ptp.cpp.o[0m
[0.297s] [ 80%] [32mBuilding CXX object test/unit_tests/CMakeFiles/unittest_trajectory_blender_transition_window.dir/__/__/src/trajectory_blender_transition_window.cpp.o[0m
[0.297s] [ 78%] [32mBuilding CXX object test/unit_tests/CMakeFiles/unittest_planning_context.dir/src/unittest_planning_context.cpp.o[0m
[0.299s] [ 81%] [32mBuilding CXX object CMakeFiles/sequence_capability.dir/src/move_group_sequence_service.cpp.o[0m
[0.303s] [ 82%] [32mBuilding CXX object test/unit_tests/CMakeFiles/unittest_trajectory_blender_transition_window.dir/src/unittest_trajectory_blender_transition_window.cpp.o[0m
[0.309s] [ 83%] [32mBuilding CXX object test/unit_tests/CMakeFiles/unittest_trajectory_generator_circ.dir/src/unittest_trajectory_generator_circ.cpp.o[0m
