[0.016s] Invoking command in '/home/kortex_ws/build/transmission_interface': AMENT_PREFIX_PATH=/home/kortex_ws/install/hardware_interface:/home/kortex_ws/install/control_msgs:${AMENT_PREFIX_PATH} CMAKE_PREFIX_PATH=/home/kortex_ws/install/hardware_interface:/home/kortex_ws/install/control_msgs:/opt/ros/humble LD_LIBRARY_PATH=/home/kortex_ws/install/hardware_interface/lib:/home/kortex_ws/install/control_msgs/lib:${LD_LIBRARY_PATH} PYTHONPATH=/home/kortex_ws/install/control_msgs/local/lib/python3.10/dist-packages:${PYTHONPATH} /usr/bin/cmake /home/kortex_ws/src/ros2_control/transmission_interface -DCMAKE_INSTALL_PREFIX=/home/kortex_ws/install/transmission_interface
[0.072s] -- The C compiler identification is GNU 11.4.0
[0.130s] -- The CXX compiler identification is GNU 11.4.0
[0.138s] -- Detecting C compiler ABI info
[0.210s] -- Detecting C compiler ABI info - done
[0.216s] -- Check for working C compiler: /usr/bin/cc - skipped
[0.217s] -- Detecting C compile features
[0.217s] -- Detecting C compile features - done
[0.220s] -- Detecting CXX compiler ABI info
[0.303s] -- Detecting CXX compiler ABI info - done
[0.310s] -- Check for working CXX compiler: /usr/bin/c++ - skipped
[0.310s] -- Detecting CXX compile features
[0.310s] -- Detecting CXX compile features - done
[0.315s] -- Found ament_cmake: 1.3.8 (/opt/ros/humble/share/ament_cmake/cmake)
[0.464s] -- Found Python3: /usr/bin/python3 (found version "3.10.12") found components: Interpreter 
[0.570s] -- Found hardware_interface: 2.41.0 (/home/kortex_ws/install/hardware_interface/share/hardware_interface/cmake)
[0.629s] -- Found rosidl_generator_c: 3.1.5 (/opt/ros/humble/share/rosidl_generator_c/cmake)
[0.637s] -- Found rosidl_adapter: 3.1.5 (/opt/ros/humble/share/rosidl_adapter/cmake)
[0.649s] -- Found rosidl_generator_cpp: 3.1.5 (/opt/ros/humble/share/rosidl_generator_cpp/cmake)
[0.665s] -- Using all available rosidl_typesupport_c: rosidl_typesupport_fastrtps_c;rosidl_typesupport_introspection_c
[0.688s] -- Using all available rosidl_typesupport_cpp: rosidl_typesupport_fastrtps_cpp;rosidl_typesupport_introspection_cpp
[1.336s] -- Found rmw_implementation_cmake: 6.1.1 (/opt/ros/humble/share/rmw_implementation_cmake/cmake)
[1.340s] -- Found rmw_cyclonedds_cpp: 1.3.4 (/opt/ros/humble/share/rmw_cyclonedds_cpp/cmake)
[1.376s] -- Using RMW implementation 'rmw_cyclonedds_cpp' as default
[1.393s] -- Looking for pthread.h
[1.468s] -- Looking for pthread.h - found
[1.468s] -- Performing Test CMAKE_HAVE_LIBC_PTHREAD
[1.547s] -- Performing Test CMAKE_HAVE_LIBC_PTHREAD - Success
[1.548s] -- Found Threads: TRUE  
[1.764s] -- Found ament_cmake_gmock: 1.3.8 (/opt/ros/humble/share/ament_cmake_gmock/cmake)
[1.768s] -- Found gmock sources under '/opt/ros/humble/src/gmock_vendor': C++ tests using 'Google Mock' will be built
[1.777s] -- Found ament_cmake_gtest: 1.3.8 (/opt/ros/humble/share/ament_cmake_gtest/cmake)
[1.779s] -- Found gtest sources under '/opt/ros/humble/src/gtest_vendor': C++ tests using 'Google Test' will be built
[2.265s] -- Configuring done
[2.651s] -- Generating done
[2.658s] -- Build files have been written to: /home/kortex_ws/build/transmission_interface
[2.739s] Invoked command in '/home/kortex_ws/build/transmission_interface' returned '0': AMENT_PREFIX_PATH=/home/kortex_ws/install/hardware_interface:/home/kortex_ws/install/control_msgs:${AMENT_PREFIX_PATH} CMAKE_PREFIX_PATH=/home/kortex_ws/install/hardware_interface:/home/kortex_ws/install/control_msgs:/opt/ros/humble LD_LIBRARY_PATH=/home/kortex_ws/install/hardware_interface/lib:/home/kortex_ws/install/control_msgs/lib:${LD_LIBRARY_PATH} PYTHONPATH=/home/kortex_ws/install/control_msgs/local/lib/python3.10/dist-packages:${PYTHONPATH} /usr/bin/cmake /home/kortex_ws/src/ros2_control/transmission_interface -DCMAKE_INSTALL_PREFIX=/home/kortex_ws/install/transmission_interface
[2.740s] Invoking command in '/home/kortex_ws/build/transmission_interface': AMENT_PREFIX_PATH=/home/kortex_ws/install/hardware_interface:/home/kortex_ws/install/control_msgs:${AMENT_PREFIX_PATH} CMAKE_PREFIX_PATH=/home/kortex_ws/install/hardware_interface:/home/kortex_ws/install/control_msgs:/opt/ros/humble LD_LIBRARY_PATH=/home/kortex_ws/install/hardware_interface/lib:/home/kortex_ws/install/control_msgs/lib:${LD_LIBRARY_PATH} PYTHONPATH=/home/kortex_ws/install/control_msgs/local/lib/python3.10/dist-packages:${PYTHONPATH} /usr/bin/cmake --build /home/kortex_ws/build/transmission_interface -- -j16 -l16
[3.105s] [  4%] [32mBuilding CXX object gmock/CMakeFiles/gmock_main.dir/src/gmock_main.cc.o[0m
[3.134s] [  8%] [32mBuilding CXX object gmock/CMakeFiles/gmock.dir/src/gmock-all.cc.o[0m
[3.149s] [ 13%] [32mBuilding CXX object CMakeFiles/transmission_interface.dir/src/simple_transmission_loader.cpp.o[0m
[3.152s] [ 17%] [32mBuilding CXX object CMakeFiles/transmission_interface.dir/src/four_bar_linkage_transmission_loader.cpp.o[0m
[3.162s] [ 21%] [32mBuilding CXX object gmock/CMakeFiles/gmock.dir/opt/ros/humble/src/gtest_vendor/src/gtest-all.cc.o[0m
[3.194s] [ 26%] [32mBuilding CXX object CMakeFiles/transmission_interface.dir/src/differential_transmission_loader.cpp.o[0m
[6.320s] [ 30%] [32m[1mLinking CXX static library libgmock_main.a[0m
[6.699s] [ 30%] Built target gmock_main
[9.928s] [ 34%] [32m[1mLinking CXX static library libgmock.a[0m
[10.171s] [ 34%] Built target gmock
[10.246s] [ 39%] [32mBuilding CXX object CMakeFiles/test_differential_transmission.dir/test/differential_transmission_test.cpp.o[0m
[10.277s] [ 43%] [32mBuilding CXX object CMakeFiles/test_simple_transmission_loader.dir/test/simple_transmission_loader_test.cpp.o[0m
[10.288s] [ 47%] [32mBuilding CXX object CMakeFiles/test_simple_transmission.dir/test/simple_transmission_test.cpp.o[0m
[10.289s] [ 52%] [32mBuilding CXX object CMakeFiles/test_differential_transmission_loader.dir/test/differential_transmission_loader_test.cpp.o[0m
[10.291s] [ 56%] [32mBuilding CXX object CMakeFiles/test_four_bar_linkage_transmission.dir/test/four_bar_linkage_transmission_test.cpp.o[0m
[10.298s] [ 60%] [32mBuilding CXX object CMakeFiles/test_four_bar_linkage_transmission_loader.dir/test/four_bar_linkage_transmission_loader_test.cpp.o[0m
[10.320s] [ 65%] [32mBuilding CXX object CMakeFiles/test_utils.dir/test/utils_test.cpp.o[0m
[14.627s] [ 69%] [32m[1mLinking CXX shared library libtransmission_interface.so[0m
[14.671s] [ 73%] [32m[1mLinking CXX executable test_utils[0m
[15.174s] [ 73%] Built target transmission_interface
[15.764s] [ 73%] Built target test_utils
[16.318s] [ 78%] [32m[1mLinking CXX executable test_simple_transmission[0m
[16.768s] [ 82%] [32m[1mLinking CXX executable test_differential_transmission[0m
[17.391s] [ 82%] Built target test_simple_transmission
[17.448s] [ 86%] [32m[1mLinking CXX executable test_four_bar_linkage_transmission[0m
[18.144s] [ 86%] Built target test_differential_transmission
[18.257s] [ 86%] Built target test_four_bar_linkage_transmission
[20.170s] [ 91%] [32m[1mLinking CXX executable test_four_bar_linkage_transmission_loader[0m
[20.881s] [ 95%] [32m[1mLinking CXX executable test_differential_transmission_loader[0m
[20.900s] [ 95%] Built target test_four_bar_linkage_transmission_loader
[21.280s] [100%] [32m[1mLinking CXX executable test_simple_transmission_loader[0m
[21.484s] [100%] Built target test_differential_transmission_loader
[21.919s] [100%] Built target test_simple_transmission_loader
[21.939s] Invoked command in '/home/kortex_ws/build/transmission_interface' returned '0': AMENT_PREFIX_PATH=/home/kortex_ws/install/hardware_interface:/home/kortex_ws/install/control_msgs:${AMENT_PREFIX_PATH} CMAKE_PREFIX_PATH=/home/kortex_ws/install/hardware_interface:/home/kortex_ws/install/control_msgs:/opt/ros/humble LD_LIBRARY_PATH=/home/kortex_ws/install/hardware_interface/lib:/home/kortex_ws/install/control_msgs/lib:${LD_LIBRARY_PATH} PYTHONPATH=/home/kortex_ws/install/control_msgs/local/lib/python3.10/dist-packages:${PYTHONPATH} /usr/bin/cmake --build /home/kortex_ws/build/transmission_interface -- -j16 -l16
[22.021s] Invoking command in '/home/kortex_ws/build/transmission_interface': AMENT_PREFIX_PATH=/home/kortex_ws/install/hardware_interface:/home/kortex_ws/install/control_msgs:${AMENT_PREFIX_PATH} CMAKE_PREFIX_PATH=/home/kortex_ws/install/hardware_interface:/home/kortex_ws/install/control_msgs:/opt/ros/humble LD_LIBRARY_PATH=/home/kortex_ws/install/hardware_interface/lib:/home/kortex_ws/install/control_msgs/lib:${LD_LIBRARY_PATH} PYTHONPATH=/home/kortex_ws/install/control_msgs/local/lib/python3.10/dist-packages:${PYTHONPATH} /usr/bin/cmake --install /home/kortex_ws/build/transmission_interface
[22.033s] -- Install configuration: ""
[22.033s] -- Installing: /home/kortex_ws/install/transmission_interface/include
[22.033s] -- Installing: /home/kortex_ws/install/transmission_interface/include/transmission_interface
[22.034s] -- Installing: /home/kortex_ws/install/transmission_interface/include/transmission_interface/visibility_control.h
[22.034s] -- Installing: /home/kortex_ws/install/transmission_interface/include/transmission_interface/simple_transmission_loader.hpp
[22.034s] -- Installing: /home/kortex_ws/install/transmission_interface/include/transmission_interface/accessor.hpp
[22.034s] -- Installing: /home/kortex_ws/install/transmission_interface/include/transmission_interface/transmission_interface_exception.hpp
[22.034s] -- Installing: /home/kortex_ws/install/transmission_interface/include/transmission_interface/simple_transmission.hpp
[22.034s] -- Installing: /home/kortex_ws/install/transmission_interface/include/transmission_interface/transmission.hpp
[22.034s] -- Installing: /home/kortex_ws/install/transmission_interface/include/transmission_interface/differential_transmission_loader.hpp
[22.035s] -- Installing: /home/kortex_ws/install/transmission_interface/include/transmission_interface/exception.hpp
[22.035s] -- Installing: /home/kortex_ws/install/transmission_interface/include/transmission_interface/transmission_loader.hpp
[22.035s] -- Installing: /home/kortex_ws/install/transmission_interface/include/transmission_interface/four_bar_linkage_transmission.hpp
[22.035s] -- Installing: /home/kortex_ws/install/transmission_interface/include/transmission_interface/handle.hpp
[22.035s] -- Installing: /home/kortex_ws/install/transmission_interface/include/transmission_interface/differential_transmission.hpp
[22.035s] -- Installing: /home/kortex_ws/install/transmission_interface/include/transmission_interface/four_bar_linkage_transmission_loader.hpp
[22.035s] -- Installing: /home/kortex_ws/install/transmission_interface/share/transmission_interface/ros2_control_plugins.xml
[22.036s] -- Installing: /home/kortex_ws/install/transmission_interface/lib/libtransmission_interface.so
[22.038s] -- Set runtime path of "/home/kortex_ws/install/transmission_interface/lib/libtransmission_interface.so" to ""
[22.038s] -- Installing: /home/kortex_ws/install/transmission_interface/share/transmission_interface/environment/library_path.sh
[22.039s] -- Installing: /home/kortex_ws/install/transmission_interface/share/transmission_interface/environment/library_path.dsv
[22.039s] -- Installing: /home/kortex_ws/install/transmission_interface/share/ament_index/resource_index/package_run_dependencies/transmission_interface
[22.039s] -- Installing: /home/kortex_ws/install/transmission_interface/share/ament_index/resource_index/parent_prefix_path/transmission_interface
[22.039s] -- Installing: /home/kortex_ws/install/transmission_interface/share/transmission_interface/environment/ament_prefix_path.sh
[22.040s] -- Installing: /home/kortex_ws/install/transmission_interface/share/transmission_interface/environment/ament_prefix_path.dsv
[22.040s] -- Installing: /home/kortex_ws/install/transmission_interface/share/transmission_interface/environment/path.sh
[22.040s] -- Installing: /home/kortex_ws/install/transmission_interface/share/transmission_interface/environment/path.dsv
[22.040s] -- Installing: /home/kortex_ws/install/transmission_interface/share/transmission_interface/local_setup.bash
[22.040s] -- Installing: /home/kortex_ws/install/transmission_interface/share/transmission_interface/local_setup.sh
[22.041s] -- Installing: /home/kortex_ws/install/transmission_interface/share/transmission_interface/local_setup.zsh
[22.041s] -- Installing: /home/kortex_ws/install/transmission_interface/share/transmission_interface/local_setup.dsv
[22.041s] -- Installing: /home/kortex_ws/install/transmission_interface/share/transmission_interface/package.dsv
[22.041s] -- Installing: /home/kortex_ws/install/transmission_interface/share/ament_index/resource_index/packages/transmission_interface
[22.042s] -- Installing: /home/kortex_ws/install/transmission_interface/share/ament_index/resource_index/transmission_interface__pluginlib__plugin/transmission_interface
[22.042s] -- Installing: /home/kortex_ws/install/transmission_interface/share/transmission_interface/cmake/ament_cmake_export_include_directories-extras.cmake
[22.042s] -- Installing: /home/kortex_ws/install/transmission_interface/share/transmission_interface/cmake/ament_cmake_export_dependencies-extras.cmake
[22.043s] -- Installing: /home/kortex_ws/install/transmission_interface/share/transmission_interface/cmake/ament_cmake_export_libraries-extras.cmake
[22.043s] -- Installing: /home/kortex_ws/install/transmission_interface/share/transmission_interface/cmake/transmission_interfaceConfig.cmake
[22.043s] -- Installing: /home/kortex_ws/install/transmission_interface/share/transmission_interface/cmake/transmission_interfaceConfig-version.cmake
[22.043s] -- Installing: /home/kortex_ws/install/transmission_interface/share/transmission_interface/package.xml
[22.047s] Invoked command in '/home/kortex_ws/build/transmission_interface' returned '0': AMENT_PREFIX_PATH=/home/kortex_ws/install/hardware_interface:/home/kortex_ws/install/control_msgs:${AMENT_PREFIX_PATH} CMAKE_PREFIX_PATH=/home/kortex_ws/install/hardware_interface:/home/kortex_ws/install/control_msgs:/opt/ros/humble LD_LIBRARY_PATH=/home/kortex_ws/install/hardware_interface/lib:/home/kortex_ws/install/control_msgs/lib:${LD_LIBRARY_PATH} PYTHONPATH=/home/kortex_ws/install/control_msgs/local/lib/python3.10/dist-packages:${PYTHONPATH} /usr/bin/cmake --install /home/kortex_ws/build/transmission_interface
