-- The C compiler identification is GNU 11.4.0
-- The CXX compiler identification is GNU 11.4.0
-- Detecting C compiler ABI info
-- Detecting C compiler ABI info - done
-- Check for working C compiler: /usr/bin/cc - skipped
-- Detecting C compile features
-- Detecting C compile features - done
-- Detecting CXX compiler ABI info
-- Detecting CXX compiler ABI info - done
-- Check for working CXX compiler: /usr/bin/c++ - skipped
-- Detecting CXX compile features
-- Detecting CXX compile features - done
-- Found ament_cmake: 1.3.9 (/opt/ros/humble/share/ament_cmake/cmake)
-- Found Python3: /usr/bin/python3 (found version "3.10.12") found components: Interpreter 
-- Found rclcpp: 16.0.9 (/opt/ros/humble/share/rclcpp/cmake)
-- Found rosidl_generator_c: 3.1.5 (/opt/ros/humble/share/rosidl_generator_c/cmake)
-- Found rosidl_adapter: 3.1.5 (/opt/ros/humble/share/rosidl_adapter/cmake)
-- Found rosidl_generator_cpp: 3.1.5 (/opt/ros/humble/share/rosidl_generator_cpp/cmake)
-- Using all available rosidl_typesupport_c: rosidl_typesupport_fastrtps_c;rosidl_typesupport_introspection_c
-- Using all available rosidl_typesupport_cpp: rosidl_typesupport_fastrtps_cpp;rosidl_typesupport_introspection_cpp
-- Found rmw_implementation_cmake: 6.1.2 (/opt/ros/humble/share/rmw_implementation_cmake/cmake)
-- Found rmw_cyclonedds_cpp: 1.3.4 (/opt/ros/humble/share/rmw_cyclonedds_cpp/cmake)
-- Using RMW implementation 'rmw_cyclonedds_cpp' as default
-- Looking for pthread.h
-- Looking for pthread.h - found
-- Performing Test CMAKE_HAVE_LIBC_PTHREAD
-- Performing Test CMAKE_HAVE_LIBC_PTHREAD - Success
-- Found Threads: TRUE  
-- Found rclpy: 3.3.13 (/opt/ros/humble/share/rclpy/cmake)
-- Found geometry_msgs: 4.2.3 (/opt/ros/humble/share/geometry_msgs/cmake)
-- Found moveit_ros_planning: 2.9.0 (/home/moveit/install/moveit_ros_planning/share/moveit_ros_planning/cmake)
-- Found Boost: /usr/lib/x86_64-linux-gnu/cmake/Boost-1.74.0/BoostConfig.cmake (found version "1.74.0") found components: system filesystem date_time program_options thread chrono 
-- Found parameter_traits: 0.3.8 (/opt/ros/humble/share/parameter_traits/cmake)
-- Found rclcpp_lifecycle: 16.0.9 (/opt/ros/humble/share/rclcpp_lifecycle/cmake)
-- Found Boost: /usr/lib/x86_64-linux-gnu/cmake/Boost-1.74.0/BoostConfig.cmake (found version "1.74.0") found components: chrono date_time filesystem iostreams program_options regex serialization system thread 
-- Found Boost: /usr/lib/x86_64-linux-gnu/cmake/Boost-1.74.0/BoostConfig.cmake (found version "1.74.0") found components: filesystem 
-- library: /usr/lib/x86_64-linux-gnu/libcurl.so
-- Found Eigen3: TRUE (found version "3.4.0") 
-- Ensuring Eigen3 include directory is part of orocos-kdl CMake target
-- Found moveit_ros_planning_interface: 2.9.0 (/home/moveit/install/moveit_ros_planning_interface/share/moveit_ros_planning_interface/cmake)
-- Found Boost: /usr/lib/x86_64-linux-gnu/cmake/Boost-1.74.0/BoostConfig.cmake (found version "1.74.0") found components: date_time filesystem program_options system thread 
-- Found Boost: /usr/lib/x86_64-linux-gnu/cmake/Boost-1.74.0/BoostConfig.cmake (found version "1.74.0") found components: thread system filesystem regex date_time program_options 
-- Found Boost: /usr/lib/x86_64-linux-gnu/cmake/Boost-1.74.0/BoostConfig.cmake (found version "1.74.0") found components: system filesystem date_time program_options thread 
-- Found Python3: /usr/bin/python3 (found version "3.10.12") found components: Interpreter Development Development.Module Development.Embed 
-- Found pybind11_vendor: 2.4.2 (/opt/ros/humble/share/pybind11_vendor/cmake)
-- Performing Test HAS_FLTO
-- Performing Test HAS_FLTO - Success
-- Found pybind11: /usr/include (found version "2.9.1")
-- Found ament_cmake_pytest: 1.3.9 (/opt/ros/humble/share/ament_cmake_pytest/cmake)
-- Configuring done
-- Generating done
-- Build files have been written to: /home/moveit/build/moveit_py
[  4%] [32mBuilding CXX object src/moveit/moveit_py_utils/CMakeFiles/moveit_py_utils.dir/src/copy_ros_msg.cpp.o[0m
[  8%] [32mBuilding CXX object src/moveit/moveit_py_utils/CMakeFiles/moveit_py_utils.dir/src/ros_msg_typecasters.cpp.o[0m
[  8%] Built target ament_cmake_python_copy_moveit
running egg_info
creating moveit.egg-info
writing moveit.egg-info/PKG-INFO
writing dependency_links to moveit.egg-info/dependency_links.txt
writing top-level names to moveit.egg-info/top_level.txt
writing manifest file 'moveit.egg-info/SOURCES.txt'
reading manifest file 'moveit.egg-info/SOURCES.txt'
writing manifest file 'moveit.egg-info/SOURCES.txt'
[  8%] Built target ament_cmake_python_build_moveit_egg
[ 12%] [32m[1mLinking CXX shared library libmoveit_py_utils.so[0m
[ 12%] Built target moveit_py_utils
[ 66%] [32mBuilding CXX object CMakeFiles/core.dir/src/moveit/moveit_core/collision_detection/world.cpp.o[0m
[ 66%] [32mBuilding CXX object CMakeFiles/planning.dir/src/moveit/moveit_ros/planning_scene_monitor/planning_scene_monitor.cpp.o[0m
[ 66%] [32mBuilding CXX object CMakeFiles/core.dir/src/moveit/moveit_core/kinematic_constraints/utils.cpp.o[0m
[ 66%] [32mBuilding CXX object CMakeFiles/core.dir/src/moveit/moveit_core/planning_scene/planning_scene.cpp.o[0m
[ 66%] [32mBuilding CXX object CMakeFiles/planning.dir/src/moveit/planning.cpp.o[0m
[ 66%] [32mBuilding CXX object CMakeFiles/core.dir/src/moveit/moveit_core/collision_detection/collision_common.cpp.o[0m
[ 66%] [32mBuilding CXX object CMakeFiles/core.dir/src/moveit/moveit_core/planning_interface/planning_response.cpp.o[0m
[ 70%] [32mBuilding CXX object CMakeFiles/core.dir/src/moveit/moveit_core/transforms/transforms.cpp.o[0m
[ 66%] [32mBuilding CXX object CMakeFiles/core.dir/src/moveit/core.cpp.o[0m
[ 66%] [32mBuilding CXX object CMakeFiles/planning.dir/src/moveit/moveit_ros/moveit_cpp/planning_component.cpp.o[0m
[ 66%] [32mBuilding CXX object CMakeFiles/planning.dir/src/moveit/moveit_ros/trajectory_execution_manager/trajectory_execution_manager.cpp.o[0m
[ 66%] [32mBuilding CXX object CMakeFiles/planning.dir/src/moveit/moveit_ros/moveit_cpp/moveit_cpp.cpp.o[0m
[ 66%] [32mBuilding CXX object CMakeFiles/core.dir/src/moveit/moveit_core/controller_manager/controller_manager.cpp.o[0m
[ 66%] [32mBuilding CXX object CMakeFiles/core.dir/src/moveit/moveit_core/collision_detection/collision_matrix.cpp.o[0m
[ 75%] [32mBuilding CXX object CMakeFiles/core.dir/src/moveit/moveit_core/robot_model/joint_model.cpp.o[0m
[ 79%] [32mBuilding CXX object CMakeFiles/core.dir/src/moveit/moveit_core/robot_model/joint_model_group.cpp.o[0m
[ 83%] [32mBuilding CXX object CMakeFiles/core.dir/src/moveit/moveit_core/robot_model/robot_model.cpp.o[0m
[ 87%] [32mBuilding CXX object CMakeFiles/core.dir/src/moveit/moveit_core/robot_state/robot_state.cpp.o[0m
[ 91%] [32mBuilding CXX object CMakeFiles/core.dir/src/moveit/moveit_core/robot_trajectory/robot_trajectory.cpp.o[0m
[ 95%] [32m[1mLinking CXX shared module test_moveit/planning.cpython-310-x86_64-linux-gnu.so[0m
[100%] [32m[1mLinking CXX shared module test_moveit/core.cpython-310-x86_64-linux-gnu.so[0m
[100%] Built target planning
[100%] Built target core
-- Install configuration: "Release"
-- Installing: /home/moveit/install/moveit_py/share/moveit_py/environment/pythonpath.sh
-- Installing: /home/moveit/install/moveit_py/share/moveit_py/environment/pythonpath.dsv
-- Installing: /home/moveit/install/moveit_py/local/lib/python3.10/dist-packages/moveit-2.9.0-py3.10.egg-info
-- Installing: /home/moveit/install/moveit_py/local/lib/python3.10/dist-packages/moveit-2.9.0-py3.10.egg-info/SOURCES.txt
-- Installing: /home/moveit/install/moveit_py/local/lib/python3.10/dist-packages/moveit-2.9.0-py3.10.egg-info/dependency_links.txt
-- Installing: /home/moveit/install/moveit_py/local/lib/python3.10/dist-packages/moveit-2.9.0-py3.10.egg-info/top_level.txt
-- Installing: /home/moveit/install/moveit_py/local/lib/python3.10/dist-packages/moveit-2.9.0-py3.10.egg-info/PKG-INFO
-- Installing: /home/moveit/install/moveit_py/local/lib/python3.10/dist-packages/moveit
-- Installing: /home/moveit/install/moveit_py/local/lib/python3.10/dist-packages/moveit/utils.pyi
-- Installing: /home/moveit/install/moveit_py/local/lib/python3.10/dist-packages/moveit/utils.py
-- Installing: /home/moveit/install/moveit_py/local/lib/python3.10/dist-packages/moveit/core
-- Installing: /home/moveit/install/moveit_py/local/lib/python3.10/dist-packages/moveit/core/robot_model.pyi
-- Installing: /home/moveit/install/moveit_py/local/lib/python3.10/dist-packages/moveit/core/kinematic_constraints.pyi
-- Installing: /home/moveit/install/moveit_py/local/lib/python3.10/dist-packages/moveit/core/planning_scene.pyi
-- Installing: /home/moveit/install/moveit_py/local/lib/python3.10/dist-packages/moveit/core/robot_trajectory.pyi
-- Installing: /home/moveit/install/moveit_py/local/lib/python3.10/dist-packages/moveit/core/robot_state.pyi
-- Installing: /home/moveit/install/moveit_py/local/lib/python3.10/dist-packages/moveit/core/__init__.pyi
-- Installing: /home/moveit/install/moveit_py/local/lib/python3.10/dist-packages/moveit/core/planning_interface.pyi
-- Installing: /home/moveit/install/moveit_py/local/lib/python3.10/dist-packages/moveit/core/collision_detection.pyi
-- Installing: /home/moveit/install/moveit_py/local/lib/python3.10/dist-packages/moveit/core/controller_manager.pyi
-- Installing: /home/moveit/install/moveit_py/local/lib/python3.10/dist-packages/moveit/README.md
-- Installing: /home/moveit/install/moveit_py/local/lib/python3.10/dist-packages/moveit/py.typed
-- Installing: /home/moveit/install/moveit_py/local/lib/python3.10/dist-packages/moveit/__init__.py
-- Installing: /home/moveit/install/moveit_py/local/lib/python3.10/dist-packages/moveit/planning.pyi
-- Installing: /home/moveit/install/moveit_py/local/lib/python3.10/dist-packages/moveit/servo_client
-- Installing: /home/moveit/install/moveit_py/local/lib/python3.10/dist-packages/moveit/servo_client/README.md
-- Installing: /home/moveit/install/moveit_py/local/lib/python3.10/dist-packages/moveit/servo_client/teleop.py
-- Installing: /home/moveit/install/moveit_py/local/lib/python3.10/dist-packages/moveit/servo_client/__init__.pyi
-- Installing: /home/moveit/install/moveit_py/local/lib/python3.10/dist-packages/moveit/servo_client/teleop.pyi
-- Installing: /home/moveit/install/moveit_py/local/lib/python3.10/dist-packages/moveit/servo_client/__init__.py
-- Installing: /home/moveit/install/moveit_py/local/lib/python3.10/dist-packages/moveit/servo_client/devices
-- Installing: /home/moveit/install/moveit_py/local/lib/python3.10/dist-packages/moveit/servo_client/devices/__init__.pyi
-- Installing: /home/moveit/install/moveit_py/local/lib/python3.10/dist-packages/moveit/servo_client/devices/ps4_dualshock.py
-- Installing: /home/moveit/install/moveit_py/local/lib/python3.10/dist-packages/moveit/servo_client/devices/__init__.py
-- Installing: /home/moveit/install/moveit_py/local/lib/python3.10/dist-packages/moveit/servo_client/devices/ps4_dualshock.pyi
-- Installing: /home/moveit/install/moveit_py/local/lib/python3.10/dist-packages/moveit/policies
-- Installing: /home/moveit/install/moveit_py/local/lib/python3.10/dist-packages/moveit/policies/__init__.pyi
-- Installing: /home/moveit/install/moveit_py/local/lib/python3.10/dist-packages/moveit/policies/policy.pyi
-- Installing: /home/moveit/install/moveit_py/local/lib/python3.10/dist-packages/moveit/policies/policy.py
-- Installing: /home/moveit/install/moveit_py/local/lib/python3.10/dist-packages/moveit/policies/__init__.py
Listing '/home/moveit/install/moveit_py/local/lib/python3.10/dist-packages/moveit'...
Compiling '/home/moveit/install/moveit_py/local/lib/python3.10/dist-packages/moveit/__init__.py'...
Listing '/home/moveit/install/moveit_py/local/lib/python3.10/dist-packages/moveit/core'...
Listing '/home/moveit/install/moveit_py/local/lib/python3.10/dist-packages/moveit/policies'...
Compiling '/home/moveit/install/moveit_py/local/lib/python3.10/dist-packages/moveit/policies/__init__.py'...
Compiling '/home/moveit/install/moveit_py/local/lib/python3.10/dist-packages/moveit/policies/policy.py'...
Listing '/home/moveit/install/moveit_py/local/lib/python3.10/dist-packages/moveit/servo_client'...
Compiling '/home/moveit/install/moveit_py/local/lib/python3.10/dist-packages/moveit/servo_client/__init__.py'...
Listing '/home/moveit/install/moveit_py/local/lib/python3.10/dist-packages/moveit/servo_client/devices'...
Compiling '/home/moveit/install/moveit_py/local/lib/python3.10/dist-packages/moveit/servo_client/devices/__init__.py'...
Compiling '/home/moveit/install/moveit_py/local/lib/python3.10/dist-packages/moveit/servo_client/devices/ps4_dualshock.py'...
Compiling '/home/moveit/install/moveit_py/local/lib/python3.10/dist-packages/moveit/servo_client/teleop.py'...
Compiling '/home/moveit/install/moveit_py/local/lib/python3.10/dist-packages/moveit/utils.py'...
-- Installing: /home/moveit/install/moveit_py/local/lib/python3.10/dist-packages/moveit/core.cpython-310-x86_64-linux-gnu.so
-- Set runtime path of "/home/moveit/install/moveit_py/local/lib/python3.10/dist-packages/moveit/core.cpython-310-x86_64-linux-gnu.so" to ""
-- Installing: /home/moveit/install/moveit_py/local/lib/python3.10/dist-packages/moveit/planning.cpython-310-x86_64-linux-gnu.so
-- Set runtime path of "/home/moveit/install/moveit_py/local/lib/python3.10/dist-packages/moveit/planning.cpython-310-x86_64-linux-gnu.so" to ""
-- Installing: /home/moveit/install/moveit_py/share/moveit_py/environment/library_path.sh
-- Installing: /home/moveit/install/moveit_py/share/moveit_py/environment/library_path.dsv
-- Installing: /home/moveit/install/moveit_py/share/ament_index/resource_index/package_run_dependencies/moveit_py
-- Installing: /home/moveit/install/moveit_py/share/ament_index/resource_index/parent_prefix_path/moveit_py
-- Installing: /home/moveit/install/moveit_py/share/moveit_py/environment/ament_prefix_path.sh
-- Installing: /home/moveit/install/moveit_py/share/moveit_py/environment/ament_prefix_path.dsv
-- Installing: /home/moveit/install/moveit_py/share/moveit_py/environment/path.sh
-- Installing: /home/moveit/install/moveit_py/share/moveit_py/environment/path.dsv
-- Installing: /home/moveit/install/moveit_py/share/moveit_py/local_setup.bash
-- Installing: /home/moveit/install/moveit_py/share/moveit_py/local_setup.sh
-- Installing: /home/moveit/install/moveit_py/share/moveit_py/local_setup.zsh
-- Installing: /home/moveit/install/moveit_py/share/moveit_py/local_setup.dsv
-- Installing: /home/moveit/install/moveit_py/share/moveit_py/package.dsv
-- Installing: /home/moveit/install/moveit_py/share/ament_index/resource_index/packages/moveit_py
-- Installing: /home/moveit/install/moveit_py/share/moveit_py/cmake/moveit_py_utilsTargetsExport.cmake
-- Installing: /home/moveit/install/moveit_py/share/moveit_py/cmake/moveit_py_utilsTargetsExport-release.cmake
-- Installing: /home/moveit/install/moveit_py/share/moveit_py/cmake/ament_cmake_export_targets-extras.cmake
-- Installing: /home/moveit/install/moveit_py/share/moveit_py/cmake/ament_cmake_export_dependencies-extras.cmake
-- Installing: /home/moveit/install/moveit_py/share/moveit_py/cmake/moveit_pyConfig.cmake
-- Installing: /home/moveit/install/moveit_py/share/moveit_py/cmake/moveit_pyConfig-version.cmake
-- Installing: /home/moveit/install/moveit_py/share/moveit_py/package.xml
-- Installing: /home/moveit/install/moveit_py/lib/libmoveit_py_utils.so.
-- Set runtime path of "/home/moveit/install/moveit_py/lib/libmoveit_py_utils.so." to ""
-- Installing: /home/moveit/install/moveit_py/lib/libmoveit_py_utils.so
-- Installing: /home/moveit/install/moveit_py/include/moveit_py
-- Installing: /home/moveit/install/moveit_py/include/moveit_py/moveit_py
-- Installing: /home/moveit/install/moveit_py/include/moveit_py/moveit_py/moveit_py_utils
-- Installing: /home/moveit/install/moveit_py/include/moveit_py/moveit_py/moveit_py_utils/copy_ros_msg.h
-- Installing: /home/moveit/install/moveit_py/include/moveit_py/moveit_py/moveit_py_utils/ros_msg_typecasters.h
