[0.027s] Invoking command in '/home/kortex_ws/build/position_controllers': AMENT_PREFIX_PATH=/home/kortex_ws/install/forward_command_controller:/home/kortex_ws/install/controller_manager:/home/kortex_ws/install/hardware_interface_testing:/home/kortex_ws/install/controller_interface:/home/kortex_ws/install/hardware_interface:/home/kortex_ws/install/ros2_control_test_assets:/home/kortex_ws/install/controller_manager_msgs:/home/kortex_ws/install/control_msgs:${AMENT_PREFIX_PATH} CMAKE_PREFIX_PATH=/home/kortex_ws/install/forward_command_controller:/home/kortex_ws/install/controller_manager:/home/kortex_ws/install/hardware_interface_testing:/home/kortex_ws/install/controller_interface:/home/kortex_ws/install/hardware_interface:/home/kortex_ws/install/ros2_control_test_assets:/home/kortex_ws/install/controller_manager_msgs:/home/kortex_ws/install/control_msgs:/opt/ros/humble LD_LIBRARY_PATH=/home/kortex_ws/install/forward_command_controller/lib:/home/kortex_ws/install/controller_manager/lib:/home/kortex_ws/install/hardware_interface_testing/lib:/home/kortex_ws/install/controller_interface/lib:/home/kortex_ws/install/hardware_interface/lib:/home/kortex_ws/install/controller_manager_msgs/lib:/home/kortex_ws/install/control_msgs/lib:${LD_LIBRARY_PATH} PYTHONPATH=/home/kortex_ws/install/controller_manager/local/lib/python3.10/dist-packages:/home/kortex_ws/install/controller_manager_msgs/local/lib/python3.10/dist-packages:/home/kortex_ws/install/control_msgs/local/lib/python3.10/dist-packages:${PYTHONPATH} /usr/bin/cmake /home/kortex_ws/src/ros2_controllers/position_controllers -DCMAKE_INSTALL_PREFIX=/home/kortex_ws/install/position_controllers
[0.122s] -- The CXX compiler identification is GNU 11.4.0
[0.134s] -- Detecting CXX compiler ABI info
[0.261s] -- Detecting CXX compiler ABI info - done
[0.269s] -- Check for working CXX compiler: /usr/bin/c++ - skipped
[0.270s] -- Detecting CXX compile features
[0.270s] -- Detecting CXX compile features - done
[0.276s] -- Found ament_cmake: 1.3.8 (/opt/ros/humble/share/ament_cmake/cmake)
[0.479s] -- Found Python3: /usr/bin/python3 (found version "3.10.12") found components: Interpreter 
[0.639s] -- Found backward_ros: 1.0.2 (/opt/ros/humble/share/backward_ros/cmake)
[0.652s] -- Found libdw: /usr/lib/x86_64-linux-gnu/libdw.so  
[0.660s] -- Could NOT find libbfd (missing: LIBBFD_LIBRARY LIBBFD_INCLUDE_DIR) 
[0.660s] -- BACKWARD_HAS_UNWIND=1
[0.660s] -- BACKWARD_HAS_BACKTRACE=0
[0.661s] -- BACKWARD_HAS_BACKTRACE_SYMBOL=0
[0.661s] -- BACKWARD_HAS_DW=1
[0.661s] -- BACKWARD_HAS_BFD=0
[0.661s] -- Found Backward: /opt/ros/humble/share/backward_ros/cmake  
[0.661s] -- Found forward_command_controller: 2.35.0 (/home/kortex_ws/install/forward_command_controller/share/forward_command_controller/cmake)
[0.734s] -- Found rosidl_generator_c: 3.1.5 (/opt/ros/humble/share/rosidl_generator_c/cmake)
[0.745s] -- Found rosidl_adapter: 3.1.5 (/opt/ros/humble/share/rosidl_adapter/cmake)
[0.762s] -- Found rosidl_generator_cpp: 3.1.5 (/opt/ros/humble/share/rosidl_generator_cpp/cmake)
[0.785s] -- Using all available rosidl_typesupport_c: rosidl_typesupport_fastrtps_c;rosidl_typesupport_introspection_c
[0.815s] -- Using all available rosidl_typesupport_cpp: rosidl_typesupport_fastrtps_cpp;rosidl_typesupport_introspection_cpp
[1.629s] -- Found rmw_implementation_cmake: 6.1.1 (/opt/ros/humble/share/rmw_implementation_cmake/cmake)
[1.635s] -- Found rmw_cyclonedds_cpp: 1.3.4 (/opt/ros/humble/share/rmw_cyclonedds_cpp/cmake)
[1.684s] -- Using RMW implementation 'rmw_cyclonedds_cpp' as default
[1.707s] -- Looking for C++ include pthread.h
[1.864s] -- Looking for C++ include pthread.h - found
[1.864s] -- Performing Test CMAKE_HAVE_LIBC_PTHREAD
[2.033s] -- Performing Test CMAKE_HAVE_LIBC_PTHREAD - Success
[2.035s] -- Found Threads: TRUE  
[2.512s] -- Found parameter_traits: 0.3.8 (/opt/ros/humble/share/parameter_traits/cmake)
[2.754s] -- Found ament_cmake_gmock: 1.3.8 (/opt/ros/humble/share/ament_cmake_gmock/cmake)
[2.755s] -- Found controller_manager: 2.41.0 (/home/kortex_ws/install/controller_manager/share/controller_manager/cmake)
[3.073s] -- Found ros2_control_test_assets: 2.41.0 (/home/kortex_ws/install/ros2_control_test_assets/share/ros2_control_test_assets/cmake)
[3.079s] -- Found gmock sources under '/opt/ros/humble/src/gmock_vendor': C++ tests using 'Google Mock' will be built
[3.127s] -- The C compiler identification is GNU 11.4.0
[3.135s] -- Detecting C compiler ABI info
[3.260s] -- Detecting C compiler ABI info - done
[3.271s] -- Check for working C compiler: /usr/bin/cc - skipped
[3.271s] -- Detecting C compile features
[3.272s] -- Detecting C compile features - done
[3.284s] -- Found ament_cmake_gtest: 1.3.8 (/opt/ros/humble/share/ament_cmake_gtest/cmake)
[3.285s] -- Found gtest sources under '/opt/ros/humble/src/gtest_vendor': C++ tests using 'Google Test' will be built
[3.750s] -- Configuring done
[3.886s] -- Generating done
[3.889s] -- Build files have been written to: /home/kortex_ws/build/position_controllers
[3.911s] Invoked command in '/home/kortex_ws/build/position_controllers' returned '0': AMENT_PREFIX_PATH=/home/kortex_ws/install/forward_command_controller:/home/kortex_ws/install/controller_manager:/home/kortex_ws/install/hardware_interface_testing:/home/kortex_ws/install/controller_interface:/home/kortex_ws/install/hardware_interface:/home/kortex_ws/install/ros2_control_test_assets:/home/kortex_ws/install/controller_manager_msgs:/home/kortex_ws/install/control_msgs:${AMENT_PREFIX_PATH} CMAKE_PREFIX_PATH=/home/kortex_ws/install/forward_command_controller:/home/kortex_ws/install/controller_manager:/home/kortex_ws/install/hardware_interface_testing:/home/kortex_ws/install/controller_interface:/home/kortex_ws/install/hardware_interface:/home/kortex_ws/install/ros2_control_test_assets:/home/kortex_ws/install/controller_manager_msgs:/home/kortex_ws/install/control_msgs:/opt/ros/humble LD_LIBRARY_PATH=/home/kortex_ws/install/forward_command_controller/lib:/home/kortex_ws/install/controller_manager/lib:/home/kortex_ws/install/hardware_interface_testing/lib:/home/kortex_ws/install/controller_interface/lib:/home/kortex_ws/install/hardware_interface/lib:/home/kortex_ws/install/controller_manager_msgs/lib:/home/kortex_ws/install/control_msgs/lib:${LD_LIBRARY_PATH} PYTHONPATH=/home/kortex_ws/install/controller_manager/local/lib/python3.10/dist-packages:/home/kortex_ws/install/controller_manager_msgs/local/lib/python3.10/dist-packages:/home/kortex_ws/install/control_msgs/local/lib/python3.10/dist-packages:${PYTHONPATH} /usr/bin/cmake /home/kortex_ws/src/ros2_controllers/position_controllers -DCMAKE_INSTALL_PREFIX=/home/kortex_ws/install/position_controllers
[3.914s] Invoking command in '/home/kortex_ws/build/position_controllers': AMENT_PREFIX_PATH=/home/kortex_ws/install/forward_command_controller:/home/kortex_ws/install/controller_manager:/home/kortex_ws/install/hardware_interface_testing:/home/kortex_ws/install/controller_interface:/home/kortex_ws/install/hardware_interface:/home/kortex_ws/install/ros2_control_test_assets:/home/kortex_ws/install/controller_manager_msgs:/home/kortex_ws/install/control_msgs:${AMENT_PREFIX_PATH} CMAKE_PREFIX_PATH=/home/kortex_ws/install/forward_command_controller:/home/kortex_ws/install/controller_manager:/home/kortex_ws/install/hardware_interface_testing:/home/kortex_ws/install/controller_interface:/home/kortex_ws/install/hardware_interface:/home/kortex_ws/install/ros2_control_test_assets:/home/kortex_ws/install/controller_manager_msgs:/home/kortex_ws/install/control_msgs:/opt/ros/humble LD_LIBRARY_PATH=/home/kortex_ws/install/forward_command_controller/lib:/home/kortex_ws/install/controller_manager/lib:/home/kortex_ws/install/hardware_interface_testing/lib:/home/kortex_ws/install/controller_interface/lib:/home/kortex_ws/install/hardware_interface/lib:/home/kortex_ws/install/controller_manager_msgs/lib:/home/kortex_ws/install/control_msgs/lib:${LD_LIBRARY_PATH} PYTHONPATH=/home/kortex_ws/install/controller_manager/local/lib/python3.10/dist-packages:/home/kortex_ws/install/controller_manager_msgs/local/lib/python3.10/dist-packages:/home/kortex_ws/install/control_msgs/local/lib/python3.10/dist-packages:${PYTHONPATH} /usr/bin/cmake --build /home/kortex_ws/build/position_controllers -- -j16 -l16
[4.001s] [  9%] [32mBuilding CXX object CMakeFiles/position_controllers.dir/src/joint_group_position_controller.cpp.o[0m
[8.948s] [ 18%] [32m[1mLinking CXX shared library libposition_controllers.so[0m
[9.413s] [ 18%] Built target position_controllers
[9.445s] [ 27%] [32mBuilding CXX object gmock/CMakeFiles/gmock.dir/opt/ros/humble/src/gtest_vendor/src/gtest-all.cc.o[0m
[12.831s] [ 36%] [32mBuilding CXX object gmock/CMakeFiles/gmock.dir/src/gmock-all.cc.o[0m
[15.238s] [ 45%] [32m[1mLinking CXX static library libgmock.a[0m
[15.420s] [ 45%] Built target gmock
[15.458s] [ 54%] [32mBuilding CXX object gmock/CMakeFiles/gmock_main.dir/src/gmock_main.cc.o[0m
[16.903s] [ 63%] [32m[1mLinking CXX static library libgmock_main.a[0m
[17.019s] [ 63%] Built target gmock_main
[17.061s] [ 72%] [32mBuilding CXX object CMakeFiles/test_joint_group_position_controller.dir/test/test_joint_group_position_controller.cpp.o[0m
[17.063s] [ 81%] [32mBuilding CXX object CMakeFiles/test_load_joint_group_position_controller.dir/test/test_load_joint_group_position_controller.cpp.o[0m
[26.250s] [ 90%] [32m[1mLinking CXX executable test_load_joint_group_position_controller[0m
[30.176s] [100%] [32m[1mLinking CXX executable test_joint_group_position_controller[0m
[33.440s] [100%] Built target test_load_joint_group_position_controller
[33.720s] [100%] Built target test_joint_group_position_controller
[33.747s] Invoked command in '/home/kortex_ws/build/position_controllers' returned '0': AMENT_PREFIX_PATH=/home/kortex_ws/install/forward_command_controller:/home/kortex_ws/install/controller_manager:/home/kortex_ws/install/hardware_interface_testing:/home/kortex_ws/install/controller_interface:/home/kortex_ws/install/hardware_interface:/home/kortex_ws/install/ros2_control_test_assets:/home/kortex_ws/install/controller_manager_msgs:/home/kortex_ws/install/control_msgs:${AMENT_PREFIX_PATH} CMAKE_PREFIX_PATH=/home/kortex_ws/install/forward_command_controller:/home/kortex_ws/install/controller_manager:/home/kortex_ws/install/hardware_interface_testing:/home/kortex_ws/install/controller_interface:/home/kortex_ws/install/hardware_interface:/home/kortex_ws/install/ros2_control_test_assets:/home/kortex_ws/install/controller_manager_msgs:/home/kortex_ws/install/control_msgs:/opt/ros/humble LD_LIBRARY_PATH=/home/kortex_ws/install/forward_command_controller/lib:/home/kortex_ws/install/controller_manager/lib:/home/kortex_ws/install/hardware_interface_testing/lib:/home/kortex_ws/install/controller_interface/lib:/home/kortex_ws/install/hardware_interface/lib:/home/kortex_ws/install/controller_manager_msgs/lib:/home/kortex_ws/install/control_msgs/lib:${LD_LIBRARY_PATH} PYTHONPATH=/home/kortex_ws/install/controller_manager/local/lib/python3.10/dist-packages:/home/kortex_ws/install/controller_manager_msgs/local/lib/python3.10/dist-packages:/home/kortex_ws/install/control_msgs/local/lib/python3.10/dist-packages:${PYTHONPATH} /usr/bin/cmake --build /home/kortex_ws/build/position_controllers -- -j16 -l16
[33.810s] Invoking command in '/home/kortex_ws/build/position_controllers': AMENT_PREFIX_PATH=/home/kortex_ws/install/forward_command_controller:/home/kortex_ws/install/controller_manager:/home/kortex_ws/install/hardware_interface_testing:/home/kortex_ws/install/controller_interface:/home/kortex_ws/install/hardware_interface:/home/kortex_ws/install/ros2_control_test_assets:/home/kortex_ws/install/controller_manager_msgs:/home/kortex_ws/install/control_msgs:${AMENT_PREFIX_PATH} CMAKE_PREFIX_PATH=/home/kortex_ws/install/forward_command_controller:/home/kortex_ws/install/controller_manager:/home/kortex_ws/install/hardware_interface_testing:/home/kortex_ws/install/controller_interface:/home/kortex_ws/install/hardware_interface:/home/kortex_ws/install/ros2_control_test_assets:/home/kortex_ws/install/controller_manager_msgs:/home/kortex_ws/install/control_msgs:/opt/ros/humble LD_LIBRARY_PATH=/home/kortex_ws/install/forward_command_controller/lib:/home/kortex_ws/install/controller_manager/lib:/home/kortex_ws/install/hardware_interface_testing/lib:/home/kortex_ws/install/controller_interface/lib:/home/kortex_ws/install/hardware_interface/lib:/home/kortex_ws/install/controller_manager_msgs/lib:/home/kortex_ws/install/control_msgs/lib:${LD_LIBRARY_PATH} PYTHONPATH=/home/kortex_ws/install/controller_manager/local/lib/python3.10/dist-packages:/home/kortex_ws/install/controller_manager_msgs/local/lib/python3.10/dist-packages:/home/kortex_ws/install/control_msgs/local/lib/python3.10/dist-packages:${PYTHONPATH} /usr/bin/cmake --install /home/kortex_ws/build/position_controllers
[33.826s] -- Install configuration: ""
[33.826s] -- Installing: /home/kortex_ws/install/position_controllers/share/position_controllers/position_controllers_plugins.xml
[33.826s] -- Installing: /home/kortex_ws/install/position_controllers/include/position_controllers
[33.826s] -- Installing: /home/kortex_ws/install/position_controllers/include/position_controllers/position_controllers
[33.826s] -- Installing: /home/kortex_ws/install/position_controllers/include/position_controllers/position_controllers/visibility_control.h
[33.826s] -- Installing: /home/kortex_ws/install/position_controllers/include/position_controllers/position_controllers/joint_group_position_controller.hpp
[33.827s] -- Installing: /home/kortex_ws/install/position_controllers/lib/libposition_controllers.so
[33.828s] -- Set runtime path of "/home/kortex_ws/install/position_controllers/lib/libposition_controllers.so" to ""
[33.828s] -- Installing: /home/kortex_ws/install/position_controllers/share/position_controllers/environment/library_path.sh
[33.828s] -- Installing: /home/kortex_ws/install/position_controllers/share/position_controllers/environment/library_path.dsv
[33.828s] -- Installing: /home/kortex_ws/install/position_controllers/share/ament_index/resource_index/package_run_dependencies/position_controllers
[33.828s] -- Installing: /home/kortex_ws/install/position_controllers/share/ament_index/resource_index/parent_prefix_path/position_controllers
[33.829s] -- Installing: /home/kortex_ws/install/position_controllers/share/position_controllers/environment/ament_prefix_path.sh
[33.829s] -- Installing: /home/kortex_ws/install/position_controllers/share/position_controllers/environment/ament_prefix_path.dsv
[33.829s] -- Installing: /home/kortex_ws/install/position_controllers/share/position_controllers/environment/path.sh
[33.829s] -- Installing: /home/kortex_ws/install/position_controllers/share/position_controllers/environment/path.dsv
[33.829s] -- Installing: /home/kortex_ws/install/position_controllers/share/position_controllers/local_setup.bash
[33.830s] -- Installing: /home/kortex_ws/install/position_controllers/share/position_controllers/local_setup.sh
[33.830s] -- Installing: /home/kortex_ws/install/position_controllers/share/position_controllers/local_setup.zsh
[33.830s] -- Installing: /home/kortex_ws/install/position_controllers/share/position_controllers/local_setup.dsv
[33.830s] -- Installing: /home/kortex_ws/install/position_controllers/share/position_controllers/package.dsv
[33.830s] -- Installing: /home/kortex_ws/install/position_controllers/share/ament_index/resource_index/packages/position_controllers
[33.831s] -- Installing: /home/kortex_ws/install/position_controllers/share/ament_index/resource_index/controller_interface__pluginlib__plugin/position_controllers
[33.831s] -- Installing: /home/kortex_ws/install/position_controllers/share/position_controllers/cmake/export_position_controllersExport.cmake
[33.831s] -- Installing: /home/kortex_ws/install/position_controllers/share/position_controllers/cmake/export_position_controllersExport-noconfig.cmake
[33.832s] -- Installing: /home/kortex_ws/install/position_controllers/share/position_controllers/cmake/ament_cmake_export_targets-extras.cmake
[33.832s] -- Installing: /home/kortex_ws/install/position_controllers/share/position_controllers/cmake/ament_cmake_export_dependencies-extras.cmake
[33.832s] -- Installing: /home/kortex_ws/install/position_controllers/share/position_controllers/cmake/position_controllersConfig.cmake
[33.833s] -- Installing: /home/kortex_ws/install/position_controllers/share/position_controllers/cmake/position_controllersConfig-version.cmake
[33.833s] -- Installing: /home/kortex_ws/install/position_controllers/share/position_controllers/package.xml
[33.837s] Invoked command in '/home/kortex_ws/build/position_controllers' returned '0': AMENT_PREFIX_PATH=/home/kortex_ws/install/forward_command_controller:/home/kortex_ws/install/controller_manager:/home/kortex_ws/install/hardware_interface_testing:/home/kortex_ws/install/controller_interface:/home/kortex_ws/install/hardware_interface:/home/kortex_ws/install/ros2_control_test_assets:/home/kortex_ws/install/controller_manager_msgs:/home/kortex_ws/install/control_msgs:${AMENT_PREFIX_PATH} CMAKE_PREFIX_PATH=/home/kortex_ws/install/forward_command_controller:/home/kortex_ws/install/controller_manager:/home/kortex_ws/install/hardware_interface_testing:/home/kortex_ws/install/controller_interface:/home/kortex_ws/install/hardware_interface:/home/kortex_ws/install/ros2_control_test_assets:/home/kortex_ws/install/controller_manager_msgs:/home/kortex_ws/install/control_msgs:/opt/ros/humble LD_LIBRARY_PATH=/home/kortex_ws/install/forward_command_controller/lib:/home/kortex_ws/install/controller_manager/lib:/home/kortex_ws/install/hardware_interface_testing/lib:/home/kortex_ws/install/controller_interface/lib:/home/kortex_ws/install/hardware_interface/lib:/home/kortex_ws/install/controller_manager_msgs/lib:/home/kortex_ws/install/control_msgs/lib:${LD_LIBRARY_PATH} PYTHONPATH=/home/kortex_ws/install/controller_manager/local/lib/python3.10/dist-packages:/home/kortex_ws/install/controller_manager_msgs/local/lib/python3.10/dist-packages:/home/kortex_ws/install/control_msgs/local/lib/python3.10/dist-packages:${PYTHONPATH} /usr/bin/cmake --install /home/kortex_ws/build/position_controllers
