[0.425s] Invoking command in '/home/kortex_ws/build/tricycle_controller': AMENT_PREFIX_PATH=/home/kortex_ws/install/controller_manager:/home/kortex_ws/install/hardware_interface_testing:/home/kortex_ws/install/controller_interface:/home/kortex_ws/install/hardware_interface:/home/kortex_ws/install/ros2_control_test_assets:/home/kortex_ws/install/controller_manager_msgs:/home/kortex_ws/install/control_msgs:${AMENT_PREFIX_PATH} CMAKE_PREFIX_PATH=/home/kortex_ws/install/controller_manager:/home/kortex_ws/install/hardware_interface_testing:/home/kortex_ws/install/controller_interface:/home/kortex_ws/install/hardware_interface:/home/kortex_ws/install/ros2_control_test_assets:/home/kortex_ws/install/controller_manager_msgs:/home/kortex_ws/install/control_msgs:/opt/ros/humble LD_LIBRARY_PATH=/home/kortex_ws/install/controller_manager/lib:/home/kortex_ws/install/hardware_interface_testing/lib:/home/kortex_ws/install/controller_interface/lib:/home/kortex_ws/install/hardware_interface/lib:/home/kortex_ws/install/controller_manager_msgs/lib:/home/kortex_ws/install/control_msgs/lib:${LD_LIBRARY_PATH} PYTHONPATH=/home/kortex_ws/install/controller_manager/local/lib/python3.10/dist-packages:/home/kortex_ws/install/controller_manager_msgs/local/lib/python3.10/dist-packages:/home/kortex_ws/install/control_msgs/local/lib/python3.10/dist-packages:${PYTHONPATH} /usr/bin/cmake /home/kortex_ws/src/ros2_controllers/tricycle_controller -DCMAKE_INSTALL_PREFIX=/home/kortex_ws/install/tricycle_controller
[0.813s] -- The CXX compiler identification is GNU 11.4.0
[0.814s] -- Detecting CXX compiler ABI info
[0.814s] -- Detecting CXX compiler ABI info - done
[0.814s] -- Check for working CXX compiler: /usr/bin/c++ - skipped
[0.814s] -- Detecting CXX compile features
[0.814s] -- Detecting CXX compile features - done
[0.814s] -- Found ament_cmake: 1.3.8 (/opt/ros/humble/share/ament_cmake/cmake)
[0.944s] -- Found Python3: /usr/bin/python3 (found version "3.10.12") found components: Interpreter 
[1.132s] -- Found backward_ros: 1.0.2 (/opt/ros/humble/share/backward_ros/cmake)
[1.147s] -- Found libdw: /usr/lib/x86_64-linux-gnu/libdw.so  
[1.157s] -- Could NOT find libbfd (missing: LIBBFD_LIBRARY LIBBFD_INCLUDE_DIR) 
[1.157s] -- BACKWARD_HAS_UNWIND=1
[1.157s] -- BACKWARD_HAS_BACKTRACE=0
[1.157s] -- BACKWARD_HAS_BACKTRACE_SYMBOL=0
[1.157s] -- BACKWARD_HAS_DW=1
[1.157s] -- BACKWARD_HAS_BFD=0
[1.158s] -- Found Backward: /opt/ros/humble/share/backward_ros/cmake  
[1.164s] -- Found ackermann_msgs: 2.0.2 (/opt/ros/humble/share/ackermann_msgs/cmake)
[1.249s] -- Found rosidl_generator_c: 3.1.5 (/opt/ros/humble/share/rosidl_generator_c/cmake)
[1.264s] -- Found rosidl_adapter: 3.1.5 (/opt/ros/humble/share/rosidl_adapter/cmake)
[1.285s] -- Found rosidl_generator_cpp: 3.1.5 (/opt/ros/humble/share/rosidl_generator_cpp/cmake)
[1.315s] -- Using all available rosidl_typesupport_c: rosidl_typesupport_fastrtps_c;rosidl_typesupport_introspection_c
[1.374s] -- Using all available rosidl_typesupport_cpp: rosidl_typesupport_fastrtps_cpp;rosidl_typesupport_introspection_cpp
[1.585s] -- Found controller_interface: 2.41.0 (/home/kortex_ws/install/controller_interface/share/controller_interface/cmake)
[2.584s] -- Found rmw_implementation_cmake: 6.1.1 (/opt/ros/humble/share/rmw_implementation_cmake/cmake)
[2.591s] -- Found rmw_cyclonedds_cpp: 1.3.4 (/opt/ros/humble/share/rmw_cyclonedds_cpp/cmake)
[2.655s] -- Using RMW implementation 'rmw_cyclonedds_cpp' as default
[2.682s] -- Looking for C++ include pthread.h
[2.842s] -- Looking for C++ include pthread.h - found
[2.842s] -- Performing Test CMAKE_HAVE_LIBC_PTHREAD
[2.986s] -- Performing Test CMAKE_HAVE_LIBC_PTHREAD - Success
[2.987s] -- Found Threads: TRUE  
[3.345s] -- Found nav_msgs: 4.2.3 (/opt/ros/humble/share/nav_msgs/cmake)
[3.445s] -- Found realtime_tools: 2.5.0 (/opt/ros/humble/share/realtime_tools/cmake)
[3.499s] -- Found std_srvs: 4.2.3 (/opt/ros/humble/share/std_srvs/cmake)
[3.523s] -- Found tf2: 0.25.6 (/opt/ros/humble/share/tf2/cmake)
[3.537s] -- Found tf2_msgs: 0.25.6 (/opt/ros/humble/share/tf2_msgs/cmake)
[3.963s] -- Found ament_cmake_gmock: 1.3.8 (/opt/ros/humble/share/ament_cmake_gmock/cmake)
[3.964s] -- Found controller_manager: 2.41.0 (/home/kortex_ws/install/controller_manager/share/controller_manager/cmake)
[4.376s] -- Found ros2_control_test_assets: 2.41.0 (/home/kortex_ws/install/ros2_control_test_assets/share/ros2_control_test_assets/cmake)
[4.383s] -- Found gmock sources under '/opt/ros/humble/src/gmock_vendor': C++ tests using 'Google Mock' will be built
[4.450s] -- The C compiler identification is GNU 11.4.0
[4.461s] -- Detecting C compiler ABI info
[4.675s] -- Detecting C compiler ABI info - done
[4.690s] -- Check for working C compiler: /usr/bin/cc - skipped
[4.691s] -- Detecting C compile features
[4.692s] -- Detecting C compile features - done
[4.711s] -- Found ament_cmake_gtest: 1.3.8 (/opt/ros/humble/share/ament_cmake_gtest/cmake)
[4.714s] -- Found gtest sources under '/opt/ros/humble/src/gtest_vendor': C++ tests using 'Google Test' will be built
[6.346s] -- Configuring done
[7.237s] -- Generating done
[7.252s] -- Build files have been written to: /home/kortex_ws/build/tricycle_controller
[7.376s] Invoked command in '/home/kortex_ws/build/tricycle_controller' returned '0': AMENT_PREFIX_PATH=/home/kortex_ws/install/controller_manager:/home/kortex_ws/install/hardware_interface_testing:/home/kortex_ws/install/controller_interface:/home/kortex_ws/install/hardware_interface:/home/kortex_ws/install/ros2_control_test_assets:/home/kortex_ws/install/controller_manager_msgs:/home/kortex_ws/install/control_msgs:${AMENT_PREFIX_PATH} CMAKE_PREFIX_PATH=/home/kortex_ws/install/controller_manager:/home/kortex_ws/install/hardware_interface_testing:/home/kortex_ws/install/controller_interface:/home/kortex_ws/install/hardware_interface:/home/kortex_ws/install/ros2_control_test_assets:/home/kortex_ws/install/controller_manager_msgs:/home/kortex_ws/install/control_msgs:/opt/ros/humble LD_LIBRARY_PATH=/home/kortex_ws/install/controller_manager/lib:/home/kortex_ws/install/hardware_interface_testing/lib:/home/kortex_ws/install/controller_interface/lib:/home/kortex_ws/install/hardware_interface/lib:/home/kortex_ws/install/controller_manager_msgs/lib:/home/kortex_ws/install/control_msgs/lib:${LD_LIBRARY_PATH} PYTHONPATH=/home/kortex_ws/install/controller_manager/local/lib/python3.10/dist-packages:/home/kortex_ws/install/controller_manager_msgs/local/lib/python3.10/dist-packages:/home/kortex_ws/install/control_msgs/local/lib/python3.10/dist-packages:${PYTHONPATH} /usr/bin/cmake /home/kortex_ws/src/ros2_controllers/tricycle_controller -DCMAKE_INSTALL_PREFIX=/home/kortex_ws/install/tricycle_controller
[7.377s] Invoking command in '/home/kortex_ws/build/tricycle_controller': AMENT_PREFIX_PATH=/home/kortex_ws/install/controller_manager:/home/kortex_ws/install/hardware_interface_testing:/home/kortex_ws/install/controller_interface:/home/kortex_ws/install/hardware_interface:/home/kortex_ws/install/ros2_control_test_assets:/home/kortex_ws/install/controller_manager_msgs:/home/kortex_ws/install/control_msgs:${AMENT_PREFIX_PATH} CMAKE_PREFIX_PATH=/home/kortex_ws/install/controller_manager:/home/kortex_ws/install/hardware_interface_testing:/home/kortex_ws/install/controller_interface:/home/kortex_ws/install/hardware_interface:/home/kortex_ws/install/ros2_control_test_assets:/home/kortex_ws/install/controller_manager_msgs:/home/kortex_ws/install/control_msgs:/opt/ros/humble LD_LIBRARY_PATH=/home/kortex_ws/install/controller_manager/lib:/home/kortex_ws/install/hardware_interface_testing/lib:/home/kortex_ws/install/controller_interface/lib:/home/kortex_ws/install/hardware_interface/lib:/home/kortex_ws/install/controller_manager_msgs/lib:/home/kortex_ws/install/control_msgs/lib:${LD_LIBRARY_PATH} PYTHONPATH=/home/kortex_ws/install/controller_manager/local/lib/python3.10/dist-packages:/home/kortex_ws/install/controller_manager_msgs/local/lib/python3.10/dist-packages:/home/kortex_ws/install/control_msgs/local/lib/python3.10/dist-packages:${PYTHONPATH} /usr/bin/cmake --build /home/kortex_ws/build/tricycle_controller -- -j16 -l16
[7.833s] [  7%] [32mBuilding CXX object CMakeFiles/tricycle_controller.dir/src/tricycle_controller.cpp.o[0m
[7.842s] [ 14%] [32mBuilding CXX object gmock/CMakeFiles/gmock_main.dir/src/gmock_main.cc.o[0m
[7.858s] [ 21%] [32mBuilding CXX object CMakeFiles/tricycle_controller.dir/src/traction_limiter.cpp.o[0m
[7.864s] [ 28%] [32mBuilding CXX object gmock/CMakeFiles/gmock.dir/opt/ros/humble/src/gtest_vendor/src/gtest-all.cc.o[0m
[7.869s] [ 35%] [32mBuilding CXX object CMakeFiles/tricycle_controller.dir/src/odometry.cpp.o[0m
[7.937s] [ 42%] [32mBuilding CXX object CMakeFiles/tricycle_controller.dir/src/steering_limiter.cpp.o[0m
[7.995s] [ 50%] [32mBuilding CXX object gmock/CMakeFiles/gmock.dir/src/gmock-all.cc.o[0m
[14.397s] [ 57%] [32m[1mLinking CXX static library libgmock_main.a[0m
[14.772s] [ 57%] Built target gmock_main
[19.968s] [ 64%] [32m[1mLinking CXX static library libgmock.a[0m
[20.263s] [ 64%] Built target gmock
[37.711s] [ 71%] [32m[1mLinking CXX shared library libtricycle_controller.so[0m
[41.197s] [ 71%] Built target tricycle_controller
[41.301s] [ 78%] [32mBuilding CXX object CMakeFiles/test_tricycle_controller.dir/test/test_tricycle_controller.cpp.o[0m
[41.375s] [ 85%] [32mBuilding CXX object CMakeFiles/test_load_tricycle_controller.dir/test/test_load_tricycle_controller.cpp.o[0m
[54.796s] [ 92%] [32m[1mLinking CXX executable test_load_tricycle_controller[0m
[57.869s] [100%] [32m[1mLinking CXX executable test_tricycle_controller[0m
[61.277s] [100%] Built target test_load_tricycle_controller
[63.301s] [100%] Built target test_tricycle_controller
[63.318s] Invoked command in '/home/kortex_ws/build/tricycle_controller' returned '0': AMENT_PREFIX_PATH=/home/kortex_ws/install/controller_manager:/home/kortex_ws/install/hardware_interface_testing:/home/kortex_ws/install/controller_interface:/home/kortex_ws/install/hardware_interface:/home/kortex_ws/install/ros2_control_test_assets:/home/kortex_ws/install/controller_manager_msgs:/home/kortex_ws/install/control_msgs:${AMENT_PREFIX_PATH} CMAKE_PREFIX_PATH=/home/kortex_ws/install/controller_manager:/home/kortex_ws/install/hardware_interface_testing:/home/kortex_ws/install/controller_interface:/home/kortex_ws/install/hardware_interface:/home/kortex_ws/install/ros2_control_test_assets:/home/kortex_ws/install/controller_manager_msgs:/home/kortex_ws/install/control_msgs:/opt/ros/humble LD_LIBRARY_PATH=/home/kortex_ws/install/controller_manager/lib:/home/kortex_ws/install/hardware_interface_testing/lib:/home/kortex_ws/install/controller_interface/lib:/home/kortex_ws/install/hardware_interface/lib:/home/kortex_ws/install/controller_manager_msgs/lib:/home/kortex_ws/install/control_msgs/lib:${LD_LIBRARY_PATH} PYTHONPATH=/home/kortex_ws/install/controller_manager/local/lib/python3.10/dist-packages:/home/kortex_ws/install/controller_manager_msgs/local/lib/python3.10/dist-packages:/home/kortex_ws/install/control_msgs/local/lib/python3.10/dist-packages:${PYTHONPATH} /usr/bin/cmake --build /home/kortex_ws/build/tricycle_controller -- -j16 -l16
[63.380s] Invoking command in '/home/kortex_ws/build/tricycle_controller': AMENT_PREFIX_PATH=/home/kortex_ws/install/controller_manager:/home/kortex_ws/install/hardware_interface_testing:/home/kortex_ws/install/controller_interface:/home/kortex_ws/install/hardware_interface:/home/kortex_ws/install/ros2_control_test_assets:/home/kortex_ws/install/controller_manager_msgs:/home/kortex_ws/install/control_msgs:${AMENT_PREFIX_PATH} CMAKE_PREFIX_PATH=/home/kortex_ws/install/controller_manager:/home/kortex_ws/install/hardware_interface_testing:/home/kortex_ws/install/controller_interface:/home/kortex_ws/install/hardware_interface:/home/kortex_ws/install/ros2_control_test_assets:/home/kortex_ws/install/controller_manager_msgs:/home/kortex_ws/install/control_msgs:/opt/ros/humble LD_LIBRARY_PATH=/home/kortex_ws/install/controller_manager/lib:/home/kortex_ws/install/hardware_interface_testing/lib:/home/kortex_ws/install/controller_interface/lib:/home/kortex_ws/install/hardware_interface/lib:/home/kortex_ws/install/controller_manager_msgs/lib:/home/kortex_ws/install/control_msgs/lib:${LD_LIBRARY_PATH} PYTHONPATH=/home/kortex_ws/install/controller_manager/local/lib/python3.10/dist-packages:/home/kortex_ws/install/controller_manager_msgs/local/lib/python3.10/dist-packages:/home/kortex_ws/install/control_msgs/local/lib/python3.10/dist-packages:${PYTHONPATH} /usr/bin/cmake --install /home/kortex_ws/build/tricycle_controller
[63.391s] -- Install configuration: ""
[63.391s] -- Installing: /home/kortex_ws/install/tricycle_controller/share/tricycle_controller/tricycle_controller.xml
[63.391s] -- Installing: /home/kortex_ws/install/tricycle_controller/include/tricycle_controller
[63.392s] -- Installing: /home/kortex_ws/install/tricycle_controller/include/tricycle_controller/tricycle_controller
[63.392s] -- Installing: /home/kortex_ws/install/tricycle_controller/include/tricycle_controller/tricycle_controller/visibility_control.h
[63.392s] -- Installing: /home/kortex_ws/install/tricycle_controller/include/tricycle_controller/tricycle_controller/tricycle_controller.hpp
[63.392s] -- Installing: /home/kortex_ws/install/tricycle_controller/include/tricycle_controller/tricycle_controller/traction_limiter.hpp
[63.392s] -- Installing: /home/kortex_ws/install/tricycle_controller/include/tricycle_controller/tricycle_controller/odometry.hpp
[63.392s] -- Installing: /home/kortex_ws/install/tricycle_controller/include/tricycle_controller/tricycle_controller/steering_limiter.hpp
[63.393s] -- Installing: /home/kortex_ws/install/tricycle_controller/lib/libtricycle_controller.so
[63.423s] -- Set runtime path of "/home/kortex_ws/install/tricycle_controller/lib/libtricycle_controller.so" to ""
[63.423s] -- Installing: /home/kortex_ws/install/tricycle_controller/share/tricycle_controller/environment/library_path.sh
[63.423s] -- Installing: /home/kortex_ws/install/tricycle_controller/share/tricycle_controller/environment/library_path.dsv
[63.424s] -- Installing: /home/kortex_ws/install/tricycle_controller/share/ament_index/resource_index/package_run_dependencies/tricycle_controller
[63.424s] -- Installing: /home/kortex_ws/install/tricycle_controller/share/ament_index/resource_index/parent_prefix_path/tricycle_controller
[63.424s] -- Installing: /home/kortex_ws/install/tricycle_controller/share/tricycle_controller/environment/ament_prefix_path.sh
[63.424s] -- Installing: /home/kortex_ws/install/tricycle_controller/share/tricycle_controller/environment/ament_prefix_path.dsv
[63.424s] -- Installing: /home/kortex_ws/install/tricycle_controller/share/tricycle_controller/environment/path.sh
[63.425s] -- Installing: /home/kortex_ws/install/tricycle_controller/share/tricycle_controller/environment/path.dsv
[63.425s] -- Installing: /home/kortex_ws/install/tricycle_controller/share/tricycle_controller/local_setup.bash
[63.425s] -- Installing: /home/kortex_ws/install/tricycle_controller/share/tricycle_controller/local_setup.sh
[63.425s] -- Installing: /home/kortex_ws/install/tricycle_controller/share/tricycle_controller/local_setup.zsh
[63.426s] -- Installing: /home/kortex_ws/install/tricycle_controller/share/tricycle_controller/local_setup.dsv
[63.426s] -- Installing: /home/kortex_ws/install/tricycle_controller/share/tricycle_controller/package.dsv
[63.426s] -- Installing: /home/kortex_ws/install/tricycle_controller/share/ament_index/resource_index/packages/tricycle_controller
[63.426s] -- Installing: /home/kortex_ws/install/tricycle_controller/share/ament_index/resource_index/controller_interface__pluginlib__plugin/tricycle_controller
[63.427s] -- Installing: /home/kortex_ws/install/tricycle_controller/share/tricycle_controller/cmake/export_tricycle_controllerExport.cmake
[63.427s] -- Installing: /home/kortex_ws/install/tricycle_controller/share/tricycle_controller/cmake/export_tricycle_controllerExport-noconfig.cmake
[63.427s] -- Installing: /home/kortex_ws/install/tricycle_controller/share/tricycle_controller/cmake/ament_cmake_export_targets-extras.cmake
[63.427s] -- Installing: /home/kortex_ws/install/tricycle_controller/share/tricycle_controller/cmake/ament_cmake_export_dependencies-extras.cmake
[63.428s] -- Installing: /home/kortex_ws/install/tricycle_controller/share/tricycle_controller/cmake/tricycle_controllerConfig.cmake
[63.428s] -- Installing: /home/kortex_ws/install/tricycle_controller/share/tricycle_controller/cmake/tricycle_controllerConfig-version.cmake
[63.428s] -- Installing: /home/kortex_ws/install/tricycle_controller/share/tricycle_controller/package.xml
[63.432s] Invoked command in '/home/kortex_ws/build/tricycle_controller' returned '0': AMENT_PREFIX_PATH=/home/kortex_ws/install/controller_manager:/home/kortex_ws/install/hardware_interface_testing:/home/kortex_ws/install/controller_interface:/home/kortex_ws/install/hardware_interface:/home/kortex_ws/install/ros2_control_test_assets:/home/kortex_ws/install/controller_manager_msgs:/home/kortex_ws/install/control_msgs:${AMENT_PREFIX_PATH} CMAKE_PREFIX_PATH=/home/kortex_ws/install/controller_manager:/home/kortex_ws/install/hardware_interface_testing:/home/kortex_ws/install/controller_interface:/home/kortex_ws/install/hardware_interface:/home/kortex_ws/install/ros2_control_test_assets:/home/kortex_ws/install/controller_manager_msgs:/home/kortex_ws/install/control_msgs:/opt/ros/humble LD_LIBRARY_PATH=/home/kortex_ws/install/controller_manager/lib:/home/kortex_ws/install/hardware_interface_testing/lib:/home/kortex_ws/install/controller_interface/lib:/home/kortex_ws/install/hardware_interface/lib:/home/kortex_ws/install/controller_manager_msgs/lib:/home/kortex_ws/install/control_msgs/lib:${LD_LIBRARY_PATH} PYTHONPATH=/home/kortex_ws/install/controller_manager/local/lib/python3.10/dist-packages:/home/kortex_ws/install/controller_manager_msgs/local/lib/python3.10/dist-packages:/home/kortex_ws/install/control_msgs/local/lib/python3.10/dist-packages:${PYTHONPATH} /usr/bin/cmake --install /home/kortex_ws/build/tricycle_controller
