[0.010s] Invoking command in '/home/moveit/build/moveit_core': AMENT_PREFIX_PATH=/home/moveit/install/moveit_resources_panda_moveit_config:/home/moveit/install/moveit_resources_pr2_description:/home/moveit/install/moveit_resources_panda_description:/home/moveit/install/moveit_msgs:/home/moveit/install/moveit_common:${AMENT_PREFIX_PATH} CMAKE_PREFIX_PATH=/home/moveit/install/moveit_resources_panda_moveit_config:/home/moveit/install/moveit_resources_pr2_description:/home/moveit/install/moveit_resources_panda_description:/home/moveit/install/moveit_msgs:/home/moveit/install/moveit_common:/opt/ros/humble LD_LIBRARY_PATH=/home/moveit/install/moveit_msgs/lib:${LD_LIBRARY_PATH} PYTHONPATH=/home/moveit/install/moveit_msgs/local/lib/python3.10/dist-packages:${PYTHONPATH} /usr/bin/cmake /home/moveit/src/moveit2/moveit_core -DCMAKE_BUILD_TYPE=Release -DCMAKE_INSTALL_PREFIX=/home/moveit/install/moveit_core
[0.064s] -- The CXX compiler identification is GNU 11.4.0
[0.070s] -- Detecting CXX compiler ABI info
[0.136s] -- Detecting CXX compiler ABI info - done
[0.141s] -- Check for working CXX compiler: /usr/bin/c++ - skipped
[0.142s] -- Detecting CXX compile features
[0.142s] -- Detecting CXX compile features - done
[0.143s] -- Found moveit_common: 2.9.0 (/home/moveit/install/moveit_common/share/moveit_common/cmake)
[0.147s] -- Found ament_cmake: 1.3.9 (/opt/ros/humble/share/ament_cmake/cmake)
[0.262s] -- Found Python3: /usr/bin/python3 (found version "3.10.12") found components: Interpreter 
[0.409s] -- Found libdw: /usr/lib/x86_64-linux-gnu/libdw.so  
[0.414s] -- Could NOT find libbfd (missing: LIBBFD_LIBRARY LIBBFD_INCLUDE_DIR) 
[0.414s] -- BACKWARD_HAS_UNWIND=1
[0.414s] -- BACKWARD_HAS_BACKTRACE=0
[0.414s] -- BACKWARD_HAS_BACKTRACE_SYMBOL=0
[0.414s] -- BACKWARD_HAS_DW=1
[0.414s] -- BACKWARD_HAS_BFD=0
[0.414s] -- Found Backward: /opt/ros/humble/share/backward_ros/cmake  
[0.418s] -- Found angles: 1.15.0 (/opt/ros/humble/share/angles/cmake)
[0.435s] -- Found Bullet: /usr/lib/x86_64-linux-gnu/libBulletDynamics.so (Required is at least version "2.87") 
[0.438s] -- Found common_interfaces: 4.2.3 (/opt/ros/humble/share/common_interfaces/cmake)
[0.441s] -- Found eigen_stl_containers: 1.0.0 (/opt/ros/humble/share/eigen_stl_containers/cmake)
[0.455s] -- Found eigen3_cmake_module: 0.1.1 (/opt/ros/humble/share/eigen3_cmake_module/cmake)
[0.460s] -- Found Eigen3: TRUE (found version "3.4.0") 
[0.466s] -- Found generate_parameter_library: 0.3.8 (/opt/ros/humble/share/generate_parameter_library/cmake)
[0.474s] -- Found parameter_traits: 0.3.8 (/opt/ros/humble/share/parameter_traits/cmake)
[0.527s] -- Found rosidl_generator_c: 3.1.5 (/opt/ros/humble/share/rosidl_generator_c/cmake)
[0.535s] -- Found rosidl_adapter: 3.1.5 (/opt/ros/humble/share/rosidl_adapter/cmake)
[0.546s] -- Found rosidl_generator_cpp: 3.1.5 (/opt/ros/humble/share/rosidl_generator_cpp/cmake)
[0.560s] -- Using all available rosidl_typesupport_c: rosidl_typesupport_fastrtps_c;rosidl_typesupport_introspection_c
[0.581s] -- Using all available rosidl_typesupport_cpp: rosidl_typesupport_fastrtps_cpp;rosidl_typesupport_introspection_cpp
[0.653s] -- Found rmw_implementation_cmake: 6.1.2 (/opt/ros/humble/share/rmw_implementation_cmake/cmake)
[0.658s] -- Found rmw_cyclonedds_cpp: 1.3.4 (/opt/ros/humble/share/rmw_cyclonedds_cpp/cmake)
[0.690s] -- Using RMW implementation 'rmw_cyclonedds_cpp' as default
[0.705s] -- Looking for C++ include pthread.h
[0.794s] -- Looking for C++ include pthread.h - found
[0.794s] -- Performing Test CMAKE_HAVE_LIBC_PTHREAD
[0.883s] -- Performing Test CMAKE_HAVE_LIBC_PTHREAD - Success
[0.884s] -- Found Threads: TRUE  
[1.032s] -- Found rclcpp_lifecycle: 16.0.9 (/opt/ros/humble/share/rclcpp_lifecycle/cmake)
[1.069s] -- Found geometric_shapes: 2.1.3 (/opt/ros/humble/share/geometric_shapes/cmake)
[1.090s] -- Found Boost: /usr/lib/x86_64-linux-gnu/cmake/Boost-1.74.0/BoostConfig.cmake (found version "1.74.0") found components: filesystem 
[1.235s] -- library: /usr/lib/x86_64-linux-gnu/libcurl.so
[1.456s] -- Found kdl_parser: 2.6.4 (/opt/ros/humble/share/kdl_parser/cmake)
[1.467s] -- Ensuring Eigen3 include directory is part of orocos-kdl CMake target
[1.471s] -- Found moveit_msgs: 2.4.0 (/home/moveit/install/moveit_msgs/share/moveit_msgs/cmake)
[1.937s] -- Found pluginlib: 5.1.0 (/opt/ros/humble/share/pluginlib/cmake)
[1.971s] -- Found srdfdom: 2.0.4 (/opt/ros/humble/share/srdfdom/cmake)
[1.997s] -- Found tf2_eigen: 0.25.6 (/opt/ros/humble/share/tf2_eigen/cmake)
[2.227s] -- Found tf2_geometry_msgs: 0.25.6 (/opt/ros/humble/share/tf2_geometry_msgs/cmake)
[2.238s] -- Found tf2_kdl: 0.25.6 (/opt/ros/humble/share/tf2_kdl/cmake)
[2.303s] -- Found Boost: /usr/lib/x86_64-linux-gnu/cmake/Boost-1.74.0/BoostConfig.cmake (found version "1.74.0") found components: chrono date_time filesystem iostreams program_options regex serialization system thread 
[2.308s] -- Performing Test COMPILER_HAS_HIDDEN_VISIBILITY
[2.390s] -- Performing Test COMPILER_HAS_HIDDEN_VISIBILITY - Success
[2.391s] -- Performing Test COMPILER_HAS_HIDDEN_INLINE_VISIBILITY
[2.473s] -- Performing Test COMPILER_HAS_HIDDEN_INLINE_VISIBILITY - Success
[2.473s] -- Performing Test COMPILER_HAS_DEPRECATED_ATTR
[2.556s] -- Performing Test COMPILER_HAS_DEPRECATED_ATTR - Success
[2.563s] -- Found ament_cmake_gtest: 1.3.9 (/opt/ros/humble/share/ament_cmake_gtest/cmake)
[2.567s] -- Found gtest sources under '/opt/ros/humble/src/gtest_vendor': C++ tests using 'Google Test' will be built
[2.602s] -- The C compiler identification is GNU 11.4.0
[2.608s] -- Detecting C compiler ABI info
[2.682s] -- Detecting C compiler ABI info - done
[2.688s] -- Check for working C compiler: /usr/bin/cc - skipped
[2.688s] -- Detecting C compile features
[2.688s] -- Detecting C compile features - done
[2.699s] -- Found gtest sources under '/opt/ros/humble/src/gtest_vendor': C++ tests using 'Google Test' will be built
[2.707s] -- Found gtest sources under '/opt/ros/humble/src/gtest_vendor': C++ tests using 'Google Test' will be built
[2.714s] -- Found ament_cmake_gtest: 1.3.9 (/opt/ros/humble/share/ament_cmake_gtest/cmake)
[2.715s] -- Found gtest sources under '/opt/ros/humble/src/gtest_vendor': C++ tests using 'Google Test' will be built
[2.722s] -- Found ament_cmake_gmock: 1.3.9 (/opt/ros/humble/share/ament_cmake_gmock/cmake)
[2.727s] -- Found gmock sources under '/opt/ros/humble/src/gmock_vendor': C++ tests using 'Google Mock' will be built
[2.730s] -- Found ament_cmake_gtest: 1.3.9 (/opt/ros/humble/share/ament_cmake_gtest/cmake)
[2.731s] -- Found gtest sources under '/opt/ros/humble/src/gtest_vendor': C++ tests using 'Google Test' will be built
[2.737s] -- Found ament_cmake_gtest: 1.3.9 (/opt/ros/humble/share/ament_cmake_gtest/cmake)
[2.738s] -- Found gtest sources under '/opt/ros/humble/src/gtest_vendor': C++ tests using 'Google Test' will be built
[2.748s] -- Found ament_cmake_gtest: 1.3.9 (/opt/ros/humble/share/ament_cmake_gtest/cmake)
[2.749s] -- Found gtest sources under '/opt/ros/humble/src/gtest_vendor': C++ tests using 'Google Test' will be built
[2.765s] -- Found ament_lint_auto: 0.12.11 (/opt/ros/humble/share/ament_lint_auto/cmake)
[2.765s] -- Found ament_cmake_gtest: 1.3.9 (/opt/ros/humble/share/ament_cmake_gtest/cmake)
[2.766s] -- Found gtest sources under '/opt/ros/humble/src/gtest_vendor': C++ tests using 'Google Test' will be built
[2.774s] -- Found ament_cmake_gtest: 1.3.9 (/opt/ros/humble/share/ament_cmake_gtest/cmake)
[2.774s] -- Found gtest sources under '/opt/ros/humble/src/gtest_vendor': C++ tests using 'Google Test' will be built
[2.781s] -- Found ament_cmake_gtest: 1.3.9 (/opt/ros/humble/share/ament_cmake_gtest/cmake)
[2.782s] -- Found gtest sources under '/opt/ros/humble/src/gtest_vendor': C++ tests using 'Google Test' will be built
[2.790s] -- Found ament_cmake_google_benchmark: 1.3.9 (/opt/ros/humble/share/ament_cmake_google_benchmark/cmake)
[2.791s] -- Found ament_cmake_gtest: 1.3.9 (/opt/ros/humble/share/ament_cmake_gtest/cmake)
[2.794s] -- Found gtest sources under '/opt/ros/humble/src/gtest_vendor': C++ tests using 'Google Test' will be built
[2.799s] -- Performance tests are disabled by default, so Google Benchmark tests will be skipped. To enable these tests, set the CMake variable 'AMENT_RUN_PERFORMANCE_TESTS'.
[2.802s] -- Found gtest sources under '/opt/ros/humble/src/gtest_vendor': C++ tests using 'Google Test' will be built
[2.807s] -- Found ament_cmake_google_benchmark: 1.3.9 (/opt/ros/humble/share/ament_cmake_google_benchmark/cmake)
[2.807s] -- Found ament_cmake_gtest: 1.3.9 (/opt/ros/humble/share/ament_cmake_gtest/cmake)
[2.808s] -- Found gtest sources under '/opt/ros/humble/src/gtest_vendor': C++ tests using 'Google Test' will be built
[2.812s] -- Performance tests are disabled by default, so Google Benchmark tests will be skipped. To enable these tests, set the CMake variable 'AMENT_RUN_PERFORMANCE_TESTS'.
[2.815s] -- Found ament_cmake_gtest: 1.3.9 (/opt/ros/humble/share/ament_cmake_gtest/cmake)
[2.816s] -- Found gtest sources under '/opt/ros/humble/src/gtest_vendor': C++ tests using 'Google Test' will be built
[2.834s] -- Found launch_testing_ament_cmake: 1.0.6 (/opt/ros/humble/share/launch_testing_ament_cmake/cmake)
[2.838s] -- Found python_cmake_module: 0.10.0 (/opt/ros/humble/share/python_cmake_module/cmake)
[2.854s] -- Found PythonInterp: /usr/bin/python3 (found suitable version "3.10.12", minimum required is "3.6") 
[2.858s] -- Found PythonLibs: /usr/lib/x86_64-linux-gnu/libpython3.10.so (found suitable version "3.10.12", minimum required is "3.5") 
[2.858s] -- Using PYTHON_EXECUTABLE: /usr/bin/python3
[2.858s] -- Using PYTHON_INCLUDE_DIRS: /usr/include/python3.10
[2.858s] -- Using PYTHON_LIBRARIES: /usr/lib/x86_64-linux-gnu/libpython3.10.so
[2.874s] -- Found PythonExtra: .so  
[2.877s] --  *** Building MoveIt 2.9.0 devel ***
[2.878s] -- Found ament_lint_auto: 0.12.11 (/opt/ros/humble/share/ament_lint_auto/cmake)
[2.882s] -- Found python_cmake_module: 0.10.0 (/opt/ros/humble/share/python_cmake_module/cmake)
[2.901s] -- Using PYTHON_EXECUTABLE: /usr/bin/python3
[2.901s] -- Using PYTHON_INCLUDE_DIRS: /usr/include/python3.10
[2.901s] -- Using PYTHON_LIBRARIES: /usr/lib/x86_64-linux-gnu/libpython3.10.so
[2.942s] -- Added test 'cppcheck' to perform static code analysis on C / C++ code
[2.942s] -- Configured cppcheck include dirs: 
[2.942s] -- Configured cppcheck exclude dirs and/or files: 
[2.945s] -- Added test 'pep257' to check Python code against some of the docstring style conventions in PEP 257
[2.948s] -- Added test 'xmllint' to check XML markup files
[2.950s] -- Configuring done
[3.595s] -- Generating done
[3.603s] -- Build files have been written to: /home/moveit/build/moveit_core
[3.636s] Invoked command in '/home/moveit/build/moveit_core' returned '0': AMENT_PREFIX_PATH=/home/moveit/install/moveit_resources_panda_moveit_config:/home/moveit/install/moveit_resources_pr2_description:/home/moveit/install/moveit_resources_panda_description:/home/moveit/install/moveit_msgs:/home/moveit/install/moveit_common:${AMENT_PREFIX_PATH} CMAKE_PREFIX_PATH=/home/moveit/install/moveit_resources_panda_moveit_config:/home/moveit/install/moveit_resources_pr2_description:/home/moveit/install/moveit_resources_panda_description:/home/moveit/install/moveit_msgs:/home/moveit/install/moveit_common:/opt/ros/humble LD_LIBRARY_PATH=/home/moveit/install/moveit_msgs/lib:${LD_LIBRARY_PATH} PYTHONPATH=/home/moveit/install/moveit_msgs/local/lib/python3.10/dist-packages:${PYTHONPATH} /usr/bin/cmake /home/moveit/src/moveit2/moveit_core -DCMAKE_BUILD_TYPE=Release -DCMAKE_INSTALL_PREFIX=/home/moveit/install/moveit_core
[3.638s] Invoking command in '/home/moveit/build/moveit_core': AMENT_PREFIX_PATH=/home/moveit/install/moveit_resources_panda_moveit_config:/home/moveit/install/moveit_resources_pr2_description:/home/moveit/install/moveit_resources_panda_description:/home/moveit/install/moveit_msgs:/home/moveit/install/moveit_common:${AMENT_PREFIX_PATH} CMAKE_PREFIX_PATH=/home/moveit/install/moveit_resources_panda_moveit_config:/home/moveit/install/moveit_resources_pr2_description:/home/moveit/install/moveit_resources_panda_description:/home/moveit/install/moveit_msgs:/home/moveit/install/moveit_common:/opt/ros/humble LD_LIBRARY_PATH=/home/moveit/install/moveit_msgs/lib:${LD_LIBRARY_PATH} PYTHONPATH=/home/moveit/install/moveit_msgs/local/lib/python3.10/dist-packages:${PYTHONPATH} /usr/bin/cmake --build /home/moveit/build/moveit_core -- -j16 -l16
[3.690s] [  1%] [32mBuilding CXX object gmock/CMakeFiles/gmock_main.dir/src/gmock_main.cc.o[0m
[3.690s] [  1%] [32mBuilding CXX object gtest/CMakeFiles/gtest.dir/src/gtest-all.cc.o[0m
[3.690s] [  1%] [32mBuilding CXX object gmock/CMakeFiles/gmock.dir/opt/ros/humble/src/gtest_vendor/src/gtest-all.cc.o[0m
[3.690s] [  1%] [32mBuilding CXX object utils/CMakeFiles/moveit_utils.dir/src/message_checks.cpp.o[0m
[3.690s] [  2%] [32mBuilding CXX object utils/CMakeFiles/moveit_utils.dir/src/lexical_casts.cpp.o[0m
[3.690s] [  3%] [32mBuilding CXX object gtest/CMakeFiles/gtest_main.dir/src/gtest_main.cc.o[0m
[3.691s] [  5%] [32mBuilding CXX object gmock/CMakeFiles/gmock.dir/src/gmock-all.cc.o[0m
[3.691s] [  4%] [32mBuilding CXX object utils/CMakeFiles/moveit_utils.dir/src/rclcpp_utils.cpp.o[0m
[3.691s] [  5%] [34m[1mRunning `/opt/ros/humble/bin/generate_parameter_library_cpp /home/moveit/build/moveit_core/online_signal_smoothing/moveit_butterworth_parameters/include//moveit_butterworth_parameters.hpp /home/moveit/src/moveit2/moveit_core/online_signal_smoothing/src/butterworth_parameters.yaml `[0m
[3.691s] [  5%] [34m[1mGenerating ../include/moveit/version.h, always_rebuild[0m
[3.691s] [  6%] [32mBuilding CXX object utils/CMakeFiles/moveit_utils.dir/src/logger.cpp.o[0m
[3.691s] [  6%] [32mBuilding CXX object online_signal_smoothing/CMakeFiles/moveit_smoothing_base.dir/src/smoothing_base_class.cpp.o[0m
[3.741s] [  7%] [34m[1mGenerating version.h[0m
[3.753s] [  7%] Built target version_h
[3.785s] [  8%] [32mBuilding CXX object version/CMakeFiles/moveit_version.dir/version.cpp.o[0m
[3.889s] [  8%] Built target moveit_butterworth_parameters
[4.170s] [  9%] [32m[1mLinking CXX executable moveit_version[0m
[4.298s] [  9%] Built target moveit_version
[4.705s] [  9%] [32m[1mLinking CXX static library libgtest_main.a[0m
[4.745s] [  9%] Built target gtest_main
[5.034s] [ 10%] [32m[1mLinking CXX static library libgmock_main.a[0m
[5.070s] [ 10%] Built target gmock_main
[7.011s] [ 11%] [32m[1mLinking CXX shared library libmoveit_smoothing_base.so[0m
[7.185s] [ 11%] Built target moveit_smoothing_base
[7.429s] [ 11%] [32m[1mLinking CXX shared library libmoveit_utils.so[0m
[7.551s] [ 11%] Built target moveit_utils
[7.572s] [ 15%] [32mBuilding CXX object transforms/CMakeFiles/moveit_transforms.dir/src/transforms.cpp.o[0m
[7.572s] [ 15%] [32mBuilding CXX object exceptions/CMakeFiles/moveit_exceptions.dir/src/exceptions.cpp.o[0m
[7.573s] [ 15%] [32mBuilding CXX object utils/test/CMakeFiles/logger_dut.dir/logger_dut.cpp.o[0m
[7.573s] [ 15%] [32mBuilding CXX object distance_field/CMakeFiles/moveit_distance_field.dir/src/find_internal_points.cpp.o[0m
[7.573s] [ 15%] [32mBuilding CXX object distance_field/CMakeFiles/moveit_distance_field.dir/src/distance_field.cpp.o[0m
[7.573s] [ 15%] [32mBuilding CXX object distance_field/CMakeFiles/moveit_distance_field.dir/src/propagation_distance_field.cpp.o[0m
[8.266s] [ 16%] [32m[1mLinking CXX shared library libmoveit_exceptions.so[0m
[8.444s] [ 16%] Built target moveit_exceptions
[8.473s] [ 18%] [32mBuilding CXX object robot_model/CMakeFiles/moveit_robot_model.dir/src/aabb.cpp.o[0m
[8.473s] [ 18%] [32mBuilding CXX object robot_model/CMakeFiles/moveit_robot_model.dir/src/floating_joint_model.cpp.o[0m
[8.474s] [ 18%] [32mBuilding CXX object robot_model/CMakeFiles/moveit_robot_model.dir/src/fixed_joint_model.cpp.o[0m
[8.474s] [ 19%] [32mBuilding CXX object robot_model/CMakeFiles/moveit_robot_model.dir/src/joint_model_group.cpp.o[0m
[8.474s] [ 19%] [32mBuilding CXX object robot_model/CMakeFiles/moveit_robot_model.dir/src/joint_model.cpp.o[0m
[8.474s] [ 20%] [32mBuilding CXX object robot_model/CMakeFiles/moveit_robot_model.dir/src/prismatic_joint_model.cpp.o[0m
[8.475s] [ 21%] [32mBuilding CXX object robot_model/CMakeFiles/moveit_robot_model.dir/src/planar_joint_model.cpp.o[0m
[8.475s] [ 21%] [32mBuilding CXX object robot_model/CMakeFiles/moveit_robot_model.dir/src/revolute_joint_model.cpp.o[0m
[8.481s] [ 21%] [32mBuilding CXX object robot_model/CMakeFiles/moveit_robot_model.dir/src/link_model.cpp.o[0m
[9.537s] [ 22%] [32mBuilding CXX object robot_model/CMakeFiles/moveit_robot_model.dir/src/robot_model.cpp.o[0m
[11.567s] [ 23%] [32m[1mLinking CXX static library libgtest.a[0m
[11.687s] [ 23%] Built target gtest
[11.797s] [ 24%] [32m[1mLinking CXX static library libgmock.a[0m
[11.877s] [ 24%] Built target gmock
[12.186s] [ 24%] [32m[1mLinking CXX executable logger_dut[0m
[12.442s] [ 24%] Built target logger_dut
[15.944s] [ 24%] [32m[1mLinking CXX shared library libmoveit_transforms.so[0m
[16.103s] [ 24%] Built target moveit_transforms
[16.127s] [ 24%] [32mBuilding CXX object transforms/CMakeFiles/test_transforms.dir/test/test_transforms.cpp.o[0m
[16.369s] [ 24%] [32m[1mLinking CXX shared library libmoveit_distance_field.so[0m
[16.540s] [ 24%] Built target moveit_distance_field
[16.562s] [ 25%] [32mBuilding CXX object distance_field/CMakeFiles/test_voxel_grid.dir/test/test_voxel_grid.cpp.o[0m
[16.563s] [ 25%] [32mBuilding CXX object distance_field/CMakeFiles/test_distance_field.dir/test/test_distance_field.cpp.o[0m
[18.671s] [ 26%] [32m[1mLinking CXX executable test_transforms[0m
[18.824s] [ 26%] Built target test_transforms
[19.055s] [ 26%] [32m[1mLinking CXX shared library libmoveit_robot_model.so[0m
[19.197s] [ 26%] Built target moveit_robot_model
[19.219s] [ 27%] [32mBuilding CXX object kinematics_base/CMakeFiles/moveit_kinematics_base.dir/src/kinematics_base.cpp.o[0m
[19.219s] [ 27%] [32mBuilding CXX object online_signal_smoothing/CMakeFiles/moveit_butterworth_filter.dir/src/butterworth_filter.cpp.o[0m
[20.268s] [ 28%] [32m[1mLinking CXX executable test_voxel_grid[0m
[20.399s] [ 28%] Built target test_voxel_grid
[23.033s] [ 29%] [32m[1mLinking CXX shared library libmoveit_kinematics_base.so[0m
[23.134s] [ 29%] Built target moveit_kinematics_base
[23.155s] [ 32%] [32mBuilding CXX object robot_state/CMakeFiles/moveit_robot_state.dir/src/cartesian_interpolator.cpp.o[0m
[23.155s] [ 32%] [32mBuilding CXX object robot_state/CMakeFiles/moveit_robot_state.dir/src/robot_state.cpp.o[0m
[23.156s] [ 32%] [32mBuilding CXX object utils/CMakeFiles/moveit_test_utils.dir/src/robot_model_test_utils.cpp.o[0m
[23.156s] [ 32%] [32mBuilding CXX object robot_state/CMakeFiles/moveit_robot_state.dir/src/attached_body.cpp.o[0m
[23.156s] [ 32%] [32mBuilding CXX object robot_state/CMakeFiles/moveit_robot_state.dir/src/conversions.cpp.o[0m
[24.425s] [ 33%] [32m[1mLinking CXX shared library libmoveit_butterworth_filter.so[0m
[24.439s] [ 33%] [32m[1mLinking CXX executable test_distance_field[0m
[24.606s] [ 33%] Built target moveit_butterworth_filter
[24.633s] [ 34%] [32mBuilding CXX object online_signal_smoothing/CMakeFiles/test_butterworth_filter.dir/test/test_butterworth_filter.cpp.o[0m
[24.727s] [ 34%] Built target test_distance_field
[30.499s] [ 34%] [32m[1mLinking CXX executable test_butterworth_filter[0m
[30.652s] [ 34%] Built target test_butterworth_filter
[34.580s] [ 35%] [32m[1mLinking CXX shared library libmoveit_test_utils.so[0m
[34.714s] [ 35%] Built target moveit_test_utils
[34.734s] [ 36%] [32mBuilding CXX object robot_model/CMakeFiles/test_robot_model.dir/test/test.cpp.o[0m
[39.017s] [ 37%] [32m[1mLinking CXX executable test_robot_model[0m
[39.226s] [ 37%] Built target test_robot_model
[40.746s] [ 37%] [32m[1mLinking CXX shared library libmoveit_robot_state.so[0m
[40.891s] [ 37%] Built target moveit_robot_state
[40.914s] [ 43%] [32mBuilding CXX object robot_state/CMakeFiles/test_robot_state.dir/test/robot_state_test.cpp.o[0m
[40.914s] [ 43%] [32mBuilding CXX object collision_detection/CMakeFiles/moveit_collision_detection.dir/src/collision_octomap_filter.cpp.o[0m
[40.914s] [ 43%] [32mBuilding CXX object collision_detection/CMakeFiles/moveit_collision_detection.dir/src/collision_matrix.cpp.o[0m
[40.914s] [ 43%] [32mBuilding CXX object robot_trajectory/CMakeFiles/moveit_robot_trajectory.dir/src/robot_trajectory.cpp.o[0m
[40.915s] [ 43%] [32mBuilding CXX object collision_detection/CMakeFiles/moveit_collision_detection.dir/src/collision_common.cpp.o[0m
[40.915s] [ 43%] [32mBuilding CXX object robot_state/CMakeFiles/test_aabb.dir/test/test_aabb.cpp.o[0m
[40.915s] [ 43%] [32mBuilding CXX object robot_state/CMakeFiles/test_robot_state_complex.dir/test/test_kinematic_complex.cpp.o[0m
[40.915s] [ 43%] [32mBuilding CXX object collision_detection/CMakeFiles/moveit_collision_detection.dir/src/allvalid/collision_env_allvalid.cpp.o[0m
[40.915s] [ 44%] [32mBuilding CXX object collision_detection/CMakeFiles/moveit_collision_detection.dir/src/world.cpp.o[0m
[40.915s] [ 44%] [32mBuilding CXX object collision_detection/CMakeFiles/moveit_collision_detection.dir/src/collision_tools.cpp.o[0m
[40.915s] [ 44%] [32mBuilding CXX object collision_detection/CMakeFiles/moveit_collision_detection.dir/src/world_diff.cpp.o[0m
[40.915s] [ 45%] [32mBuilding CXX object collision_detection/CMakeFiles/moveit_collision_detection.dir/src/collision_env.cpp.o[0m
[40.915s] [ 43%] [32mBuilding CXX object dynamics_solver/CMakeFiles/moveit_dynamics_solver.dir/src/dynamics_solver.cpp.o[0m
[40.916s] [ 43%] [32mBuilding CXX object kinematics_metrics/CMakeFiles/moveit_kinematics_metrics.dir/src/kinematics_metrics.cpp.o[0m
[40.916s] [ 46%] [32mBuilding CXX object robot_state/CMakeFiles/test_cartesian_interpolator.dir/test/test_cartesian_interpolator.cpp.o[0m
[40.916s] [ 46%] [32mBuilding CXX object robot_state/CMakeFiles/robot_state_benchmark.dir/test/robot_state_benchmark.cpp.o[0m
[44.471s] [ 46%] [32mBuilding CXX object collision_detection/CMakeFiles/moveit_collision_detection.dir/src/collision_plugin_cache.cpp.o[0m
[51.054s] [ 46%] [32m[1mLinking CXX executable test_cartesian_interpolator[0m
[51.444s] [ 47%] [32m[1mLinking CXX shared library libmoveit_dynamics_solver.so[0m
[51.571s] [ 47%] Built target test_cartesian_interpolator
[51.619s] [ 47%] Built target moveit_dynamics_solver
[52.395s] [ 48%] [32m[1mLinking CXX executable robot_state_benchmark[0m
[52.731s] [ 48%] Built target robot_state_benchmark
[53.313s] [ 48%] [32m[1mLinking CXX executable test_aabb[0m
[53.507s] [ 49%] [32m[1mLinking CXX executable test_robot_state_complex[0m
[53.592s] [ 49%] Built target test_aabb
[53.785s] [ 49%] Built target test_robot_state_complex
[53.845s] [ 50%] [32m[1mLinking CXX shared library libmoveit_robot_trajectory.so[0m
[54.003s] [ 50%] Built target moveit_robot_trajectory
[54.030s] [ 53%] [32mBuilding CXX object trajectory_processing/CMakeFiles/moveit_trajectory_processing.dir/src/ruckig_traj_smoothing.cpp.o[0m
[54.031s] [ 53%] [32mBuilding CXX object trajectory_processing/CMakeFiles/moveit_trajectory_processing.dir/src/trajectory_tools.cpp.o[0m
[54.031s] [ 53%] [32mBuilding CXX object robot_trajectory/CMakeFiles/test_robot_trajectory.dir/test/test_robot_trajectory.cpp.o[0m
[54.031s] [ 53%] [32mBuilding CXX object trajectory_processing/CMakeFiles/moveit_trajectory_processing.dir/src/time_optimal_trajectory_generation.cpp.o[0m
[57.801s] [ 54%] [32m[1mLinking CXX executable test_robot_state[0m
[58.128s] [ 54%] Built target test_robot_state
[59.714s] [ 55%] [32m[1mLinking CXX shared library libmoveit_collision_detection.so[0m
[59.915s] [ 55%] Built target moveit_collision_detection
[59.945s] [ 56%] [32mBuilding CXX object collision_detection/CMakeFiles/test_world.dir/test/test_world.cpp.o[0m
[59.946s] [ 56%] [32mBuilding CXX object collision_detection_fcl/CMakeFiles/moveit_collision_detection_fcl.dir/src/collision_common.cpp.o[0m
[59.946s] [ 57%] [32mBuilding CXX object collision_detection/CMakeFiles/test_world_diff.dir/test/test_world_diff.cpp.o[0m
[59.948s] [ 59%] [32mBuilding CXX object collision_detection_fcl/CMakeFiles/moveit_collision_detection_fcl.dir/src/collision_env_fcl.cpp.o[0m
[59.948s] [ 60%] [32mBuilding CXX object collision_detection_bullet/CMakeFiles/moveit_collision_detection_bullet.dir/src/bullet_integration/bullet_discrete_bvh_manager.cpp.o[0m
[59.948s] [ 60%] [32mBuilding CXX object collision_detection_bullet/CMakeFiles/moveit_collision_detection_bullet.dir/src/bullet_integration/bullet_utils.cpp.o[0m
[59.948s] [ 61%] [32mBuilding CXX object collision_detection_bullet/CMakeFiles/moveit_collision_detection_bullet.dir/src/bullet_integration/bullet_bvh_manager.cpp.o[0m
[59.948s] [ 61%] [32mBuilding CXX object collision_detection_bullet/CMakeFiles/moveit_collision_detection_bullet.dir/src/collision_env_bullet.cpp.o[0m
[59.949s] [ 62%] [32mBuilding CXX object collision_detection_bullet/CMakeFiles/moveit_collision_detection_bullet.dir/src/bullet_integration/contact_checker_common.cpp.o[0m
[59.949s] [ 60%] [32mBuilding CXX object collision_detection_bullet/CMakeFiles/moveit_collision_detection_bullet.dir/src/bullet_integration/bullet_cast_bvh_manager.cpp.o[0m
[59.950s] [ 63%] [32mBuilding CXX object collision_detection/CMakeFiles/test_all_valid.dir/test/test_all_valid.cpp.o[0m
[60.639s] [ 63%] [32mBuilding CXX object collision_detection_bullet/CMakeFiles/moveit_collision_detection_bullet.dir/src/bullet_integration/ros_bullet_utils.cpp.o[0m
[64.835s] [ 63%] [32m[1mLinking CXX shared library libmoveit_trajectory_processing.so[0m
[64.945s] [ 63%] [32m[1mLinking CXX executable test_robot_trajectory[0m
[65.226s] [ 63%] Built target moveit_trajectory_processing
[65.269s] [ 64%] [32mBuilding CXX object trajectory_processing/CMakeFiles/test_time_optimal_trajectory_generation.dir/test/test_time_optimal_trajectory_generation.cpp.o[0m
[65.269s] [ 65%] [32mBuilding CXX object trajectory_processing/CMakeFiles/test_ruckig_traj_smoothing.dir/test/test_ruckig_traj_smoothing.cpp.o[0m
[65.573s] [ 65%] Built target test_robot_trajectory
[65.618s] [ 65%] [32mBuilding CXX object trajectory_processing/CMakeFiles/robot_trajectory_benchmark.dir/test/robot_trajectory_benchmark.cpp.o[0m
[67.730s] [ 66%] [32m[1mLinking CXX shared library libmoveit_kinematics_metrics.so[0m
[68.186s] [ 66%] Built target moveit_kinematics_metrics
[69.738s] [ 66%] [32m[1mLinking CXX executable test_world_diff[0m
[70.290s] [ 66%] Built target test_world_diff
[71.000s] [ 66%] [32m[1mLinking CXX executable test_all_valid[0m
[71.294s] [ 66%] Built target test_all_valid
[71.481s] [ 66%] [32m[1mLinking CXX executable test_world[0m
[71.763s] [ 66%] Built target test_world
[72.723s] [ 67%] [32m[1mLinking CXX shared library libmoveit_collision_detection_bullet.so[0m
[72.919s] [ 67%] Built target moveit_collision_detection_bullet
[72.943s] [ 68%] [32mBuilding CXX object collision_detection_bullet/CMakeFiles/test_bullet_collision_detection_panda.dir/test/test_bullet_collision_detection_panda.cpp.o[0m
[72.943s] [ 68%] [32mBuilding CXX object collision_detection_bullet/CMakeFiles/test_bullet_continuous_collision_checking.dir/test/test_bullet_continuous_collision_checking.cpp.o[0m
[72.943s] [ 68%] [32mBuilding CXX object collision_detection_bullet/CMakeFiles/test_bullet_collision_detection.dir/test/test_bullet_collision_detection_pr2.cpp.o[0m
[73.287s] [ 69%] [32m[1mLinking CXX shared library libmoveit_collision_detection_fcl.so[0m
[73.500s] [ 69%] Built target moveit_collision_detection_fcl
[73.527s] [ 71%] [32mBuilding CXX object kinematic_constraints/CMakeFiles/moveit_kinematic_constraints.dir/src/utils.cpp.o[0m
[73.527s] [ 71%] [32mBuilding CXX object collision_detection_fcl/CMakeFiles/test_fcl_collision_detection.dir/test/test_fcl_collision_detection_pr2.cpp.o[0m
[73.527s] [ 71%] [32mBuilding CXX object kinematic_constraints/CMakeFiles/moveit_kinematic_constraints.dir/src/kinematic_constraint.cpp.o[0m
[73.533s] [ 71%] [32mBuilding CXX object collision_detection_fcl/CMakeFiles/test_fcl_collision_detection_panda.dir/test/test_fcl_collision_detection_panda.cpp.o[0m
[73.533s] [ 71%] [32mBuilding CXX object collision_detection_fcl/CMakeFiles/test_fcl_collision_env.dir/test/test_fcl_env.cpp.o[0m
[74.426s] [ 72%] [32m[1mLinking CXX executable robot_trajectory_benchmark[0m
[74.729s] [ 72%] Built target robot_trajectory_benchmark
[75.575s] [ 72%] [32m[1mLinking CXX executable test_ruckig_traj_smoothing[0m
[75.901s] [ 72%] Built target test_ruckig_traj_smoothing
[77.692s] [ 73%] [32m[1mLinking CXX executable test_time_optimal_trajectory_generation[0m
[78.028s] [ 73%] Built target test_time_optimal_trajectory_generation
[81.441s] [ 74%] [32m[1mLinking CXX executable test_bullet_collision_detection_panda[0m
[81.763s] [ 74%] Built target test_bullet_collision_detection_panda
[82.847s] [ 75%] [32m[1mLinking CXX executable test_fcl_collision_env[0m
[83.171s] [ 75%] Built target test_fcl_collision_env
[83.341s] [ 76%] [32m[1mLinking CXX executable test_fcl_collision_detection_panda[0m
[83.642s] [ 76%] Built target test_fcl_collision_detection_panda
[83.885s] [ 77%] [32m[1mLinking CXX executable test_bullet_collision_detection[0m
[84.193s] [ 77%] Built target test_bullet_collision_detection
[84.218s] [ 78%] [32m[1mLinking CXX executable test_fcl_collision_detection[0m
[84.495s] [ 79%] [32m[1mLinking CXX executable test_bullet_continuous_collision_checking[0m
[84.516s] [ 79%] Built target test_fcl_collision_detection
[84.722s] [ 79%] Built target test_bullet_continuous_collision_checking
[87.233s] [ 80%] [32m[1mLinking CXX shared library libmoveit_kinematic_constraints.so[0m
[87.389s] [ 80%] Built target moveit_kinematic_constraints
[87.410s] [ 82%] [32mBuilding CXX object kinematic_constraints/CMakeFiles/test_orientation_constraints.dir/test/test_orientation_constraints.cpp.o[0m
[87.410s] [ 82%] [32mBuilding CXX object planning_scene/CMakeFiles/moveit_planning_scene.dir/src/planning_scene.cpp.o[0m
[87.410s] [ 82%] [32mBuilding CXX object kinematic_constraints/CMakeFiles/test_constraints.dir/test/test_constraints.cpp.o[0m
[95.010s] [ 82%] [32m[1mLinking CXX executable test_orientation_constraints[0m
[95.258s] [ 82%] Built target test_orientation_constraints
[96.025s] [ 82%] [32m[1mLinking CXX executable test_constraints[0m
[96.287s] [ 82%] Built target test_constraints
[101.014s] [ 83%] [32m[1mLinking CXX shared library libmoveit_planning_scene.so[0m
[101.164s] [ 83%] Built target moveit_planning_scene
[101.193s] [ 91%] [32mBuilding CXX object collision_distance_field/CMakeFiles/moveit_collision_distance_field.dir/src/collision_env_hybrid.cpp.o[0m
[101.193s] [ 91%] [32mBuilding CXX object planning_scene/CMakeFiles/test_collision_objects.dir/test/test_collision_objects.cpp.o[0m
[101.193s] [ 91%] [32mBuilding CXX object collision_detection_bullet/CMakeFiles/collision_detector_bullet_plugin.dir/src/collision_detector_bullet_plugin_loader.cpp.o[0m
[101.193s] [ 91%] [32mBuilding CXX object constraint_samplers/CMakeFiles/moveit_constraint_samplers.dir/src/constraint_sampler.cpp.o[0m
[101.193s] [ 91%] [32mBuilding CXX object constraint_samplers/CMakeFiles/moveit_constraint_samplers.dir/src/default_constraint_samplers.cpp.o[0m
[101.194s] [ 91%] [32mBuilding CXX object constraint_samplers/CMakeFiles/moveit_constraint_samplers.dir/src/constraint_sampler_tools.cpp.o[0m
[101.194s] [ 91%] [32mBuilding CXX object constraint_samplers/CMakeFiles/moveit_constraint_samplers.dir/src/constraint_sampler_manager.cpp.o[0m
[101.194s] [ 91%] [32mBuilding CXX object planning_interface/CMakeFiles/moveit_planning_interface.dir/src/planning_response.cpp.o[0m
[101.194s] [ 91%] [32mBuilding CXX object collision_distance_field/CMakeFiles/moveit_collision_distance_field.dir/src/collision_distance_field_types.cpp.o[0m
[101.194s] [ 91%] [32mBuilding CXX object collision_detection_fcl/CMakeFiles/collision_detector_fcl_plugin.dir/src/collision_detector_fcl_plugin_loader.cpp.o[0m
[101.194s] [ 91%] [32mBuilding CXX object planning_interface/CMakeFiles/moveit_planning_interface.dir/src/planning_interface.cpp.o[0m
[101.194s] [ 91%] [32mBuilding CXX object constraint_samplers/CMakeFiles/moveit_constraint_samplers.dir/src/union_constraint_sampler.cpp.o[0m
[101.194s] [ 91%] [32mBuilding CXX object planning_scene/CMakeFiles/test_planning_scene.dir/test/test_planning_scene.cpp.o[0m
[101.194s] [ 91%] [32mBuilding CXX object collision_distance_field/CMakeFiles/moveit_collision_distance_field.dir/src/collision_env_distance_field.cpp.o[0m
[101.194s] [ 91%] [32mBuilding CXX object planning_scene/CMakeFiles/test_multi_threaded.dir/test/test_multi_threaded.cpp.o[0m
[101.194s] [ 91%] [32mBuilding CXX object collision_distance_field/CMakeFiles/moveit_collision_distance_field.dir/src/collision_common_distance_field.cpp.o[0m
[164.689s] [ 92%] [32m[1mLinking CXX shared library libcollision_detector_bullet_plugin.so[0m
[165.091s] [ 92%] Built target collision_detector_bullet_plugin
[165.806s] [ 93%] [32m[1mLinking CXX shared library libcollision_detector_fcl_plugin.so[0m
[165.825s] [ 93%] [32m[1mLinking CXX executable test_multi_threaded[0m
[165.995s] [ 93%] Built target collision_detector_fcl_plugin
[166.202s] [ 93%] Built target test_multi_threaded
[166.266s] [ 94%] [32m[1mLinking CXX shared library libmoveit_planning_interface.so[0m
[166.444s] [ 94%] Built target moveit_planning_interface
[167.236s] [ 95%] [32m[1mLinking CXX shared library libmoveit_constraint_samplers.so[0m
[167.405s] [ 95%] Built target moveit_constraint_samplers
[167.794s] [ 96%] [32m[1mLinking CXX executable test_collision_objects[0m
[168.031s] [ 96%] Built target test_collision_objects
[170.270s] [ 97%] [32m[1mLinking CXX shared library libmoveit_collision_distance_field.so[0m
[170.438s] [ 97%] Built target moveit_collision_distance_field
[170.798s] [ 97%] [32m[1mLinking CXX executable test_planning_scene[0m
[171.034s] [ 97%] Built target test_planning_scene
[171.063s] [ 98%] [32mBuilding CXX object collision_distance_field/CMakeFiles/test_collision_distance_field.dir/test/test_collision_distance_field.cpp.o[0m
[179.273s] [ 98%] [32m[1mLinking CXX executable test_collision_distance_field[0m
[179.498s] [ 98%] Built target test_collision_distance_field
[179.522s] [ 98%] [32mBuilding CXX object constraint_samplers/CMakeFiles/test_constraint_samplers.dir/test/test_constraint_samplers.cpp.o[0m
[189.412s] [ 98%] [32mBuilding CXX object constraint_samplers/CMakeFiles/test_constraint_samplers.dir/test/pr2_arm_ik.cpp.o[0m
[193.825s] [ 99%] [32mBuilding CXX object constraint_samplers/CMakeFiles/test_constraint_samplers.dir/test/pr2_arm_kinematics_plugin.cpp.o[0m
[198.684s] [100%] [32m[1mLinking CXX executable test_constraint_samplers[0m
[198.946s] [100%] Built target test_constraint_samplers
[199.006s] Invoked command in '/home/moveit/build/moveit_core' returned '0': AMENT_PREFIX_PATH=/home/moveit/install/moveit_resources_panda_moveit_config:/home/moveit/install/moveit_resources_pr2_description:/home/moveit/install/moveit_resources_panda_description:/home/moveit/install/moveit_msgs:/home/moveit/install/moveit_common:${AMENT_PREFIX_PATH} CMAKE_PREFIX_PATH=/home/moveit/install/moveit_resources_panda_moveit_config:/home/moveit/install/moveit_resources_pr2_description:/home/moveit/install/moveit_resources_panda_description:/home/moveit/install/moveit_msgs:/home/moveit/install/moveit_common:/opt/ros/humble LD_LIBRARY_PATH=/home/moveit/install/moveit_msgs/lib:${LD_LIBRARY_PATH} PYTHONPATH=/home/moveit/install/moveit_msgs/local/lib/python3.10/dist-packages:${PYTHONPATH} /usr/bin/cmake --build /home/moveit/build/moveit_core -- -j16 -l16
[199.099s] Invoking command in '/home/moveit/build/moveit_core': AMENT_PREFIX_PATH=/home/moveit/install/moveit_resources_panda_moveit_config:/home/moveit/install/moveit_resources_pr2_description:/home/moveit/install/moveit_resources_panda_description:/home/moveit/install/moveit_msgs:/home/moveit/install/moveit_common:${AMENT_PREFIX_PATH} CMAKE_PREFIX_PATH=/home/moveit/install/moveit_resources_panda_moveit_config:/home/moveit/install/moveit_resources_pr2_description:/home/moveit/install/moveit_resources_panda_description:/home/moveit/install/moveit_msgs:/home/moveit/install/moveit_common:/opt/ros/humble LD_LIBRARY_PATH=/home/moveit/install/moveit_msgs/lib:${LD_LIBRARY_PATH} PYTHONPATH=/home/moveit/install/moveit_msgs/local/lib/python3.10/dist-packages:${PYTHONPATH} /usr/bin/cmake --install /home/moveit/build/moveit_core
[199.106s] -- Install configuration: "Release"
[199.107s] -- Installing: /home/moveit/install/moveit_core/include/moveit_core
[199.107s] -- Installing: /home/moveit/install/moveit_core/include/moveit_core/moveit
[199.107s] -- Installing: /home/moveit/install/moveit_core/include/moveit_core/moveit/collision_detection_bullet
[199.108s] -- Installing: /home/moveit/install/moveit_core/include/moveit_core/moveit/collision_detection_bullet/collision_detector_bullet_plugin_loader.h
[199.108s] -- Installing: /home/moveit/install/moveit_core/include/moveit_core/moveit/collision_detection_bullet/collision_env_bullet.h
[199.108s] -- Installing: /home/moveit/install/moveit_core/include/moveit_core/moveit/collision_detection_bullet/collision_detector_allocator_bullet.h
[199.108s] -- Installing: /home/moveit/install/moveit_core/include/moveit_core/moveit/collision_detection_bullet/bullet_integration
[199.108s] -- Installing: /home/moveit/install/moveit_core/include/moveit_core/moveit/collision_detection_bullet/bullet_integration/ros_bullet_utils.h
[199.109s] -- Installing: /home/moveit/install/moveit_core/include/moveit_core/moveit/collision_detection_bullet/bullet_integration/bullet_discrete_bvh_manager.h
[199.109s] -- Installing: /home/moveit/install/moveit_core/include/moveit_core/moveit/collision_detection_bullet/bullet_integration/bullet_utils.h
[199.109s] -- Installing: /home/moveit/install/moveit_core/include/moveit_core/moveit/collision_detection_bullet/bullet_integration/bullet_cast_bvh_manager.h
[199.109s] -- Installing: /home/moveit/install/moveit_core/include/moveit_core/moveit/collision_detection_bullet/bullet_integration/bullet_bvh_manager.h
[199.110s] -- Installing: /home/moveit/install/moveit_core/include/moveit_core/moveit/collision_detection_bullet/bullet_integration/contact_checker_common.h
[199.110s] -- Installing: /home/moveit/install/moveit_core/include/moveit_core/moveit/collision_detection_bullet/bullet_integration/basic_types.h
[199.110s] -- Installing: /home/moveit/install/moveit_core/include/moveit_core/moveit_collision_detection_bullet_export.h
[199.111s] -- Up-to-date: /home/moveit/install/moveit_core/include/moveit_core
[199.111s] -- Up-to-date: /home/moveit/install/moveit_core/include/moveit_core/moveit
[199.111s] -- Installing: /home/moveit/install/moveit_core/include/moveit_core/moveit/collision_detection_fcl
[199.111s] -- Installing: /home/moveit/install/moveit_core/include/moveit_core/moveit/collision_detection_fcl/fcl_compat.h
[199.111s] -- Installing: /home/moveit/install/moveit_core/include/moveit_core/moveit/collision_detection_fcl/collision_detector_fcl_plugin_loader.h
[199.111s] -- Installing: /home/moveit/install/moveit_core/include/moveit_core/moveit/collision_detection_fcl/collision_common.h
[199.111s] -- Installing: /home/moveit/install/moveit_core/include/moveit_core/moveit/collision_detection_fcl/collision_detector_allocator_fcl.h
[199.112s] -- Installing: /home/moveit/install/moveit_core/include/moveit_core/moveit/collision_detection_fcl/collision_env_fcl.h
[199.112s] -- Installing: /home/moveit/install/moveit_core/include/moveit_core/moveit_collision_detection_fcl_export.h
[199.112s] -- Up-to-date: /home/moveit/install/moveit_core/include/moveit_core
[199.112s] -- Up-to-date: /home/moveit/install/moveit_core/include/moveit_core/moveit
[199.112s] -- Installing: /home/moveit/install/moveit_core/include/moveit_core/moveit/collision_detection
[199.112s] -- Installing: /home/moveit/install/moveit_core/include/moveit_core/moveit/collision_detection/collision_plugin_cache.h
[199.113s] -- Installing: /home/moveit/install/moveit_core/include/moveit_core/moveit/collision_detection/test_collision_common_pr2.h
[199.113s] -- Installing: /home/moveit/install/moveit_core/include/moveit_core/moveit/collision_detection/test_collision_common_panda.h
[199.113s] -- Installing: /home/moveit/install/moveit_core/include/moveit_core/moveit/collision_detection/collision_tools.h
[199.113s] -- Installing: /home/moveit/install/moveit_core/include/moveit_core/moveit/collision_detection/collision_plugin.h
[199.114s] -- Installing: /home/moveit/install/moveit_core/include/moveit_core/moveit/collision_detection/allvalid
[199.114s] -- Installing: /home/moveit/install/moveit_core/include/moveit_core/moveit/collision_detection/allvalid/collision_detector_allocator_allvalid.h
[199.114s] -- Installing: /home/moveit/install/moveit_core/include/moveit_core/moveit/collision_detection/allvalid/collision_env_allvalid.h
[199.114s] -- Installing: /home/moveit/install/moveit_core/include/moveit_core/moveit/collision_detection/collision_common.h
[199.114s] -- Installing: /home/moveit/install/moveit_core/include/moveit_core/moveit/collision_detection/collision_octomap_filter.h
[199.114s] -- Installing: /home/moveit/install/moveit_core/include/moveit_core/moveit/collision_detection/occupancy_map.h
[199.115s] -- Installing: /home/moveit/install/moveit_core/include/moveit_core/moveit/collision_detection/collision_detector_allocator.h
[199.115s] -- Installing: /home/moveit/install/moveit_core/include/moveit_core/moveit/collision_detection/collision_matrix.h
[199.115s] -- Installing: /home/moveit/install/moveit_core/include/moveit_core/moveit/collision_detection/world_diff.h
[199.115s] -- Installing: /home/moveit/install/moveit_core/include/moveit_core/moveit/collision_detection/world.h
[199.115s] -- Installing: /home/moveit/install/moveit_core/include/moveit_core/moveit/collision_detection/collision_env.h
[199.115s] -- Installing: /home/moveit/install/moveit_core/include/moveit_core/moveit_collision_detection_export.h
[199.116s] -- Up-to-date: /home/moveit/install/moveit_core/include/moveit_core
[199.116s] -- Up-to-date: /home/moveit/install/moveit_core/include/moveit_core/moveit
[199.116s] -- Installing: /home/moveit/install/moveit_core/include/moveit_core/moveit/collision_distance_field
[199.116s] -- Installing: /home/moveit/install/moveit_core/include/moveit_core/moveit/collision_distance_field/collision_distance_field_types.h
[199.116s] -- Installing: /home/moveit/install/moveit_core/include/moveit_core/moveit/collision_distance_field/collision_detector_allocator_hybrid.h
[199.116s] -- Installing: /home/moveit/install/moveit_core/include/moveit_core/moveit/collision_distance_field/collision_common_distance_field.h
[199.116s] -- Installing: /home/moveit/install/moveit_core/include/moveit_core/moveit/collision_distance_field/collision_env_distance_field.h
[199.116s] -- Installing: /home/moveit/install/moveit_core/include/moveit_core/moveit/collision_distance_field/collision_env_hybrid.h
[199.116s] -- Installing: /home/moveit/install/moveit_core/include/moveit_core/moveit/collision_distance_field/collision_detector_allocator_distance_field.h
[199.117s] -- Installing: /home/moveit/install/moveit_core/include/moveit_core/moveit_collision_distance_field_export.h
[199.117s] -- Up-to-date: /home/moveit/install/moveit_core/include/moveit_core
[199.117s] -- Up-to-date: /home/moveit/install/moveit_core/include/moveit_core/moveit
[199.117s] -- Installing: /home/moveit/install/moveit_core/include/moveit_core/moveit/constraint_samplers
[199.117s] -- Installing: /home/moveit/install/moveit_core/include/moveit_core/moveit/constraint_samplers/constraint_sampler.h
[199.117s] -- Installing: /home/moveit/install/moveit_core/include/moveit_core/moveit/constraint_samplers/default_constraint_samplers.h
[199.117s] -- Installing: /home/moveit/install/moveit_core/include/moveit_core/moveit/constraint_samplers/constraint_sampler_allocator.h
[199.118s] -- Installing: /home/moveit/install/moveit_core/include/moveit_core/moveit/constraint_samplers/constraint_sampler_tools.h
[199.118s] -- Installing: /home/moveit/install/moveit_core/include/moveit_core/moveit/constraint_samplers/union_constraint_sampler.h
[199.118s] -- Installing: /home/moveit/install/moveit_core/include/moveit_core/moveit/constraint_samplers/constraint_sampler_manager.h
[199.118s] -- Up-to-date: /home/moveit/install/moveit_core/include/moveit_core
[199.118s] -- Up-to-date: /home/moveit/install/moveit_core/include/moveit_core/moveit
[199.119s] -- Installing: /home/moveit/install/moveit_core/include/moveit_core/moveit/controller_manager
[199.119s] -- Installing: /home/moveit/install/moveit_core/include/moveit_core/moveit/controller_manager/controller_manager.h
[199.119s] -- Up-to-date: /home/moveit/install/moveit_core/include/moveit_core
[199.120s] -- Up-to-date: /home/moveit/install/moveit_core/include/moveit_core/moveit
[199.120s] -- Installing: /home/moveit/install/moveit_core/include/moveit_core/moveit/distance_field
[199.120s] -- Installing: /home/moveit/install/moveit_core/include/moveit_core/moveit/distance_field/distance_field.h
[199.120s] -- Installing: /home/moveit/install/moveit_core/include/moveit_core/moveit/distance_field/voxel_grid.h
[199.120s] -- Installing: /home/moveit/install/moveit_core/include/moveit_core/moveit/distance_field/propagation_distance_field.h
[199.120s] -- Installing: /home/moveit/install/moveit_core/include/moveit_core/moveit/distance_field/find_internal_points.h
[199.121s] -- Up-to-date: /home/moveit/install/moveit_core/include/moveit_core
[199.121s] -- Up-to-date: /home/moveit/install/moveit_core/include/moveit_core/moveit
[199.121s] -- Installing: /home/moveit/install/moveit_core/include/moveit_core/moveit/dynamics_solver
[199.121s] -- Installing: /home/moveit/install/moveit_core/include/moveit_core/moveit/dynamics_solver/dynamics_solver.h
[199.121s] -- Up-to-date: /home/moveit/install/moveit_core/include/moveit_core
[199.121s] -- Up-to-date: /home/moveit/install/moveit_core/include/moveit_core/moveit
[199.122s] -- Installing: /home/moveit/install/moveit_core/include/moveit_core/moveit/exceptions
[199.122s] -- Installing: /home/moveit/install/moveit_core/include/moveit_core/moveit/exceptions/exceptions.h
[199.122s] -- Up-to-date: /home/moveit/install/moveit_core/include/moveit_core
[199.122s] -- Up-to-date: /home/moveit/install/moveit_core/include/moveit_core/moveit
[199.122s] -- Installing: /home/moveit/install/moveit_core/include/moveit_core/moveit/kinematic_constraints
[199.122s] -- Installing: /home/moveit/install/moveit_core/include/moveit_core/moveit/kinematic_constraints/utils.h
[199.122s] -- Installing: /home/moveit/install/moveit_core/include/moveit_core/moveit/kinematic_constraints/kinematic_constraint.h
[199.123s] -- Up-to-date: /home/moveit/install/moveit_core/include/moveit_core
[199.123s] -- Up-to-date: /home/moveit/install/moveit_core/include/moveit_core/moveit
[199.123s] -- Installing: /home/moveit/install/moveit_core/include/moveit_core/moveit/kinematics_base
[199.123s] -- Installing: /home/moveit/install/moveit_core/include/moveit_core/moveit/kinematics_base/kinematics_base.h
[199.123s] -- Installing: /home/moveit/install/moveit_core/include/moveit_core/moveit_kinematics_base_export.h
[199.123s] -- Up-to-date: /home/moveit/install/moveit_core/include/moveit_core
[199.123s] -- Up-to-date: /home/moveit/install/moveit_core/include/moveit_core/moveit
[199.124s] -- Installing: /home/moveit/install/moveit_core/include/moveit_core/moveit/kinematics_metrics
[199.124s] -- Installing: /home/moveit/install/moveit_core/include/moveit_core/moveit/kinematics_metrics/kinematics_metrics.h
[199.124s] -- Up-to-date: /home/moveit/install/moveit_core/include/moveit_core
[199.124s] -- Up-to-date: /home/moveit/install/moveit_core/include/moveit_core/moveit
[199.125s] -- Installing: /home/moveit/install/moveit_core/include/moveit_core/moveit/macros
[199.125s] -- Installing: /home/moveit/install/moveit_core/include/moveit_core/moveit/macros/class_forward.h
[199.125s] -- Installing: /home/moveit/install/moveit_core/include/moveit_core/moveit/macros/declare_ptr.h
[199.125s] -- Installing: /home/moveit/install/moveit_core/include/moveit_core/moveit/macros/console_colors.h
[199.125s] -- Installing: /home/moveit/install/moveit_core/include/moveit_core/moveit/macros/deprecation.h
[199.126s] -- Installing: /home/moveit/install/moveit_core/include/moveit_butterworth_parameters
[199.126s] -- Installing: /home/moveit/install/moveit_core/include/moveit_butterworth_parameters/moveit_butterworth_parameters.hpp
[199.126s] -- Up-to-date: /home/moveit/install/moveit_core/include/moveit_core
[199.126s] -- Up-to-date: /home/moveit/install/moveit_core/include/moveit_core/moveit
[199.126s] -- Installing: /home/moveit/install/moveit_core/include/moveit_core/moveit/online_signal_smoothing
[199.126s] -- Installing: /home/moveit/install/moveit_core/include/moveit_core/moveit/online_signal_smoothing/smoothing_base_class.h
[199.127s] -- Installing: /home/moveit/install/moveit_core/include/moveit_core/moveit/online_signal_smoothing/butterworth_filter.h
[199.127s] -- Installing: /home/moveit/install/moveit_core/include/moveit_core/moveit_smoothing_base_export.h
[199.127s] -- Installing: /home/moveit/install/moveit_core/include/moveit_core/moveit_butterworth_filter_export.h
[199.128s] -- Up-to-date: /home/moveit/install/moveit_core/include/moveit_core
[199.128s] -- Up-to-date: /home/moveit/install/moveit_core/include/moveit_core/moveit
[199.128s] -- Installing: /home/moveit/install/moveit_core/include/moveit_core/moveit/planning_interface
[199.128s] -- Installing: /home/moveit/install/moveit_core/include/moveit_core/moveit/planning_interface/planning_response.h
[199.128s] -- Installing: /home/moveit/install/moveit_core/include/moveit_core/moveit/planning_interface/planning_request.h
[199.129s] -- Installing: /home/moveit/install/moveit_core/include/moveit_core/moveit/planning_interface/planning_response_adapter.h
[199.129s] -- Installing: /home/moveit/install/moveit_core/include/moveit_core/moveit/planning_interface/planning_request_adapter.h
[199.130s] -- Installing: /home/moveit/install/moveit_core/include/moveit_core/moveit/planning_interface/planning_interface.h
[199.130s] -- Up-to-date: /home/moveit/install/moveit_core/include/moveit_core
[199.130s] -- Up-to-date: /home/moveit/install/moveit_core/include/moveit_core/moveit
[199.130s] -- Installing: /home/moveit/install/moveit_core/include/moveit_core/moveit/planning_scene
[199.130s] -- Installing: /home/moveit/install/moveit_core/include/moveit_core/moveit/planning_scene/planning_scene.h
[199.130s] -- Installing: /home/moveit/install/moveit_core/include/moveit_core/moveit_planning_scene_export.h
[199.131s] -- Up-to-date: /home/moveit/install/moveit_core/include/moveit_core
[199.131s] -- Up-to-date: /home/moveit/install/moveit_core/include/moveit_core/moveit
[199.131s] -- Installing: /home/moveit/install/moveit_core/include/moveit_core/moveit/robot_model
[199.131s] -- Installing: /home/moveit/install/moveit_core/include/moveit_core/moveit/robot_model/joint_model_group.h
[199.131s] -- Installing: /home/moveit/install/moveit_core/include/moveit_core/moveit/robot_model/revolute_joint_model.h
[199.131s] -- Installing: /home/moveit/install/moveit_core/include/moveit_core/moveit/robot_model/floating_joint_model.h
[199.131s] -- Installing: /home/moveit/install/moveit_core/include/moveit_core/moveit/robot_model/fixed_joint_model.h
[199.131s] -- Installing: /home/moveit/install/moveit_core/include/moveit_core/moveit/robot_model/aabb.h
[199.131s] -- Installing: /home/moveit/install/moveit_core/include/moveit_core/moveit/robot_model/prismatic_joint_model.h
[199.131s] -- Installing: /home/moveit/install/moveit_core/include/moveit_core/moveit/robot_model/robot_model.h
[199.132s] -- Installing: /home/moveit/install/moveit_core/include/moveit_core/moveit/robot_model/planar_joint_model.h
[199.132s] -- Installing: /home/moveit/install/moveit_core/include/moveit_core/moveit/robot_model/joint_model.h
[199.132s] -- Installing: /home/moveit/install/moveit_core/include/moveit_core/moveit/robot_model/link_model.h
[199.132s] -- Up-to-date: /home/moveit/install/moveit_core/include/moveit_core
[199.132s] -- Up-to-date: /home/moveit/install/moveit_core/include/moveit_core/moveit
[199.132s] -- Installing: /home/moveit/install/moveit_core/include/moveit_core/moveit/robot_state
[199.132s] -- Installing: /home/moveit/install/moveit_core/include/moveit_core/moveit/robot_state/attached_body.h
[199.132s] -- Installing: /home/moveit/install/moveit_core/include/moveit_core/moveit/robot_state/cartesian_interpolator.h
[199.133s] -- Installing: /home/moveit/install/moveit_core/include/moveit_core/moveit/robot_state/robot_state.h
[199.133s] -- Installing: /home/moveit/install/moveit_core/include/moveit_core/moveit/robot_state/conversions.h
[199.133s] -- Up-to-date: /home/moveit/install/moveit_core/include/moveit_core
[199.133s] -- Up-to-date: /home/moveit/install/moveit_core/include/moveit_core/moveit
[199.133s] -- Installing: /home/moveit/install/moveit_core/include/moveit_core/moveit/robot_trajectory
[199.133s] -- Installing: /home/moveit/install/moveit_core/include/moveit_core/moveit/robot_trajectory/robot_trajectory.h
[199.134s] -- Up-to-date: /home/moveit/install/moveit_core/include/moveit_core
[199.134s] -- Up-to-date: /home/moveit/install/moveit_core/include/moveit_core/moveit
[199.134s] -- Installing: /home/moveit/install/moveit_core/include/moveit_core/moveit/trajectory_processing
[199.134s] -- Installing: /home/moveit/install/moveit_core/include/moveit_core/moveit/trajectory_processing/time_optimal_trajectory_generation.h
[199.134s] -- Installing: /home/moveit/install/moveit_core/include/moveit_core/moveit/trajectory_processing/time_parameterization.h
[199.134s] -- Installing: /home/moveit/install/moveit_core/include/moveit_core/moveit/trajectory_processing/trajectory_tools.h
[199.135s] -- Installing: /home/moveit/install/moveit_core/include/moveit_core/moveit/trajectory_processing/ruckig_traj_smoothing.h
[199.135s] -- Up-to-date: /home/moveit/install/moveit_core/include/moveit_core
[199.135s] -- Up-to-date: /home/moveit/install/moveit_core/include/moveit_core/moveit
[199.135s] -- Installing: /home/moveit/install/moveit_core/include/moveit_core/moveit/transforms
[199.135s] -- Installing: /home/moveit/install/moveit_core/include/moveit_core/moveit/transforms/transforms.h
[199.135s] -- Up-to-date: /home/moveit/install/moveit_core/include/moveit_core
[199.136s] -- Up-to-date: /home/moveit/install/moveit_core/include/moveit_core/moveit
[199.136s] -- Installing: /home/moveit/install/moveit_core/include/moveit_core/moveit/utils
[199.136s] -- Installing: /home/moveit/install/moveit_core/include/moveit_core/moveit/utils/robot_model_test_utils.h
[199.136s] -- Installing: /home/moveit/install/moveit_core/include/moveit_core/moveit/utils/moveit_error_code.h
[199.136s] -- Installing: /home/moveit/install/moveit_core/include/moveit_core/moveit/utils/lexical_casts.h
[199.136s] -- Installing: /home/moveit/install/moveit_core/include/moveit_core/moveit/utils/eigen_test_utils.h
[199.136s] -- Installing: /home/moveit/install/moveit_core/include/moveit_core/moveit/utils/rclcpp_utils.h
[199.136s] -- Installing: /home/moveit/install/moveit_core/include/moveit_core/moveit/utils/logger.hpp
[199.136s] -- Installing: /home/moveit/install/moveit_core/include/moveit_core/moveit/utils/message_checks.h
[199.137s] -- Installing: /home/moveit/install/moveit_core/lib/moveit_core/logger_dut
[199.137s] -- Set runtime path of "/home/moveit/install/moveit_core/lib/moveit_core/logger_dut" to ""
[199.138s] -- Installing: /home/moveit/install/moveit_core/include/moveit_core/moveit/version.h
[199.138s] -- Installing: /home/moveit/install/moveit_core/bin/moveit_version
[199.139s] -- Installing: /home/moveit/install/moveit_core/lib/libcollision_detector_bullet_plugin.so.2.9.0
[199.139s] -- Set runtime path of "/home/moveit/install/moveit_core/lib/libcollision_detector_bullet_plugin.so.2.9.0" to ""
[199.139s] -- Installing: /home/moveit/install/moveit_core/lib/libcollision_detector_bullet_plugin.so
[199.139s] -- Installing: /home/moveit/install/moveit_core/lib/libmoveit_butterworth_filter.so.2.9.0
[199.140s] -- Set runtime path of "/home/moveit/install/moveit_core/lib/libmoveit_butterworth_filter.so.2.9.0" to ""
[199.140s] -- Installing: /home/moveit/install/moveit_core/lib/libmoveit_butterworth_filter.so
[199.140s] -- Installing: /home/moveit/install/moveit_core/lib/libmoveit_collision_detection.so.2.9.0
[199.142s] -- Set runtime path of "/home/moveit/install/moveit_core/lib/libmoveit_collision_detection.so.2.9.0" to ""
[199.142s] -- Installing: /home/moveit/install/moveit_core/lib/libmoveit_collision_detection.so
[199.142s] -- Installing: /home/moveit/install/moveit_core/lib/libmoveit_collision_detection_bullet.so.2.9.0
[199.143s] -- Set runtime path of "/home/moveit/install/moveit_core/lib/libmoveit_collision_detection_bullet.so.2.9.0" to ""
[199.143s] -- Installing: /home/moveit/install/moveit_core/lib/libmoveit_collision_detection_bullet.so
[199.143s] -- Installing: /home/moveit/install/moveit_core/lib/libmoveit_collision_detection_fcl.so.2.9.0
[199.144s] -- Set runtime path of "/home/moveit/install/moveit_core/lib/libmoveit_collision_detection_fcl.so.2.9.0" to ""
[199.144s] -- Installing: /home/moveit/install/moveit_core/lib/libmoveit_collision_detection_fcl.so
[199.144s] -- Installing: /home/moveit/install/moveit_core/lib/libmoveit_collision_distance_field.so.2.9.0
[199.145s] -- Set runtime path of "/home/moveit/install/moveit_core/lib/libmoveit_collision_distance_field.so.2.9.0" to ""
[199.145s] -- Installing: /home/moveit/install/moveit_core/lib/libmoveit_collision_distance_field.so
[199.145s] -- Installing: /home/moveit/install/moveit_core/lib/libmoveit_constraint_samplers.so.2.9.0
[199.146s] -- Set runtime path of "/home/moveit/install/moveit_core/lib/libmoveit_constraint_samplers.so.2.9.0" to ""
[199.146s] -- Installing: /home/moveit/install/moveit_core/lib/libmoveit_constraint_samplers.so
[199.147s] -- Installing: /home/moveit/install/moveit_core/lib/libmoveit_distance_field.so.2.9.0
[199.147s] -- Set runtime path of "/home/moveit/install/moveit_core/lib/libmoveit_distance_field.so.2.9.0" to ""
[199.147s] -- Installing: /home/moveit/install/moveit_core/lib/libmoveit_distance_field.so
[199.148s] -- Installing: /home/moveit/install/moveit_core/lib/libmoveit_dynamics_solver.so.2.9.0
[199.148s] -- Set runtime path of "/home/moveit/install/moveit_core/lib/libmoveit_dynamics_solver.so.2.9.0" to ""
[199.148s] -- Installing: /home/moveit/install/moveit_core/lib/libmoveit_dynamics_solver.so
[199.148s] -- Installing: /home/moveit/install/moveit_core/lib/libmoveit_exceptions.so.2.9.0
[199.149s] -- Set runtime path of "/home/moveit/install/moveit_core/lib/libmoveit_exceptions.so.2.9.0" to ""
[199.149s] -- Installing: /home/moveit/install/moveit_core/lib/libmoveit_exceptions.so
[199.149s] -- Installing: /home/moveit/install/moveit_core/lib/libmoveit_kinematic_constraints.so.2.9.0
[199.150s] -- Set runtime path of "/home/moveit/install/moveit_core/lib/libmoveit_kinematic_constraints.so.2.9.0" to ""
[199.150s] -- Installing: /home/moveit/install/moveit_core/lib/libmoveit_kinematic_constraints.so
[199.150s] -- Installing: /home/moveit/install/moveit_core/lib/libmoveit_kinematics_base.so
[199.152s] -- Set runtime path of "/home/moveit/install/moveit_core/lib/libmoveit_kinematics_base.so" to ""
[199.152s] -- Installing: /home/moveit/install/moveit_core/lib/libmoveit_kinematics_metrics.so.2.9.0
[199.153s] -- Set runtime path of "/home/moveit/install/moveit_core/lib/libmoveit_kinematics_metrics.so.2.9.0" to ""
[199.153s] -- Installing: /home/moveit/install/moveit_core/lib/libmoveit_kinematics_metrics.so
[199.153s] -- Installing: /home/moveit/install/moveit_core/lib/libmoveit_planning_interface.so.2.9.0
[199.154s] -- Set runtime path of "/home/moveit/install/moveit_core/lib/libmoveit_planning_interface.so.2.9.0" to ""
[199.154s] -- Installing: /home/moveit/install/moveit_core/lib/libmoveit_planning_interface.so
[199.154s] -- Installing: /home/moveit/install/moveit_core/lib/libmoveit_planning_scene.so.2.9.0
[199.155s] -- Set runtime path of "/home/moveit/install/moveit_core/lib/libmoveit_planning_scene.so.2.9.0" to ""
[199.156s] -- Installing: /home/moveit/install/moveit_core/lib/libmoveit_planning_scene.so
[199.156s] -- Installing: /home/moveit/install/moveit_core/lib/libmoveit_robot_model.so.2.9.0
[199.157s] -- Set runtime path of "/home/moveit/install/moveit_core/lib/libmoveit_robot_model.so.2.9.0" to ""
[199.157s] -- Installing: /home/moveit/install/moveit_core/lib/libmoveit_robot_model.so
[199.157s] -- Installing: /home/moveit/install/moveit_core/lib/libmoveit_robot_state.so.2.9.0
[199.159s] -- Set runtime path of "/home/moveit/install/moveit_core/lib/libmoveit_robot_state.so.2.9.0" to ""
[199.159s] -- Installing: /home/moveit/install/moveit_core/lib/libmoveit_robot_state.so
[199.159s] -- Installing: /home/moveit/install/moveit_core/lib/libmoveit_robot_trajectory.so.2.9.0
[199.159s] -- Set runtime path of "/home/moveit/install/moveit_core/lib/libmoveit_robot_trajectory.so.2.9.0" to ""
[199.159s] -- Installing: /home/moveit/install/moveit_core/lib/libmoveit_robot_trajectory.so
[199.160s] -- Installing: /home/moveit/install/moveit_core/lib/libmoveit_smoothing_base.so.2.9.0
[199.160s] -- Set runtime path of "/home/moveit/install/moveit_core/lib/libmoveit_smoothing_base.so.2.9.0" to ""
[199.160s] -- Installing: /home/moveit/install/moveit_core/lib/libmoveit_smoothing_base.so
[199.160s] -- Installing: /home/moveit/install/moveit_core/lib/libmoveit_test_utils.so.2.9.0
[199.162s] -- Set runtime path of "/home/moveit/install/moveit_core/lib/libmoveit_test_utils.so.2.9.0" to ""
[199.162s] -- Installing: /home/moveit/install/moveit_core/lib/libmoveit_test_utils.so
[199.162s] -- Installing: /home/moveit/install/moveit_core/lib/libmoveit_trajectory_processing.so.2.9.0
[199.163s] -- Set runtime path of "/home/moveit/install/moveit_core/lib/libmoveit_trajectory_processing.so.2.9.0" to ""
[199.163s] -- Installing: /home/moveit/install/moveit_core/lib/libmoveit_trajectory_processing.so
[199.163s] -- Installing: /home/moveit/install/moveit_core/lib/libmoveit_transforms.so.2.9.0
[199.163s] -- Set runtime path of "/home/moveit/install/moveit_core/lib/libmoveit_transforms.so.2.9.0" to ""
[199.163s] -- Installing: /home/moveit/install/moveit_core/lib/libmoveit_transforms.so
[199.163s] -- Installing: /home/moveit/install/moveit_core/lib/libmoveit_utils.so.2.9.0
[199.164s] -- Set runtime path of "/home/moveit/install/moveit_core/lib/libmoveit_utils.so.2.9.0" to ""
[199.164s] -- Installing: /home/moveit/install/moveit_core/lib/libmoveit_utils.so
[199.166s] -- Installing: /home/moveit/install/moveit_core/share/moveit_core/environment/library_path.sh
[199.167s] -- Installing: /home/moveit/install/moveit_core/share/moveit_core/environment/library_path.dsv
[199.167s] -- Installing: /home/moveit/install/moveit_core/share/moveit_core/collision_detector_fcl_description.xml
[199.167s] -- Installing: /home/moveit/install/moveit_core/share/moveit_core/collision_detector_bullet_description.xml
[199.167s] -- Installing: /home/moveit/install/moveit_core/share/moveit_core/filter_plugin_butterworth.xml
[199.168s] -- Installing: /home/moveit/install/moveit_core/share/ament_index/resource_index/package_run_dependencies/moveit_core
[199.168s] -- Installing: /home/moveit/install/moveit_core/share/ament_index/resource_index/parent_prefix_path/moveit_core
[199.171s] -- Installing: /home/moveit/install/moveit_core/share/moveit_core/environment/ament_prefix_path.sh
[199.171s] -- Installing: /home/moveit/install/moveit_core/share/moveit_core/environment/ament_prefix_path.dsv
[199.171s] -- Installing: /home/moveit/install/moveit_core/share/moveit_core/environment/path.sh
[199.172s] -- Installing: /home/moveit/install/moveit_core/share/moveit_core/environment/path.dsv
[199.172s] -- Installing: /home/moveit/install/moveit_core/share/moveit_core/local_setup.bash
[199.172s] -- Installing: /home/moveit/install/moveit_core/share/moveit_core/local_setup.sh
[199.172s] -- Installing: /home/moveit/install/moveit_core/share/moveit_core/local_setup.zsh
[199.172s] -- Installing: /home/moveit/install/moveit_core/share/moveit_core/local_setup.dsv
[199.173s] -- Installing: /home/moveit/install/moveit_core/share/moveit_core/package.dsv
[199.173s] -- Installing: /home/moveit/install/moveit_core/share/ament_index/resource_index/packages/moveit_core
[199.173s] -- Installing: /home/moveit/install/moveit_core/share/ament_index/resource_index/moveit_core__pluginlib__plugin/moveit_core
[199.174s] -- Installing: /home/moveit/install/moveit_core/share/moveit_core/cmake/moveit_coreTargetsExport.cmake
[199.174s] -- Installing: /home/moveit/install/moveit_core/share/moveit_core/cmake/moveit_coreTargetsExport-release.cmake
[199.174s] -- Installing: /home/moveit/install/moveit_core/share/moveit_core/cmake/ConfigExtras.cmake
[199.174s] -- Installing: /home/moveit/install/moveit_core/share/moveit_core/cmake/ament_cmake_export_targets-extras.cmake
[199.175s] -- Installing: /home/moveit/install/moveit_core/share/moveit_core/cmake/ament_cmake_export_dependencies-extras.cmake
[199.175s] -- Installing: /home/moveit/install/moveit_core/share/moveit_core/cmake/moveit_coreConfig.cmake
[199.175s] -- Installing: /home/moveit/install/moveit_core/share/moveit_core/cmake/moveit_coreConfig-version.cmake
[199.175s] -- Installing: /home/moveit/install/moveit_core/share/moveit_core/package.xml
[199.180s] Invoked command in '/home/moveit/build/moveit_core' returned '0': AMENT_PREFIX_PATH=/home/moveit/install/moveit_resources_panda_moveit_config:/home/moveit/install/moveit_resources_pr2_description:/home/moveit/install/moveit_resources_panda_description:/home/moveit/install/moveit_msgs:/home/moveit/install/moveit_common:${AMENT_PREFIX_PATH} CMAKE_PREFIX_PATH=/home/moveit/install/moveit_resources_panda_moveit_config:/home/moveit/install/moveit_resources_pr2_description:/home/moveit/install/moveit_resources_panda_description:/home/moveit/install/moveit_msgs:/home/moveit/install/moveit_common:/opt/ros/humble LD_LIBRARY_PATH=/home/moveit/install/moveit_msgs/lib:${LD_LIBRARY_PATH} PYTHONPATH=/home/moveit/install/moveit_msgs/local/lib/python3.10/dist-packages:${PYTHONPATH} /usr/bin/cmake --install /home/moveit/build/moveit_core
