running egg_info
creating ../../build/antworker_description/antworker_description.egg-info
writing ../../build/antworker_description/antworker_description.egg-info/PKG-INFO
writing dependency_links to ../../build/antworker_description/antworker_description.egg-info/dependency_links.txt
writing entry points to ../../build/antworker_description/antworker_description.egg-info/entry_points.txt
writing requirements to ../../build/antworker_description/antworker_description.egg-info/requires.txt
writing top-level names to ../../build/antworker_description/antworker_description.egg-info/top_level.txt
writing manifest file '../../build/antworker_description/antworker_description.egg-info/SOURCES.txt'
reading manifest file '../../build/antworker_description/antworker_description.egg-info/SOURCES.txt'
writing manifest file '../../build/antworker_description/antworker_description.egg-info/SOURCES.txt'
running build
running build_py
creating /home/humble_ws/build/antworker_description/build
creating /home/humble_ws/build/antworker_description/build/lib
creating /home/humble_ws/build/antworker_description/build/lib/description
copying description/__init__.py -> /home/humble_ws/build/antworker_description/build/lib/description
running install
running install_lib
creating /home/humble_ws/install/antworker_description/lib/python3.10/site-packages/description
copying /home/humble_ws/build/antworker_description/build/lib/description/__init__.py -> /home/humble_ws/install/antworker_description/lib/python3.10/site-packages/description
byte-compiling /home/humble_ws/install/antworker_description/lib/python3.10/site-packages/description/__init__.py to __init__.cpython-310.pyc
running install_data
creating /home/humble_ws/install/antworker_description/share/ament_index
creating /home/humble_ws/install/antworker_description/share/ament_index/resource_index
creating /home/humble_ws/install/antworker_description/share/ament_index/resource_index/packages
copying resource/antworker_description -> /home/humble_ws/install/antworker_description/share/ament_index/resource_index/packages
copying package.xml -> /home/humble_ws/install/antworker_description/share/antworker_description
creating /home/humble_ws/install/antworker_description/share/antworker_description/description
creating /home/humble_ws/install/antworker_description/share/antworker_description/description/combined
copying description/combined/worker_with_arm.urdf -> /home/humble_ws/install/antworker_description/share/antworker_description/description/combined
creating /home/humble_ws/install/antworker_description/share/antworker_description/description/arm
creating /home/humble_ws/install/antworker_description/share/antworker_description/description/arm/urdf
copying description/arm/urdf/GEN3_6DOF_VISION_URDF_ARM_V01.urdf -> /home/humble_ws/install/antworker_description/share/antworker_description/description/arm/urdf
creating /home/humble_ws/install/antworker_description/share/antworker_description/description/arm/meshes
copying description/arm/meshes/bracelet_with_vision_link.obj -> /home/humble_ws/install/antworker_description/share/antworker_description/description/arm/meshes
copying description/arm/meshes/bicep_link.STL -> /home/humble_ws/install/antworker_description/share/antworker_description/description/arm/meshes
copying description/arm/meshes/spherical_wrist_2_link.STL -> /home/humble_ws/install/antworker_description/share/antworker_description/description/arm/meshes
copying description/arm/meshes/bracelet_no_vision_link.obj -> /home/humble_ws/install/antworker_description/share/antworker_description/description/arm/meshes
copying description/arm/meshes/bracelet_with_vision_link.STL -> /home/humble_ws/install/antworker_description/share/antworker_description/description/arm/meshes
copying description/arm/meshes/base_link.obj -> /home/humble_ws/install/antworker_description/share/antworker_description/description/arm/meshes
copying description/arm/meshes/shoulder_link.obj -> /home/humble_ws/install/antworker_description/share/antworker_description/description/arm/meshes
copying description/arm/meshes/forearm_link.STL -> /home/humble_ws/install/antworker_description/share/antworker_description/description/arm/meshes
copying description/arm/meshes/spherical_wrist_2_link.obj -> /home/humble_ws/install/antworker_description/share/antworker_description/description/arm/meshes
copying description/arm/meshes/spherical_wrist_1_link.obj -> /home/humble_ws/install/antworker_description/share/antworker_description/description/arm/meshes
copying description/arm/meshes/forearm_link.obj -> /home/humble_ws/install/antworker_description/share/antworker_description/description/arm/meshes
copying description/arm/meshes/bicep_link.obj -> /home/humble_ws/install/antworker_description/share/antworker_description/description/arm/meshes
copying description/arm/meshes/shoulder_link.STL -> /home/humble_ws/install/antworker_description/share/antworker_description/description/arm/meshes
copying description/arm/meshes/bracelet_no_vision_link.STL -> /home/humble_ws/install/antworker_description/share/antworker_description/description/arm/meshes
copying description/arm/meshes/spherical_wrist_1_link.STL -> /home/humble_ws/install/antworker_description/share/antworker_description/description/arm/meshes
copying description/arm/meshes/base_link.STL -> /home/humble_ws/install/antworker_description/share/antworker_description/description/arm/meshes
creating /home/humble_ws/install/antworker_description/share/antworker_description/description/base
creating /home/humble_ws/install/antworker_description/share/antworker_description/description/base/meshes
copying description/base/meshes/body.stl -> /home/humble_ws/install/antworker_description/share/antworker_description/description/base/meshes
copying description/base/meshes/antworker_chassis_collision.stl -> /home/humble_ws/install/antworker_description/share/antworker_description/description/base/meshes
copying description/base/meshes/wheel_b.dae -> /home/humble_ws/install/antworker_description/share/antworker_description/description/base/meshes
copying description/base/meshes/antworker_chassis.dae -> /home/humble_ws/install/antworker_description/share/antworker_description/description/base/meshes
copying description/base/meshes/worker_chassis.stl -> /home/humble_ws/install/antworker_description/share/antworker_description/description/base/meshes
copying description/base/meshes/wheel_a.dae -> /home/humble_ws/install/antworker_description/share/antworker_description/description/base/meshes
running install_egg_info
Copying ../../build/antworker_description/antworker_description.egg-info to /home/humble_ws/install/antworker_description/lib/python3.10/site-packages/antworker_description-0.0.0-py3.10.egg-info
running install_scripts
writing list of installed files to '/home/humble_ws/build/antworker_description/install.log'
