running egg_info
creating ../../build/realsense_bringup/realsense_bringup.egg-info
writing ../../build/realsense_bringup/realsense_bringup.egg-info/PKG-INFO
writing dependency_links to ../../build/realsense_bringup/realsense_bringup.egg-info/dependency_links.txt
writing entry points to ../../build/realsense_bringup/realsense_bringup.egg-info/entry_points.txt
writing requirements to ../../build/realsense_bringup/realsense_bringup.egg-info/requires.txt
writing top-level names to ../../build/realsense_bringup/realsense_bringup.egg-info/top_level.txt
writing manifest file '../../build/realsense_bringup/realsense_bringup.egg-info/SOURCES.txt'
reading manifest file '../../build/realsense_bringup/realsense_bringup.egg-info/SOURCES.txt'
writing manifest file '../../build/realsense_bringup/realsense_bringup.egg-info/SOURCES.txt'
running build
running build_py
creating /home/humble_ws/build/realsense_bringup/build
creating /home/humble_ws/build/realsense_bringup/build/lib
creating /home/humble_ws/build/realsense_bringup/build/lib/realsense_bringup
copying realsense_bringup/tf_filter.py -> /home/humble_ws/build/realsense_bringup/build/lib/realsense_bringup
copying realsense_bringup/__init__.py -> /home/humble_ws/build/realsense_bringup/build/lib/realsense_bringup
running install
running install_lib
creating /home/humble_ws/install/realsense_bringup/lib/python3.10/site-packages/realsense_bringup
copying /home/humble_ws/build/realsense_bringup/build/lib/realsense_bringup/tf_filter.py -> /home/humble_ws/install/realsense_bringup/lib/python3.10/site-packages/realsense_bringup
copying /home/humble_ws/build/realsense_bringup/build/lib/realsense_bringup/__init__.py -> /home/humble_ws/install/realsense_bringup/lib/python3.10/site-packages/realsense_bringup
byte-compiling /home/humble_ws/install/realsense_bringup/lib/python3.10/site-packages/realsense_bringup/tf_filter.py to tf_filter.cpython-310.pyc
byte-compiling /home/humble_ws/install/realsense_bringup/lib/python3.10/site-packages/realsense_bringup/__init__.py to __init__.cpython-310.pyc
running install_data
creating /home/humble_ws/install/realsense_bringup/share/ament_index
creating /home/humble_ws/install/realsense_bringup/share/ament_index/resource_index
creating /home/humble_ws/install/realsense_bringup/share/ament_index/resource_index/packages
copying resource/realsense_bringup -> /home/humble_ws/install/realsense_bringup/share/ament_index/resource_index/packages
copying package.xml -> /home/humble_ws/install/realsense_bringup/share/realsense_bringup
creating /home/humble_ws/install/realsense_bringup/share/realsense_bringup/launch
copying launch/realsense_bringup.launch.py -> /home/humble_ws/install/realsense_bringup/share/realsense_bringup/launch
creating /home/humble_ws/install/realsense_bringup/share/realsense_bringup/config
copying config/realsense_viewer.rviz -> /home/humble_ws/install/realsense_bringup/share/realsense_bringup/config
copying config/realsense_domain_bridge.yaml -> /home/humble_ws/install/realsense_bringup/share/realsense_bringup/config
running install_egg_info
Copying ../../build/realsense_bringup/realsense_bringup.egg-info to /home/humble_ws/install/realsense_bringup/lib/python3.10/site-packages/realsense_bringup-0.0.0-py3.10.egg-info
running install_scripts
Installing tf_filter script to /home/humble_ws/install/realsense_bringup/lib/realsense_bringup
writing list of installed files to '/home/humble_ws/build/realsense_bringup/install.log'
