[0.019s] Invoking command in '/home/moveit/build/moveit_planners_ompl': AMENT_PREFIX_PATH=/home/moveit/install/moveit_ros_planning:/home/moveit/install/moveit_ros_occupancy_map_monitor:/home/moveit/install/moveit_core:/home/moveit/install/moveit_resources_panda_moveit_config:/home/moveit/install/moveit_resources_fanuc_moveit_config:/home/moveit/install/moveit_resources_pr2_description:/home/moveit/install/moveit_resources_panda_description:/home/moveit/install/moveit_resources_fanuc_description:/home/moveit/install/moveit_msgs:/home/moveit/install/moveit_common:${AMENT_PREFIX_PATH} CMAKE_PREFIX_PATH=/home/moveit/install/moveit_ros_planning:/home/moveit/install/moveit_ros_occupancy_map_monitor:/home/moveit/install/moveit_core:/home/moveit/install/moveit_resources_panda_moveit_config:/home/moveit/install/moveit_resources_fanuc_moveit_config:/home/moveit/install/moveit_resources_pr2_description:/home/moveit/install/moveit_resources_panda_description:/home/moveit/install/moveit_resources_fanuc_description:/home/moveit/install/moveit_msgs:/home/moveit/install/moveit_common:/opt/ros/humble LD_LIBRARY_PATH=/home/moveit/install/moveit_ros_planning/lib:/home/moveit/install/moveit_ros_occupancy_map_monitor/lib:/home/moveit/install/moveit_core/lib:/home/moveit/install/moveit_msgs/lib:${LD_LIBRARY_PATH} PATH=/home/moveit/install/moveit_core/bin:${PATH} PYTHONPATH=/home/moveit/install/moveit_msgs/local/lib/python3.10/dist-packages:${PYTHONPATH} /usr/bin/cmake --build /home/moveit/build/moveit_planners_ompl -- -j16 -l16
[0.076s] [ 10%] Built target gtest
[0.076s] [ 10%] Built target gtest_main
[0.133s] [ 60%] Built target moveit_ompl_interface
[0.165s] [ 70%] Built target test_state_space
[0.166s] [ 70%] Built target test_threadsafe_state_storage
[0.166s] [ 75%] Built target test_constrained_planning_state_space
[0.166s] [ 80%] Built target moveit_ompl_planner_plugin
[0.166s] [ 85%] Built target test_state_validity_checker
[0.167s] [ 90%] Built target test_planning_context_manager
[0.168s] [ 95%] Built target test_constrained_state_validity_checker
[0.169s] [100%] Built target moveit_generate_state_database
[0.179s] Invoked command in '/home/moveit/build/moveit_planners_ompl' returned '0': AMENT_PREFIX_PATH=/home/moveit/install/moveit_ros_planning:/home/moveit/install/moveit_ros_occupancy_map_monitor:/home/moveit/install/moveit_core:/home/moveit/install/moveit_resources_panda_moveit_config:/home/moveit/install/moveit_resources_fanuc_moveit_config:/home/moveit/install/moveit_resources_pr2_description:/home/moveit/install/moveit_resources_panda_description:/home/moveit/install/moveit_resources_fanuc_description:/home/moveit/install/moveit_msgs:/home/moveit/install/moveit_common:${AMENT_PREFIX_PATH} CMAKE_PREFIX_PATH=/home/moveit/install/moveit_ros_planning:/home/moveit/install/moveit_ros_occupancy_map_monitor:/home/moveit/install/moveit_core:/home/moveit/install/moveit_resources_panda_moveit_config:/home/moveit/install/moveit_resources_fanuc_moveit_config:/home/moveit/install/moveit_resources_pr2_description:/home/moveit/install/moveit_resources_panda_description:/home/moveit/install/moveit_resources_fanuc_description:/home/moveit/install/moveit_msgs:/home/moveit/install/moveit_common:/opt/ros/humble LD_LIBRARY_PATH=/home/moveit/install/moveit_ros_planning/lib:/home/moveit/install/moveit_ros_occupancy_map_monitor/lib:/home/moveit/install/moveit_core/lib:/home/moveit/install/moveit_msgs/lib:${LD_LIBRARY_PATH} PATH=/home/moveit/install/moveit_core/bin:${PATH} PYTHONPATH=/home/moveit/install/moveit_msgs/local/lib/python3.10/dist-packages:${PYTHONPATH} /usr/bin/cmake --build /home/moveit/build/moveit_planners_ompl -- -j16 -l16
[0.209s] Invoking command in '/home/moveit/build/moveit_planners_ompl': AMENT_PREFIX_PATH=/home/moveit/install/moveit_ros_planning:/home/moveit/install/moveit_ros_occupancy_map_monitor:/home/moveit/install/moveit_core:/home/moveit/install/moveit_resources_panda_moveit_config:/home/moveit/install/moveit_resources_fanuc_moveit_config:/home/moveit/install/moveit_resources_pr2_description:/home/moveit/install/moveit_resources_panda_description:/home/moveit/install/moveit_resources_fanuc_description:/home/moveit/install/moveit_msgs:/home/moveit/install/moveit_common:${AMENT_PREFIX_PATH} CMAKE_PREFIX_PATH=/home/moveit/install/moveit_ros_planning:/home/moveit/install/moveit_ros_occupancy_map_monitor:/home/moveit/install/moveit_core:/home/moveit/install/moveit_resources_panda_moveit_config:/home/moveit/install/moveit_resources_fanuc_moveit_config:/home/moveit/install/moveit_resources_pr2_description:/home/moveit/install/moveit_resources_panda_description:/home/moveit/install/moveit_resources_fanuc_description:/home/moveit/install/moveit_msgs:/home/moveit/install/moveit_common:/opt/ros/humble LD_LIBRARY_PATH=/home/moveit/install/moveit_ros_planning/lib:/home/moveit/install/moveit_ros_occupancy_map_monitor/lib:/home/moveit/install/moveit_core/lib:/home/moveit/install/moveit_msgs/lib:${LD_LIBRARY_PATH} PATH=/home/moveit/install/moveit_core/bin:${PATH} PYTHONPATH=/home/moveit/install/moveit_msgs/local/lib/python3.10/dist-packages:${PYTHONPATH} /usr/bin/cmake --install /home/moveit/build/moveit_planners_ompl
[0.217s] -- Install configuration: "Release"
[0.220s] -- Up-to-date: /home/moveit/install/moveit_planners_ompl/lib/moveit_planners_ompl/generate_state_database
[0.220s] -- Up-to-date: /home/moveit/install/moveit_planners_ompl/include/moveit_planners
[0.220s] -- Up-to-date: /home/moveit/install/moveit_planners_ompl/include/moveit_planners/moveit
[0.220s] -- Up-to-date: /home/moveit/install/moveit_planners_ompl/include/moveit_planners/moveit/ompl_interface
[0.220s] -- Up-to-date: /home/moveit/install/moveit_planners_ompl/include/moveit_planners/moveit/ompl_interface/detail
[0.220s] -- Up-to-date: /home/moveit/install/moveit_planners_ompl/include/moveit_planners/moveit/ompl_interface/detail/state_validity_checker.h
[0.220s] -- Up-to-date: /home/moveit/install/moveit_planners_ompl/include/moveit_planners/moveit/ompl_interface/detail/constraints_library.h
[0.221s] -- Up-to-date: /home/moveit/install/moveit_planners_ompl/include/moveit_planners/moveit/ompl_interface/detail/constrained_goal_sampler.h
[0.221s] -- Up-to-date: /home/moveit/install/moveit_planners_ompl/include/moveit_planners/moveit/ompl_interface/detail/goal_union.h
[0.221s] -- Up-to-date: /home/moveit/install/moveit_planners_ompl/include/moveit_planners/moveit/ompl_interface/detail/projection_evaluators.h
[0.221s] -- Up-to-date: /home/moveit/install/moveit_planners_ompl/include/moveit_planners/moveit/ompl_interface/detail/ompl_constraints.h
[0.221s] -- Up-to-date: /home/moveit/install/moveit_planners_ompl/include/moveit_planners/moveit/ompl_interface/detail/constraint_approximations.h
[0.221s] -- Up-to-date: /home/moveit/install/moveit_planners_ompl/include/moveit_planners/moveit/ompl_interface/detail/constrained_sampler.h
[0.221s] -- Up-to-date: /home/moveit/install/moveit_planners_ompl/include/moveit_planners/moveit/ompl_interface/detail/threadsafe_state_storage.h
[0.221s] -- Up-to-date: /home/moveit/install/moveit_planners_ompl/include/moveit_planners/moveit/ompl_interface/parameterization
[0.221s] -- Up-to-date: /home/moveit/install/moveit_planners_ompl/include/moveit_planners/moveit/ompl_interface/parameterization/model_based_state_space_factory.h
[0.221s] -- Up-to-date: /home/moveit/install/moveit_planners_ompl/include/moveit_planners/moveit/ompl_interface/parameterization/joint_space
[0.221s] -- Up-to-date: /home/moveit/install/moveit_planners_ompl/include/moveit_planners/moveit/ompl_interface/parameterization/joint_space/constrained_planning_state_space.h
[0.221s] -- Up-to-date: /home/moveit/install/moveit_planners_ompl/include/moveit_planners/moveit/ompl_interface/parameterization/joint_space/joint_model_state_space_factory.h
[0.221s] -- Up-to-date: /home/moveit/install/moveit_planners_ompl/include/moveit_planners/moveit/ompl_interface/parameterization/joint_space/joint_model_state_space.h
[0.221s] -- Up-to-date: /home/moveit/install/moveit_planners_ompl/include/moveit_planners/moveit/ompl_interface/parameterization/joint_space/constrained_planning_state_space_factory.h
[0.221s] -- Up-to-date: /home/moveit/install/moveit_planners_ompl/include/moveit_planners/moveit/ompl_interface/parameterization/model_based_state_space.h
[0.221s] -- Up-to-date: /home/moveit/install/moveit_planners_ompl/include/moveit_planners/moveit/ompl_interface/parameterization/work_space
[0.221s] -- Up-to-date: /home/moveit/install/moveit_planners_ompl/include/moveit_planners/moveit/ompl_interface/parameterization/work_space/pose_model_state_space_factory.h
[0.221s] -- Up-to-date: /home/moveit/install/moveit_planners_ompl/include/moveit_planners/moveit/ompl_interface/parameterization/work_space/pose_model_state_space.h
[0.221s] -- Up-to-date: /home/moveit/install/moveit_planners_ompl/include/moveit_planners/moveit/ompl_interface/ompl_interface.h
[0.222s] -- Up-to-date: /home/moveit/install/moveit_planners_ompl/include/moveit_planners/moveit/ompl_interface/planning_context_manager.h
[0.222s] -- Up-to-date: /home/moveit/install/moveit_planners_ompl/include/moveit_planners/moveit/ompl_interface/model_based_planning_context.h
[0.222s] -- Up-to-date: /home/moveit/install/moveit_planners_ompl/lib/libmoveit_ompl_interface.so.2.9.0
[0.222s] -- Up-to-date: /home/moveit/install/moveit_planners_ompl/lib/libmoveit_ompl_interface.so
[0.223s] -- Up-to-date: /home/moveit/install/moveit_planners_ompl/lib/libmoveit_ompl_planner_plugin.so.2.9.0
[0.223s] -- Up-to-date: /home/moveit/install/moveit_planners_ompl/lib/libmoveit_ompl_planner_plugin.so
[0.223s] -- Up-to-date: /home/moveit/install/moveit_planners_ompl/share/moveit_planners_ompl/environment/library_path.sh
[0.223s] -- Up-to-date: /home/moveit/install/moveit_planners_ompl/share/moveit_planners_ompl/environment/library_path.dsv
[0.223s] -- Up-to-date: /home/moveit/install/moveit_planners_ompl/share/moveit_planners_ompl/ompl_interface_plugin_description.xml
[0.223s] -- Up-to-date: /home/moveit/install/moveit_planners_ompl/share/ament_index/resource_index/package_run_dependencies/moveit_planners_ompl
[0.223s] -- Up-to-date: /home/moveit/install/moveit_planners_ompl/share/ament_index/resource_index/parent_prefix_path/moveit_planners_ompl
[0.223s] -- Up-to-date: /home/moveit/install/moveit_planners_ompl/share/moveit_planners_ompl/environment/ament_prefix_path.sh
[0.224s] -- Up-to-date: /home/moveit/install/moveit_planners_ompl/share/moveit_planners_ompl/environment/ament_prefix_path.dsv
[0.224s] -- Up-to-date: /home/moveit/install/moveit_planners_ompl/share/moveit_planners_ompl/environment/path.sh
[0.224s] -- Up-to-date: /home/moveit/install/moveit_planners_ompl/share/moveit_planners_ompl/environment/path.dsv
[0.224s] -- Up-to-date: /home/moveit/install/moveit_planners_ompl/share/moveit_planners_ompl/local_setup.bash
[0.224s] -- Up-to-date: /home/moveit/install/moveit_planners_ompl/share/moveit_planners_ompl/local_setup.sh
[0.224s] -- Up-to-date: /home/moveit/install/moveit_planners_ompl/share/moveit_planners_ompl/local_setup.zsh
[0.224s] -- Up-to-date: /home/moveit/install/moveit_planners_ompl/share/moveit_planners_ompl/local_setup.dsv
[0.224s] -- Installing: /home/moveit/install/moveit_planners_ompl/share/moveit_planners_ompl/package.dsv
[0.224s] -- Up-to-date: /home/moveit/install/moveit_planners_ompl/share/ament_index/resource_index/packages/moveit_planners_ompl
[0.224s] -- Up-to-date: /home/moveit/install/moveit_planners_ompl/share/ament_index/resource_index/moveit_core__pluginlib__plugin/moveit_planners_ompl
[0.225s] -- Up-to-date: /home/moveit/install/moveit_planners_ompl/share/moveit_planners_ompl/cmake/moveit_planners_omplTargetsExport.cmake
[0.225s] -- Up-to-date: /home/moveit/install/moveit_planners_ompl/share/moveit_planners_ompl/cmake/moveit_planners_omplTargetsExport-release.cmake
[0.225s] -- Up-to-date: /home/moveit/install/moveit_planners_ompl/share/moveit_planners_ompl/cmake/ament_cmake_export_targets-extras.cmake
[0.225s] -- Up-to-date: /home/moveit/install/moveit_planners_ompl/share/moveit_planners_ompl/cmake/ament_cmake_export_dependencies-extras.cmake
[0.225s] -- Up-to-date: /home/moveit/install/moveit_planners_ompl/share/moveit_planners_ompl/cmake/moveit_planners_omplConfig.cmake
[0.225s] -- Up-to-date: /home/moveit/install/moveit_planners_ompl/share/moveit_planners_ompl/cmake/moveit_planners_omplConfig-version.cmake
[0.225s] -- Up-to-date: /home/moveit/install/moveit_planners_ompl/share/moveit_planners_ompl/package.xml
[0.227s] Invoked command in '/home/moveit/build/moveit_planners_ompl' returned '0': AMENT_PREFIX_PATH=/home/moveit/install/moveit_ros_planning:/home/moveit/install/moveit_ros_occupancy_map_monitor:/home/moveit/install/moveit_core:/home/moveit/install/moveit_resources_panda_moveit_config:/home/moveit/install/moveit_resources_fanuc_moveit_config:/home/moveit/install/moveit_resources_pr2_description:/home/moveit/install/moveit_resources_panda_description:/home/moveit/install/moveit_resources_fanuc_description:/home/moveit/install/moveit_msgs:/home/moveit/install/moveit_common:${AMENT_PREFIX_PATH} CMAKE_PREFIX_PATH=/home/moveit/install/moveit_ros_planning:/home/moveit/install/moveit_ros_occupancy_map_monitor:/home/moveit/install/moveit_core:/home/moveit/install/moveit_resources_panda_moveit_config:/home/moveit/install/moveit_resources_fanuc_moveit_config:/home/moveit/install/moveit_resources_pr2_description:/home/moveit/install/moveit_resources_panda_description:/home/moveit/install/moveit_resources_fanuc_description:/home/moveit/install/moveit_msgs:/home/moveit/install/moveit_common:/opt/ros/humble LD_LIBRARY_PATH=/home/moveit/install/moveit_ros_planning/lib:/home/moveit/install/moveit_ros_occupancy_map_monitor/lib:/home/moveit/install/moveit_core/lib:/home/moveit/install/moveit_msgs/lib:${LD_LIBRARY_PATH} PATH=/home/moveit/install/moveit_core/bin:${PATH} PYTHONPATH=/home/moveit/install/moveit_msgs/local/lib/python3.10/dist-packages:${PYTHONPATH} /usr/bin/cmake --install /home/moveit/build/moveit_planners_ompl
