[0.782s] Invoking command in '/home/humble_ws/src/realsense_bringup': PYTHONPATH=/home/humble_ws/build/realsense_bringup/prefix_override:/home/humble_ws/install/realsense_bringup/lib/python3.10/site-packages:${PYTHONPATH} /usr/bin/python3 -W ignore:setup.py install is deprecated setup.py egg_info --egg-base ../../build/realsense_bringup build --build-base /home/humble_ws/build/realsense_bringup/build install --record /home/humble_ws/build/realsense_bringup/install.log --single-version-externally-managed install_data
[0.935s] running egg_info
[0.936s] writing ../../build/realsense_bringup/realsense_bringup.egg-info/PKG-INFO
[0.936s] writing dependency_links to ../../build/realsense_bringup/realsense_bringup.egg-info/dependency_links.txt
[0.936s] writing entry points to ../../build/realsense_bringup/realsense_bringup.egg-info/entry_points.txt
[0.937s] writing requirements to ../../build/realsense_bringup/realsense_bringup.egg-info/requires.txt
[0.937s] writing top-level names to ../../build/realsense_bringup/realsense_bringup.egg-info/top_level.txt
[0.938s] reading manifest file '../../build/realsense_bringup/realsense_bringup.egg-info/SOURCES.txt'
[0.938s] writing manifest file '../../build/realsense_bringup/realsense_bringup.egg-info/SOURCES.txt'
[0.938s] running build
[0.938s] running build_py
[0.939s] running install
[0.939s] running install_lib
[0.940s] running install_data
[0.940s] running install_egg_info
[0.942s] removing '/home/humble_ws/install/realsense_bringup/lib/python3.10/site-packages/realsense_bringup-0.0.0-py3.10.egg-info' (and everything under it)
[0.942s] Copying ../../build/realsense_bringup/realsense_bringup.egg-info to /home/humble_ws/install/realsense_bringup/lib/python3.10/site-packages/realsense_bringup-0.0.0-py3.10.egg-info
[0.943s] running install_scripts
[0.959s] Installing tf_filter script to /home/humble_ws/install/realsense_bringup/lib/realsense_bringup
[0.960s] writing list of installed files to '/home/humble_ws/build/realsense_bringup/install.log'
[1.005s] Invoked command in '/home/humble_ws/src/realsense_bringup' returned '0': PYTHONPATH=/home/humble_ws/build/realsense_bringup/prefix_override:/home/humble_ws/install/realsense_bringup/lib/python3.10/site-packages:${PYTHONPATH} /usr/bin/python3 -W ignore:setup.py install is deprecated setup.py egg_info --egg-base ../../build/realsense_bringup build --build-base /home/humble_ws/build/realsense_bringup/build install --record /home/humble_ws/build/realsense_bringup/install.log --single-version-externally-managed install_data
