[0.012s] Invoking command in '/home/moveit/build/moveit_simple_controller_manager': AMENT_PREFIX_PATH=/home/moveit/install/moveit_core:/home/moveit/install/moveit_msgs:/home/moveit/install/moveit_common:${AMENT_PREFIX_PATH} CMAKE_PREFIX_PATH=/home/moveit/install/moveit_core:/home/moveit/install/moveit_msgs:/home/moveit/install/moveit_common:/opt/ros/humble LD_LIBRARY_PATH=/home/moveit/install/moveit_core/lib:/home/moveit/install/moveit_msgs/lib:${LD_LIBRARY_PATH} PATH=/home/moveit/install/moveit_core/bin:${PATH} PYTHONPATH=/home/moveit/install/moveit_msgs/local/lib/python3.10/dist-packages:${PYTHONPATH} /usr/bin/cmake --build /home/moveit/build/moveit_simple_controller_manager -- -j16 -l16
[0.075s] [100%] Built target moveit_simple_controller_manager
[0.084s] Invoked command in '/home/moveit/build/moveit_simple_controller_manager' returned '0': AMENT_PREFIX_PATH=/home/moveit/install/moveit_core:/home/moveit/install/moveit_msgs:/home/moveit/install/moveit_common:${AMENT_PREFIX_PATH} CMAKE_PREFIX_PATH=/home/moveit/install/moveit_core:/home/moveit/install/moveit_msgs:/home/moveit/install/moveit_common:/opt/ros/humble LD_LIBRARY_PATH=/home/moveit/install/moveit_core/lib:/home/moveit/install/moveit_msgs/lib:${LD_LIBRARY_PATH} PATH=/home/moveit/install/moveit_core/bin:${PATH} PYTHONPATH=/home/moveit/install/moveit_msgs/local/lib/python3.10/dist-packages:${PYTHONPATH} /usr/bin/cmake --build /home/moveit/build/moveit_simple_controller_manager -- -j16 -l16
[0.111s] Invoking command in '/home/moveit/build/moveit_simple_controller_manager': AMENT_PREFIX_PATH=/home/moveit/install/moveit_core:/home/moveit/install/moveit_msgs:/home/moveit/install/moveit_common:${AMENT_PREFIX_PATH} CMAKE_PREFIX_PATH=/home/moveit/install/moveit_core:/home/moveit/install/moveit_msgs:/home/moveit/install/moveit_common:/opt/ros/humble LD_LIBRARY_PATH=/home/moveit/install/moveit_core/lib:/home/moveit/install/moveit_msgs/lib:${LD_LIBRARY_PATH} PATH=/home/moveit/install/moveit_core/bin:${PATH} PYTHONPATH=/home/moveit/install/moveit_msgs/local/lib/python3.10/dist-packages:${PYTHONPATH} /usr/bin/cmake --install /home/moveit/build/moveit_simple_controller_manager
[0.117s] -- Install configuration: "Release"
[0.122s] -- Up-to-date: /home/moveit/install/moveit_simple_controller_manager/lib/libmoveit_simple_controller_manager.so.2.9.0
[0.122s] -- Up-to-date: /home/moveit/install/moveit_simple_controller_manager/lib/libmoveit_simple_controller_manager.so
[0.122s] -- Up-to-date: /home/moveit/install/moveit_simple_controller_manager/include/moveit_simple_controller_manager
[0.122s] -- Up-to-date: /home/moveit/install/moveit_simple_controller_manager/include/moveit_simple_controller_manager/moveit_simple_controller_manager
[0.123s] -- Up-to-date: /home/moveit/install/moveit_simple_controller_manager/include/moveit_simple_controller_manager/moveit_simple_controller_manager/empty_controller_handle.h
[0.123s] -- Up-to-date: /home/moveit/install/moveit_simple_controller_manager/include/moveit_simple_controller_manager/moveit_simple_controller_manager/action_based_controller_handle.h
[0.123s] -- Up-to-date: /home/moveit/install/moveit_simple_controller_manager/include/moveit_simple_controller_manager/moveit_simple_controller_manager/gripper_controller_handle.h
[0.123s] -- Up-to-date: /home/moveit/install/moveit_simple_controller_manager/include/moveit_simple_controller_manager/moveit_simple_controller_manager/follow_joint_trajectory_controller_handle.h
[0.123s] -- Up-to-date: /home/moveit/install/moveit_simple_controller_manager/share/moveit_simple_controller_manager/environment/library_path.sh
[0.123s] -- Up-to-date: /home/moveit/install/moveit_simple_controller_manager/share/moveit_simple_controller_manager/environment/library_path.dsv
[0.123s] -- Up-to-date: /home/moveit/install/moveit_simple_controller_manager/share/moveit_simple_controller_manager/moveit_simple_controller_manager_plugin_description.xml
[0.123s] -- Up-to-date: /home/moveit/install/moveit_simple_controller_manager/share/ament_index/resource_index/package_run_dependencies/moveit_simple_controller_manager
[0.123s] -- Up-to-date: /home/moveit/install/moveit_simple_controller_manager/share/ament_index/resource_index/parent_prefix_path/moveit_simple_controller_manager
[0.123s] -- Up-to-date: /home/moveit/install/moveit_simple_controller_manager/share/moveit_simple_controller_manager/environment/ament_prefix_path.sh
[0.123s] -- Up-to-date: /home/moveit/install/moveit_simple_controller_manager/share/moveit_simple_controller_manager/environment/ament_prefix_path.dsv
[0.123s] -- Up-to-date: /home/moveit/install/moveit_simple_controller_manager/share/moveit_simple_controller_manager/environment/path.sh
[0.124s] -- Up-to-date: /home/moveit/install/moveit_simple_controller_manager/share/moveit_simple_controller_manager/environment/path.dsv
[0.124s] -- Up-to-date: /home/moveit/install/moveit_simple_controller_manager/share/moveit_simple_controller_manager/local_setup.bash
[0.124s] -- Up-to-date: /home/moveit/install/moveit_simple_controller_manager/share/moveit_simple_controller_manager/local_setup.sh
[0.124s] -- Up-to-date: /home/moveit/install/moveit_simple_controller_manager/share/moveit_simple_controller_manager/local_setup.zsh
[0.124s] -- Up-to-date: /home/moveit/install/moveit_simple_controller_manager/share/moveit_simple_controller_manager/local_setup.dsv
[0.124s] -- Installing: /home/moveit/install/moveit_simple_controller_manager/share/moveit_simple_controller_manager/package.dsv
[0.124s] -- Up-to-date: /home/moveit/install/moveit_simple_controller_manager/share/ament_index/resource_index/packages/moveit_simple_controller_manager
[0.124s] -- Up-to-date: /home/moveit/install/moveit_simple_controller_manager/share/ament_index/resource_index/moveit_core__pluginlib__plugin/moveit_simple_controller_manager
[0.125s] -- Up-to-date: /home/moveit/install/moveit_simple_controller_manager/share/moveit_simple_controller_manager/cmake/moveit_simple_controller_managerTargetsExport.cmake
[0.125s] -- Up-to-date: /home/moveit/install/moveit_simple_controller_manager/share/moveit_simple_controller_manager/cmake/moveit_simple_controller_managerTargetsExport-release.cmake
[0.125s] -- Up-to-date: /home/moveit/install/moveit_simple_controller_manager/share/moveit_simple_controller_manager/cmake/ConfigExtras.cmake
[0.125s] -- Up-to-date: /home/moveit/install/moveit_simple_controller_manager/share/moveit_simple_controller_manager/cmake/ament_cmake_export_targets-extras.cmake
[0.125s] -- Up-to-date: /home/moveit/install/moveit_simple_controller_manager/share/moveit_simple_controller_manager/cmake/ament_cmake_export_dependencies-extras.cmake
[0.125s] -- Up-to-date: /home/moveit/install/moveit_simple_controller_manager/share/moveit_simple_controller_manager/cmake/moveit_simple_controller_managerConfig.cmake
[0.125s] -- Up-to-date: /home/moveit/install/moveit_simple_controller_manager/share/moveit_simple_controller_manager/cmake/moveit_simple_controller_managerConfig-version.cmake
[0.125s] -- Up-to-date: /home/moveit/install/moveit_simple_controller_manager/share/moveit_simple_controller_manager/package.xml
[0.127s] Invoked command in '/home/moveit/build/moveit_simple_controller_manager' returned '0': AMENT_PREFIX_PATH=/home/moveit/install/moveit_core:/home/moveit/install/moveit_msgs:/home/moveit/install/moveit_common:${AMENT_PREFIX_PATH} CMAKE_PREFIX_PATH=/home/moveit/install/moveit_core:/home/moveit/install/moveit_msgs:/home/moveit/install/moveit_common:/opt/ros/humble LD_LIBRARY_PATH=/home/moveit/install/moveit_core/lib:/home/moveit/install/moveit_msgs/lib:${LD_LIBRARY_PATH} PATH=/home/moveit/install/moveit_core/bin:${PATH} PYTHONPATH=/home/moveit/install/moveit_msgs/local/lib/python3.10/dist-packages:${PYTHONPATH} /usr/bin/cmake --install /home/moveit/build/moveit_simple_controller_manager
