[0.021s] Invoking command in '/home/moveit/build/moveit_ros_planning': AMENT_PREFIX_PATH=/home/moveit/install/moveit_ros_occupancy_map_monitor:/home/moveit/install/moveit_core:/home/moveit/install/moveit_resources_panda_moveit_config:/home/moveit/install/moveit_resources_panda_description:/home/moveit/install/moveit_msgs:/home/moveit/install/moveit_common:${AMENT_PREFIX_PATH} CMAKE_PREFIX_PATH=/home/moveit/install/moveit_ros_occupancy_map_monitor:/home/moveit/install/moveit_core:/home/moveit/install/moveit_resources_panda_moveit_config:/home/moveit/install/moveit_resources_panda_description:/home/moveit/install/moveit_msgs:/home/moveit/install/moveit_common:/opt/ros/humble LD_LIBRARY_PATH=/home/moveit/install/moveit_ros_occupancy_map_monitor/lib:/home/moveit/install/moveit_core/lib:/home/moveit/install/moveit_msgs/lib:${LD_LIBRARY_PATH} PATH=/home/moveit/install/moveit_core/bin:${PATH} PYTHONPATH=/home/moveit/install/moveit_msgs/local/lib/python3.10/dist-packages:${PYTHONPATH} /usr/bin/cmake /home/moveit/src/moveit2/moveit_ros/planning -DCMAKE_BUILD_TYPE=Release -DCMAKE_INSTALL_PREFIX=/home/moveit/install/moveit_ros_planning
[0.077s] -- The CXX compiler identification is GNU 11.4.0
[0.083s] -- Detecting CXX compiler ABI info
[0.153s] -- Detecting CXX compiler ABI info - done
[0.158s] -- Check for working CXX compiler: /usr/bin/c++ - skipped
[0.158s] -- Detecting CXX compile features
[0.158s] -- Detecting CXX compile features - done
[0.159s] -- Found moveit_common: 2.9.0 (/home/moveit/install/moveit_common/share/moveit_common/cmake)
[0.164s] -- Found ament_cmake: 1.3.9 (/opt/ros/humble/share/ament_cmake/cmake)
[0.283s] -- Found Python3: /usr/bin/python3 (found version "3.10.12") found components: Interpreter 
[0.435s] -- Found libdw: /usr/lib/x86_64-linux-gnu/libdw.so  
[0.439s] -- Could NOT find libbfd (missing: LIBBFD_LIBRARY LIBBFD_INCLUDE_DIR) 
[0.439s] -- BACKWARD_HAS_UNWIND=1
[0.439s] -- BACKWARD_HAS_BACKTRACE=0
[0.439s] -- BACKWARD_HAS_BACKTRACE_SYMBOL=0
[0.439s] -- BACKWARD_HAS_DW=1
[0.439s] -- BACKWARD_HAS_BFD=0
[0.440s] -- Found Backward: /opt/ros/humble/share/backward_ros/cmake  
[0.448s] -- Found generate_parameter_library: 0.3.8 (/opt/ros/humble/share/generate_parameter_library/cmake)
[0.451s] -- Found parameter_traits: 0.3.8 (/opt/ros/humble/share/parameter_traits/cmake)
[0.506s] -- Found rosidl_generator_c: 3.1.5 (/opt/ros/humble/share/rosidl_generator_c/cmake)
[0.515s] -- Found rosidl_adapter: 3.1.5 (/opt/ros/humble/share/rosidl_adapter/cmake)
[0.526s] -- Found rosidl_generator_cpp: 3.1.5 (/opt/ros/humble/share/rosidl_generator_cpp/cmake)
[0.548s] -- Using all available rosidl_typesupport_c: rosidl_typesupport_fastrtps_c;rosidl_typesupport_introspection_c
[0.570s] -- Using all available rosidl_typesupport_cpp: rosidl_typesupport_fastrtps_cpp;rosidl_typesupport_introspection_cpp
[0.643s] -- Found rmw_implementation_cmake: 6.1.2 (/opt/ros/humble/share/rmw_implementation_cmake/cmake)
[0.647s] -- Found rmw_cyclonedds_cpp: 1.3.4 (/opt/ros/humble/share/rmw_cyclonedds_cpp/cmake)
[0.680s] -- Using RMW implementation 'rmw_cyclonedds_cpp' as default
[0.694s] -- Looking for C++ include pthread.h
[0.788s] -- Looking for C++ include pthread.h - found
[0.788s] -- Performing Test CMAKE_HAVE_LIBC_PTHREAD
[0.882s] -- Performing Test CMAKE_HAVE_LIBC_PTHREAD - Success
[0.883s] -- Found Threads: TRUE  
[1.042s] -- Found rclcpp_lifecycle: 16.0.9 (/opt/ros/humble/share/rclcpp_lifecycle/cmake)
[1.077s] -- Found moveit_msgs: 2.4.0 (/home/moveit/install/moveit_msgs/share/moveit_msgs/cmake)
[1.669s] -- Found pluginlib: 5.1.0 (/opt/ros/humble/share/pluginlib/cmake)
[1.708s] -- Found message_filters: 4.3.4 (/opt/ros/humble/share/message_filters/cmake)
[1.716s] -- Found srdfdom: 2.0.4 (/opt/ros/humble/share/srdfdom/cmake)
[1.737s] -- Found tf2: 0.25.6 (/opt/ros/humble/share/tf2/cmake)
[1.745s] -- Found tf2_geometry_msgs: 0.25.6 (/opt/ros/humble/share/tf2_geometry_msgs/cmake)
[1.759s] -- Found eigen3_cmake_module: 0.1.1 (/opt/ros/humble/share/eigen3_cmake_module/cmake)
[1.760s] -- Found Eigen3: TRUE (found version "3.4.0") 
[1.760s] -- Ensuring Eigen3 include directory is part of orocos-kdl CMake target
[1.981s] -- Found tf2_eigen: 0.25.6 (/opt/ros/humble/share/tf2_eigen/cmake)
[1.986s] -- Found moveit_core: 2.9.0 (/home/moveit/install/moveit_core/share/moveit_core/cmake)
[2.041s] -- Found Boost: /usr/lib/x86_64-linux-gnu/cmake/Boost-1.74.0/BoostConfig.cmake (found version "1.74.0") found components: chrono date_time filesystem iostreams program_options regex serialization system thread 
[2.080s] -- Found Boost: /usr/lib/x86_64-linux-gnu/cmake/Boost-1.74.0/BoostConfig.cmake (found version "1.74.0") found components: filesystem 
[2.178s] -- library: /usr/lib/x86_64-linux-gnu/libcurl.so
[2.462s] -- Found moveit_ros_occupancy_map_monitor: 2.9.0 (/home/moveit/install/moveit_ros_occupancy_map_monitor/share/moveit_ros_occupancy_map_monitor/cmake)
[2.610s] -- Found Boost: /usr/lib/x86_64-linux-gnu/cmake/Boost-1.74.0/BoostConfig.cmake (found version "1.74.0") found components: system filesystem date_time program_options thread chrono 
[2.636s] -- Performing Test COMPILER_HAS_HIDDEN_VISIBILITY
[2.725s] -- Performing Test COMPILER_HAS_HIDDEN_VISIBILITY - Success
[2.725s] -- Performing Test COMPILER_HAS_HIDDEN_INLINE_VISIBILITY
[2.812s] -- Performing Test COMPILER_HAS_HIDDEN_INLINE_VISIBILITY - Success
[2.812s] -- Performing Test COMPILER_HAS_DEPRECATED_ATTR
[2.900s] -- Performing Test COMPILER_HAS_DEPRECATED_ATTR - Success
[2.906s] -- Found ament_cmake_gtest: 1.3.9 (/opt/ros/humble/share/ament_cmake_gtest/cmake)
[2.912s] -- Found gtest sources under '/opt/ros/humble/src/gtest_vendor': C++ tests using 'Google Test' will be built
[2.948s] -- The C compiler identification is GNU 11.4.0
[2.955s] -- Detecting C compiler ABI info
[3.036s] -- Detecting C compiler ABI info - done
[3.045s] -- Check for working C compiler: /usr/bin/cc - skipped
[3.045s] -- Detecting C compile features
[3.046s] -- Detecting C compile features - done
[3.081s] -- Found ament_cmake_gtest: 1.3.9 (/opt/ros/humble/share/ament_cmake_gtest/cmake)
[3.086s] -- Found ament_cmake_gmock: 1.3.9 (/opt/ros/humble/share/ament_cmake_gmock/cmake)
[3.091s] -- Found gmock sources under '/opt/ros/humble/src/gmock_vendor': C++ tests using 'Google Mock' will be built
[3.095s] -- Found gtest sources under '/opt/ros/humble/src/gtest_vendor': C++ tests using 'Google Test' will be built
[3.114s] -- Found ament_lint_auto: 0.12.11 (/opt/ros/humble/share/ament_lint_auto/cmake)
[3.143s] -- Found launch_testing_ament_cmake: 1.0.6 (/opt/ros/humble/share/launch_testing_ament_cmake/cmake)
[3.147s] -- Found python_cmake_module: 0.10.0 (/opt/ros/humble/share/python_cmake_module/cmake)
[3.165s] -- Found PythonInterp: /usr/bin/python3 (found suitable version "3.10.12", minimum required is "3.6") 
[3.171s] -- Found PythonLibs: /usr/lib/x86_64-linux-gnu/libpython3.10.so (found suitable version "3.10.12", minimum required is "3.5") 
[3.172s] -- Using PYTHON_EXECUTABLE: /usr/bin/python3
[3.172s] -- Using PYTHON_INCLUDE_DIRS: /usr/include/python3.10
[3.172s] -- Using PYTHON_LIBRARIES: /usr/lib/x86_64-linux-gnu/libpython3.10.so
[3.189s] -- Found PythonExtra: .so  
[3.212s] -- Added test 'cppcheck' to perform static code analysis on C / C++ code
[3.213s] -- Configured cppcheck include dirs: /home/moveit/src/moveit2/moveit_ros/planning/rdf_loader/include;/home/moveit/src/moveit2/moveit_ros/planning/kinematics_plugin_loader/include;/home/moveit/src/moveit2/moveit_ros/planning/robot_model_loader/include;/home/moveit/src/moveit2/moveit_ros/planning/constraint_sampler_manager_loader/include;/home/moveit/src/moveit2/moveit_ros/planning/planning_pipeline/include;/home/moveit/src/moveit2/moveit_ros/planning/planning_pipeline_interfaces/include;/home/moveit/src/moveit2/moveit_ros/planning/planning_scene_monitor/include;/home/moveit/src/moveit2/moveit_ros/planning/trajectory_execution_manager/include;/home/moveit/src/moveit2/moveit_ros/planning/plan_execution/include;/home/moveit/src/moveit2/moveit_ros/planning/collision_plugin_loader/include;/home/moveit/src/moveit2/moveit_ros/planning/moveit_cpp/include
[3.213s] -- Configured cppcheck exclude dirs and/or files: 
[3.216s] -- Added test 'lint_cmake' to check CMake code style
[3.218s] -- Added test 'pep257' to check Python code against some of the docstring style conventions in PEP 257
[3.220s] -- Added test 'xmllint' to check XML markup files
[3.222s] -- Configuring done
[3.580s] -- Generating done
[3.585s] -- Build files have been written to: /home/moveit/build/moveit_ros_planning
[3.613s] Invoked command in '/home/moveit/build/moveit_ros_planning' returned '0': AMENT_PREFIX_PATH=/home/moveit/install/moveit_ros_occupancy_map_monitor:/home/moveit/install/moveit_core:/home/moveit/install/moveit_resources_panda_moveit_config:/home/moveit/install/moveit_resources_panda_description:/home/moveit/install/moveit_msgs:/home/moveit/install/moveit_common:${AMENT_PREFIX_PATH} CMAKE_PREFIX_PATH=/home/moveit/install/moveit_ros_occupancy_map_monitor:/home/moveit/install/moveit_core:/home/moveit/install/moveit_resources_panda_moveit_config:/home/moveit/install/moveit_resources_panda_description:/home/moveit/install/moveit_msgs:/home/moveit/install/moveit_common:/opt/ros/humble LD_LIBRARY_PATH=/home/moveit/install/moveit_ros_occupancy_map_monitor/lib:/home/moveit/install/moveit_core/lib:/home/moveit/install/moveit_msgs/lib:${LD_LIBRARY_PATH} PATH=/home/moveit/install/moveit_core/bin:${PATH} PYTHONPATH=/home/moveit/install/moveit_msgs/local/lib/python3.10/dist-packages:${PYTHONPATH} /usr/bin/cmake /home/moveit/src/moveit2/moveit_ros/planning -DCMAKE_BUILD_TYPE=Release -DCMAKE_INSTALL_PREFIX=/home/moveit/install/moveit_ros_planning
[3.614s] Invoking command in '/home/moveit/build/moveit_ros_planning': AMENT_PREFIX_PATH=/home/moveit/install/moveit_ros_occupancy_map_monitor:/home/moveit/install/moveit_core:/home/moveit/install/moveit_resources_panda_moveit_config:/home/moveit/install/moveit_resources_panda_description:/home/moveit/install/moveit_msgs:/home/moveit/install/moveit_common:${AMENT_PREFIX_PATH} CMAKE_PREFIX_PATH=/home/moveit/install/moveit_ros_occupancy_map_monitor:/home/moveit/install/moveit_core:/home/moveit/install/moveit_resources_panda_moveit_config:/home/moveit/install/moveit_resources_panda_description:/home/moveit/install/moveit_msgs:/home/moveit/install/moveit_common:/opt/ros/humble LD_LIBRARY_PATH=/home/moveit/install/moveit_ros_occupancy_map_monitor/lib:/home/moveit/install/moveit_core/lib:/home/moveit/install/moveit_msgs/lib:${LD_LIBRARY_PATH} PATH=/home/moveit/install/moveit_core/bin:${PATH} PYTHONPATH=/home/moveit/install/moveit_msgs/local/lib/python3.10/dist-packages:${PYTHONPATH} /usr/bin/cmake --build /home/moveit/build/moveit_ros_planning -- -j16 -l16
[3.672s] [  5%] [34m[1mRunning `/opt/ros/humble/bin/generate_parameter_library_cpp /home/moveit/build/moveit_ros_planning/kinematics_plugin_loader/kinematics_parameters/include//kinematics_parameters.hpp /home/moveit/src/moveit2/moveit_ros/planning/kinematics_plugin_loader/src/kinematics_parameters.yaml `[0m
[3.672s] [  5%] [34m[1mRunning `/opt/ros/humble/bin/generate_parameter_library_cpp /home/moveit/build/moveit_ros_planning/planning_pipeline/planning_pipeline_parameters/include//planning_pipeline_parameters.hpp /home/moveit/src/moveit2/moveit_ros/planning/planning_pipeline/res/planning_pipeline_parameters.yaml `[0m
[3.673s] [  5%] [32mBuilding CXX object rdf_loader/CMakeFiles/moveit_rdf_loader.dir/src/rdf_loader.cpp.o[0m
[3.673s] [  5%] [32mBuilding CXX object collision_plugin_loader/CMakeFiles/moveit_collision_plugin_loader.dir/src/collision_plugin_loader.cpp.o[0m
[3.673s] [  7%] [32mBuilding CXX object gtest/CMakeFiles/gtest.dir/src/gtest-all.cc.o[0m
[3.673s] [  9%] [34m[1mRunning `/opt/ros/humble/bin/generate_parameter_library_cpp /home/moveit/build/moveit_ros_planning/planning_request_adapter_plugins/default_request_adapter_parameters/include//default_request_adapter_parameters.hpp /home/moveit/src/moveit2/moveit_ros/planning/planning_request_adapter_plugins/res/default_request_adapter_params.yaml `[0m
[3.673s] [  9%] [32mBuilding CXX object rdf_loader/CMakeFiles/moveit_rdf_loader.dir/src/synchronized_string_parameter.cpp.o[0m
[3.673s] [ 10%] [32mBuilding CXX object gtest/CMakeFiles/gtest_main.dir/src/gtest_main.cc.o[0m
[3.674s] [ 12%] [34m[1mRunning `/opt/ros/humble/bin/generate_parameter_library_cpp /home/moveit/build/moveit_ros_planning/planning_response_adapter_plugins/default_response_adapter_parameters/include//default_response_adapter_parameters.hpp /home/moveit/src/moveit2/moveit_ros/planning/planning_response_adapter_plugins/res/default_response_adapter_params.yaml `[0m
[3.674s] [ 12%] [32mBuilding CXX object gmock/CMakeFiles/gmock.dir/opt/ros/humble/src/gtest_vendor/src/gtest-all.cc.o[0m
[3.674s] [ 14%] [32mBuilding CXX object gmock/CMakeFiles/gmock.dir/src/gmock-all.cc.o[0m
[3.674s] [ 15%] [32mBuilding CXX object planning_pipeline/CMakeFiles/moveit_pipeline_test_plugins.dir/test/planning_pipeline_test_plugins.cpp.o[0m
[3.829s] [ 15%] Built target default_request_adapter_parameters
[3.854s] [ 16%] [32mBuilding CXX object gmock/CMakeFiles/gmock_main.dir/src/gmock_main.cc.o[0m
[3.906s] [ 16%] Built target kinematics_parameters
[3.941s] [ 20%] [32mBuilding CXX object planning_request_adapter_plugins/CMakeFiles/moveit_default_planning_request_adapter_plugins.dir/src/resolve_constraint_frames.cpp.o[0m
[3.942s] [ 20%] [32mBuilding CXX object planning_request_adapter_plugins/CMakeFiles/moveit_default_planning_request_adapter_plugins.dir/src/check_for_stacked_constraints.cpp.o[0m
[3.942s] [ 20%] Built target planning_pipeline_parameters
[3.942s] [ 20%] [32mBuilding CXX object planning_request_adapter_plugins/CMakeFiles/moveit_default_planning_request_adapter_plugins.dir/src/check_start_state_bounds.cpp.o[0m
[3.948s] [ 22%] [32mBuilding CXX object planning_request_adapter_plugins/CMakeFiles/moveit_default_planning_request_adapter_plugins.dir/src/check_start_state_collision.cpp.o[0m
[3.950s] [ 23%] [32mBuilding CXX object planning_request_adapter_plugins/CMakeFiles/moveit_default_planning_request_adapter_plugins.dir/src/validate_workspace_bounds.cpp.o[0m
[3.993s] [ 23%] Built target default_response_adapter_parameters
[4.003s] [ 24%] [32mBuilding CXX object planning_pipeline/CMakeFiles/moveit_planning_pipeline.dir/src/planning_pipeline.cpp.o[0m
[4.110s] [ 25%] [32mBuilding CXX object planning_response_adapter_plugins/CMakeFiles/moveit_default_planning_response_adapter_plugins.dir/src/add_ruckig_traj_smoothing.cpp.o[0m
[5.067s] [ 27%] [32m[1mLinking CXX static library libgtest_main.a[0m
[5.231s] [ 27%] Built target gtest_main
[5.272s] [ 28%] [32mBuilding CXX object planning_response_adapter_plugins/CMakeFiles/moveit_default_planning_response_adapter_plugins.dir/src/add_time_optimal_parameterization.cpp.o[0m
[5.633s] [ 29%] [32m[1mLinking CXX static library libgmock_main.a[0m
[5.793s] [ 29%] Built target gmock_main
[5.834s] [ 31%] [32mBuilding CXX object planning_response_adapter_plugins/CMakeFiles/moveit_default_planning_response_adapter_plugins.dir/src/display_motion_path.cpp.o[0m
[8.428s] [ 32%] [32mBuilding CXX object planning_response_adapter_plugins/CMakeFiles/moveit_default_planning_response_adapter_plugins.dir/src/validate_path.cpp.o[0m
[14.592s] [ 33%] [32m[1mLinking CXX static library libgmock.a[0m
[14.677s] [ 33%] Built target gmock
[15.140s] [ 35%] [32m[1mLinking CXX static library libgtest.a[0m
[15.294s] [ 35%] Built target gtest
[16.266s] [ 36%] [32m[1mLinking CXX shared library libmoveit_collision_plugin_loader.so[0m
[16.568s] [ 37%] [32m[1mLinking CXX shared library libmoveit_pipeline_test_plugins.so[0m
[16.612s] [ 37%] Built target moveit_collision_plugin_loader
[16.885s] [ 37%] Built target moveit_pipeline_test_plugins
[17.465s] [ 38%] [32m[1mLinking CXX shared library libmoveit_default_planning_request_adapter_plugins.so[0m
[17.652s] [ 38%] Built target moveit_default_planning_request_adapter_plugins
[20.064s] [ 40%] [32m[1mLinking CXX shared library libmoveit_rdf_loader.so[0m
[20.277s] [ 40%] Built target moveit_rdf_loader
[20.301s] [ 42%] [32mBuilding CXX object kinematics_plugin_loader/CMakeFiles/moveit_kinematics_plugin_loader.dir/src/kinematics_plugin_loader.cpp.o[0m
[20.301s] [ 42%] [32mBuilding CXX object constraint_sampler_manager_loader/CMakeFiles/moveit_constraint_sampler_manager_loader.dir/src/constraint_sampler_manager_loader.cpp.o[0m
[22.532s] [ 44%] [32m[1mLinking CXX shared library libmoveit_default_planning_response_adapter_plugins.so[0m
[22.749s] [ 44%] Built target moveit_default_planning_response_adapter_plugins
[26.990s] [ 45%] [32m[1mLinking CXX shared library libmoveit_planning_pipeline.so[0m
[27.178s] [ 45%] Built target moveit_planning_pipeline
[27.201s] [ 50%] [32mBuilding CXX object planning_pipeline_interfaces/CMakeFiles/moveit_planning_pipeline_interfaces.dir/src/planning_pipeline_interfaces.cpp.o[0m
[27.202s] [ 50%] [32mBuilding CXX object planning_pipeline_interfaces/CMakeFiles/moveit_planning_pipeline_interfaces.dir/src/solution_selection_functions.cpp.o[0m
[27.202s] [ 50%] [32mBuilding CXX object planning_pipeline_interfaces/CMakeFiles/moveit_planning_pipeline_interfaces.dir/src/plan_responses_container.cpp.o[0m
[27.202s] [ 50%] [32mBuilding CXX object planning_pipeline/CMakeFiles/moveit_planning_pipeline_test.dir/test/planning_pipeline_tests.cpp.o[0m
[27.205s] [ 51%] [32mBuilding CXX object planning_pipeline_interfaces/CMakeFiles/moveit_planning_pipeline_interfaces.dir/src/stopping_criterion_function.cpp.o[0m
[33.633s] [ 53%] [32m[1mLinking CXX shared library libmoveit_kinematics_plugin_loader.so[0m
[33.968s] [ 54%] [32m[1mLinking CXX shared library libmoveit_constraint_sampler_manager_loader.so[0m
[33.996s] [ 54%] Built target moveit_kinematics_plugin_loader
[34.034s] [ 55%] [32mBuilding CXX object robot_model_loader/CMakeFiles/moveit_robot_model_loader.dir/src/robot_model_loader.cpp.o[0m
[34.327s] [ 55%] Built target moveit_constraint_sampler_manager_loader
[40.860s] [ 57%] [32m[1mLinking CXX shared library libmoveit_robot_model_loader.so[0m
[41.026s] [ 57%] Built target moveit_robot_model_loader
[41.049s] [ 62%] [32mBuilding CXX object planning_scene_monitor/CMakeFiles/moveit_planning_scene_monitor.dir/src/trajectory_monitor_middleware_handle.cpp.o[0m
[41.049s] [ 63%] [32mBuilding CXX object planning_components_tools/CMakeFiles/moveit_print_planning_model_info.dir/src/print_planning_model_info.cpp.o[0m
[41.049s] [ 63%] [32mBuilding CXX object planning_scene_monitor/CMakeFiles/moveit_planning_scene_monitor.dir/src/current_state_monitor_middleware_handle.cpp.o[0m
[41.049s] [ 63%] [32mBuilding CXX object planning_scene_monitor/CMakeFiles/moveit_planning_scene_monitor.dir/src/planning_scene_monitor.cpp.o[0m
[41.049s] [ 63%] [32mBuilding CXX object planning_scene_monitor/CMakeFiles/moveit_planning_scene_monitor.dir/src/current_state_monitor.cpp.o[0m
[41.051s] [ 64%] [32mBuilding CXX object planning_scene_monitor/CMakeFiles/moveit_planning_scene_monitor.dir/src/trajectory_monitor.cpp.o[0m
[43.415s] [ 66%] [32m[1mLinking CXX shared library libmoveit_planning_pipeline_interfaces.so[0m
[43.635s] [ 66%] Built target moveit_planning_pipeline_interfaces
[43.661s] [ 67%] [32m[1mLinking CXX executable moveit_planning_pipeline_test[0m
[44.017s] [ 67%] Built target moveit_planning_pipeline_test
[47.015s] [ 68%] [32m[1mLinking CXX executable moveit_print_planning_model_info[0m
[47.269s] [ 68%] Built target moveit_print_planning_model_info
[68.468s] [ 70%] [32m[1mLinking CXX shared library libmoveit_planning_scene_monitor.so[0m
[68.808s] [ 70%] Built target moveit_planning_scene_monitor
[68.833s] [ 75%] [32mBuilding CXX object trajectory_execution_manager/CMakeFiles/moveit_trajectory_execution_manager.dir/src/trajectory_execution_manager.cpp.o[0m
[68.833s] [ 75%] [32mBuilding CXX object planning_components_tools/CMakeFiles/moveit_publish_scene_from_text.dir/src/publish_scene_from_text.cpp.o[0m
[68.833s] [ 75%] [32mBuilding CXX object planning_scene_monitor/CMakeFiles/current_state_monitor_tests.dir/test/current_state_monitor_tests.cpp.o[0m
[68.833s] [ 75%] [32mBuilding CXX object planning_components_tools/CMakeFiles/moveit_display_random_state.dir/src/display_random_state.cpp.o[0m
[68.833s] [ 76%] [32mBuilding CXX object planning_components_tools/CMakeFiles/moveit_print_planning_scene_info.dir/src/print_planning_scene_info.cpp.o[0m
[68.833s] [ 77%] [32mBuilding CXX object planning_components_tools/CMakeFiles/moveit_evaluate_collision_checking_speed.dir/src/evaluate_collision_checking_speed.cpp.o[0m
[68.835s] [ 81%] [32mBuilding CXX object planning_components_tools/CMakeFiles/moveit_visualize_robot_collision_volume.dir/src/visualize_robot_collision_volume.cpp.o[0m
[68.835s] [ 81%] [32mBuilding CXX object planning_scene_monitor/CMakeFiles/demo_scene.dir/demos/demo_scene.cpp.o[0m
[68.835s] [ 81%] [32mBuilding CXX object planning_scene_monitor/CMakeFiles/trajectory_monitor_tests.dir/test/trajectory_monitor_tests.cpp.o[0m
[80.131s] [ 83%] [32m[1mLinking CXX executable moveit_print_planning_scene_info[0m
[80.490s] [ 83%] Built target moveit_print_planning_scene_info
[81.758s] [ 84%] [32m[1mLinking CXX executable moveit_evaluate_collision_checking_speed[0m
[82.140s] [ 84%] Built target moveit_evaluate_collision_checking_speed
[82.469s] [ 85%] [32m[1mLinking CXX executable moveit_visualize_robot_collision_volume[0m
[82.860s] [ 85%] Built target moveit_visualize_robot_collision_volume
[83.119s] [ 87%] [32m[1mLinking CXX executable moveit_publish_scene_from_text[0m
[83.483s] [ 87%] Built target moveit_publish_scene_from_text
[83.586s] [ 88%] [32m[1mLinking CXX executable moveit_display_random_state[0m
[83.921s] [ 88%] Built target moveit_display_random_state
[84.352s] [ 89%] [32m[1mLinking CXX executable current_state_monitor_tests[0m
[84.515s] [ 90%] [32m[1mLinking CXX executable trajectory_monitor_tests[0m
[84.740s] [ 90%] Built target current_state_monitor_tests
[84.884s] [ 90%] Built target trajectory_monitor_tests
[85.256s] [ 92%] [32m[1mLinking CXX executable demo_scene[0m
[85.435s] [ 92%] Built target demo_scene
[94.778s] [ 93%] [32m[1mLinking CXX shared library libmoveit_trajectory_execution_manager.so[0m
[95.017s] [ 93%] Built target moveit_trajectory_execution_manager
[95.038s] [ 97%] [32mBuilding CXX object plan_execution/CMakeFiles/moveit_plan_execution.dir/src/plan_execution.cpp.o[0m
[95.038s] [ 97%] [32mBuilding CXX object moveit_cpp/CMakeFiles/moveit_cpp.dir/src/moveit_cpp.cpp.o[0m
[95.039s] [ 97%] [32mBuilding CXX object moveit_cpp/CMakeFiles/moveit_cpp.dir/src/planning_component.cpp.o[0m
[104.546s] [ 98%] [32m[1mLinking CXX shared library libmoveit_plan_execution.so[0m
[104.761s] [ 98%] Built target moveit_plan_execution
[105.551s] [100%] [32m[1mLinking CXX shared library libmoveit_cpp.so[0m
[105.758s] [100%] Built target moveit_cpp
[105.770s] Invoked command in '/home/moveit/build/moveit_ros_planning' returned '0': AMENT_PREFIX_PATH=/home/moveit/install/moveit_ros_occupancy_map_monitor:/home/moveit/install/moveit_core:/home/moveit/install/moveit_resources_panda_moveit_config:/home/moveit/install/moveit_resources_panda_description:/home/moveit/install/moveit_msgs:/home/moveit/install/moveit_common:${AMENT_PREFIX_PATH} CMAKE_PREFIX_PATH=/home/moveit/install/moveit_ros_occupancy_map_monitor:/home/moveit/install/moveit_core:/home/moveit/install/moveit_resources_panda_moveit_config:/home/moveit/install/moveit_resources_panda_description:/home/moveit/install/moveit_msgs:/home/moveit/install/moveit_common:/opt/ros/humble LD_LIBRARY_PATH=/home/moveit/install/moveit_ros_occupancy_map_monitor/lib:/home/moveit/install/moveit_core/lib:/home/moveit/install/moveit_msgs/lib:${LD_LIBRARY_PATH} PATH=/home/moveit/install/moveit_core/bin:${PATH} PYTHONPATH=/home/moveit/install/moveit_msgs/local/lib/python3.10/dist-packages:${PYTHONPATH} /usr/bin/cmake --build /home/moveit/build/moveit_ros_planning -- -j16 -l16
[105.815s] Invoking command in '/home/moveit/build/moveit_ros_planning': AMENT_PREFIX_PATH=/home/moveit/install/moveit_ros_occupancy_map_monitor:/home/moveit/install/moveit_core:/home/moveit/install/moveit_resources_panda_moveit_config:/home/moveit/install/moveit_resources_panda_description:/home/moveit/install/moveit_msgs:/home/moveit/install/moveit_common:${AMENT_PREFIX_PATH} CMAKE_PREFIX_PATH=/home/moveit/install/moveit_ros_occupancy_map_monitor:/home/moveit/install/moveit_core:/home/moveit/install/moveit_resources_panda_moveit_config:/home/moveit/install/moveit_resources_panda_description:/home/moveit/install/moveit_msgs:/home/moveit/install/moveit_common:/opt/ros/humble LD_LIBRARY_PATH=/home/moveit/install/moveit_ros_occupancy_map_monitor/lib:/home/moveit/install/moveit_core/lib:/home/moveit/install/moveit_msgs/lib:${LD_LIBRARY_PATH} PATH=/home/moveit/install/moveit_core/bin:${PATH} PYTHONPATH=/home/moveit/install/moveit_msgs/local/lib/python3.10/dist-packages:${PYTHONPATH} /usr/bin/cmake --install /home/moveit/build/moveit_ros_planning
[105.823s] -- Install configuration: "Release"
[105.823s] -- Installing: /home/moveit/install/moveit_ros_planning/include/moveit_ros_planning
[105.823s] -- Installing: /home/moveit/install/moveit_ros_planning/include/moveit_ros_planning/moveit
[105.823s] -- Installing: /home/moveit/install/moveit_ros_planning/include/moveit_ros_planning/moveit/collision_plugin_loader
[105.823s] -- Installing: /home/moveit/install/moveit_ros_planning/include/moveit_ros_planning/moveit/collision_plugin_loader/collision_plugin_loader.h
[105.823s] -- Up-to-date: /home/moveit/install/moveit_ros_planning/include/moveit_ros_planning
[105.823s] -- Up-to-date: /home/moveit/install/moveit_ros_planning/include/moveit_ros_planning/moveit
[105.823s] -- Installing: /home/moveit/install/moveit_ros_planning/include/moveit_ros_planning/moveit/constraint_sampler_manager_loader
[105.824s] -- Installing: /home/moveit/install/moveit_ros_planning/include/moveit_ros_planning/moveit/constraint_sampler_manager_loader/constraint_sampler_manager_loader.h
[105.824s] -- Installing: /home/moveit/install/moveit_ros_planning/include/kinematics_parameters
[105.824s] -- Installing: /home/moveit/install/moveit_ros_planning/include/kinematics_parameters/kinematics_parameters.hpp
[105.824s] -- Up-to-date: /home/moveit/install/moveit_ros_planning/include/moveit_ros_planning
[105.824s] -- Up-to-date: /home/moveit/install/moveit_ros_planning/include/moveit_ros_planning/moveit
[105.824s] -- Installing: /home/moveit/install/moveit_ros_planning/include/moveit_ros_planning/moveit/kinematics_plugin_loader
[105.824s] -- Installing: /home/moveit/install/moveit_ros_planning/include/moveit_ros_planning/moveit/kinematics_plugin_loader/kinematics_plugin_loader.h
[105.824s] -- Up-to-date: /home/moveit/install/moveit_ros_planning/include/moveit_ros_planning
[105.824s] -- Up-to-date: /home/moveit/install/moveit_ros_planning/include/moveit_ros_planning/moveit
[105.824s] -- Installing: /home/moveit/install/moveit_ros_planning/include/moveit_ros_planning/moveit/moveit_cpp
[105.824s] -- Installing: /home/moveit/install/moveit_ros_planning/include/moveit_ros_planning/moveit/moveit_cpp/moveit_cpp.h
[105.824s] -- Installing: /home/moveit/install/moveit_ros_planning/include/moveit_ros_planning/moveit/moveit_cpp/planning_component.h
[105.825s] -- Up-to-date: /home/moveit/install/moveit_ros_planning/include/moveit_ros_planning
[105.825s] -- Up-to-date: /home/moveit/install/moveit_ros_planning/include/moveit_ros_planning/moveit
[105.825s] -- Installing: /home/moveit/install/moveit_ros_planning/include/moveit_ros_planning/moveit/plan_execution
[105.825s] -- Installing: /home/moveit/install/moveit_ros_planning/include/moveit_ros_planning/moveit/plan_execution/plan_representation.h
[105.825s] -- Installing: /home/moveit/install/moveit_ros_planning/include/moveit_ros_planning/moveit/plan_execution/plan_execution.h
[105.825s] -- Installing: /home/moveit/install/moveit_ros_planning/lib/moveit_ros_planning/moveit_print_planning_model_info
[105.826s] -- Set runtime path of "/home/moveit/install/moveit_ros_planning/lib/moveit_ros_planning/moveit_print_planning_model_info" to ""
[105.826s] -- Installing: /home/moveit/install/moveit_ros_planning/lib/moveit_ros_planning/moveit_print_planning_scene_info
[105.826s] -- Set runtime path of "/home/moveit/install/moveit_ros_planning/lib/moveit_ros_planning/moveit_print_planning_scene_info" to ""
[105.826s] -- Installing: /home/moveit/install/moveit_ros_planning/lib/moveit_ros_planning/moveit_display_random_state
[105.827s] -- Set runtime path of "/home/moveit/install/moveit_ros_planning/lib/moveit_ros_planning/moveit_display_random_state" to ""
[105.827s] -- Installing: /home/moveit/install/moveit_ros_planning/lib/moveit_ros_planning/moveit_visualize_robot_collision_volume
[105.827s] -- Set runtime path of "/home/moveit/install/moveit_ros_planning/lib/moveit_ros_planning/moveit_visualize_robot_collision_volume" to ""
[105.828s] -- Installing: /home/moveit/install/moveit_ros_planning/lib/moveit_ros_planning/moveit_evaluate_collision_checking_speed
[105.828s] -- Set runtime path of "/home/moveit/install/moveit_ros_planning/lib/moveit_ros_planning/moveit_evaluate_collision_checking_speed" to ""
[105.828s] -- Installing: /home/moveit/install/moveit_ros_planning/lib/moveit_ros_planning/moveit_publish_scene_from_text
[105.829s] -- Set runtime path of "/home/moveit/install/moveit_ros_planning/lib/moveit_ros_planning/moveit_publish_scene_from_text" to ""
[105.829s] -- Installing: /home/moveit/install/moveit_ros_planning/include/planning_pipeline_parameters
[105.829s] -- Installing: /home/moveit/install/moveit_ros_planning/include/planning_pipeline_parameters/planning_pipeline_parameters.hpp
[105.829s] -- Installing: /home/moveit/install/moveit_ros_planning/lib/libmoveit_pipeline_test_plugins.so.2.9.0
[105.830s] -- Set runtime path of "/home/moveit/install/moveit_ros_planning/lib/libmoveit_pipeline_test_plugins.so.2.9.0" to ""
[105.830s] -- Installing: /home/moveit/install/moveit_ros_planning/lib/libmoveit_pipeline_test_plugins.so
[105.830s] -- Up-to-date: /home/moveit/install/moveit_ros_planning/include/moveit_ros_planning
[105.830s] -- Up-to-date: /home/moveit/install/moveit_ros_planning/include/moveit_ros_planning/moveit
[105.830s] -- Installing: /home/moveit/install/moveit_ros_planning/include/moveit_ros_planning/moveit/planning_pipeline
[105.830s] -- Installing: /home/moveit/install/moveit_ros_planning/include/moveit_ros_planning/moveit/planning_pipeline/planning_pipeline.h
[105.830s] -- Installing: /home/moveit/install/moveit_ros_planning/include/moveit_ros_planning/moveit_planning_pipeline_export.h
[105.830s] -- Up-to-date: /home/moveit/install/moveit_ros_planning/include/moveit_ros_planning
[105.830s] -- Up-to-date: /home/moveit/install/moveit_ros_planning/include/moveit_ros_planning/moveit
[105.830s] -- Installing: /home/moveit/install/moveit_ros_planning/include/moveit_ros_planning/moveit/planning_pipeline_interfaces
[105.830s] -- Installing: /home/moveit/install/moveit_ros_planning/include/moveit_ros_planning/moveit/planning_pipeline_interfaces/plan_responses_container.hpp
[105.830s] -- Installing: /home/moveit/install/moveit_ros_planning/include/moveit_ros_planning/moveit/planning_pipeline_interfaces/planning_pipeline_interfaces.hpp
[105.831s] -- Installing: /home/moveit/install/moveit_ros_planning/include/moveit_ros_planning/moveit/planning_pipeline_interfaces/solution_selection_functions.hpp
[105.831s] -- Installing: /home/moveit/install/moveit_ros_planning/include/moveit_ros_planning/moveit/planning_pipeline_interfaces/stopping_criterion_functions.hpp
[105.831s] -- Installing: /home/moveit/install/moveit_ros_planning/include/moveit_ros_planning/moveit_planning_pipeline_interfaces_export.h
[105.831s] -- Installing: /home/moveit/install/moveit_ros_planning/include/default_request_adapter_parameters
[105.831s] -- Installing: /home/moveit/install/moveit_ros_planning/include/default_request_adapter_parameters/default_request_adapter_parameters.hpp
[105.831s] -- Installing: /home/moveit/install/moveit_ros_planning/include/default_response_adapter_parameters
[105.831s] -- Installing: /home/moveit/install/moveit_ros_planning/include/default_response_adapter_parameters/default_response_adapter_parameters.hpp
[105.832s] -- Installing: /home/moveit/install/moveit_ros_planning/lib/moveit_ros_planning/demo_scene
[105.832s] -- Set runtime path of "/home/moveit/install/moveit_ros_planning/lib/moveit_ros_planning/demo_scene" to ""
[105.832s] -- Up-to-date: /home/moveit/install/moveit_ros_planning/include/moveit_ros_planning
[105.832s] -- Up-to-date: /home/moveit/install/moveit_ros_planning/include/moveit_ros_planning/moveit
[105.832s] -- Installing: /home/moveit/install/moveit_ros_planning/include/moveit_ros_planning/moveit/planning_scene_monitor
[105.832s] -- Installing: /home/moveit/install/moveit_ros_planning/include/moveit_ros_planning/moveit/planning_scene_monitor/planning_scene_monitor.h
[105.832s] -- Installing: /home/moveit/install/moveit_ros_planning/include/moveit_ros_planning/moveit/planning_scene_monitor/current_state_monitor_middleware_handle.hpp
[105.833s] -- Installing: /home/moveit/install/moveit_ros_planning/include/moveit_ros_planning/moveit/planning_scene_monitor/trajectory_monitor_middleware_handle.hpp
[105.833s] -- Installing: /home/moveit/install/moveit_ros_planning/include/moveit_ros_planning/moveit/planning_scene_monitor/current_state_monitor.h
[105.833s] -- Installing: /home/moveit/install/moveit_ros_planning/include/moveit_ros_planning/moveit/planning_scene_monitor/trajectory_monitor.h
[105.833s] -- Installing: /home/moveit/install/moveit_ros_planning/include/moveit_ros_planning/moveit_planning_scene_monitor_export.h
[105.833s] -- Up-to-date: /home/moveit/install/moveit_ros_planning/include/moveit_ros_planning
[105.833s] -- Up-to-date: /home/moveit/install/moveit_ros_planning/include/moveit_ros_planning/moveit
[105.833s] -- Installing: /home/moveit/install/moveit_ros_planning/include/moveit_ros_planning/moveit/rdf_loader
[105.833s] -- Installing: /home/moveit/install/moveit_ros_planning/include/moveit_ros_planning/moveit/rdf_loader/rdf_loader.h
[105.833s] -- Installing: /home/moveit/install/moveit_ros_planning/include/moveit_ros_planning/moveit/rdf_loader/synchronized_string_parameter.h
[105.834s] -- Installing: /home/moveit/install/moveit_ros_planning/share/moveit_ros_planning/rdf_loader/test/data
[105.834s] -- Installing: /home/moveit/install/moveit_ros_planning/share/moveit_ros_planning/rdf_loader/test/data/gonzo.urdf
[105.834s] -- Installing: /home/moveit/install/moveit_ros_planning/share/moveit_ros_planning/rdf_loader/test/data/gonzo.srdf
[105.834s] -- Installing: /home/moveit/install/moveit_ros_planning/share/moveit_ros_planning/rdf_loader/test/data/kermit.urdf
[105.834s] -- Installing: /home/moveit/install/moveit_ros_planning/share/moveit_ros_planning/rdf_loader/test/data/kermit.srdf
[105.835s] -- Installing: /home/moveit/install/moveit_ros_planning/share/moveit_ros_planning/rdf_loader/test/data/robin.srdf.xacro
[105.835s] -- Installing: /home/moveit/install/moveit_ros_planning/share/moveit_ros_planning/rdf_loader/test/launch
[105.835s] -- Installing: /home/moveit/install/moveit_ros_planning/share/moveit_ros_planning/rdf_loader/test/launch/test_rdf_integration.test.py
[105.835s] -- Up-to-date: /home/moveit/install/moveit_ros_planning/include/moveit_ros_planning
[105.835s] -- Up-to-date: /home/moveit/install/moveit_ros_planning/include/moveit_ros_planning/moveit
[105.835s] -- Installing: /home/moveit/install/moveit_ros_planning/include/moveit_ros_planning/moveit/robot_model_loader
[105.835s] -- Installing: /home/moveit/install/moveit_ros_planning/include/moveit_ros_planning/moveit/robot_model_loader/robot_model_loader.h
[105.836s] -- Up-to-date: /home/moveit/install/moveit_ros_planning/include/moveit_ros_planning
[105.836s] -- Up-to-date: /home/moveit/install/moveit_ros_planning/include/moveit_ros_planning/moveit
[105.836s] -- Installing: /home/moveit/install/moveit_ros_planning/include/moveit_ros_planning/moveit/trajectory_execution_manager
[105.836s] -- Installing: /home/moveit/install/moveit_ros_planning/include/moveit_ros_planning/moveit/trajectory_execution_manager/trajectory_execution_manager.h
[105.836s] -- Installing: /home/moveit/install/moveit_ros_planning/include/moveit_ros_planning/moveit_trajectory_execution_manager_export.h
[105.836s] -- Installing: /home/moveit/install/moveit_ros_planning/lib/libmoveit_rdf_loader.so.2.9.0
[105.838s] -- Set runtime path of "/home/moveit/install/moveit_ros_planning/lib/libmoveit_rdf_loader.so.2.9.0" to ""
[105.838s] -- Installing: /home/moveit/install/moveit_ros_planning/lib/libmoveit_rdf_loader.so
[105.838s] -- Installing: /home/moveit/install/moveit_ros_planning/lib/libmoveit_kinematics_plugin_loader.so.2.9.0
[105.839s] -- Set runtime path of "/home/moveit/install/moveit_ros_planning/lib/libmoveit_kinematics_plugin_loader.so.2.9.0" to ""
[105.839s] -- Installing: /home/moveit/install/moveit_ros_planning/lib/libmoveit_kinematics_plugin_loader.so
[105.839s] -- Installing: /home/moveit/install/moveit_ros_planning/lib/libmoveit_robot_model_loader.so.2.9.0
[105.840s] -- Set runtime path of "/home/moveit/install/moveit_ros_planning/lib/libmoveit_robot_model_loader.so.2.9.0" to ""
[105.840s] -- Installing: /home/moveit/install/moveit_ros_planning/lib/libmoveit_robot_model_loader.so
[105.840s] -- Installing: /home/moveit/install/moveit_ros_planning/lib/libmoveit_constraint_sampler_manager_loader.so.2.9.0
[105.841s] -- Set runtime path of "/home/moveit/install/moveit_ros_planning/lib/libmoveit_constraint_sampler_manager_loader.so.2.9.0" to ""
[105.841s] -- Installing: /home/moveit/install/moveit_ros_planning/lib/libmoveit_constraint_sampler_manager_loader.so
[105.841s] -- Installing: /home/moveit/install/moveit_ros_planning/lib/libmoveit_planning_pipeline.so.2.9.0
[105.843s] -- Set runtime path of "/home/moveit/install/moveit_ros_planning/lib/libmoveit_planning_pipeline.so.2.9.0" to ""
[105.843s] -- Installing: /home/moveit/install/moveit_ros_planning/lib/libmoveit_planning_pipeline.so
[105.843s] -- Installing: /home/moveit/install/moveit_ros_planning/lib/libmoveit_planning_pipeline_interfaces.so.2.9.0
[105.844s] -- Set runtime path of "/home/moveit/install/moveit_ros_planning/lib/libmoveit_planning_pipeline_interfaces.so.2.9.0" to ""
[105.844s] -- Installing: /home/moveit/install/moveit_ros_planning/lib/libmoveit_planning_pipeline_interfaces.so
[105.844s] -- Installing: /home/moveit/install/moveit_ros_planning/lib/libmoveit_trajectory_execution_manager.so.2.9.0
[105.847s] -- Set runtime path of "/home/moveit/install/moveit_ros_planning/lib/libmoveit_trajectory_execution_manager.so.2.9.0" to ""
[105.847s] -- Installing: /home/moveit/install/moveit_ros_planning/lib/libmoveit_trajectory_execution_manager.so
[105.847s] -- Installing: /home/moveit/install/moveit_ros_planning/lib/libmoveit_plan_execution.so.2.9.0
[105.848s] -- Set runtime path of "/home/moveit/install/moveit_ros_planning/lib/libmoveit_plan_execution.so.2.9.0" to ""
[105.848s] -- Installing: /home/moveit/install/moveit_ros_planning/lib/libmoveit_plan_execution.so
[105.848s] -- Installing: /home/moveit/install/moveit_ros_planning/lib/libmoveit_planning_scene_monitor.so.2.9.0
[105.855s] -- Set runtime path of "/home/moveit/install/moveit_ros_planning/lib/libmoveit_planning_scene_monitor.so.2.9.0" to ""
[105.855s] -- Installing: /home/moveit/install/moveit_ros_planning/lib/libmoveit_planning_scene_monitor.so
[105.855s] -- Installing: /home/moveit/install/moveit_ros_planning/lib/libmoveit_collision_plugin_loader.so.2.9.0
[105.855s] -- Set runtime path of "/home/moveit/install/moveit_ros_planning/lib/libmoveit_collision_plugin_loader.so.2.9.0" to ""
[105.855s] -- Installing: /home/moveit/install/moveit_ros_planning/lib/libmoveit_collision_plugin_loader.so
[105.856s] -- Installing: /home/moveit/install/moveit_ros_planning/lib/libmoveit_default_planning_request_adapter_plugins.so.2.9.0
[105.856s] -- Set runtime path of "/home/moveit/install/moveit_ros_planning/lib/libmoveit_default_planning_request_adapter_plugins.so.2.9.0" to ""
[105.856s] -- Installing: /home/moveit/install/moveit_ros_planning/lib/libmoveit_default_planning_request_adapter_plugins.so
[105.856s] -- Installing: /home/moveit/install/moveit_ros_planning/lib/libmoveit_default_planning_response_adapter_plugins.so.2.9.0
[105.857s] -- Set runtime path of "/home/moveit/install/moveit_ros_planning/lib/libmoveit_default_planning_response_adapter_plugins.so.2.9.0" to ""
[105.857s] -- Installing: /home/moveit/install/moveit_ros_planning/lib/libmoveit_default_planning_response_adapter_plugins.so
[105.858s] -- Installing: /home/moveit/install/moveit_ros_planning/lib/libmoveit_cpp.so.2.9.0
[105.858s] -- Set runtime path of "/home/moveit/install/moveit_ros_planning/lib/libmoveit_cpp.so.2.9.0" to ""
[105.858s] -- Installing: /home/moveit/install/moveit_ros_planning/lib/libmoveit_cpp.so
[105.858s] -- Installing: /home/moveit/install/moveit_ros_planning/share/moveit_ros_planning/environment/library_path.sh
[105.859s] -- Installing: /home/moveit/install/moveit_ros_planning/share/moveit_ros_planning/environment/library_path.dsv
[105.859s] -- Installing: /home/moveit/install/moveit_ros_planning/share/moveit_ros_planning/default_request_adapters_plugin_description.xml
[105.859s] -- Installing: /home/moveit/install/moveit_ros_planning/share/moveit_ros_planning/default_response_adapters_plugin_description.xml
[105.859s] -- Installing: /home/moveit/install/moveit_ros_planning/share/moveit_ros_planning/planning_pipeline_test_plugins_description.xml
[105.860s] -- Installing: /home/moveit/install/moveit_ros_planning/share/ament_index/resource_index/package_run_dependencies/moveit_ros_planning
[105.860s] -- Installing: /home/moveit/install/moveit_ros_planning/share/ament_index/resource_index/parent_prefix_path/moveit_ros_planning
[105.860s] -- Installing: /home/moveit/install/moveit_ros_planning/share/moveit_ros_planning/environment/ament_prefix_path.sh
[105.860s] -- Installing: /home/moveit/install/moveit_ros_planning/share/moveit_ros_planning/environment/ament_prefix_path.dsv
[105.860s] -- Installing: /home/moveit/install/moveit_ros_planning/share/moveit_ros_planning/environment/path.sh
[105.860s] -- Installing: /home/moveit/install/moveit_ros_planning/share/moveit_ros_planning/environment/path.dsv
[105.860s] -- Installing: /home/moveit/install/moveit_ros_planning/share/moveit_ros_planning/local_setup.bash
[105.860s] -- Installing: /home/moveit/install/moveit_ros_planning/share/moveit_ros_planning/local_setup.sh
[105.861s] -- Installing: /home/moveit/install/moveit_ros_planning/share/moveit_ros_planning/local_setup.zsh
[105.861s] -- Installing: /home/moveit/install/moveit_ros_planning/share/moveit_ros_planning/local_setup.dsv
[105.861s] -- Installing: /home/moveit/install/moveit_ros_planning/share/moveit_ros_planning/package.dsv
[105.861s] -- Installing: /home/moveit/install/moveit_ros_planning/share/ament_index/resource_index/packages/moveit_ros_planning
[105.861s] -- Installing: /home/moveit/install/moveit_ros_planning/share/ament_index/resource_index/moveit_core__pluginlib__plugin/moveit_ros_planning
[105.861s] -- Installing: /home/moveit/install/moveit_ros_planning/share/moveit_ros_planning/cmake/moveit_ros_planningTargetsExport.cmake
[105.862s] -- Installing: /home/moveit/install/moveit_ros_planning/share/moveit_ros_planning/cmake/moveit_ros_planningTargetsExport-release.cmake
[105.862s] -- Installing: /home/moveit/install/moveit_ros_planning/share/moveit_ros_planning/cmake/ConfigExtras.cmake
[105.862s] -- Installing: /home/moveit/install/moveit_ros_planning/share/moveit_ros_planning/cmake/ament_cmake_export_targets-extras.cmake
[105.862s] -- Installing: /home/moveit/install/moveit_ros_planning/share/moveit_ros_planning/cmake/ament_cmake_export_dependencies-extras.cmake
[105.862s] -- Installing: /home/moveit/install/moveit_ros_planning/share/moveit_ros_planning/cmake/moveit_ros_planningConfig.cmake
[105.862s] -- Installing: /home/moveit/install/moveit_ros_planning/share/moveit_ros_planning/cmake/moveit_ros_planningConfig-version.cmake
[105.862s] -- Installing: /home/moveit/install/moveit_ros_planning/share/moveit_ros_planning/package.xml
[105.865s] Invoked command in '/home/moveit/build/moveit_ros_planning' returned '0': AMENT_PREFIX_PATH=/home/moveit/install/moveit_ros_occupancy_map_monitor:/home/moveit/install/moveit_core:/home/moveit/install/moveit_resources_panda_moveit_config:/home/moveit/install/moveit_resources_panda_description:/home/moveit/install/moveit_msgs:/home/moveit/install/moveit_common:${AMENT_PREFIX_PATH} CMAKE_PREFIX_PATH=/home/moveit/install/moveit_ros_occupancy_map_monitor:/home/moveit/install/moveit_core:/home/moveit/install/moveit_resources_panda_moveit_config:/home/moveit/install/moveit_resources_panda_description:/home/moveit/install/moveit_msgs:/home/moveit/install/moveit_common:/opt/ros/humble LD_LIBRARY_PATH=/home/moveit/install/moveit_ros_occupancy_map_monitor/lib:/home/moveit/install/moveit_core/lib:/home/moveit/install/moveit_msgs/lib:${LD_LIBRARY_PATH} PATH=/home/moveit/install/moveit_core/bin:${PATH} PYTHONPATH=/home/moveit/install/moveit_msgs/local/lib/python3.10/dist-packages:${PYTHONPATH} /usr/bin/cmake --install /home/moveit/build/moveit_ros_planning
