[0.057s] Invoking command in '/home/moveit/build/moveit_hybrid_planning': CMAKE_PREFIX_PATH=/home/moveit/install/moveit_ros_planning_interface:/home/moveit/install/moveit_ros_move_group:/home/moveit/install/moveit_ros_warehouse:/home/moveit/install/moveit_planners_ompl:/home/moveit/install/moveit_kinematics:/home/moveit/install/moveit_ros_planning:/home/moveit/install/moveit_ros_occupancy_map_monitor:/home/moveit/install/moveit_core:/home/moveit/install/moveit_resources_panda_moveit_config:/home/moveit/install/moveit_resources_panda_description:/home/moveit/install/moveit_msgs:/home/moveit/install/moveit_common:/home/humble_ws/install/antworker_moveit_description:/home/moveit/install/pilz_industrial_motion_planner_testutils:/home/moveit/install/moveit_runtime:/home/moveit/install/moveit:/home/moveit/install/moveit_planners:/home/moveit/install/pilz_industrial_motion_planner:/home/moveit/install/moveit_ros_control_interface:/home/moveit/install/moveit_plugins:/home/moveit/install/moveit_simple_controller_manager:/home/moveit/install/moveit_setup_assistant:/home/moveit/install/moveit_setup_srdf_plugins:/home/moveit/install/moveit_setup_core_plugins:/home/moveit/install/moveit_setup_controllers:/home/moveit/install/moveit_setup_app_plugins:/home/moveit/install/moveit_setup_framework:/home/moveit/install/moveit_servo:/home/moveit/install/moveit_ros:/home/moveit/install/moveit_ros_visualization:/home/moveit/install/moveit_py:/home/moveit/install/moveit_hybrid_planning:/home/moveit/install/moveit_ros_benchmarks:/home/moveit/install/moveit_ros_robot_interaction:/home/moveit/install/moveit_ros_perception:/home/moveit/install/moveit_resources_prbt_pg70_support:/home/moveit/install/moveit_resources_prbt_moveit_config:/home/moveit/install/moveit_resources_prbt_support:/home/moveit/install/moveit_resources_prbt_ikfast_manipulator_plugin:/home/moveit/install/moveit_resources:/home/moveit/install/moveit_resources_pr2_description:/home/moveit/install/dual_arm_panda_moveit_config:/home/moveit/install/moveit_resources_fanuc_moveit_config:/home/moveit/install/moveit_resources_fanuc_description:/home/moveit/install/moveit_planners_stomp:/home/moveit/install/moveit_planners_chomp:/home/moveit/install/chomp_motion_planner:/home/humble_ws/install/moveit_rolling_humble_interface:/home/humble_ws/install/kortex_interface:/home/humble_ws/install/attempt_py_moveit:/home/humble_ws/install/antworker_navigation:/home/humble_ws/install/antworker_isaacsim_world:/home/humble_ws/install/antworker_description:/home/moveit/install/moveit_configs_utils:/opt/ros/humble LD_LIBRARY_PATH=/home/moveit/install/moveit_ros_planning_interface/lib:/home/moveit/install/moveit_ros_move_group/lib:/home/moveit/install/moveit_ros_warehouse/lib:/home/moveit/install/moveit_planners_ompl/lib:/home/moveit/install/moveit_kinematics/lib:/home/moveit/install/moveit_ros_planning/lib:/home/moveit/install/moveit_ros_occupancy_map_monitor/lib:/home/moveit/install/moveit_core/lib:/home/moveit/install/moveit_msgs/lib:/home/moveit/install/pilz_industrial_motion_planner_testutils/lib:/home/moveit/install/pilz_industrial_motion_planner/lib:/home/moveit/install/moveit_ros_control_interface/lib:/home/moveit/install/moveit_simple_controller_manager/lib:/home/moveit/install/moveit_setup_assistant/lib:/home/moveit/install/moveit_setup_srdf_plugins/lib:/home/moveit/install/moveit_setup_core_plugins/lib:/home/moveit/install/moveit_setup_controllers/lib:/home/moveit/install/moveit_setup_app_plugins/lib:/home/moveit/install/moveit_setup_framework/lib:/home/moveit/install/moveit_servo/lib:/home/moveit/install/moveit_ros_visualization/lib:/home/moveit/install/moveit_py/lib:/home/moveit/install/moveit_hybrid_planning/lib:/home/moveit/install/moveit_ros_benchmarks/lib:/home/moveit/install/moveit_ros_robot_interaction/lib:/home/moveit/install/moveit_ros_perception/lib:/home/moveit/install/moveit_resources_prbt_ikfast_manipulator_plugin/lib:/home/moveit/install/moveit_planners_stomp/lib:/home/moveit/install/moveit_planners_chomp/lib:/home/moveit/install/chomp_motion_planner/lib:/opt/ros/humble/opt/rviz_ogre_vendor/lib:/opt/ros/humble/lib/x86_64-linux-gnu:/opt/ros/humble/lib /usr/bin/cmake --build /home/moveit/build/moveit_hybrid_planning -- -j16 -l16
[0.139s] [35m[1mConsolidate compiler generated dependencies of target cancel_action[0m
[0.140s] [35m[1mConsolidate compiler generated dependencies of target forward_trajectory_plugin[0m
[0.141s] [35m[1mConsolidate compiler generated dependencies of target moveit_hybrid_planning_manager[0m
[0.142s] [35m[1mConsolidate compiler generated dependencies of target motion_planning_pipeline_plugin[0m
[0.142s] [35m[1mConsolidate compiler generated dependencies of target moveit_global_planner_component[0m
[0.143s] [35m[1mConsolidate compiler generated dependencies of target moveit_local_planner_component[0m
[0.144s] [35m[1mConsolidate compiler generated dependencies of target simple_sampler_plugin[0m
[0.146s] [35m[1mConsolidate compiler generated dependencies of target hybrid_planning_demo_node[0m
[0.177s] [ 10%] Built target cancel_action
[0.194s] [ 20%] Built target moveit_hybrid_planning_manager
[0.201s] [ 30%] Built target simple_sampler_plugin
[0.206s] [ 40%] Built target moveit_global_planner_component
[0.206s] [ 50%] Built target forward_trajectory_plugin
[0.209s] [ 60%] Built target hybrid_planning_demo_node
[0.213s] [ 70%] Built target moveit_local_planner_component
[0.215s] [ 80%] Built target motion_planning_pipeline_plugin
[0.216s] [35m[1mConsolidate compiler generated dependencies of target single_plan_execution_plugin[0m
[0.254s] [ 90%] Built target single_plan_execution_plugin
[0.276s] [35m[1mConsolidate compiler generated dependencies of target replan_invalidated_trajectory_plugin[0m
[0.313s] [100%] Built target replan_invalidated_trajectory_plugin
[0.332s] Invoked command in '/home/moveit/build/moveit_hybrid_planning' returned '0': CMAKE_PREFIX_PATH=/home/moveit/install/moveit_ros_planning_interface:/home/moveit/install/moveit_ros_move_group:/home/moveit/install/moveit_ros_warehouse:/home/moveit/install/moveit_planners_ompl:/home/moveit/install/moveit_kinematics:/home/moveit/install/moveit_ros_planning:/home/moveit/install/moveit_ros_occupancy_map_monitor:/home/moveit/install/moveit_core:/home/moveit/install/moveit_resources_panda_moveit_config:/home/moveit/install/moveit_resources_panda_description:/home/moveit/install/moveit_msgs:/home/moveit/install/moveit_common:/home/humble_ws/install/antworker_moveit_description:/home/moveit/install/pilz_industrial_motion_planner_testutils:/home/moveit/install/moveit_runtime:/home/moveit/install/moveit:/home/moveit/install/moveit_planners:/home/moveit/install/pilz_industrial_motion_planner:/home/moveit/install/moveit_ros_control_interface:/home/moveit/install/moveit_plugins:/home/moveit/install/moveit_simple_controller_manager:/home/moveit/install/moveit_setup_assistant:/home/moveit/install/moveit_setup_srdf_plugins:/home/moveit/install/moveit_setup_core_plugins:/home/moveit/install/moveit_setup_controllers:/home/moveit/install/moveit_setup_app_plugins:/home/moveit/install/moveit_setup_framework:/home/moveit/install/moveit_servo:/home/moveit/install/moveit_ros:/home/moveit/install/moveit_ros_visualization:/home/moveit/install/moveit_py:/home/moveit/install/moveit_hybrid_planning:/home/moveit/install/moveit_ros_benchmarks:/home/moveit/install/moveit_ros_robot_interaction:/home/moveit/install/moveit_ros_perception:/home/moveit/install/moveit_resources_prbt_pg70_support:/home/moveit/install/moveit_resources_prbt_moveit_config:/home/moveit/install/moveit_resources_prbt_support:/home/moveit/install/moveit_resources_prbt_ikfast_manipulator_plugin:/home/moveit/install/moveit_resources:/home/moveit/install/moveit_resources_pr2_description:/home/moveit/install/dual_arm_panda_moveit_config:/home/moveit/install/moveit_resources_fanuc_moveit_config:/home/moveit/install/moveit_resources_fanuc_description:/home/moveit/install/moveit_planners_stomp:/home/moveit/install/moveit_planners_chomp:/home/moveit/install/chomp_motion_planner:/home/humble_ws/install/moveit_rolling_humble_interface:/home/humble_ws/install/kortex_interface:/home/humble_ws/install/attempt_py_moveit:/home/humble_ws/install/antworker_navigation:/home/humble_ws/install/antworker_isaacsim_world:/home/humble_ws/install/antworker_description:/home/moveit/install/moveit_configs_utils:/opt/ros/humble LD_LIBRARY_PATH=/home/moveit/install/moveit_ros_planning_interface/lib:/home/moveit/install/moveit_ros_move_group/lib:/home/moveit/install/moveit_ros_warehouse/lib:/home/moveit/install/moveit_planners_ompl/lib:/home/moveit/install/moveit_kinematics/lib:/home/moveit/install/moveit_ros_planning/lib:/home/moveit/install/moveit_ros_occupancy_map_monitor/lib:/home/moveit/install/moveit_core/lib:/home/moveit/install/moveit_msgs/lib:/home/moveit/install/pilz_industrial_motion_planner_testutils/lib:/home/moveit/install/pilz_industrial_motion_planner/lib:/home/moveit/install/moveit_ros_control_interface/lib:/home/moveit/install/moveit_simple_controller_manager/lib:/home/moveit/install/moveit_setup_assistant/lib:/home/moveit/install/moveit_setup_srdf_plugins/lib:/home/moveit/install/moveit_setup_core_plugins/lib:/home/moveit/install/moveit_setup_controllers/lib:/home/moveit/install/moveit_setup_app_plugins/lib:/home/moveit/install/moveit_setup_framework/lib:/home/moveit/install/moveit_servo/lib:/home/moveit/install/moveit_ros_visualization/lib:/home/moveit/install/moveit_py/lib:/home/moveit/install/moveit_hybrid_planning/lib:/home/moveit/install/moveit_ros_benchmarks/lib:/home/moveit/install/moveit_ros_robot_interaction/lib:/home/moveit/install/moveit_ros_perception/lib:/home/moveit/install/moveit_resources_prbt_ikfast_manipulator_plugin/lib:/home/moveit/install/moveit_planners_stomp/lib:/home/moveit/install/moveit_planners_chomp/lib:/home/moveit/install/chomp_motion_planner/lib:/opt/ros/humble/opt/rviz_ogre_vendor/lib:/opt/ros/humble/lib/x86_64-linux-gnu:/opt/ros/humble/lib /usr/bin/cmake --build /home/moveit/build/moveit_hybrid_planning -- -j16 -l16
[0.401s] Invoking command in '/home/moveit/build/moveit_hybrid_planning': CMAKE_PREFIX_PATH=/home/moveit/install/moveit_ros_planning_interface:/home/moveit/install/moveit_ros_move_group:/home/moveit/install/moveit_ros_warehouse:/home/moveit/install/moveit_planners_ompl:/home/moveit/install/moveit_kinematics:/home/moveit/install/moveit_ros_planning:/home/moveit/install/moveit_ros_occupancy_map_monitor:/home/moveit/install/moveit_core:/home/moveit/install/moveit_resources_panda_moveit_config:/home/moveit/install/moveit_resources_panda_description:/home/moveit/install/moveit_msgs:/home/moveit/install/moveit_common:/home/humble_ws/install/antworker_moveit_description:/home/moveit/install/pilz_industrial_motion_planner_testutils:/home/moveit/install/moveit_runtime:/home/moveit/install/moveit:/home/moveit/install/moveit_planners:/home/moveit/install/pilz_industrial_motion_planner:/home/moveit/install/moveit_ros_control_interface:/home/moveit/install/moveit_plugins:/home/moveit/install/moveit_simple_controller_manager:/home/moveit/install/moveit_setup_assistant:/home/moveit/install/moveit_setup_srdf_plugins:/home/moveit/install/moveit_setup_core_plugins:/home/moveit/install/moveit_setup_controllers:/home/moveit/install/moveit_setup_app_plugins:/home/moveit/install/moveit_setup_framework:/home/moveit/install/moveit_servo:/home/moveit/install/moveit_ros:/home/moveit/install/moveit_ros_visualization:/home/moveit/install/moveit_py:/home/moveit/install/moveit_hybrid_planning:/home/moveit/install/moveit_ros_benchmarks:/home/moveit/install/moveit_ros_robot_interaction:/home/moveit/install/moveit_ros_perception:/home/moveit/install/moveit_resources_prbt_pg70_support:/home/moveit/install/moveit_resources_prbt_moveit_config:/home/moveit/install/moveit_resources_prbt_support:/home/moveit/install/moveit_resources_prbt_ikfast_manipulator_plugin:/home/moveit/install/moveit_resources:/home/moveit/install/moveit_resources_pr2_description:/home/moveit/install/dual_arm_panda_moveit_config:/home/moveit/install/moveit_resources_fanuc_moveit_config:/home/moveit/install/moveit_resources_fanuc_description:/home/moveit/install/moveit_planners_stomp:/home/moveit/install/moveit_planners_chomp:/home/moveit/install/chomp_motion_planner:/home/humble_ws/install/moveit_rolling_humble_interface:/home/humble_ws/install/kortex_interface:/home/humble_ws/install/attempt_py_moveit:/home/humble_ws/install/antworker_navigation:/home/humble_ws/install/antworker_isaacsim_world:/home/humble_ws/install/antworker_description:/home/moveit/install/moveit_configs_utils:/opt/ros/humble LD_LIBRARY_PATH=/home/moveit/install/moveit_ros_planning_interface/lib:/home/moveit/install/moveit_ros_move_group/lib:/home/moveit/install/moveit_ros_warehouse/lib:/home/moveit/install/moveit_planners_ompl/lib:/home/moveit/install/moveit_kinematics/lib:/home/moveit/install/moveit_ros_planning/lib:/home/moveit/install/moveit_ros_occupancy_map_monitor/lib:/home/moveit/install/moveit_core/lib:/home/moveit/install/moveit_msgs/lib:/home/moveit/install/pilz_industrial_motion_planner_testutils/lib:/home/moveit/install/pilz_industrial_motion_planner/lib:/home/moveit/install/moveit_ros_control_interface/lib:/home/moveit/install/moveit_simple_controller_manager/lib:/home/moveit/install/moveit_setup_assistant/lib:/home/moveit/install/moveit_setup_srdf_plugins/lib:/home/moveit/install/moveit_setup_core_plugins/lib:/home/moveit/install/moveit_setup_controllers/lib:/home/moveit/install/moveit_setup_app_plugins/lib:/home/moveit/install/moveit_setup_framework/lib:/home/moveit/install/moveit_servo/lib:/home/moveit/install/moveit_ros_visualization/lib:/home/moveit/install/moveit_py/lib:/home/moveit/install/moveit_hybrid_planning/lib:/home/moveit/install/moveit_ros_benchmarks/lib:/home/moveit/install/moveit_ros_robot_interaction/lib:/home/moveit/install/moveit_ros_perception/lib:/home/moveit/install/moveit_resources_prbt_ikfast_manipulator_plugin/lib:/home/moveit/install/moveit_planners_stomp/lib:/home/moveit/install/moveit_planners_chomp/lib:/home/moveit/install/chomp_motion_planner/lib:/opt/ros/humble/opt/rviz_ogre_vendor/lib:/opt/ros/humble/lib/x86_64-linux-gnu:/opt/ros/humble/lib /usr/bin/cmake --install /home/moveit/build/moveit_hybrid_planning
[0.415s] -- Install configuration: "Release"
[0.417s] -- Up-to-date: /home/moveit/install/moveit_hybrid_planning/lib/libmoveit_global_planner_component.so.2.9.0
[0.417s] -- Up-to-date: /home/moveit/install/moveit_hybrid_planning/lib/libmoveit_global_planner_component.so
[0.418s] -- Up-to-date: /home/moveit/install/moveit_hybrid_planning/lib/libmoveit_hybrid_planning_manager.so.2.9.0
[0.418s] -- Up-to-date: /home/moveit/install/moveit_hybrid_planning/lib/libmoveit_hybrid_planning_manager.so
[0.419s] -- Up-to-date: /home/moveit/install/moveit_hybrid_planning/lib/libmoveit_local_planner_component.so.2.9.0
[0.419s] -- Up-to-date: /home/moveit/install/moveit_hybrid_planning/lib/libmoveit_local_planner_component.so
[0.419s] -- Up-to-date: /home/moveit/install/moveit_hybrid_planning/lib/libforward_trajectory_plugin.so.2.9.0
[0.420s] -- Up-to-date: /home/moveit/install/moveit_hybrid_planning/lib/libforward_trajectory_plugin.so
[0.420s] -- Up-to-date: /home/moveit/install/moveit_hybrid_planning/lib/libmotion_planning_pipeline_plugin.so.2.9.0
[0.421s] -- Up-to-date: /home/moveit/install/moveit_hybrid_planning/lib/libmotion_planning_pipeline_plugin.so
[0.421s] -- Up-to-date: /home/moveit/install/moveit_hybrid_planning/lib/libreplan_invalidated_trajectory_plugin.so.2.9.0
[0.421s] -- Up-to-date: /home/moveit/install/moveit_hybrid_planning/lib/libreplan_invalidated_trajectory_plugin.so
[0.422s] -- Up-to-date: /home/moveit/install/moveit_hybrid_planning/lib/libsimple_sampler_plugin.so.2.9.0
[0.422s] -- Up-to-date: /home/moveit/install/moveit_hybrid_planning/lib/libsimple_sampler_plugin.so
[0.422s] -- Up-to-date: /home/moveit/install/moveit_hybrid_planning/lib/libsingle_plan_execution_plugin.so.2.9.0
[0.423s] -- Up-to-date: /home/moveit/install/moveit_hybrid_planning/lib/libsingle_plan_execution_plugin.so
[0.423s] -- Up-to-date: /home/moveit/install/moveit_hybrid_planning/lib/moveit_hybrid_planning/cancel_action
[0.424s] -- Up-to-date: /home/moveit/install/moveit_hybrid_planning/lib/moveit_hybrid_planning/hybrid_planning_demo_node
[0.425s] -- Up-to-date: /home/moveit/install/moveit_hybrid_planning/include/moveit_hybrid_planning
[0.425s] -- Up-to-date: /home/moveit/install/moveit_hybrid_planning/include/moveit_hybrid_planning/moveit
[0.425s] -- Up-to-date: /home/moveit/install/moveit_hybrid_planning/include/moveit_hybrid_planning/moveit/global_planner
[0.425s] -- Up-to-date: /home/moveit/install/moveit_hybrid_planning/include/moveit_hybrid_planning/moveit/global_planner/global_planner_component.h
[0.425s] -- Up-to-date: /home/moveit/install/moveit_hybrid_planning/include/moveit_hybrid_planning/moveit/global_planner/global_planner_interface.h
[0.425s] -- Up-to-date: /home/moveit/install/moveit_hybrid_planning/include/moveit_hybrid_planning
[0.425s] -- Up-to-date: /home/moveit/install/moveit_hybrid_planning/include/moveit_hybrid_planning/moveit
[0.425s] -- Up-to-date: /home/moveit/install/moveit_hybrid_planning/include/moveit_hybrid_planning/moveit/global_planner
[0.426s] -- Up-to-date: /home/moveit/install/moveit_hybrid_planning/include/moveit_hybrid_planning/moveit/global_planner/moveit_planning_pipeline.h
[0.426s] -- Up-to-date: /home/moveit/install/moveit_hybrid_planning/include/moveit_hybrid_planning
[0.426s] -- Up-to-date: /home/moveit/install/moveit_hybrid_planning/include/moveit_hybrid_planning/moveit
[0.426s] -- Up-to-date: /home/moveit/install/moveit_hybrid_planning/include/moveit_hybrid_planning/moveit/hybrid_planning_manager
[0.426s] -- Up-to-date: /home/moveit/install/moveit_hybrid_planning/include/moveit_hybrid_planning/moveit/hybrid_planning_manager/hybrid_planning_events.h
[0.426s] -- Up-to-date: /home/moveit/install/moveit_hybrid_planning/include/moveit_hybrid_planning/moveit/hybrid_planning_manager/moveit_error_code_interface.h
[0.426s] -- Up-to-date: /home/moveit/install/moveit_hybrid_planning/include/moveit_hybrid_planning/moveit/hybrid_planning_manager/hybrid_planning_manager.h
[0.426s] -- Up-to-date: /home/moveit/install/moveit_hybrid_planning/include/moveit_hybrid_planning/moveit/hybrid_planning_manager/planner_logic_interface.h
[0.426s] -- Up-to-date: /home/moveit/install/moveit_hybrid_planning/include/moveit_hybrid_planning
[0.427s] -- Up-to-date: /home/moveit/install/moveit_hybrid_planning/include/moveit_hybrid_planning/moveit
[0.427s] -- Up-to-date: /home/moveit/install/moveit_hybrid_planning/include/moveit_hybrid_planning/moveit/planner_logic_plugins
[0.427s] -- Up-to-date: /home/moveit/install/moveit_hybrid_planning/include/moveit_hybrid_planning/moveit/planner_logic_plugins/single_plan_execution.h
[0.427s] -- Up-to-date: /home/moveit/install/moveit_hybrid_planning/include/moveit_hybrid_planning/moveit/planner_logic_plugins/replan_invalidated_trajectory.h
[0.427s] -- Up-to-date: /home/moveit/install/moveit_hybrid_planning/include/moveit_hybrid_planning
[0.427s] -- Up-to-date: /home/moveit/install/moveit_hybrid_planning/include/moveit_hybrid_planning/moveit
[0.427s] -- Up-to-date: /home/moveit/install/moveit_hybrid_planning/include/moveit_hybrid_planning/moveit/local_planner
[0.427s] -- Up-to-date: /home/moveit/install/moveit_hybrid_planning/include/moveit_hybrid_planning/moveit/local_planner/feedback_types.h
[0.427s] -- Up-to-date: /home/moveit/install/moveit_hybrid_planning/include/moveit_hybrid_planning/moveit/local_planner/local_planner_component.h
[0.428s] -- Up-to-date: /home/moveit/install/moveit_hybrid_planning/include/moveit_hybrid_planning/moveit/local_planner/trajectory_operator_interface.h
[0.428s] -- Up-to-date: /home/moveit/install/moveit_hybrid_planning/include/moveit_hybrid_planning/moveit/local_planner/local_constraint_solver_interface.h
[0.428s] -- Up-to-date: /home/moveit/install/moveit_hybrid_planning/include/moveit_hybrid_planning
[0.428s] -- Up-to-date: /home/moveit/install/moveit_hybrid_planning/include/moveit_hybrid_planning/moveit
[0.428s] -- Up-to-date: /home/moveit/install/moveit_hybrid_planning/include/moveit_hybrid_planning/moveit/trajectory_operator_plugins
[0.428s] -- Up-to-date: /home/moveit/install/moveit_hybrid_planning/include/moveit_hybrid_planning/moveit/trajectory_operator_plugins/simple_sampler.h
[0.428s] -- Up-to-date: /home/moveit/install/moveit_hybrid_planning/include/moveit_hybrid_planning
[0.428s] -- Up-to-date: /home/moveit/install/moveit_hybrid_planning/include/moveit_hybrid_planning/moveit
[0.429s] -- Up-to-date: /home/moveit/install/moveit_hybrid_planning/include/moveit_hybrid_planning/moveit/local_constraint_solver_plugins
[0.429s] -- Up-to-date: /home/moveit/install/moveit_hybrid_planning/include/moveit_hybrid_planning/moveit/local_constraint_solver_plugins/forward_trajectory.h
[0.429s] -- Up-to-date: /home/moveit/install/moveit_hybrid_planning/share/moveit_hybrid_planning/launch
[0.429s] -- Up-to-date: /home/moveit/install/moveit_hybrid_planning/share/moveit_hybrid_planning/launch/hybrid_planning_common.py
[0.429s] -- Up-to-date: /home/moveit/install/moveit_hybrid_planning/share/moveit_hybrid_planning/launch/test_basic_integration.test.py
[0.429s] -- Up-to-date: /home/moveit/install/moveit_hybrid_planning/share/moveit_hybrid_planning/launch/hybrid_planning_demo.launch.py
[0.429s] -- Up-to-date: /home/moveit/install/moveit_hybrid_planning/share/moveit_hybrid_planning/config
[0.429s] -- Up-to-date: /home/moveit/install/moveit_hybrid_planning/share/moveit_hybrid_planning/config/demo_controller.yaml
[0.429s] -- Up-to-date: /home/moveit/install/moveit_hybrid_planning/share/moveit_hybrid_planning/config/global_planner.yaml
[0.430s] -- Up-to-date: /home/moveit/install/moveit_hybrid_planning/share/moveit_hybrid_planning/config/local_planner.yaml
[0.430s] -- Up-to-date: /home/moveit/install/moveit_hybrid_planning/share/moveit_hybrid_planning/config/common_hybrid_planning_params.yaml
[0.430s] -- Up-to-date: /home/moveit/install/moveit_hybrid_planning/share/moveit_hybrid_planning/config/hybrid_planning_demo.rviz
[0.430s] -- Up-to-date: /home/moveit/install/moveit_hybrid_planning/share/moveit_hybrid_planning/config/hybrid_planning_manager.yaml
[0.430s] -- Up-to-date: /home/moveit/install/moveit_hybrid_planning/share/moveit_hybrid_planning/single_plan_execution_plugin.xml
[0.430s] -- Up-to-date: /home/moveit/install/moveit_hybrid_planning/share/moveit_hybrid_planning/moveit_planning_pipeline_plugin.xml
[0.430s] -- Up-to-date: /home/moveit/install/moveit_hybrid_planning/share/moveit_hybrid_planning/simple_sampler_plugin.xml
[0.430s] -- Up-to-date: /home/moveit/install/moveit_hybrid_planning/share/moveit_hybrid_planning/replan_invalidated_trajectory_plugin.xml
[0.430s] -- Up-to-date: /home/moveit/install/moveit_hybrid_planning/share/moveit_hybrid_planning/forward_trajectory_plugin.xml
[0.431s] -- Up-to-date: /home/moveit/install/moveit_hybrid_planning/share/moveit_hybrid_planning/environment/library_path.sh
[0.431s] -- Up-to-date: /home/moveit/install/moveit_hybrid_planning/share/moveit_hybrid_planning/environment/library_path.dsv
[0.431s] -- Up-to-date: /home/moveit/install/moveit_hybrid_planning/share/ament_index/resource_index/package_run_dependencies/moveit_hybrid_planning
[0.431s] -- Up-to-date: /home/moveit/install/moveit_hybrid_planning/share/ament_index/resource_index/parent_prefix_path/moveit_hybrid_planning
[0.431s] -- Up-to-date: /home/moveit/install/moveit_hybrid_planning/share/moveit_hybrid_planning/environment/ament_prefix_path.sh
[0.431s] -- Up-to-date: /home/moveit/install/moveit_hybrid_planning/share/moveit_hybrid_planning/environment/ament_prefix_path.dsv
[0.431s] -- Up-to-date: /home/moveit/install/moveit_hybrid_planning/share/moveit_hybrid_planning/environment/path.sh
[0.431s] -- Up-to-date: /home/moveit/install/moveit_hybrid_planning/share/moveit_hybrid_planning/environment/path.dsv
[0.431s] -- Up-to-date: /home/moveit/install/moveit_hybrid_planning/share/moveit_hybrid_planning/local_setup.bash
[0.431s] -- Up-to-date: /home/moveit/install/moveit_hybrid_planning/share/moveit_hybrid_planning/local_setup.sh
[0.431s] -- Up-to-date: /home/moveit/install/moveit_hybrid_planning/share/moveit_hybrid_planning/local_setup.zsh
[0.431s] -- Up-to-date: /home/moveit/install/moveit_hybrid_planning/share/moveit_hybrid_planning/local_setup.dsv
[0.432s] -- Installing: /home/moveit/install/moveit_hybrid_planning/share/moveit_hybrid_planning/package.dsv
[0.432s] -- Up-to-date: /home/moveit/install/moveit_hybrid_planning/share/ament_index/resource_index/packages/moveit_hybrid_planning
[0.432s] -- Up-to-date: /home/moveit/install/moveit_hybrid_planning/share/ament_index/resource_index/moveit_hybrid_planning__pluginlib__plugin/moveit_hybrid_planning
[0.432s] -- Up-to-date: /home/moveit/install/moveit_hybrid_planning/share/ament_index/resource_index/rclcpp_components/moveit_hybrid_planning
[0.432s] -- Up-to-date: /home/moveit/install/moveit_hybrid_planning/share/moveit_hybrid_planning/cmake/moveit_hybrid_planningTargetsExport.cmake
[0.432s] -- Up-to-date: /home/moveit/install/moveit_hybrid_planning/share/moveit_hybrid_planning/cmake/moveit_hybrid_planningTargetsExport-release.cmake
[0.432s] -- Up-to-date: /home/moveit/install/moveit_hybrid_planning/share/moveit_hybrid_planning/cmake/ament_cmake_export_dependencies-extras.cmake
[0.432s] -- Up-to-date: /home/moveit/install/moveit_hybrid_planning/share/moveit_hybrid_planning/cmake/ament_cmake_export_targets-extras.cmake
[0.432s] -- Up-to-date: /home/moveit/install/moveit_hybrid_planning/share/moveit_hybrid_planning/cmake/moveit_hybrid_planningConfig.cmake
[0.432s] -- Up-to-date: /home/moveit/install/moveit_hybrid_planning/share/moveit_hybrid_planning/cmake/moveit_hybrid_planningConfig-version.cmake
[0.433s] -- Up-to-date: /home/moveit/install/moveit_hybrid_planning/share/moveit_hybrid_planning/package.xml
[0.435s] Invoked command in '/home/moveit/build/moveit_hybrid_planning' returned '0': CMAKE_PREFIX_PATH=/home/moveit/install/moveit_ros_planning_interface:/home/moveit/install/moveit_ros_move_group:/home/moveit/install/moveit_ros_warehouse:/home/moveit/install/moveit_planners_ompl:/home/moveit/install/moveit_kinematics:/home/moveit/install/moveit_ros_planning:/home/moveit/install/moveit_ros_occupancy_map_monitor:/home/moveit/install/moveit_core:/home/moveit/install/moveit_resources_panda_moveit_config:/home/moveit/install/moveit_resources_panda_description:/home/moveit/install/moveit_msgs:/home/moveit/install/moveit_common:/home/humble_ws/install/antworker_moveit_description:/home/moveit/install/pilz_industrial_motion_planner_testutils:/home/moveit/install/moveit_runtime:/home/moveit/install/moveit:/home/moveit/install/moveit_planners:/home/moveit/install/pilz_industrial_motion_planner:/home/moveit/install/moveit_ros_control_interface:/home/moveit/install/moveit_plugins:/home/moveit/install/moveit_simple_controller_manager:/home/moveit/install/moveit_setup_assistant:/home/moveit/install/moveit_setup_srdf_plugins:/home/moveit/install/moveit_setup_core_plugins:/home/moveit/install/moveit_setup_controllers:/home/moveit/install/moveit_setup_app_plugins:/home/moveit/install/moveit_setup_framework:/home/moveit/install/moveit_servo:/home/moveit/install/moveit_ros:/home/moveit/install/moveit_ros_visualization:/home/moveit/install/moveit_py:/home/moveit/install/moveit_hybrid_planning:/home/moveit/install/moveit_ros_benchmarks:/home/moveit/install/moveit_ros_robot_interaction:/home/moveit/install/moveit_ros_perception:/home/moveit/install/moveit_resources_prbt_pg70_support:/home/moveit/install/moveit_resources_prbt_moveit_config:/home/moveit/install/moveit_resources_prbt_support:/home/moveit/install/moveit_resources_prbt_ikfast_manipulator_plugin:/home/moveit/install/moveit_resources:/home/moveit/install/moveit_resources_pr2_description:/home/moveit/install/dual_arm_panda_moveit_config:/home/moveit/install/moveit_resources_fanuc_moveit_config:/home/moveit/install/moveit_resources_fanuc_description:/home/moveit/install/moveit_planners_stomp:/home/moveit/install/moveit_planners_chomp:/home/moveit/install/chomp_motion_planner:/home/humble_ws/install/moveit_rolling_humble_interface:/home/humble_ws/install/kortex_interface:/home/humble_ws/install/attempt_py_moveit:/home/humble_ws/install/antworker_navigation:/home/humble_ws/install/antworker_isaacsim_world:/home/humble_ws/install/antworker_description:/home/moveit/install/moveit_configs_utils:/opt/ros/humble LD_LIBRARY_PATH=/home/moveit/install/moveit_ros_planning_interface/lib:/home/moveit/install/moveit_ros_move_group/lib:/home/moveit/install/moveit_ros_warehouse/lib:/home/moveit/install/moveit_planners_ompl/lib:/home/moveit/install/moveit_kinematics/lib:/home/moveit/install/moveit_ros_planning/lib:/home/moveit/install/moveit_ros_occupancy_map_monitor/lib:/home/moveit/install/moveit_core/lib:/home/moveit/install/moveit_msgs/lib:/home/moveit/install/pilz_industrial_motion_planner_testutils/lib:/home/moveit/install/pilz_industrial_motion_planner/lib:/home/moveit/install/moveit_ros_control_interface/lib:/home/moveit/install/moveit_simple_controller_manager/lib:/home/moveit/install/moveit_setup_assistant/lib:/home/moveit/install/moveit_setup_srdf_plugins/lib:/home/moveit/install/moveit_setup_core_plugins/lib:/home/moveit/install/moveit_setup_controllers/lib:/home/moveit/install/moveit_setup_app_plugins/lib:/home/moveit/install/moveit_setup_framework/lib:/home/moveit/install/moveit_servo/lib:/home/moveit/install/moveit_ros_visualization/lib:/home/moveit/install/moveit_py/lib:/home/moveit/install/moveit_hybrid_planning/lib:/home/moveit/install/moveit_ros_benchmarks/lib:/home/moveit/install/moveit_ros_robot_interaction/lib:/home/moveit/install/moveit_ros_perception/lib:/home/moveit/install/moveit_resources_prbt_ikfast_manipulator_plugin/lib:/home/moveit/install/moveit_planners_stomp/lib:/home/moveit/install/moveit_planners_chomp/lib:/home/moveit/install/chomp_motion_planner/lib:/opt/ros/humble/opt/rviz_ogre_vendor/lib:/opt/ros/humble/lib/x86_64-linux-gnu:/opt/ros/humble/lib /usr/bin/cmake --install /home/moveit/build/moveit_hybrid_planning
