[0.016s] Invoking command in '/home/moveit/build/moveit_resources_fanuc_description': CMAKE_PREFIX_PATH=${CMAKE_PREFIX_PATH}:/home/humble_ws/install/moveit_rolling_humble_interface:/home/humble_ws/install/kortex_interface:/home/humble_ws/install/attempt_py_moveit:/home/humble_ws/install/antworker_navigation:/home/humble_ws/install/antworker_isaacsim_world:/home/humble_ws/install/antworker_description:/home/moveit/install/moveit_configs_utils:/opt/ros/humble /usr/bin/cmake --build /home/moveit/build/moveit_resources_fanuc_description -- -j16 -l16
[0.085s] Invoked command in '/home/moveit/build/moveit_resources_fanuc_description' returned '0': CMAKE_PREFIX_PATH=${CMAKE_PREFIX_PATH}:/home/humble_ws/install/moveit_rolling_humble_interface:/home/humble_ws/install/kortex_interface:/home/humble_ws/install/attempt_py_moveit:/home/humble_ws/install/antworker_navigation:/home/humble_ws/install/antworker_isaacsim_world:/home/humble_ws/install/antworker_description:/home/moveit/install/moveit_configs_utils:/opt/ros/humble /usr/bin/cmake --build /home/moveit/build/moveit_resources_fanuc_description -- -j16 -l16
[0.133s] Invoking command in '/home/moveit/build/moveit_resources_fanuc_description': CMAKE_PREFIX_PATH=${CMAKE_PREFIX_PATH}:/home/humble_ws/install/moveit_rolling_humble_interface:/home/humble_ws/install/kortex_interface:/home/humble_ws/install/attempt_py_moveit:/home/humble_ws/install/antworker_navigation:/home/humble_ws/install/antworker_isaacsim_world:/home/humble_ws/install/antworker_description:/home/moveit/install/moveit_configs_utils:/opt/ros/humble /usr/bin/cmake --install /home/moveit/build/moveit_resources_fanuc_description
[0.148s] -- Install configuration: "Release"
[0.148s] -- Up-to-date: /home/moveit/install/moveit_resources_fanuc_description/share/ament_index/resource_index/package_run_dependencies/moveit_resources_fanuc_description
[0.148s] -- Up-to-date: /home/moveit/install/moveit_resources_fanuc_description/share/ament_index/resource_index/parent_prefix_path/moveit_resources_fanuc_description
[0.148s] -- Up-to-date: /home/moveit/install/moveit_resources_fanuc_description/share/moveit_resources_fanuc_description/environment/ament_prefix_path.sh
[0.148s] -- Up-to-date: /home/moveit/install/moveit_resources_fanuc_description/share/moveit_resources_fanuc_description/environment/ament_prefix_path.dsv
[0.148s] -- Up-to-date: /home/moveit/install/moveit_resources_fanuc_description/share/moveit_resources_fanuc_description/environment/path.sh
[0.148s] -- Up-to-date: /home/moveit/install/moveit_resources_fanuc_description/share/moveit_resources_fanuc_description/environment/path.dsv
[0.148s] -- Up-to-date: /home/moveit/install/moveit_resources_fanuc_description/share/moveit_resources_fanuc_description/local_setup.bash
[0.149s] -- Up-to-date: /home/moveit/install/moveit_resources_fanuc_description/share/moveit_resources_fanuc_description/local_setup.sh
[0.149s] -- Up-to-date: /home/moveit/install/moveit_resources_fanuc_description/share/moveit_resources_fanuc_description/local_setup.zsh
[0.149s] -- Up-to-date: /home/moveit/install/moveit_resources_fanuc_description/share/moveit_resources_fanuc_description/local_setup.dsv
[0.149s] -- Installing: /home/moveit/install/moveit_resources_fanuc_description/share/moveit_resources_fanuc_description/package.dsv
[0.149s] -- Up-to-date: /home/moveit/install/moveit_resources_fanuc_description/share/ament_index/resource_index/packages/moveit_resources_fanuc_description
[0.149s] -- Up-to-date: /home/moveit/install/moveit_resources_fanuc_description/share/moveit_resources_fanuc_description/cmake/moveit_resources_fanuc_descriptionConfig.cmake
[0.149s] -- Up-to-date: /home/moveit/install/moveit_resources_fanuc_description/share/moveit_resources_fanuc_description/cmake/moveit_resources_fanuc_descriptionConfig-version.cmake
[0.149s] -- Up-to-date: /home/moveit/install/moveit_resources_fanuc_description/share/moveit_resources_fanuc_description/package.xml
[0.149s] -- Up-to-date: /home/moveit/install/moveit_resources_fanuc_description/share/moveit_resources_fanuc_description/meshes
[0.149s] -- Up-to-date: /home/moveit/install/moveit_resources_fanuc_description/share/moveit_resources_fanuc_description/meshes/visual
[0.150s] -- Up-to-date: /home/moveit/install/moveit_resources_fanuc_description/share/moveit_resources_fanuc_description/meshes/visual/link_2.stl
[0.150s] -- Up-to-date: /home/moveit/install/moveit_resources_fanuc_description/share/moveit_resources_fanuc_description/meshes/visual/base_link.stl
[0.150s] -- Up-to-date: /home/moveit/install/moveit_resources_fanuc_description/share/moveit_resources_fanuc_description/meshes/visual/link_6.stl
[0.150s] -- Up-to-date: /home/moveit/install/moveit_resources_fanuc_description/share/moveit_resources_fanuc_description/meshes/visual/link_3.stl
[0.150s] -- Up-to-date: /home/moveit/install/moveit_resources_fanuc_description/share/moveit_resources_fanuc_description/meshes/visual/link_1.stl
[0.150s] -- Up-to-date: /home/moveit/install/moveit_resources_fanuc_description/share/moveit_resources_fanuc_description/meshes/visual/link_5.stl
[0.150s] -- Up-to-date: /home/moveit/install/moveit_resources_fanuc_description/share/moveit_resources_fanuc_description/meshes/visual/link_4.stl
[0.150s] -- Up-to-date: /home/moveit/install/moveit_resources_fanuc_description/share/moveit_resources_fanuc_description/meshes/collision
[0.150s] -- Up-to-date: /home/moveit/install/moveit_resources_fanuc_description/share/moveit_resources_fanuc_description/meshes/collision/link_2.stl
[0.150s] -- Up-to-date: /home/moveit/install/moveit_resources_fanuc_description/share/moveit_resources_fanuc_description/meshes/collision/base_link.stl
[0.150s] -- Up-to-date: /home/moveit/install/moveit_resources_fanuc_description/share/moveit_resources_fanuc_description/meshes/collision/link_6.stl
[0.150s] -- Up-to-date: /home/moveit/install/moveit_resources_fanuc_description/share/moveit_resources_fanuc_description/meshes/collision/link_3.stl
[0.150s] -- Up-to-date: /home/moveit/install/moveit_resources_fanuc_description/share/moveit_resources_fanuc_description/meshes/collision/link_1.stl
[0.150s] -- Up-to-date: /home/moveit/install/moveit_resources_fanuc_description/share/moveit_resources_fanuc_description/meshes/collision/link_5.stl
[0.150s] -- Up-to-date: /home/moveit/install/moveit_resources_fanuc_description/share/moveit_resources_fanuc_description/meshes/collision/link_4.stl
[0.150s] -- Up-to-date: /home/moveit/install/moveit_resources_fanuc_description/share/moveit_resources_fanuc_description/urdf
[0.151s] -- Up-to-date: /home/moveit/install/moveit_resources_fanuc_description/share/moveit_resources_fanuc_description/urdf/fanuc.urdf
[0.152s] Invoked command in '/home/moveit/build/moveit_resources_fanuc_description' returned '0': CMAKE_PREFIX_PATH=${CMAKE_PREFIX_PATH}:/home/humble_ws/install/moveit_rolling_humble_interface:/home/humble_ws/install/kortex_interface:/home/humble_ws/install/attempt_py_moveit:/home/humble_ws/install/antworker_navigation:/home/humble_ws/install/antworker_isaacsim_world:/home/humble_ws/install/antworker_description:/home/moveit/install/moveit_configs_utils:/opt/ros/humble /usr/bin/cmake --install /home/moveit/build/moveit_resources_fanuc_description
