[0.015s] Invoking command in '/home/moveit/build/moveit_ros_warehouse': AMENT_PREFIX_PATH=/home/moveit/install/moveit_ros_planning:/home/moveit/install/moveit_ros_occupancy_map_monitor:/home/moveit/install/moveit_core:/home/moveit/install/moveit_msgs:/home/moveit/install/moveit_common:${AMENT_PREFIX_PATH} CMAKE_PREFIX_PATH=/home/moveit/install/moveit_ros_planning:/home/moveit/install/moveit_ros_occupancy_map_monitor:/home/moveit/install/moveit_core:/home/moveit/install/moveit_msgs:/home/moveit/install/moveit_common:/opt/ros/humble LD_LIBRARY_PATH=/home/moveit/install/moveit_ros_planning/lib:/home/moveit/install/moveit_ros_occupancy_map_monitor/lib:/home/moveit/install/moveit_core/lib:/home/moveit/install/moveit_msgs/lib:${LD_LIBRARY_PATH} PATH=/home/moveit/install/moveit_core/bin:${PATH} PYTHONPATH=/home/moveit/install/moveit_msgs/local/lib/python3.10/dist-packages:${PYTHONPATH} /usr/bin/cmake /home/moveit/src/moveit2/moveit_ros/warehouse -DCMAKE_BUILD_TYPE=Release -DCMAKE_INSTALL_PREFIX=/home/moveit/install/moveit_ros_warehouse
[0.070s] -- The CXX compiler identification is GNU 11.4.0
[0.077s] -- Detecting CXX compiler ABI info
[0.146s] -- Detecting CXX compiler ABI info - done
[0.151s] -- Check for working CXX compiler: /usr/bin/c++ - skipped
[0.151s] -- Detecting CXX compile features
[0.152s] -- Detecting CXX compile features - done
[0.153s] -- Found moveit_common: 2.9.0 (/home/moveit/install/moveit_common/share/moveit_common/cmake)
[0.156s] -- Found ament_cmake: 1.3.9 (/opt/ros/humble/share/ament_cmake/cmake)
[0.275s] -- Found Python3: /usr/bin/python3 (found version "3.10.12") found components: Interpreter 
[0.433s] -- Found libdw: /usr/lib/x86_64-linux-gnu/libdw.so  
[0.438s] -- Could NOT find libbfd (missing: LIBBFD_LIBRARY LIBBFD_INCLUDE_DIR) 
[0.438s] -- BACKWARD_HAS_UNWIND=1
[0.438s] -- BACKWARD_HAS_BACKTRACE=0
[0.438s] -- BACKWARD_HAS_BACKTRACE_SYMBOL=0
[0.438s] -- BACKWARD_HAS_DW=1
[0.438s] -- BACKWARD_HAS_BFD=0
[0.438s] -- Found Backward: /opt/ros/humble/share/backward_ros/cmake  
[0.445s] -- Found rclcpp: 16.0.9 (/opt/ros/humble/share/rclcpp/cmake)
[0.495s] -- Found rosidl_generator_c: 3.1.5 (/opt/ros/humble/share/rosidl_generator_c/cmake)
[0.503s] -- Found rosidl_adapter: 3.1.5 (/opt/ros/humble/share/rosidl_adapter/cmake)
[0.514s] -- Found rosidl_generator_cpp: 3.1.5 (/opt/ros/humble/share/rosidl_generator_cpp/cmake)
[0.528s] -- Using all available rosidl_typesupport_c: rosidl_typesupport_fastrtps_c;rosidl_typesupport_introspection_c
[0.550s] -- Using all available rosidl_typesupport_cpp: rosidl_typesupport_fastrtps_cpp;rosidl_typesupport_introspection_cpp
[0.622s] -- Found rmw_implementation_cmake: 6.1.2 (/opt/ros/humble/share/rmw_implementation_cmake/cmake)
[0.627s] -- Found rmw_cyclonedds_cpp: 1.3.4 (/opt/ros/humble/share/rmw_cyclonedds_cpp/cmake)
[0.658s] -- Using RMW implementation 'rmw_cyclonedds_cpp' as default
[0.672s] -- Looking for C++ include pthread.h
[0.767s] -- Looking for C++ include pthread.h - found
[0.767s] -- Performing Test CMAKE_HAVE_LIBC_PTHREAD
[0.863s] -- Performing Test CMAKE_HAVE_LIBC_PTHREAD - Success
[0.864s] -- Found Threads: TRUE  
[0.982s] -- Found moveit_core: 2.9.0 (/home/moveit/install/moveit_core/share/moveit_core/cmake)
[1.038s] -- Found Boost: /usr/lib/x86_64-linux-gnu/cmake/Boost-1.74.0/BoostConfig.cmake (found version "1.74.0") found components: chrono date_time filesystem iostreams program_options regex serialization system thread 
[1.091s] -- Found parameter_traits: 0.3.8 (/opt/ros/humble/share/parameter_traits/cmake)
[1.110s] -- Found Eigen3: TRUE (found version "3.4.0") 
[1.115s] -- Found rclcpp_lifecycle: 16.0.9 (/opt/ros/humble/share/rclcpp_lifecycle/cmake)
[1.156s] -- Found Boost: /usr/lib/x86_64-linux-gnu/cmake/Boost-1.74.0/BoostConfig.cmake (found version "1.74.0") found components: filesystem 
[1.299s] -- library: /usr/lib/x86_64-linux-gnu/libcurl.so
[1.543s] -- Ensuring Eigen3 include directory is part of orocos-kdl CMake target
[2.435s] -- Found warehouse_ros: 2.0.4 (/opt/ros/humble/share/warehouse_ros/cmake)
[2.529s] -- Found moveit_ros_planning: 2.9.0 (/home/moveit/install/moveit_ros_planning/share/moveit_ros_planning/cmake)
[2.533s] -- Found Boost: /usr/lib/x86_64-linux-gnu/cmake/Boost-1.74.0/BoostConfig.cmake (found version "1.74.0") found components: system filesystem date_time program_options thread chrono 
[2.853s] -- Found Boost: /usr/lib/x86_64-linux-gnu/cmake/Boost-1.74.0/BoostConfig.cmake (found version "1.74.0") found components: thread system filesystem regex date_time program_options 
[2.855s] -- Performing Test COMPILER_HAS_HIDDEN_VISIBILITY
[2.943s] -- Performing Test COMPILER_HAS_HIDDEN_VISIBILITY - Success
[2.944s] -- Performing Test COMPILER_HAS_HIDDEN_INLINE_VISIBILITY
[3.034s] -- Performing Test COMPILER_HAS_HIDDEN_INLINE_VISIBILITY - Success
[3.034s] -- Performing Test COMPILER_HAS_DEPRECATED_ATTR
[3.126s] -- Performing Test COMPILER_HAS_DEPRECATED_ATTR - Success
[3.168s] -- Found ament_lint_auto: 0.12.11 (/opt/ros/humble/share/ament_lint_auto/cmake)
[3.191s] -- Added test 'cppcheck' to perform static code analysis on C / C++ code
[3.192s] -- Configured cppcheck include dirs: /home/moveit/src/moveit2/moveit_ros/warehouse/include
[3.192s] -- Configured cppcheck exclude dirs and/or files: 
[3.192s] -- Added test 'lint_cmake' to check CMake code style
[3.193s] -- Added test 'pep257' to check Python code against some of the docstring style conventions in PEP 257
[3.193s] -- Added test 'xmllint' to check XML markup files
[3.195s] -- Configuring done
[3.310s] -- Generating done
[3.312s] -- Build files have been written to: /home/moveit/build/moveit_ros_warehouse
[3.325s] Invoked command in '/home/moveit/build/moveit_ros_warehouse' returned '0': AMENT_PREFIX_PATH=/home/moveit/install/moveit_ros_planning:/home/moveit/install/moveit_ros_occupancy_map_monitor:/home/moveit/install/moveit_core:/home/moveit/install/moveit_msgs:/home/moveit/install/moveit_common:${AMENT_PREFIX_PATH} CMAKE_PREFIX_PATH=/home/moveit/install/moveit_ros_planning:/home/moveit/install/moveit_ros_occupancy_map_monitor:/home/moveit/install/moveit_core:/home/moveit/install/moveit_msgs:/home/moveit/install/moveit_common:/opt/ros/humble LD_LIBRARY_PATH=/home/moveit/install/moveit_ros_planning/lib:/home/moveit/install/moveit_ros_occupancy_map_monitor/lib:/home/moveit/install/moveit_core/lib:/home/moveit/install/moveit_msgs/lib:${LD_LIBRARY_PATH} PATH=/home/moveit/install/moveit_core/bin:${PATH} PYTHONPATH=/home/moveit/install/moveit_msgs/local/lib/python3.10/dist-packages:${PYTHONPATH} /usr/bin/cmake /home/moveit/src/moveit2/moveit_ros/warehouse -DCMAKE_BUILD_TYPE=Release -DCMAKE_INSTALL_PREFIX=/home/moveit/install/moveit_ros_warehouse
[3.327s] Invoking command in '/home/moveit/build/moveit_ros_warehouse': AMENT_PREFIX_PATH=/home/moveit/install/moveit_ros_planning:/home/moveit/install/moveit_ros_occupancy_map_monitor:/home/moveit/install/moveit_core:/home/moveit/install/moveit_msgs:/home/moveit/install/moveit_common:${AMENT_PREFIX_PATH} CMAKE_PREFIX_PATH=/home/moveit/install/moveit_ros_planning:/home/moveit/install/moveit_ros_occupancy_map_monitor:/home/moveit/install/moveit_core:/home/moveit/install/moveit_msgs:/home/moveit/install/moveit_common:/opt/ros/humble LD_LIBRARY_PATH=/home/moveit/install/moveit_ros_planning/lib:/home/moveit/install/moveit_ros_occupancy_map_monitor/lib:/home/moveit/install/moveit_core/lib:/home/moveit/install/moveit_msgs/lib:${LD_LIBRARY_PATH} PATH=/home/moveit/install/moveit_core/bin:${PATH} PYTHONPATH=/home/moveit/install/moveit_msgs/local/lib/python3.10/dist-packages:${PYTHONPATH} /usr/bin/cmake --build /home/moveit/build/moveit_ros_warehouse -- -j16 -l16
[3.387s] [  5%] [32mBuilding CXX object CMakeFiles/moveit_warehouse.dir/src/moveit_message_storage.cpp.o[0m
[3.387s] [ 10%] [32mBuilding CXX object CMakeFiles/moveit_warehouse.dir/src/planning_scene_storage.cpp.o[0m
[3.387s] [ 15%] [32mBuilding CXX object CMakeFiles/moveit_warehouse.dir/src/planning_scene_world_storage.cpp.o[0m
[3.387s] [ 20%] [32mBuilding CXX object CMakeFiles/moveit_warehouse.dir/src/constraints_storage.cpp.o[0m
[3.389s] [ 25%] [32mBuilding CXX object CMakeFiles/moveit_warehouse.dir/src/warehouse_connector.cpp.o[0m
[3.389s] [ 30%] [32mBuilding CXX object CMakeFiles/moveit_warehouse.dir/src/trajectory_constraints_storage.cpp.o[0m
[3.389s] [ 35%] [32mBuilding CXX object CMakeFiles/moveit_warehouse.dir/src/state_storage.cpp.o[0m
[15.193s] [ 40%] [32m[1mLinking CXX shared library libmoveit_warehouse.so[0m
[15.591s] [ 40%] Built target moveit_warehouse
[15.612s] [ 65%] [32mBuilding CXX object CMakeFiles/moveit_warehouse_import_from_text.dir/src/import_from_text.cpp.o[0m
[15.612s] [ 65%] [32mBuilding CXX object CMakeFiles/moveit_init_demo_warehouse.dir/src/initialize_demo_db.cpp.o[0m
[15.612s] [ 65%] [32mBuilding CXX object CMakeFiles/moveit_warehouse_save_as_text.dir/src/save_as_text.cpp.o[0m
[15.612s] [ 65%] [32mBuilding CXX object CMakeFiles/moveit_save_to_warehouse.dir/src/save_to_warehouse.cpp.o[0m
[15.612s] [ 65%] [32mBuilding CXX object CMakeFiles/moveit_warehouse_services.dir/src/warehouse_services.cpp.o[0m
[15.613s] [ 70%] [32mBuilding CXX object CMakeFiles/moveit_warehouse_broadcast.dir/src/broadcast.cpp.o[0m
[24.431s] [ 75%] [32m[1mLinking CXX executable moveit_warehouse_services[0m
[24.735s] [ 75%] Built target moveit_warehouse_services
[27.505s] [ 80%] [32m[1mLinking CXX executable moveit_warehouse_broadcast[0m
[27.795s] [ 80%] Built target moveit_warehouse_broadcast
[27.836s] [ 85%] [32m[1mLinking CXX executable moveit_warehouse_save_as_text[0m
[27.976s] [ 90%] [32m[1mLinking CXX executable moveit_init_demo_warehouse[0m
[28.215s] [ 90%] Built target moveit_warehouse_save_as_text
[28.319s] [ 90%] Built target moveit_init_demo_warehouse
[28.626s] [ 95%] [32m[1mLinking CXX executable moveit_warehouse_import_from_text[0m
[28.940s] [ 95%] Built target moveit_warehouse_import_from_text
[38.607s] [100%] [32m[1mLinking CXX executable moveit_save_to_warehouse[0m
[38.983s] [100%] Built target moveit_save_to_warehouse
[38.994s] Invoked command in '/home/moveit/build/moveit_ros_warehouse' returned '0': AMENT_PREFIX_PATH=/home/moveit/install/moveit_ros_planning:/home/moveit/install/moveit_ros_occupancy_map_monitor:/home/moveit/install/moveit_core:/home/moveit/install/moveit_msgs:/home/moveit/install/moveit_common:${AMENT_PREFIX_PATH} CMAKE_PREFIX_PATH=/home/moveit/install/moveit_ros_planning:/home/moveit/install/moveit_ros_occupancy_map_monitor:/home/moveit/install/moveit_core:/home/moveit/install/moveit_msgs:/home/moveit/install/moveit_common:/opt/ros/humble LD_LIBRARY_PATH=/home/moveit/install/moveit_ros_planning/lib:/home/moveit/install/moveit_ros_occupancy_map_monitor/lib:/home/moveit/install/moveit_core/lib:/home/moveit/install/moveit_msgs/lib:${LD_LIBRARY_PATH} PATH=/home/moveit/install/moveit_core/bin:${PATH} PYTHONPATH=/home/moveit/install/moveit_msgs/local/lib/python3.10/dist-packages:${PYTHONPATH} /usr/bin/cmake --build /home/moveit/build/moveit_ros_warehouse -- -j16 -l16
[39.052s] Invoking command in '/home/moveit/build/moveit_ros_warehouse': AMENT_PREFIX_PATH=/home/moveit/install/moveit_ros_planning:/home/moveit/install/moveit_ros_occupancy_map_monitor:/home/moveit/install/moveit_core:/home/moveit/install/moveit_msgs:/home/moveit/install/moveit_common:${AMENT_PREFIX_PATH} CMAKE_PREFIX_PATH=/home/moveit/install/moveit_ros_planning:/home/moveit/install/moveit_ros_occupancy_map_monitor:/home/moveit/install/moveit_core:/home/moveit/install/moveit_msgs:/home/moveit/install/moveit_common:/opt/ros/humble LD_LIBRARY_PATH=/home/moveit/install/moveit_ros_planning/lib:/home/moveit/install/moveit_ros_occupancy_map_monitor/lib:/home/moveit/install/moveit_core/lib:/home/moveit/install/moveit_msgs/lib:${LD_LIBRARY_PATH} PATH=/home/moveit/install/moveit_core/bin:${PATH} PYTHONPATH=/home/moveit/install/moveit_msgs/local/lib/python3.10/dist-packages:${PYTHONPATH} /usr/bin/cmake --install /home/moveit/build/moveit_ros_warehouse
[39.059s] -- Install configuration: "Release"
[39.059s] -- Installing: /home/moveit/install/moveit_ros_warehouse/lib/moveit_ros_warehouse/moveit_save_to_warehouse
[39.062s] -- Set runtime path of "/home/moveit/install/moveit_ros_warehouse/lib/moveit_ros_warehouse/moveit_save_to_warehouse" to ""
[39.062s] -- Installing: /home/moveit/install/moveit_ros_warehouse/lib/moveit_ros_warehouse/moveit_warehouse_broadcast
[39.063s] -- Set runtime path of "/home/moveit/install/moveit_ros_warehouse/lib/moveit_ros_warehouse/moveit_warehouse_broadcast" to ""
[39.063s] -- Installing: /home/moveit/install/moveit_ros_warehouse/lib/moveit_ros_warehouse/moveit_warehouse_import_from_text
[39.063s] -- Set runtime path of "/home/moveit/install/moveit_ros_warehouse/lib/moveit_ros_warehouse/moveit_warehouse_import_from_text" to ""
[39.064s] -- Installing: /home/moveit/install/moveit_ros_warehouse/lib/moveit_ros_warehouse/moveit_warehouse_save_as_text
[39.064s] -- Set runtime path of "/home/moveit/install/moveit_ros_warehouse/lib/moveit_ros_warehouse/moveit_warehouse_save_as_text" to ""
[39.064s] -- Installing: /home/moveit/install/moveit_ros_warehouse/lib/moveit_ros_warehouse/moveit_init_demo_warehouse
[39.065s] -- Set runtime path of "/home/moveit/install/moveit_ros_warehouse/lib/moveit_ros_warehouse/moveit_init_demo_warehouse" to ""
[39.065s] -- Installing: /home/moveit/install/moveit_ros_warehouse/lib/moveit_ros_warehouse/moveit_warehouse_services
[39.066s] -- Set runtime path of "/home/moveit/install/moveit_ros_warehouse/lib/moveit_ros_warehouse/moveit_warehouse_services" to ""
[39.066s] -- Installing: /home/moveit/install/moveit_ros_warehouse/include/moveit_ros_warehouse
[39.066s] -- Installing: /home/moveit/install/moveit_ros_warehouse/include/moveit_ros_warehouse/moveit
[39.066s] -- Installing: /home/moveit/install/moveit_ros_warehouse/include/moveit_ros_warehouse/moveit/warehouse
[39.066s] -- Installing: /home/moveit/install/moveit_ros_warehouse/include/moveit_ros_warehouse/moveit/warehouse/trajectory_constraints_storage.h
[39.066s] -- Installing: /home/moveit/install/moveit_ros_warehouse/include/moveit_ros_warehouse/moveit/warehouse/constraints_storage.h
[39.066s] -- Installing: /home/moveit/install/moveit_ros_warehouse/include/moveit_ros_warehouse/moveit/warehouse/state_storage.h
[39.066s] -- Installing: /home/moveit/install/moveit_ros_warehouse/include/moveit_ros_warehouse/moveit/warehouse/warehouse_connector.h
[39.066s] -- Installing: /home/moveit/install/moveit_ros_warehouse/include/moveit_ros_warehouse/moveit/warehouse/planning_scene_storage.h
[39.066s] -- Installing: /home/moveit/install/moveit_ros_warehouse/include/moveit_ros_warehouse/moveit/warehouse/moveit_message_storage.h
[39.067s] -- Installing: /home/moveit/install/moveit_ros_warehouse/include/moveit_ros_warehouse/moveit/warehouse/planning_scene_world_storage.h
[39.067s] -- Installing: /home/moveit/install/moveit_ros_warehouse/include/moveit_ros_warehouse/moveit_warehouse_export.h
[39.067s] -- Installing: /home/moveit/install/moveit_ros_warehouse/lib/libmoveit_warehouse.so.2.9.0
[39.068s] -- Set runtime path of "/home/moveit/install/moveit_ros_warehouse/lib/libmoveit_warehouse.so.2.9.0" to ""
[39.068s] -- Installing: /home/moveit/install/moveit_ros_warehouse/lib/libmoveit_warehouse.so
[39.068s] -- Installing: /home/moveit/install/moveit_ros_warehouse/share/moveit_ros_warehouse/environment/library_path.sh
[39.068s] -- Installing: /home/moveit/install/moveit_ros_warehouse/share/moveit_ros_warehouse/environment/library_path.dsv
[39.069s] -- Installing: /home/moveit/install/moveit_ros_warehouse/share/ament_index/resource_index/package_run_dependencies/moveit_ros_warehouse
[39.069s] -- Installing: /home/moveit/install/moveit_ros_warehouse/share/ament_index/resource_index/parent_prefix_path/moveit_ros_warehouse
[39.069s] -- Installing: /home/moveit/install/moveit_ros_warehouse/share/moveit_ros_warehouse/environment/ament_prefix_path.sh
[39.069s] -- Installing: /home/moveit/install/moveit_ros_warehouse/share/moveit_ros_warehouse/environment/ament_prefix_path.dsv
[39.069s] -- Installing: /home/moveit/install/moveit_ros_warehouse/share/moveit_ros_warehouse/environment/path.sh
[39.069s] -- Installing: /home/moveit/install/moveit_ros_warehouse/share/moveit_ros_warehouse/environment/path.dsv
[39.070s] -- Installing: /home/moveit/install/moveit_ros_warehouse/share/moveit_ros_warehouse/local_setup.bash
[39.070s] -- Installing: /home/moveit/install/moveit_ros_warehouse/share/moveit_ros_warehouse/local_setup.sh
[39.070s] -- Installing: /home/moveit/install/moveit_ros_warehouse/share/moveit_ros_warehouse/local_setup.zsh
[39.070s] -- Installing: /home/moveit/install/moveit_ros_warehouse/share/moveit_ros_warehouse/local_setup.dsv
[39.070s] -- Installing: /home/moveit/install/moveit_ros_warehouse/share/moveit_ros_warehouse/package.dsv
[39.070s] -- Installing: /home/moveit/install/moveit_ros_warehouse/share/ament_index/resource_index/packages/moveit_ros_warehouse
[39.071s] -- Installing: /home/moveit/install/moveit_ros_warehouse/share/moveit_ros_warehouse/cmake/moveit_ros_warehouseTargetsExport.cmake
[39.071s] -- Installing: /home/moveit/install/moveit_ros_warehouse/share/moveit_ros_warehouse/cmake/moveit_ros_warehouseTargetsExport-release.cmake
[39.071s] -- Installing: /home/moveit/install/moveit_ros_warehouse/share/moveit_ros_warehouse/cmake/ConfigExtras.cmake
[39.071s] -- Installing: /home/moveit/install/moveit_ros_warehouse/share/moveit_ros_warehouse/cmake/ament_cmake_export_targets-extras.cmake
[39.071s] -- Installing: /home/moveit/install/moveit_ros_warehouse/share/moveit_ros_warehouse/cmake/ament_cmake_export_dependencies-extras.cmake
[39.071s] -- Installing: /home/moveit/install/moveit_ros_warehouse/share/moveit_ros_warehouse/cmake/moveit_ros_warehouseConfig.cmake
[39.071s] -- Installing: /home/moveit/install/moveit_ros_warehouse/share/moveit_ros_warehouse/cmake/moveit_ros_warehouseConfig-version.cmake
[39.071s] -- Installing: /home/moveit/install/moveit_ros_warehouse/share/moveit_ros_warehouse/package.xml
[39.073s] Invoked command in '/home/moveit/build/moveit_ros_warehouse' returned '0': AMENT_PREFIX_PATH=/home/moveit/install/moveit_ros_planning:/home/moveit/install/moveit_ros_occupancy_map_monitor:/home/moveit/install/moveit_core:/home/moveit/install/moveit_msgs:/home/moveit/install/moveit_common:${AMENT_PREFIX_PATH} CMAKE_PREFIX_PATH=/home/moveit/install/moveit_ros_planning:/home/moveit/install/moveit_ros_occupancy_map_monitor:/home/moveit/install/moveit_core:/home/moveit/install/moveit_msgs:/home/moveit/install/moveit_common:/opt/ros/humble LD_LIBRARY_PATH=/home/moveit/install/moveit_ros_planning/lib:/home/moveit/install/moveit_ros_occupancy_map_monitor/lib:/home/moveit/install/moveit_core/lib:/home/moveit/install/moveit_msgs/lib:${LD_LIBRARY_PATH} PATH=/home/moveit/install/moveit_core/bin:${PATH} PYTHONPATH=/home/moveit/install/moveit_msgs/local/lib/python3.10/dist-packages:${PYTHONPATH} /usr/bin/cmake --install /home/moveit/build/moveit_ros_warehouse
