[0.018s] Invoking command in '/home/moveit/build/moveit_ros_move_group': AMENT_PREFIX_PATH=/home/moveit/install/moveit_kinematics:/home/moveit/install/moveit_ros_planning:/home/moveit/install/moveit_ros_occupancy_map_monitor:/home/moveit/install/moveit_core:/home/moveit/install/moveit_resources_fanuc_moveit_config:/home/moveit/install/moveit_resources_fanuc_description:/home/moveit/install/moveit_msgs:/home/moveit/install/moveit_common:${AMENT_PREFIX_PATH} CMAKE_PREFIX_PATH=/home/moveit/install/moveit_kinematics:/home/moveit/install/moveit_ros_planning:/home/moveit/install/moveit_ros_occupancy_map_monitor:/home/moveit/install/moveit_core:/home/moveit/install/moveit_resources_fanuc_moveit_config:/home/moveit/install/moveit_resources_fanuc_description:/home/moveit/install/moveit_msgs:/home/moveit/install/moveit_common:/opt/ros/humble LD_LIBRARY_PATH=/home/moveit/install/moveit_kinematics/lib:/home/moveit/install/moveit_ros_planning/lib:/home/moveit/install/moveit_ros_occupancy_map_monitor/lib:/home/moveit/install/moveit_core/lib:/home/moveit/install/moveit_msgs/lib:${LD_LIBRARY_PATH} PATH=/home/moveit/install/moveit_core/bin:${PATH} PYTHONPATH=/home/moveit/install/moveit_msgs/local/lib/python3.10/dist-packages:${PYTHONPATH} /usr/bin/cmake /home/moveit/src/moveit2/moveit_ros/move_group -DCMAKE_BUILD_TYPE=Release -DCMAKE_INSTALL_PREFIX=/home/moveit/install/moveit_ros_move_group
[0.075s] -- The CXX compiler identification is GNU 11.4.0
[0.081s] -- Detecting CXX compiler ABI info
[0.152s] -- Detecting CXX compiler ABI info - done
[0.157s] -- Check for working CXX compiler: /usr/bin/c++ - skipped
[0.158s] -- Detecting CXX compile features
[0.158s] -- Detecting CXX compile features - done
[0.159s] -- Found moveit_common: 2.9.0 (/home/moveit/install/moveit_common/share/moveit_common/cmake)
[0.164s] -- Found ament_cmake: 1.3.9 (/opt/ros/humble/share/ament_cmake/cmake)
[0.285s] -- Found Python3: /usr/bin/python3 (found version "3.10.12") found components: Interpreter 
[0.447s] -- Found libdw: /usr/lib/x86_64-linux-gnu/libdw.so  
[0.451s] -- Could NOT find libbfd (missing: LIBBFD_LIBRARY LIBBFD_INCLUDE_DIR) 
[0.451s] -- BACKWARD_HAS_UNWIND=1
[0.452s] -- BACKWARD_HAS_BACKTRACE=0
[0.452s] -- BACKWARD_HAS_BACKTRACE_SYMBOL=0
[0.452s] -- BACKWARD_HAS_DW=1
[0.452s] -- BACKWARD_HAS_BFD=0
[0.452s] -- Found Backward: /opt/ros/humble/share/backward_ros/cmake  
[0.684s] -- Found Boost: /usr/lib/x86_64-linux-gnu/cmake/Boost-1.74.0/BoostConfig.cmake (found version "1.74.0") found components: system filesystem date_time program_options thread 
[0.691s] -- Found moveit_core: 2.9.0 (/home/moveit/install/moveit_core/share/moveit_core/cmake)
[0.712s] -- Found Boost: /usr/lib/x86_64-linux-gnu/cmake/Boost-1.74.0/BoostConfig.cmake (found version "1.74.0") found components: chrono date_time filesystem iostreams program_options regex serialization system thread 
[0.767s] -- Found parameter_traits: 0.3.8 (/opt/ros/humble/share/parameter_traits/cmake)
[0.825s] -- Found rosidl_generator_c: 3.1.5 (/opt/ros/humble/share/rosidl_generator_c/cmake)
[0.834s] -- Found rosidl_adapter: 3.1.5 (/opt/ros/humble/share/rosidl_adapter/cmake)
[0.846s] -- Found rosidl_generator_cpp: 3.1.5 (/opt/ros/humble/share/rosidl_generator_cpp/cmake)
[0.862s] -- Using all available rosidl_typesupport_c: rosidl_typesupport_fastrtps_c;rosidl_typesupport_introspection_c
[0.884s] -- Using all available rosidl_typesupport_cpp: rosidl_typesupport_fastrtps_cpp;rosidl_typesupport_introspection_cpp
[0.962s] -- Found rmw_implementation_cmake: 6.1.2 (/opt/ros/humble/share/rmw_implementation_cmake/cmake)
[0.967s] -- Found rmw_cyclonedds_cpp: 1.3.4 (/opt/ros/humble/share/rmw_cyclonedds_cpp/cmake)
[1.002s] -- Using RMW implementation 'rmw_cyclonedds_cpp' as default
[1.018s] -- Found Threads: TRUE  
[1.171s] -- Found Eigen3: TRUE (found version "3.4.0") 
[1.176s] -- Found rclcpp_lifecycle: 16.0.9 (/opt/ros/humble/share/rclcpp_lifecycle/cmake)
[1.220s] -- Found Boost: /usr/lib/x86_64-linux-gnu/cmake/Boost-1.74.0/BoostConfig.cmake (found version "1.74.0") found components: filesystem 
[1.369s] -- library: /usr/lib/x86_64-linux-gnu/libcurl.so
[1.620s] -- Ensuring Eigen3 include directory is part of orocos-kdl CMake target
[2.518s] -- Found moveit_ros_occupancy_map_monitor: 2.9.0 (/home/moveit/install/moveit_ros_occupancy_map_monitor/share/moveit_ros_occupancy_map_monitor/cmake)
[2.664s] -- Found moveit_ros_planning: 2.9.0 (/home/moveit/install/moveit_ros_planning/share/moveit_ros_planning/cmake)
[2.668s] -- Found Boost: /usr/lib/x86_64-linux-gnu/cmake/Boost-1.74.0/BoostConfig.cmake (found version "1.74.0") found components: system filesystem date_time program_options thread chrono 
[2.837s] -- Found std_srvs: 4.2.3 (/opt/ros/humble/share/std_srvs/cmake)
[2.873s] -- Found ament_lint_auto: 0.12.11 (/opt/ros/humble/share/ament_lint_auto/cmake)
[2.900s] -- Added test 'cppcheck' to perform static code analysis on C / C++ code
[2.900s] -- Configured cppcheck include dirs: $<BUILD_INTERFACE:/home/moveit/src/moveit2/moveit_ros/move_group/include>;/home/moveit/src/moveit2/moveit_ros/move_group/include
[2.900s] -- Configured cppcheck exclude dirs and/or files: 
[2.901s] -- Added test 'lint_cmake' to check CMake code style
[2.902s] -- Added test 'pep257' to check Python code against some of the docstring style conventions in PEP 257
[2.903s] -- Added test 'xmllint' to check XML markup files
[2.905s] -- Configuring done
[2.975s] -- Generating done
[2.977s] -- Build files have been written to: /home/moveit/build/moveit_ros_move_group
[2.987s] Invoked command in '/home/moveit/build/moveit_ros_move_group' returned '0': AMENT_PREFIX_PATH=/home/moveit/install/moveit_kinematics:/home/moveit/install/moveit_ros_planning:/home/moveit/install/moveit_ros_occupancy_map_monitor:/home/moveit/install/moveit_core:/home/moveit/install/moveit_resources_fanuc_moveit_config:/home/moveit/install/moveit_resources_fanuc_description:/home/moveit/install/moveit_msgs:/home/moveit/install/moveit_common:${AMENT_PREFIX_PATH} CMAKE_PREFIX_PATH=/home/moveit/install/moveit_kinematics:/home/moveit/install/moveit_ros_planning:/home/moveit/install/moveit_ros_occupancy_map_monitor:/home/moveit/install/moveit_core:/home/moveit/install/moveit_resources_fanuc_moveit_config:/home/moveit/install/moveit_resources_fanuc_description:/home/moveit/install/moveit_msgs:/home/moveit/install/moveit_common:/opt/ros/humble LD_LIBRARY_PATH=/home/moveit/install/moveit_kinematics/lib:/home/moveit/install/moveit_ros_planning/lib:/home/moveit/install/moveit_ros_occupancy_map_monitor/lib:/home/moveit/install/moveit_core/lib:/home/moveit/install/moveit_msgs/lib:${LD_LIBRARY_PATH} PATH=/home/moveit/install/moveit_core/bin:${PATH} PYTHONPATH=/home/moveit/install/moveit_msgs/local/lib/python3.10/dist-packages:${PYTHONPATH} /usr/bin/cmake /home/moveit/src/moveit2/moveit_ros/move_group -DCMAKE_BUILD_TYPE=Release -DCMAKE_INSTALL_PREFIX=/home/moveit/install/moveit_ros_move_group
[2.989s] Invoking command in '/home/moveit/build/moveit_ros_move_group': AMENT_PREFIX_PATH=/home/moveit/install/moveit_kinematics:/home/moveit/install/moveit_ros_planning:/home/moveit/install/moveit_ros_occupancy_map_monitor:/home/moveit/install/moveit_core:/home/moveit/install/moveit_resources_fanuc_moveit_config:/home/moveit/install/moveit_resources_fanuc_description:/home/moveit/install/moveit_msgs:/home/moveit/install/moveit_common:${AMENT_PREFIX_PATH} CMAKE_PREFIX_PATH=/home/moveit/install/moveit_kinematics:/home/moveit/install/moveit_ros_planning:/home/moveit/install/moveit_ros_occupancy_map_monitor:/home/moveit/install/moveit_core:/home/moveit/install/moveit_resources_fanuc_moveit_config:/home/moveit/install/moveit_resources_fanuc_description:/home/moveit/install/moveit_msgs:/home/moveit/install/moveit_common:/opt/ros/humble LD_LIBRARY_PATH=/home/moveit/install/moveit_kinematics/lib:/home/moveit/install/moveit_ros_planning/lib:/home/moveit/install/moveit_ros_occupancy_map_monitor/lib:/home/moveit/install/moveit_core/lib:/home/moveit/install/moveit_msgs/lib:${LD_LIBRARY_PATH} PATH=/home/moveit/install/moveit_core/bin:${PATH} PYTHONPATH=/home/moveit/install/moveit_msgs/local/lib/python3.10/dist-packages:${PYTHONPATH} /usr/bin/cmake --build /home/moveit/build/moveit_ros_move_group -- -j16 -l16
[3.043s] [ 10%] [32mBuilding CXX object CMakeFiles/moveit_move_group_capabilities_base.dir/src/move_group_capability.cpp.o[0m
[3.044s] [ 10%] [32mBuilding CXX object CMakeFiles/moveit_move_group_capabilities_base.dir/src/move_group_context.cpp.o[0m
[14.264s] [ 15%] [32m[1mLinking CXX shared library libmoveit_move_group_capabilities_base.so[0m
[14.457s] [ 15%] Built target moveit_move_group_capabilities_base
[14.485s] [ 42%] [32mBuilding CXX object CMakeFiles/moveit_move_group_default_capabilities.dir/src/default_capabilities/kinematics_service_capability.cpp.o[0m
[14.485s] [ 42%] [32mBuilding CXX object CMakeFiles/moveit_move_group_default_capabilities.dir/src/default_capabilities/cartesian_path_service_capability.cpp.o[0m
[14.485s] [ 42%] [32mBuilding CXX object CMakeFiles/list_move_group_capabilities.dir/src/list_capabilities.cpp.o[0m
[14.485s] [ 42%] [32mBuilding CXX object CMakeFiles/move_group.dir/src/move_group.cpp.o[0m
[14.486s] [ 42%] [32mBuilding CXX object CMakeFiles/moveit_move_group_default_capabilities.dir/src/default_capabilities/clear_octomap_service_capability.cpp.o[0m
[14.486s] [ 52%] [32mBuilding CXX object CMakeFiles/moveit_move_group_default_capabilities.dir/src/default_capabilities/execute_trajectory_action_capability.cpp.o[0m
[14.486s] [ 47%] [32mBuilding CXX object CMakeFiles/moveit_move_group_default_capabilities.dir/src/default_capabilities/move_action_capability.cpp.o[0m
[14.487s] [ 57%] [32mBuilding CXX object CMakeFiles/moveit_move_group_default_capabilities.dir/src/default_capabilities/plan_service_capability.cpp.o[0m
[14.488s] [ 63%] [32mBuilding CXX object CMakeFiles/moveit_move_group_default_capabilities.dir/src/default_capabilities/get_planning_scene_service_capability.cpp.o[0m
[14.488s] [ 68%] [32mBuilding CXX object CMakeFiles/moveit_move_group_default_capabilities.dir/src/default_capabilities/apply_planning_scene_service_capability.cpp.o[0m
[14.491s] [ 78%] [32mBuilding CXX object CMakeFiles/moveit_move_group_default_capabilities.dir/src/default_capabilities/query_planners_service_capability.cpp.o[0m
[14.491s] [ 78%] [32mBuilding CXX object CMakeFiles/moveit_move_group_default_capabilities.dir/src/default_capabilities/state_validation_service_capability.cpp.o[0m
[14.503s] [ 84%] [32mBuilding CXX object CMakeFiles/moveit_move_group_default_capabilities.dir/src/default_capabilities/tf_publisher_capability.cpp.o[0m
[91.598s] [ 89%] [32m[1mLinking CXX executable list_move_group_capabilities[0m
[91.818s] [ 89%] Built target list_move_group_capabilities
[92.953s] [ 94%] [32m[1mLinking CXX executable move_group[0m
[93.172s] [100%] [32m[1mLinking CXX shared library libmoveit_move_group_default_capabilities.so[0m
[93.283s] [100%] Built target move_group
[93.503s] [100%] Built target moveit_move_group_default_capabilities
[93.544s] Invoked command in '/home/moveit/build/moveit_ros_move_group' returned '0': AMENT_PREFIX_PATH=/home/moveit/install/moveit_kinematics:/home/moveit/install/moveit_ros_planning:/home/moveit/install/moveit_ros_occupancy_map_monitor:/home/moveit/install/moveit_core:/home/moveit/install/moveit_resources_fanuc_moveit_config:/home/moveit/install/moveit_resources_fanuc_description:/home/moveit/install/moveit_msgs:/home/moveit/install/moveit_common:${AMENT_PREFIX_PATH} CMAKE_PREFIX_PATH=/home/moveit/install/moveit_kinematics:/home/moveit/install/moveit_ros_planning:/home/moveit/install/moveit_ros_occupancy_map_monitor:/home/moveit/install/moveit_core:/home/moveit/install/moveit_resources_fanuc_moveit_config:/home/moveit/install/moveit_resources_fanuc_description:/home/moveit/install/moveit_msgs:/home/moveit/install/moveit_common:/opt/ros/humble LD_LIBRARY_PATH=/home/moveit/install/moveit_kinematics/lib:/home/moveit/install/moveit_ros_planning/lib:/home/moveit/install/moveit_ros_occupancy_map_monitor/lib:/home/moveit/install/moveit_core/lib:/home/moveit/install/moveit_msgs/lib:${LD_LIBRARY_PATH} PATH=/home/moveit/install/moveit_core/bin:${PATH} PYTHONPATH=/home/moveit/install/moveit_msgs/local/lib/python3.10/dist-packages:${PYTHONPATH} /usr/bin/cmake --build /home/moveit/build/moveit_ros_move_group -- -j16 -l16
[93.608s] Invoking command in '/home/moveit/build/moveit_ros_move_group': AMENT_PREFIX_PATH=/home/moveit/install/moveit_kinematics:/home/moveit/install/moveit_ros_planning:/home/moveit/install/moveit_ros_occupancy_map_monitor:/home/moveit/install/moveit_core:/home/moveit/install/moveit_resources_fanuc_moveit_config:/home/moveit/install/moveit_resources_fanuc_description:/home/moveit/install/moveit_msgs:/home/moveit/install/moveit_common:${AMENT_PREFIX_PATH} CMAKE_PREFIX_PATH=/home/moveit/install/moveit_kinematics:/home/moveit/install/moveit_ros_planning:/home/moveit/install/moveit_ros_occupancy_map_monitor:/home/moveit/install/moveit_core:/home/moveit/install/moveit_resources_fanuc_moveit_config:/home/moveit/install/moveit_resources_fanuc_description:/home/moveit/install/moveit_msgs:/home/moveit/install/moveit_common:/opt/ros/humble LD_LIBRARY_PATH=/home/moveit/install/moveit_kinematics/lib:/home/moveit/install/moveit_ros_planning/lib:/home/moveit/install/moveit_ros_occupancy_map_monitor/lib:/home/moveit/install/moveit_core/lib:/home/moveit/install/moveit_msgs/lib:${LD_LIBRARY_PATH} PATH=/home/moveit/install/moveit_core/bin:${PATH} PYTHONPATH=/home/moveit/install/moveit_msgs/local/lib/python3.10/dist-packages:${PYTHONPATH} /usr/bin/cmake --install /home/moveit/build/moveit_ros_move_group
[93.615s] -- Install configuration: "Release"
[93.616s] -- Installing: /home/moveit/install/moveit_ros_move_group/lib/moveit_ros_move_group/move_group
[93.617s] -- Set runtime path of "/home/moveit/install/moveit_ros_move_group/lib/moveit_ros_move_group/move_group" to ""
[93.617s] -- Installing: /home/moveit/install/moveit_ros_move_group/lib/moveit_ros_move_group/list_move_group_capabilities
[93.618s] -- Set runtime path of "/home/moveit/install/moveit_ros_move_group/lib/moveit_ros_move_group/list_move_group_capabilities" to ""
[93.618s] -- Installing: /home/moveit/install/moveit_ros_move_group/lib/libmoveit_move_group_default_capabilities.so.2.9.0
[93.620s] -- Set runtime path of "/home/moveit/install/moveit_ros_move_group/lib/libmoveit_move_group_default_capabilities.so.2.9.0" to ""
[93.620s] -- Installing: /home/moveit/install/moveit_ros_move_group/lib/libmoveit_move_group_default_capabilities.so
[93.621s] -- Installing: /home/moveit/install/moveit_ros_move_group/lib/libmoveit_move_group_capabilities_base.so.2.9.0
[93.621s] -- Set runtime path of "/home/moveit/install/moveit_ros_move_group/lib/libmoveit_move_group_capabilities_base.so.2.9.0" to ""
[93.621s] -- Installing: /home/moveit/install/moveit_ros_move_group/lib/libmoveit_move_group_capabilities_base.so
[93.621s] -- Installing: /home/moveit/install/moveit_ros_move_group/include/moveit_ros_move_group
[93.622s] -- Installing: /home/moveit/install/moveit_ros_move_group/include/moveit_ros_move_group/moveit
[93.622s] -- Installing: /home/moveit/install/moveit_ros_move_group/include/moveit_ros_move_group/moveit/move_group
[93.622s] -- Installing: /home/moveit/install/moveit_ros_move_group/include/moveit_ros_move_group/moveit/move_group/move_group_context.h
[93.622s] -- Installing: /home/moveit/install/moveit_ros_move_group/include/moveit_ros_move_group/moveit/move_group/capability_names.h
[93.622s] -- Installing: /home/moveit/install/moveit_ros_move_group/include/moveit_ros_move_group/moveit/move_group/move_group_capability.h
[93.623s] -- Installing: /home/moveit/install/moveit_ros_move_group/lib/moveit_ros_move_group/load_map
[93.623s] -- Installing: /home/moveit/install/moveit_ros_move_group/lib/moveit_ros_move_group/save_map
[93.623s] -- Installing: /home/moveit/install/moveit_ros_move_group/share/moveit_ros_move_group/default_capabilities_plugin_description.xml
[93.626s] -- Installing: /home/moveit/install/moveit_ros_move_group/share/moveit_ros_move_group/environment/library_path.sh
[93.626s] -- Installing: /home/moveit/install/moveit_ros_move_group/share/moveit_ros_move_group/environment/library_path.dsv
[93.627s] -- Installing: /home/moveit/install/moveit_ros_move_group/share/ament_index/resource_index/package_run_dependencies/moveit_ros_move_group
[93.627s] -- Installing: /home/moveit/install/moveit_ros_move_group/share/ament_index/resource_index/parent_prefix_path/moveit_ros_move_group
[93.630s] -- Installing: /home/moveit/install/moveit_ros_move_group/share/moveit_ros_move_group/environment/ament_prefix_path.sh
[93.630s] -- Installing: /home/moveit/install/moveit_ros_move_group/share/moveit_ros_move_group/environment/ament_prefix_path.dsv
[93.631s] -- Installing: /home/moveit/install/moveit_ros_move_group/share/moveit_ros_move_group/environment/path.sh
[93.631s] -- Installing: /home/moveit/install/moveit_ros_move_group/share/moveit_ros_move_group/environment/path.dsv
[93.631s] -- Installing: /home/moveit/install/moveit_ros_move_group/share/moveit_ros_move_group/local_setup.bash
[93.631s] -- Installing: /home/moveit/install/moveit_ros_move_group/share/moveit_ros_move_group/local_setup.sh
[93.631s] -- Installing: /home/moveit/install/moveit_ros_move_group/share/moveit_ros_move_group/local_setup.zsh
[93.632s] -- Installing: /home/moveit/install/moveit_ros_move_group/share/moveit_ros_move_group/local_setup.dsv
[93.632s] -- Installing: /home/moveit/install/moveit_ros_move_group/share/moveit_ros_move_group/package.dsv
[93.632s] -- Installing: /home/moveit/install/moveit_ros_move_group/share/ament_index/resource_index/packages/moveit_ros_move_group
[93.632s] -- Installing: /home/moveit/install/moveit_ros_move_group/share/ament_index/resource_index/moveit_ros_move_group__pluginlib__plugin/moveit_ros_move_group
[93.633s] -- Installing: /home/moveit/install/moveit_ros_move_group/share/moveit_ros_move_group/cmake/moveit_ros_move_groupTargetsExport.cmake
[93.633s] -- Installing: /home/moveit/install/moveit_ros_move_group/share/moveit_ros_move_group/cmake/moveit_ros_move_groupTargetsExport-release.cmake
[93.633s] -- Installing: /home/moveit/install/moveit_ros_move_group/share/moveit_ros_move_group/cmake/ConfigExtras.cmake
[93.634s] -- Installing: /home/moveit/install/moveit_ros_move_group/share/moveit_ros_move_group/cmake/ament_cmake_export_targets-extras.cmake
[93.634s] -- Installing: /home/moveit/install/moveit_ros_move_group/share/moveit_ros_move_group/cmake/ament_cmake_export_dependencies-extras.cmake
[93.634s] -- Installing: /home/moveit/install/moveit_ros_move_group/share/moveit_ros_move_group/cmake/moveit_ros_move_groupConfig.cmake
[93.634s] -- Installing: /home/moveit/install/moveit_ros_move_group/share/moveit_ros_move_group/cmake/moveit_ros_move_groupConfig-version.cmake
[93.635s] -- Installing: /home/moveit/install/moveit_ros_move_group/share/moveit_ros_move_group/package.xml
[93.639s] Invoked command in '/home/moveit/build/moveit_ros_move_group' returned '0': AMENT_PREFIX_PATH=/home/moveit/install/moveit_kinematics:/home/moveit/install/moveit_ros_planning:/home/moveit/install/moveit_ros_occupancy_map_monitor:/home/moveit/install/moveit_core:/home/moveit/install/moveit_resources_fanuc_moveit_config:/home/moveit/install/moveit_resources_fanuc_description:/home/moveit/install/moveit_msgs:/home/moveit/install/moveit_common:${AMENT_PREFIX_PATH} CMAKE_PREFIX_PATH=/home/moveit/install/moveit_kinematics:/home/moveit/install/moveit_ros_planning:/home/moveit/install/moveit_ros_occupancy_map_monitor:/home/moveit/install/moveit_core:/home/moveit/install/moveit_resources_fanuc_moveit_config:/home/moveit/install/moveit_resources_fanuc_description:/home/moveit/install/moveit_msgs:/home/moveit/install/moveit_common:/opt/ros/humble LD_LIBRARY_PATH=/home/moveit/install/moveit_kinematics/lib:/home/moveit/install/moveit_ros_planning/lib:/home/moveit/install/moveit_ros_occupancy_map_monitor/lib:/home/moveit/install/moveit_core/lib:/home/moveit/install/moveit_msgs/lib:${LD_LIBRARY_PATH} PATH=/home/moveit/install/moveit_core/bin:${PATH} PYTHONPATH=/home/moveit/install/moveit_msgs/local/lib/python3.10/dist-packages:${PYTHONPATH} /usr/bin/cmake --install /home/moveit/build/moveit_ros_move_group
