[0.030s] Invoking command in '/home/moveit/build/moveit_ros_planning': CMAKE_PREFIX_PATH=/home/moveit/install/moveit_ros_occupancy_map_monitor:/home/moveit/install/moveit_core:/home/moveit/install/moveit_resources_panda_moveit_config:/home/moveit/install/moveit_resources_panda_description:/home/moveit/install/moveit_msgs:/home/moveit/install/moveit_common:/home/humble_ws/install/antworker_moveit_description:/home/moveit/install/pilz_industrial_motion_planner_testutils:/home/moveit/install/moveit_runtime:/home/moveit/install/moveit:/home/moveit/install/moveit_planners:/home/moveit/install/pilz_industrial_motion_planner:/home/moveit/install/moveit_ros_control_interface:/home/moveit/install/moveit_plugins:/home/moveit/install/moveit_simple_controller_manager:/home/moveit/install/moveit_setup_assistant:/home/moveit/install/moveit_setup_srdf_plugins:/home/moveit/install/moveit_setup_core_plugins:/home/moveit/install/moveit_setup_controllers:/home/moveit/install/moveit_setup_app_plugins:/home/moveit/install/moveit_setup_framework:/home/moveit/install/moveit_servo:/home/moveit/install/moveit_ros:/home/moveit/install/moveit_ros_visualization:/home/moveit/install/moveit_py:/home/moveit/install/moveit_hybrid_planning:/home/moveit/install/moveit_ros_planning_interface:/home/moveit/install/moveit_ros_benchmarks:/home/moveit/install/moveit_ros_warehouse:/home/moveit/install/moveit_ros_robot_interaction:/home/moveit/install/moveit_ros_perception:/home/moveit/install/moveit_resources_prbt_pg70_support:/home/moveit/install/moveit_resources_prbt_moveit_config:/home/moveit/install/moveit_ros_move_group:/home/moveit/install/moveit_planners_ompl:/home/moveit/install/moveit_kinematics:/home/moveit/install/moveit_ros_planning:/home/moveit/install/moveit_resources_prbt_support:/home/moveit/install/moveit_resources_prbt_ikfast_manipulator_plugin:/home/moveit/install/moveit_resources:/home/moveit/install/moveit_resources_pr2_description:/home/moveit/install/dual_arm_panda_moveit_config:/home/moveit/install/moveit_resources_fanuc_moveit_config:/home/moveit/install/moveit_resources_fanuc_description:/home/moveit/install/moveit_planners_stomp:/home/moveit/install/moveit_planners_chomp:/home/moveit/install/chomp_motion_planner:/home/humble_ws/install/moveit_rolling_humble_interface:/home/humble_ws/install/kortex_interface:/home/humble_ws/install/attempt_py_moveit:/home/humble_ws/install/antworker_navigation:/home/humble_ws/install/antworker_isaacsim_world:/home/humble_ws/install/antworker_description:/home/moveit/install/moveit_configs_utils:/opt/ros/humble LD_LIBRARY_PATH=/home/moveit/install/moveit_ros_occupancy_map_monitor/lib:/home/moveit/install/moveit_core/lib:/home/moveit/install/moveit_msgs/lib:/home/moveit/install/pilz_industrial_motion_planner_testutils/lib:/home/moveit/install/pilz_industrial_motion_planner/lib:/home/moveit/install/moveit_ros_control_interface/lib:/home/moveit/install/moveit_simple_controller_manager/lib:/home/moveit/install/moveit_setup_assistant/lib:/home/moveit/install/moveit_setup_srdf_plugins/lib:/home/moveit/install/moveit_setup_core_plugins/lib:/home/moveit/install/moveit_setup_controllers/lib:/home/moveit/install/moveit_setup_app_plugins/lib:/home/moveit/install/moveit_setup_framework/lib:/home/moveit/install/moveit_servo/lib:/home/moveit/install/moveit_ros_visualization/lib:/home/moveit/install/moveit_py/lib:/home/moveit/install/moveit_hybrid_planning/lib:/home/moveit/install/moveit_ros_planning_interface/lib:/home/moveit/install/moveit_ros_benchmarks/lib:/home/moveit/install/moveit_ros_warehouse/lib:/home/moveit/install/moveit_ros_robot_interaction/lib:/home/moveit/install/moveit_ros_perception/lib:/home/moveit/install/moveit_ros_move_group/lib:/home/moveit/install/moveit_planners_ompl/lib:/home/moveit/install/moveit_kinematics/lib:/home/moveit/install/moveit_ros_planning/lib:/home/moveit/install/moveit_resources_prbt_ikfast_manipulator_plugin/lib:/home/moveit/install/moveit_planners_stomp/lib:/home/moveit/install/moveit_planners_chomp/lib:/home/moveit/install/chomp_motion_planner/lib:/opt/ros/humble/opt/rviz_ogre_vendor/lib:/opt/ros/humble/lib/x86_64-linux-gnu:/opt/ros/humble/lib /usr/bin/cmake --build /home/moveit/build/moveit_ros_planning -- -j16 -l16
[0.129s] [  2%] Built target default_response_adapter_parameters
[0.129s] [  2%] Built target kinematics_parameters
[0.130s] [  5%] Built target default_request_adapter_parameters
[0.131s] [  6%] Built target gtest_main
[0.131s] [  9%] Built target gtest
[0.131s] [ 11%] Built target gmock_main
[0.132s] [ 15%] Built target gmock
[0.133s] [ 16%] Built target planning_pipeline_parameters
[0.146s] [ 24%] Built target moveit_pipeline_test_plugins
[0.147s] [ 25%] Built target moveit_collision_plugin_loader
[0.147s] [ 25%] Built target moveit_rdf_loader
[0.189s] [ 28%] Built target moveit_planning_pipeline
[0.194s] [ 36%] Built target moveit_default_planning_request_adapter_plugins
[0.196s] [ 42%] Built target moveit_default_planning_response_adapter_plugins
[0.199s] [ 46%] Built target moveit_constraint_sampler_manager_loader
[0.199s] [ 48%] Built target moveit_kinematics_plugin_loader
[0.242s] [ 50%] Built target moveit_planning_pipeline_test
[0.243s] [ 55%] Built target moveit_robot_model_loader
[0.243s] [ 59%] Built target moveit_planning_pipeline_interfaces
[0.289s] [ 62%] Built target moveit_print_planning_model_info
[0.307s] [ 70%] Built target moveit_planning_scene_monitor
[0.375s] [ 77%] Built target moveit_display_random_state
[0.376s] [ 77%] Built target moveit_trajectory_execution_manager
[0.376s] [ 77%] Built target moveit_visualize_robot_collision_volume
[0.376s] [ 80%] Built target trajectory_monitor_tests
[0.377s] [ 83%] Built target moveit_publish_scene_from_text
[0.377s] [ 85%] Built target moveit_evaluate_collision_checking_speed
[0.378s] [ 88%] Built target moveit_print_planning_scene_info
[0.379s] [ 90%] Built target current_state_monitor_tests
[0.383s] [ 93%] Built target demo_scene
[0.431s] [ 98%] Built target moveit_plan_execution
[0.431s] [100%] Built target moveit_cpp
[0.450s] Invoked command in '/home/moveit/build/moveit_ros_planning' returned '0': CMAKE_PREFIX_PATH=/home/moveit/install/moveit_ros_occupancy_map_monitor:/home/moveit/install/moveit_core:/home/moveit/install/moveit_resources_panda_moveit_config:/home/moveit/install/moveit_resources_panda_description:/home/moveit/install/moveit_msgs:/home/moveit/install/moveit_common:/home/humble_ws/install/antworker_moveit_description:/home/moveit/install/pilz_industrial_motion_planner_testutils:/home/moveit/install/moveit_runtime:/home/moveit/install/moveit:/home/moveit/install/moveit_planners:/home/moveit/install/pilz_industrial_motion_planner:/home/moveit/install/moveit_ros_control_interface:/home/moveit/install/moveit_plugins:/home/moveit/install/moveit_simple_controller_manager:/home/moveit/install/moveit_setup_assistant:/home/moveit/install/moveit_setup_srdf_plugins:/home/moveit/install/moveit_setup_core_plugins:/home/moveit/install/moveit_setup_controllers:/home/moveit/install/moveit_setup_app_plugins:/home/moveit/install/moveit_setup_framework:/home/moveit/install/moveit_servo:/home/moveit/install/moveit_ros:/home/moveit/install/moveit_ros_visualization:/home/moveit/install/moveit_py:/home/moveit/install/moveit_hybrid_planning:/home/moveit/install/moveit_ros_planning_interface:/home/moveit/install/moveit_ros_benchmarks:/home/moveit/install/moveit_ros_warehouse:/home/moveit/install/moveit_ros_robot_interaction:/home/moveit/install/moveit_ros_perception:/home/moveit/install/moveit_resources_prbt_pg70_support:/home/moveit/install/moveit_resources_prbt_moveit_config:/home/moveit/install/moveit_ros_move_group:/home/moveit/install/moveit_planners_ompl:/home/moveit/install/moveit_kinematics:/home/moveit/install/moveit_ros_planning:/home/moveit/install/moveit_resources_prbt_support:/home/moveit/install/moveit_resources_prbt_ikfast_manipulator_plugin:/home/moveit/install/moveit_resources:/home/moveit/install/moveit_resources_pr2_description:/home/moveit/install/dual_arm_panda_moveit_config:/home/moveit/install/moveit_resources_fanuc_moveit_config:/home/moveit/install/moveit_resources_fanuc_description:/home/moveit/install/moveit_planners_stomp:/home/moveit/install/moveit_planners_chomp:/home/moveit/install/chomp_motion_planner:/home/humble_ws/install/moveit_rolling_humble_interface:/home/humble_ws/install/kortex_interface:/home/humble_ws/install/attempt_py_moveit:/home/humble_ws/install/antworker_navigation:/home/humble_ws/install/antworker_isaacsim_world:/home/humble_ws/install/antworker_description:/home/moveit/install/moveit_configs_utils:/opt/ros/humble LD_LIBRARY_PATH=/home/moveit/install/moveit_ros_occupancy_map_monitor/lib:/home/moveit/install/moveit_core/lib:/home/moveit/install/moveit_msgs/lib:/home/moveit/install/pilz_industrial_motion_planner_testutils/lib:/home/moveit/install/pilz_industrial_motion_planner/lib:/home/moveit/install/moveit_ros_control_interface/lib:/home/moveit/install/moveit_simple_controller_manager/lib:/home/moveit/install/moveit_setup_assistant/lib:/home/moveit/install/moveit_setup_srdf_plugins/lib:/home/moveit/install/moveit_setup_core_plugins/lib:/home/moveit/install/moveit_setup_controllers/lib:/home/moveit/install/moveit_setup_app_plugins/lib:/home/moveit/install/moveit_setup_framework/lib:/home/moveit/install/moveit_servo/lib:/home/moveit/install/moveit_ros_visualization/lib:/home/moveit/install/moveit_py/lib:/home/moveit/install/moveit_hybrid_planning/lib:/home/moveit/install/moveit_ros_planning_interface/lib:/home/moveit/install/moveit_ros_benchmarks/lib:/home/moveit/install/moveit_ros_warehouse/lib:/home/moveit/install/moveit_ros_robot_interaction/lib:/home/moveit/install/moveit_ros_perception/lib:/home/moveit/install/moveit_ros_move_group/lib:/home/moveit/install/moveit_planners_ompl/lib:/home/moveit/install/moveit_kinematics/lib:/home/moveit/install/moveit_ros_planning/lib:/home/moveit/install/moveit_resources_prbt_ikfast_manipulator_plugin/lib:/home/moveit/install/moveit_planners_stomp/lib:/home/moveit/install/moveit_planners_chomp/lib:/home/moveit/install/chomp_motion_planner/lib:/opt/ros/humble/opt/rviz_ogre_vendor/lib:/opt/ros/humble/lib/x86_64-linux-gnu:/opt/ros/humble/lib /usr/bin/cmake --build /home/moveit/build/moveit_ros_planning -- -j16 -l16
[0.558s] Invoking command in '/home/moveit/build/moveit_ros_planning': CMAKE_PREFIX_PATH=/home/moveit/install/moveit_ros_occupancy_map_monitor:/home/moveit/install/moveit_core:/home/moveit/install/moveit_resources_panda_moveit_config:/home/moveit/install/moveit_resources_panda_description:/home/moveit/install/moveit_msgs:/home/moveit/install/moveit_common:/home/humble_ws/install/antworker_moveit_description:/home/moveit/install/pilz_industrial_motion_planner_testutils:/home/moveit/install/moveit_runtime:/home/moveit/install/moveit:/home/moveit/install/moveit_planners:/home/moveit/install/pilz_industrial_motion_planner:/home/moveit/install/moveit_ros_control_interface:/home/moveit/install/moveit_plugins:/home/moveit/install/moveit_simple_controller_manager:/home/moveit/install/moveit_setup_assistant:/home/moveit/install/moveit_setup_srdf_plugins:/home/moveit/install/moveit_setup_core_plugins:/home/moveit/install/moveit_setup_controllers:/home/moveit/install/moveit_setup_app_plugins:/home/moveit/install/moveit_setup_framework:/home/moveit/install/moveit_servo:/home/moveit/install/moveit_ros:/home/moveit/install/moveit_ros_visualization:/home/moveit/install/moveit_py:/home/moveit/install/moveit_hybrid_planning:/home/moveit/install/moveit_ros_planning_interface:/home/moveit/install/moveit_ros_benchmarks:/home/moveit/install/moveit_ros_warehouse:/home/moveit/install/moveit_ros_robot_interaction:/home/moveit/install/moveit_ros_perception:/home/moveit/install/moveit_resources_prbt_pg70_support:/home/moveit/install/moveit_resources_prbt_moveit_config:/home/moveit/install/moveit_ros_move_group:/home/moveit/install/moveit_planners_ompl:/home/moveit/install/moveit_kinematics:/home/moveit/install/moveit_ros_planning:/home/moveit/install/moveit_resources_prbt_support:/home/moveit/install/moveit_resources_prbt_ikfast_manipulator_plugin:/home/moveit/install/moveit_resources:/home/moveit/install/moveit_resources_pr2_description:/home/moveit/install/dual_arm_panda_moveit_config:/home/moveit/install/moveit_resources_fanuc_moveit_config:/home/moveit/install/moveit_resources_fanuc_description:/home/moveit/install/moveit_planners_stomp:/home/moveit/install/moveit_planners_chomp:/home/moveit/install/chomp_motion_planner:/home/humble_ws/install/moveit_rolling_humble_interface:/home/humble_ws/install/kortex_interface:/home/humble_ws/install/attempt_py_moveit:/home/humble_ws/install/antworker_navigation:/home/humble_ws/install/antworker_isaacsim_world:/home/humble_ws/install/antworker_description:/home/moveit/install/moveit_configs_utils:/opt/ros/humble LD_LIBRARY_PATH=/home/moveit/install/moveit_ros_occupancy_map_monitor/lib:/home/moveit/install/moveit_core/lib:/home/moveit/install/moveit_msgs/lib:/home/moveit/install/pilz_industrial_motion_planner_testutils/lib:/home/moveit/install/pilz_industrial_motion_planner/lib:/home/moveit/install/moveit_ros_control_interface/lib:/home/moveit/install/moveit_simple_controller_manager/lib:/home/moveit/install/moveit_setup_assistant/lib:/home/moveit/install/moveit_setup_srdf_plugins/lib:/home/moveit/install/moveit_setup_core_plugins/lib:/home/moveit/install/moveit_setup_controllers/lib:/home/moveit/install/moveit_setup_app_plugins/lib:/home/moveit/install/moveit_setup_framework/lib:/home/moveit/install/moveit_servo/lib:/home/moveit/install/moveit_ros_visualization/lib:/home/moveit/install/moveit_py/lib:/home/moveit/install/moveit_hybrid_planning/lib:/home/moveit/install/moveit_ros_planning_interface/lib:/home/moveit/install/moveit_ros_benchmarks/lib:/home/moveit/install/moveit_ros_warehouse/lib:/home/moveit/install/moveit_ros_robot_interaction/lib:/home/moveit/install/moveit_ros_perception/lib:/home/moveit/install/moveit_ros_move_group/lib:/home/moveit/install/moveit_planners_ompl/lib:/home/moveit/install/moveit_kinematics/lib:/home/moveit/install/moveit_ros_planning/lib:/home/moveit/install/moveit_resources_prbt_ikfast_manipulator_plugin/lib:/home/moveit/install/moveit_planners_stomp/lib:/home/moveit/install/moveit_planners_chomp/lib:/home/moveit/install/chomp_motion_planner/lib:/opt/ros/humble/opt/rviz_ogre_vendor/lib:/opt/ros/humble/lib/x86_64-linux-gnu:/opt/ros/humble/lib /usr/bin/cmake --install /home/moveit/build/moveit_ros_planning
[0.571s] -- Install configuration: "Release"
[0.577s] -- Up-to-date: /home/moveit/install/moveit_ros_planning/include/moveit_ros_planning
[0.577s] -- Up-to-date: /home/moveit/install/moveit_ros_planning/include/moveit_ros_planning/moveit
[0.577s] -- Up-to-date: /home/moveit/install/moveit_ros_planning/include/moveit_ros_planning/moveit/collision_plugin_loader
[0.577s] -- Up-to-date: /home/moveit/install/moveit_ros_planning/include/moveit_ros_planning/moveit/collision_plugin_loader/collision_plugin_loader.h
[0.577s] -- Up-to-date: /home/moveit/install/moveit_ros_planning/include/moveit_ros_planning
[0.578s] -- Up-to-date: /home/moveit/install/moveit_ros_planning/include/moveit_ros_planning/moveit
[0.578s] -- Up-to-date: /home/moveit/install/moveit_ros_planning/include/moveit_ros_planning/moveit/constraint_sampler_manager_loader
[0.578s] -- Up-to-date: /home/moveit/install/moveit_ros_planning/include/moveit_ros_planning/moveit/constraint_sampler_manager_loader/constraint_sampler_manager_loader.h
[0.578s] -- Up-to-date: /home/moveit/install/moveit_ros_planning/include/kinematics_parameters
[0.578s] -- Up-to-date: /home/moveit/install/moveit_ros_planning/include/kinematics_parameters/kinematics_parameters.hpp
[0.578s] -- Up-to-date: /home/moveit/install/moveit_ros_planning/include/moveit_ros_planning
[0.579s] -- Up-to-date: /home/moveit/install/moveit_ros_planning/include/moveit_ros_planning/moveit
[0.579s] -- Up-to-date: /home/moveit/install/moveit_ros_planning/include/moveit_ros_planning/moveit/kinematics_plugin_loader
[0.579s] -- Up-to-date: /home/moveit/install/moveit_ros_planning/include/moveit_ros_planning/moveit/kinematics_plugin_loader/kinematics_plugin_loader.h
[0.579s] -- Up-to-date: /home/moveit/install/moveit_ros_planning/include/moveit_ros_planning
[0.579s] -- Up-to-date: /home/moveit/install/moveit_ros_planning/include/moveit_ros_planning/moveit
[0.579s] -- Up-to-date: /home/moveit/install/moveit_ros_planning/include/moveit_ros_planning/moveit/moveit_cpp
[0.579s] -- Up-to-date: /home/moveit/install/moveit_ros_planning/include/moveit_ros_planning/moveit/moveit_cpp/moveit_cpp.h
[0.579s] -- Up-to-date: /home/moveit/install/moveit_ros_planning/include/moveit_ros_planning/moveit/moveit_cpp/planning_component.h
[0.579s] -- Up-to-date: /home/moveit/install/moveit_ros_planning/include/moveit_ros_planning
[0.580s] -- Up-to-date: /home/moveit/install/moveit_ros_planning/include/moveit_ros_planning/moveit
[0.580s] -- Up-to-date: /home/moveit/install/moveit_ros_planning/include/moveit_ros_planning/moveit/plan_execution
[0.580s] -- Up-to-date: /home/moveit/install/moveit_ros_planning/include/moveit_ros_planning/moveit/plan_execution/plan_representation.h
[0.580s] -- Up-to-date: /home/moveit/install/moveit_ros_planning/include/moveit_ros_planning/moveit/plan_execution/plan_execution.h
[0.580s] -- Up-to-date: /home/moveit/install/moveit_ros_planning/lib/moveit_ros_planning/moveit_print_planning_model_info
[0.580s] -- Up-to-date: /home/moveit/install/moveit_ros_planning/lib/moveit_ros_planning/moveit_print_planning_scene_info
[0.581s] -- Up-to-date: /home/moveit/install/moveit_ros_planning/lib/moveit_ros_planning/moveit_display_random_state
[0.581s] -- Up-to-date: /home/moveit/install/moveit_ros_planning/lib/moveit_ros_planning/moveit_visualize_robot_collision_volume
[0.582s] -- Up-to-date: /home/moveit/install/moveit_ros_planning/lib/moveit_ros_planning/moveit_evaluate_collision_checking_speed
[0.582s] -- Up-to-date: /home/moveit/install/moveit_ros_planning/lib/moveit_ros_planning/moveit_publish_scene_from_text
[0.582s] -- Up-to-date: /home/moveit/install/moveit_ros_planning/include/planning_pipeline_parameters
[0.583s] -- Up-to-date: /home/moveit/install/moveit_ros_planning/include/planning_pipeline_parameters/planning_pipeline_parameters.hpp
[0.583s] -- Up-to-date: /home/moveit/install/moveit_ros_planning/lib/libmoveit_pipeline_test_plugins.so.2.9.0
[0.583s] -- Up-to-date: /home/moveit/install/moveit_ros_planning/lib/libmoveit_pipeline_test_plugins.so
[0.583s] -- Up-to-date: /home/moveit/install/moveit_ros_planning/include/moveit_ros_planning
[0.583s] -- Up-to-date: /home/moveit/install/moveit_ros_planning/include/moveit_ros_planning/moveit
[0.583s] -- Up-to-date: /home/moveit/install/moveit_ros_planning/include/moveit_ros_planning/moveit/planning_pipeline
[0.584s] -- Up-to-date: /home/moveit/install/moveit_ros_planning/include/moveit_ros_planning/moveit/planning_pipeline/planning_pipeline.h
[0.584s] -- Up-to-date: /home/moveit/install/moveit_ros_planning/include/moveit_ros_planning/moveit_planning_pipeline_export.h
[0.584s] -- Up-to-date: /home/moveit/install/moveit_ros_planning/include/moveit_ros_planning
[0.584s] -- Up-to-date: /home/moveit/install/moveit_ros_planning/include/moveit_ros_planning/moveit
[0.584s] -- Up-to-date: /home/moveit/install/moveit_ros_planning/include/moveit_ros_planning/moveit/planning_pipeline_interfaces
[0.584s] -- Up-to-date: /home/moveit/install/moveit_ros_planning/include/moveit_ros_planning/moveit/planning_pipeline_interfaces/plan_responses_container.hpp
[0.584s] -- Up-to-date: /home/moveit/install/moveit_ros_planning/include/moveit_ros_planning/moveit/planning_pipeline_interfaces/planning_pipeline_interfaces.hpp
[0.584s] -- Up-to-date: /home/moveit/install/moveit_ros_planning/include/moveit_ros_planning/moveit/planning_pipeline_interfaces/solution_selection_functions.hpp
[0.584s] -- Up-to-date: /home/moveit/install/moveit_ros_planning/include/moveit_ros_planning/moveit/planning_pipeline_interfaces/stopping_criterion_functions.hpp
[0.585s] -- Up-to-date: /home/moveit/install/moveit_ros_planning/include/moveit_ros_planning/moveit_planning_pipeline_interfaces_export.h
[0.585s] -- Up-to-date: /home/moveit/install/moveit_ros_planning/include/default_request_adapter_parameters
[0.585s] -- Up-to-date: /home/moveit/install/moveit_ros_planning/include/default_request_adapter_parameters/default_request_adapter_parameters.hpp
[0.585s] -- Up-to-date: /home/moveit/install/moveit_ros_planning/include/default_response_adapter_parameters
[0.585s] -- Up-to-date: /home/moveit/install/moveit_ros_planning/include/default_response_adapter_parameters/default_response_adapter_parameters.hpp
[0.585s] -- Up-to-date: /home/moveit/install/moveit_ros_planning/lib/moveit_ros_planning/demo_scene
[0.585s] -- Up-to-date: /home/moveit/install/moveit_ros_planning/include/moveit_ros_planning
[0.586s] -- Up-to-date: /home/moveit/install/moveit_ros_planning/include/moveit_ros_planning/moveit
[0.586s] -- Up-to-date: /home/moveit/install/moveit_ros_planning/include/moveit_ros_planning/moveit/planning_scene_monitor
[0.586s] -- Up-to-date: /home/moveit/install/moveit_ros_planning/include/moveit_ros_planning/moveit/planning_scene_monitor/planning_scene_monitor.h
[0.586s] -- Up-to-date: /home/moveit/install/moveit_ros_planning/include/moveit_ros_planning/moveit/planning_scene_monitor/current_state_monitor_middleware_handle.hpp
[0.586s] -- Up-to-date: /home/moveit/install/moveit_ros_planning/include/moveit_ros_planning/moveit/planning_scene_monitor/trajectory_monitor_middleware_handle.hpp
[0.586s] -- Up-to-date: /home/moveit/install/moveit_ros_planning/include/moveit_ros_planning/moveit/planning_scene_monitor/current_state_monitor.h
[0.586s] -- Up-to-date: /home/moveit/install/moveit_ros_planning/include/moveit_ros_planning/moveit/planning_scene_monitor/trajectory_monitor.h
[0.586s] -- Up-to-date: /home/moveit/install/moveit_ros_planning/include/moveit_ros_planning/moveit_planning_scene_monitor_export.h
[0.586s] -- Up-to-date: /home/moveit/install/moveit_ros_planning/include/moveit_ros_planning
[0.586s] -- Up-to-date: /home/moveit/install/moveit_ros_planning/include/moveit_ros_planning/moveit
[0.586s] -- Up-to-date: /home/moveit/install/moveit_ros_planning/include/moveit_ros_planning/moveit/rdf_loader
[0.586s] -- Up-to-date: /home/moveit/install/moveit_ros_planning/include/moveit_ros_planning/moveit/rdf_loader/rdf_loader.h
[0.586s] -- Up-to-date: /home/moveit/install/moveit_ros_planning/include/moveit_ros_planning/moveit/rdf_loader/synchronized_string_parameter.h
[0.587s] -- Up-to-date: /home/moveit/install/moveit_ros_planning/share/moveit_ros_planning/rdf_loader/test/data
[0.587s] -- Up-to-date: /home/moveit/install/moveit_ros_planning/share/moveit_ros_planning/rdf_loader/test/data/gonzo.urdf
[0.587s] -- Up-to-date: /home/moveit/install/moveit_ros_planning/share/moveit_ros_planning/rdf_loader/test/data/gonzo.srdf
[0.587s] -- Up-to-date: /home/moveit/install/moveit_ros_planning/share/moveit_ros_planning/rdf_loader/test/data/kermit.urdf
[0.587s] -- Up-to-date: /home/moveit/install/moveit_ros_planning/share/moveit_ros_planning/rdf_loader/test/data/kermit.srdf
[0.587s] -- Up-to-date: /home/moveit/install/moveit_ros_planning/share/moveit_ros_planning/rdf_loader/test/data/robin.srdf.xacro
[0.587s] -- Up-to-date: /home/moveit/install/moveit_ros_planning/share/moveit_ros_planning/rdf_loader/test/launch
[0.587s] -- Up-to-date: /home/moveit/install/moveit_ros_planning/share/moveit_ros_planning/rdf_loader/test/launch/test_rdf_integration.test.py
[0.587s] -- Up-to-date: /home/moveit/install/moveit_ros_planning/include/moveit_ros_planning
[0.587s] -- Up-to-date: /home/moveit/install/moveit_ros_planning/include/moveit_ros_planning/moveit
[0.587s] -- Up-to-date: /home/moveit/install/moveit_ros_planning/include/moveit_ros_planning/moveit/robot_model_loader
[0.587s] -- Up-to-date: /home/moveit/install/moveit_ros_planning/include/moveit_ros_planning/moveit/robot_model_loader/robot_model_loader.h
[0.587s] -- Up-to-date: /home/moveit/install/moveit_ros_planning/include/moveit_ros_planning
[0.587s] -- Up-to-date: /home/moveit/install/moveit_ros_planning/include/moveit_ros_planning/moveit
[0.587s] -- Up-to-date: /home/moveit/install/moveit_ros_planning/include/moveit_ros_planning/moveit/trajectory_execution_manager
[0.587s] -- Up-to-date: /home/moveit/install/moveit_ros_planning/include/moveit_ros_planning/moveit/trajectory_execution_manager/trajectory_execution_manager.h
[0.588s] -- Up-to-date: /home/moveit/install/moveit_ros_planning/include/moveit_ros_planning/moveit_trajectory_execution_manager_export.h
[0.588s] -- Up-to-date: /home/moveit/install/moveit_ros_planning/lib/libmoveit_rdf_loader.so.2.9.0
[0.588s] -- Up-to-date: /home/moveit/install/moveit_ros_planning/lib/libmoveit_rdf_loader.so
[0.588s] -- Up-to-date: /home/moveit/install/moveit_ros_planning/lib/libmoveit_kinematics_plugin_loader.so.2.9.0
[0.588s] -- Up-to-date: /home/moveit/install/moveit_ros_planning/lib/libmoveit_kinematics_plugin_loader.so
[0.589s] -- Up-to-date: /home/moveit/install/moveit_ros_planning/lib/libmoveit_robot_model_loader.so.2.9.0
[0.589s] -- Up-to-date: /home/moveit/install/moveit_ros_planning/lib/libmoveit_robot_model_loader.so
[0.589s] -- Up-to-date: /home/moveit/install/moveit_ros_planning/lib/libmoveit_constraint_sampler_manager_loader.so.2.9.0
[0.590s] -- Up-to-date: /home/moveit/install/moveit_ros_planning/lib/libmoveit_constraint_sampler_manager_loader.so
[0.590s] -- Up-to-date: /home/moveit/install/moveit_ros_planning/lib/libmoveit_planning_pipeline.so.2.9.0
[0.590s] -- Up-to-date: /home/moveit/install/moveit_ros_planning/lib/libmoveit_planning_pipeline.so
[0.591s] -- Up-to-date: /home/moveit/install/moveit_ros_planning/lib/libmoveit_planning_pipeline_interfaces.so.2.9.0
[0.591s] -- Up-to-date: /home/moveit/install/moveit_ros_planning/lib/libmoveit_planning_pipeline_interfaces.so
[0.591s] -- Up-to-date: /home/moveit/install/moveit_ros_planning/lib/libmoveit_trajectory_execution_manager.so.2.9.0
[0.591s] -- Up-to-date: /home/moveit/install/moveit_ros_planning/lib/libmoveit_trajectory_execution_manager.so
[0.592s] -- Up-to-date: /home/moveit/install/moveit_ros_planning/lib/libmoveit_plan_execution.so.2.9.0
[0.592s] -- Up-to-date: /home/moveit/install/moveit_ros_planning/lib/libmoveit_plan_execution.so
[0.592s] -- Up-to-date: /home/moveit/install/moveit_ros_planning/lib/libmoveit_planning_scene_monitor.so.2.9.0
[0.592s] -- Up-to-date: /home/moveit/install/moveit_ros_planning/lib/libmoveit_planning_scene_monitor.so
[0.593s] -- Up-to-date: /home/moveit/install/moveit_ros_planning/lib/libmoveit_collision_plugin_loader.so.2.9.0
[0.593s] -- Up-to-date: /home/moveit/install/moveit_ros_planning/lib/libmoveit_collision_plugin_loader.so
[0.593s] -- Up-to-date: /home/moveit/install/moveit_ros_planning/lib/libmoveit_default_planning_request_adapter_plugins.so.2.9.0
[0.593s] -- Up-to-date: /home/moveit/install/moveit_ros_planning/lib/libmoveit_default_planning_request_adapter_plugins.so
[0.594s] -- Up-to-date: /home/moveit/install/moveit_ros_planning/lib/libmoveit_default_planning_response_adapter_plugins.so.2.9.0
[0.594s] -- Up-to-date: /home/moveit/install/moveit_ros_planning/lib/libmoveit_default_planning_response_adapter_plugins.so
[0.594s] -- Up-to-date: /home/moveit/install/moveit_ros_planning/lib/libmoveit_cpp.so.2.9.0
[0.595s] -- Up-to-date: /home/moveit/install/moveit_ros_planning/lib/libmoveit_cpp.so
[0.595s] -- Up-to-date: /home/moveit/install/moveit_ros_planning/share/moveit_ros_planning/environment/library_path.sh
[0.595s] -- Up-to-date: /home/moveit/install/moveit_ros_planning/share/moveit_ros_planning/environment/library_path.dsv
[0.595s] -- Up-to-date: /home/moveit/install/moveit_ros_planning/share/moveit_ros_planning/default_request_adapters_plugin_description.xml
[0.595s] -- Up-to-date: /home/moveit/install/moveit_ros_planning/share/moveit_ros_planning/default_response_adapters_plugin_description.xml
[0.595s] -- Up-to-date: /home/moveit/install/moveit_ros_planning/share/moveit_ros_planning/planning_pipeline_test_plugins_description.xml
[0.595s] -- Up-to-date: /home/moveit/install/moveit_ros_planning/share/ament_index/resource_index/package_run_dependencies/moveit_ros_planning
[0.595s] -- Up-to-date: /home/moveit/install/moveit_ros_planning/share/ament_index/resource_index/parent_prefix_path/moveit_ros_planning
[0.595s] -- Up-to-date: /home/moveit/install/moveit_ros_planning/share/moveit_ros_planning/environment/ament_prefix_path.sh
[0.596s] -- Up-to-date: /home/moveit/install/moveit_ros_planning/share/moveit_ros_planning/environment/ament_prefix_path.dsv
[0.596s] -- Up-to-date: /home/moveit/install/moveit_ros_planning/share/moveit_ros_planning/environment/path.sh
[0.596s] -- Up-to-date: /home/moveit/install/moveit_ros_planning/share/moveit_ros_planning/environment/path.dsv
[0.596s] -- Up-to-date: /home/moveit/install/moveit_ros_planning/share/moveit_ros_planning/local_setup.bash
[0.596s] -- Up-to-date: /home/moveit/install/moveit_ros_planning/share/moveit_ros_planning/local_setup.sh
[0.596s] -- Up-to-date: /home/moveit/install/moveit_ros_planning/share/moveit_ros_planning/local_setup.zsh
[0.596s] -- Up-to-date: /home/moveit/install/moveit_ros_planning/share/moveit_ros_planning/local_setup.dsv
[0.596s] -- Installing: /home/moveit/install/moveit_ros_planning/share/moveit_ros_planning/package.dsv
[0.596s] -- Up-to-date: /home/moveit/install/moveit_ros_planning/share/ament_index/resource_index/packages/moveit_ros_planning
[0.596s] -- Up-to-date: /home/moveit/install/moveit_ros_planning/share/ament_index/resource_index/moveit_core__pluginlib__plugin/moveit_ros_planning
[0.596s] -- Up-to-date: /home/moveit/install/moveit_ros_planning/share/moveit_ros_planning/cmake/moveit_ros_planningTargetsExport.cmake
[0.597s] -- Up-to-date: /home/moveit/install/moveit_ros_planning/share/moveit_ros_planning/cmake/moveit_ros_planningTargetsExport-release.cmake
[0.597s] -- Up-to-date: /home/moveit/install/moveit_ros_planning/share/moveit_ros_planning/cmake/ConfigExtras.cmake
[0.597s] -- Up-to-date: /home/moveit/install/moveit_ros_planning/share/moveit_ros_planning/cmake/ament_cmake_export_targets-extras.cmake
[0.597s] -- Up-to-date: /home/moveit/install/moveit_ros_planning/share/moveit_ros_planning/cmake/ament_cmake_export_dependencies-extras.cmake
[0.597s] -- Up-to-date: /home/moveit/install/moveit_ros_planning/share/moveit_ros_planning/cmake/moveit_ros_planningConfig.cmake
[0.597s] -- Up-to-date: /home/moveit/install/moveit_ros_planning/share/moveit_ros_planning/cmake/moveit_ros_planningConfig-version.cmake
[0.597s] -- Up-to-date: /home/moveit/install/moveit_ros_planning/share/moveit_ros_planning/package.xml
[0.599s] Invoked command in '/home/moveit/build/moveit_ros_planning' returned '0': CMAKE_PREFIX_PATH=/home/moveit/install/moveit_ros_occupancy_map_monitor:/home/moveit/install/moveit_core:/home/moveit/install/moveit_resources_panda_moveit_config:/home/moveit/install/moveit_resources_panda_description:/home/moveit/install/moveit_msgs:/home/moveit/install/moveit_common:/home/humble_ws/install/antworker_moveit_description:/home/moveit/install/pilz_industrial_motion_planner_testutils:/home/moveit/install/moveit_runtime:/home/moveit/install/moveit:/home/moveit/install/moveit_planners:/home/moveit/install/pilz_industrial_motion_planner:/home/moveit/install/moveit_ros_control_interface:/home/moveit/install/moveit_plugins:/home/moveit/install/moveit_simple_controller_manager:/home/moveit/install/moveit_setup_assistant:/home/moveit/install/moveit_setup_srdf_plugins:/home/moveit/install/moveit_setup_core_plugins:/home/moveit/install/moveit_setup_controllers:/home/moveit/install/moveit_setup_app_plugins:/home/moveit/install/moveit_setup_framework:/home/moveit/install/moveit_servo:/home/moveit/install/moveit_ros:/home/moveit/install/moveit_ros_visualization:/home/moveit/install/moveit_py:/home/moveit/install/moveit_hybrid_planning:/home/moveit/install/moveit_ros_planning_interface:/home/moveit/install/moveit_ros_benchmarks:/home/moveit/install/moveit_ros_warehouse:/home/moveit/install/moveit_ros_robot_interaction:/home/moveit/install/moveit_ros_perception:/home/moveit/install/moveit_resources_prbt_pg70_support:/home/moveit/install/moveit_resources_prbt_moveit_config:/home/moveit/install/moveit_ros_move_group:/home/moveit/install/moveit_planners_ompl:/home/moveit/install/moveit_kinematics:/home/moveit/install/moveit_ros_planning:/home/moveit/install/moveit_resources_prbt_support:/home/moveit/install/moveit_resources_prbt_ikfast_manipulator_plugin:/home/moveit/install/moveit_resources:/home/moveit/install/moveit_resources_pr2_description:/home/moveit/install/dual_arm_panda_moveit_config:/home/moveit/install/moveit_resources_fanuc_moveit_config:/home/moveit/install/moveit_resources_fanuc_description:/home/moveit/install/moveit_planners_stomp:/home/moveit/install/moveit_planners_chomp:/home/moveit/install/chomp_motion_planner:/home/humble_ws/install/moveit_rolling_humble_interface:/home/humble_ws/install/kortex_interface:/home/humble_ws/install/attempt_py_moveit:/home/humble_ws/install/antworker_navigation:/home/humble_ws/install/antworker_isaacsim_world:/home/humble_ws/install/antworker_description:/home/moveit/install/moveit_configs_utils:/opt/ros/humble LD_LIBRARY_PATH=/home/moveit/install/moveit_ros_occupancy_map_monitor/lib:/home/moveit/install/moveit_core/lib:/home/moveit/install/moveit_msgs/lib:/home/moveit/install/pilz_industrial_motion_planner_testutils/lib:/home/moveit/install/pilz_industrial_motion_planner/lib:/home/moveit/install/moveit_ros_control_interface/lib:/home/moveit/install/moveit_simple_controller_manager/lib:/home/moveit/install/moveit_setup_assistant/lib:/home/moveit/install/moveit_setup_srdf_plugins/lib:/home/moveit/install/moveit_setup_core_plugins/lib:/home/moveit/install/moveit_setup_controllers/lib:/home/moveit/install/moveit_setup_app_plugins/lib:/home/moveit/install/moveit_setup_framework/lib:/home/moveit/install/moveit_servo/lib:/home/moveit/install/moveit_ros_visualization/lib:/home/moveit/install/moveit_py/lib:/home/moveit/install/moveit_hybrid_planning/lib:/home/moveit/install/moveit_ros_planning_interface/lib:/home/moveit/install/moveit_ros_benchmarks/lib:/home/moveit/install/moveit_ros_warehouse/lib:/home/moveit/install/moveit_ros_robot_interaction/lib:/home/moveit/install/moveit_ros_perception/lib:/home/moveit/install/moveit_ros_move_group/lib:/home/moveit/install/moveit_planners_ompl/lib:/home/moveit/install/moveit_kinematics/lib:/home/moveit/install/moveit_ros_planning/lib:/home/moveit/install/moveit_resources_prbt_ikfast_manipulator_plugin/lib:/home/moveit/install/moveit_planners_stomp/lib:/home/moveit/install/moveit_planners_chomp/lib:/home/moveit/install/chomp_motion_planner/lib:/opt/ros/humble/opt/rviz_ogre_vendor/lib:/opt/ros/humble/lib/x86_64-linux-gnu:/opt/ros/humble/lib /usr/bin/cmake --install /home/moveit/build/moveit_ros_planning
