[0.825s] Invoking command in '/home/humble_ws/src/antworker_description': PYTHONPATH=/home/humble_ws/build/antworker_description/prefix_override:/home/humble_ws/install/antworker_description/lib/python3.10/site-packages:${PYTHONPATH} /usr/bin/python3 -W ignore:setup.py install is deprecated setup.py egg_info --egg-base ../../build/antworker_description build --build-base /home/humble_ws/build/antworker_description/build install --record /home/humble_ws/build/antworker_description/install.log --single-version-externally-managed install_data
[0.987s] running egg_info
[0.987s] writing ../../build/antworker_description/antworker_description.egg-info/PKG-INFO
[0.988s] writing dependency_links to ../../build/antworker_description/antworker_description.egg-info/dependency_links.txt
[0.988s] writing entry points to ../../build/antworker_description/antworker_description.egg-info/entry_points.txt
[0.988s] writing requirements to ../../build/antworker_description/antworker_description.egg-info/requires.txt
[0.988s] writing top-level names to ../../build/antworker_description/antworker_description.egg-info/top_level.txt
[0.991s] reading manifest file '../../build/antworker_description/antworker_description.egg-info/SOURCES.txt'
[0.992s] writing manifest file '../../build/antworker_description/antworker_description.egg-info/SOURCES.txt'
[0.992s] running build
[0.992s] running build_py
[0.992s] running install
[0.993s] running install_lib
[0.993s] running install_data
[0.994s] running install_egg_info
[0.996s] removing '/home/humble_ws/install/antworker_description/lib/python3.10/site-packages/antworker_description-0.0.0-py3.10.egg-info' (and everything under it)
[0.996s] Copying ../../build/antworker_description/antworker_description.egg-info to /home/humble_ws/install/antworker_description/lib/python3.10/site-packages/antworker_description-0.0.0-py3.10.egg-info
[0.997s] running install_scripts
[1.014s] writing list of installed files to '/home/humble_ws/build/antworker_description/install.log'
[1.037s] Invoked command in '/home/humble_ws/src/antworker_description' returned '0': PYTHONPATH=/home/humble_ws/build/antworker_description/prefix_override:/home/humble_ws/install/antworker_description/lib/python3.10/site-packages:${PYTHONPATH} /usr/bin/python3 -W ignore:setup.py install is deprecated setup.py egg_info --egg-base ../../build/antworker_description build --build-base /home/humble_ws/build/antworker_description/build install --record /home/humble_ws/build/antworker_description/install.log --single-version-externally-managed install_data
