[0.022s] Invoking command in '/home/kortex_ws/build/joint_limits': CMAKE_PREFIX_PATH=/opt/ros/humble /usr/bin/cmake /home/kortex_ws/src/ros2_control/joint_limits -DCMAKE_INSTALL_PREFIX=/home/kortex_ws/install/joint_limits
[0.088s] -- The C compiler identification is GNU 11.4.0
[0.166s] -- The CXX compiler identification is GNU 11.4.0
[0.175s] -- Detecting C compiler ABI info
[0.255s] -- Detecting C compiler ABI info - done
[0.261s] -- Check for working C compiler: /usr/bin/cc - skipped
[0.261s] -- Detecting C compile features
[0.262s] -- Detecting C compile features - done
[0.265s] -- Detecting CXX compiler ABI info
[0.352s] -- Detecting CXX compiler ABI info - done
[0.359s] -- Check for working CXX compiler: /usr/bin/c++ - skipped
[0.359s] -- Detecting CXX compile features
[0.360s] -- Detecting CXX compile features - done
[0.364s] -- Found ament_cmake: 1.3.8 (/opt/ros/humble/share/ament_cmake/cmake)
[0.533s] -- Found Python3: /usr/bin/python3 (found version "3.10.12") found components: Interpreter 
[0.650s] -- Found rclcpp: 16.0.8 (/opt/ros/humble/share/rclcpp/cmake)
[0.712s] -- Found rosidl_generator_c: 3.1.5 (/opt/ros/humble/share/rosidl_generator_c/cmake)
[0.722s] -- Found rosidl_adapter: 3.1.5 (/opt/ros/humble/share/rosidl_adapter/cmake)
[0.733s] -- Found rosidl_generator_cpp: 3.1.5 (/opt/ros/humble/share/rosidl_generator_cpp/cmake)
[0.751s] -- Using all available rosidl_typesupport_c: rosidl_typesupport_fastrtps_c;rosidl_typesupport_introspection_c
[0.779s] -- Using all available rosidl_typesupport_cpp: rosidl_typesupport_fastrtps_cpp;rosidl_typesupport_introspection_cpp
[0.872s] -- Found rmw_implementation_cmake: 6.1.1 (/opt/ros/humble/share/rmw_implementation_cmake/cmake)
[0.877s] -- Found rmw_cyclonedds_cpp: 1.3.4 (/opt/ros/humble/share/rmw_cyclonedds_cpp/cmake)
[0.920s] -- Using RMW implementation 'rmw_cyclonedds_cpp' as default
[0.940s] -- Looking for pthread.h
[1.027s] -- Looking for pthread.h - found
[1.027s] -- Performing Test CMAKE_HAVE_LIBC_PTHREAD
[1.118s] -- Performing Test CMAKE_HAVE_LIBC_PTHREAD - Success
[1.119s] -- Found Threads: TRUE  
[1.274s] -- Found rclcpp_lifecycle: 16.0.8 (/opt/ros/humble/share/rclcpp_lifecycle/cmake)
[1.320s] -- Found ament_cmake_gtest: 1.3.8 (/opt/ros/humble/share/ament_cmake_gtest/cmake)
[1.324s] -- Found launch_testing_ament_cmake: 1.0.5 (/opt/ros/humble/share/launch_testing_ament_cmake/cmake)
[1.329s] -- Found python_cmake_module: 0.10.0 (/opt/ros/humble/share/python_cmake_module/cmake)
[1.349s] -- Found PythonInterp: /usr/bin/python3 (found suitable version "3.10.12", minimum required is "3.6") 
[1.356s] -- Found PythonLibs: /usr/lib/x86_64-linux-gnu/libpython3.10.so (found suitable version "3.10.12", minimum required is "3.5") 
[1.356s] -- Using PYTHON_EXECUTABLE: /usr/bin/python3
[1.356s] -- Using PYTHON_INCLUDE_DIRS: /usr/include/python3.10
[1.356s] -- Using PYTHON_LIBRARIES: /usr/lib/x86_64-linux-gnu/libpython3.10.so
[1.380s] -- Found PythonExtra: .so  
[1.385s] -- Found gtest sources under '/opt/ros/humble/src/gtest_vendor': C++ tests using 'Google Test' will be built
[1.448s] -- Configuring done
[1.461s] -- Generating done
[1.463s] -- Build files have been written to: /home/kortex_ws/build/joint_limits
[1.474s] Invoked command in '/home/kortex_ws/build/joint_limits' returned '0': CMAKE_PREFIX_PATH=/opt/ros/humble /usr/bin/cmake /home/kortex_ws/src/ros2_control/joint_limits -DCMAKE_INSTALL_PREFIX=/home/kortex_ws/install/joint_limits
[1.475s] Invoking command in '/home/kortex_ws/build/joint_limits': CMAKE_PREFIX_PATH=/opt/ros/humble /usr/bin/cmake --build /home/kortex_ws/build/joint_limits -- -j16 -l16
[1.532s] [ 16%] [32mBuilding CXX object gtest/CMakeFiles/gtest.dir/src/gtest-all.cc.o[0m
[1.532s] [ 33%] [32mBuilding CXX object gtest/CMakeFiles/gtest_main.dir/src/gtest_main.cc.o[0m
[2.098s] [ 50%] [32m[1mLinking CXX static library libgtest_main.a[0m
[2.181s] [ 50%] Built target gtest_main
[4.554s] [ 66%] [32m[1mLinking CXX static library libgtest.a[0m
[4.712s] [ 66%] Built target gtest
[4.824s] [ 83%] [32mBuilding CXX object CMakeFiles/joint_limits_rosparam_test.dir/test/joint_limits_rosparam_test.cpp.o[0m
[11.773s] [100%] [32m[1mLinking CXX executable joint_limits_rosparam_test[0m
[12.184s] [100%] Built target joint_limits_rosparam_test
[12.227s] Invoked command in '/home/kortex_ws/build/joint_limits' returned '0': CMAKE_PREFIX_PATH=/opt/ros/humble /usr/bin/cmake --build /home/kortex_ws/build/joint_limits -- -j16 -l16
[12.382s] Invoking command in '/home/kortex_ws/build/joint_limits': CMAKE_PREFIX_PATH=/opt/ros/humble /usr/bin/cmake --install /home/kortex_ws/build/joint_limits
[12.395s] -- Install configuration: ""
[12.395s] -- Installing: /home/kortex_ws/install/joint_limits/include
[12.395s] -- Installing: /home/kortex_ws/install/joint_limits/include/joint_limits
[12.395s] -- Installing: /home/kortex_ws/install/joint_limits/include/joint_limits/joint_limits_rosparam.hpp
[12.396s] -- Installing: /home/kortex_ws/install/joint_limits/include/joint_limits/joint_limits.hpp
[12.398s] -- Installing: /home/kortex_ws/install/joint_limits/lib/joint_limits/joint_limits_rosparam_test
[12.412s] -- Set runtime path of "/home/kortex_ws/install/joint_limits/lib/joint_limits/joint_limits_rosparam_test" to ""
[12.412s] -- Installing: /home/kortex_ws/install/joint_limits/share/joint_limits/test/joint_limits_rosparam.yaml
[12.413s] -- Installing: /home/kortex_ws/install/joint_limits/share/ament_index/resource_index/package_run_dependencies/joint_limits
[12.413s] -- Installing: /home/kortex_ws/install/joint_limits/share/ament_index/resource_index/parent_prefix_path/joint_limits
[12.414s] -- Installing: /home/kortex_ws/install/joint_limits/share/joint_limits/environment/ament_prefix_path.sh
[12.414s] -- Installing: /home/kortex_ws/install/joint_limits/share/joint_limits/environment/ament_prefix_path.dsv
[12.414s] -- Installing: /home/kortex_ws/install/joint_limits/share/joint_limits/environment/path.sh
[12.414s] -- Installing: /home/kortex_ws/install/joint_limits/share/joint_limits/environment/path.dsv
[12.415s] -- Installing: /home/kortex_ws/install/joint_limits/share/joint_limits/local_setup.bash
[12.415s] -- Installing: /home/kortex_ws/install/joint_limits/share/joint_limits/local_setup.sh
[12.415s] -- Installing: /home/kortex_ws/install/joint_limits/share/joint_limits/local_setup.zsh
[12.415s] -- Installing: /home/kortex_ws/install/joint_limits/share/joint_limits/local_setup.dsv
[12.416s] -- Installing: /home/kortex_ws/install/joint_limits/share/joint_limits/package.dsv
[12.416s] -- Installing: /home/kortex_ws/install/joint_limits/share/ament_index/resource_index/packages/joint_limits
[12.416s] -- Installing: /home/kortex_ws/install/joint_limits/share/joint_limits/cmake/ament_cmake_export_dependencies-extras.cmake
[12.417s] -- Installing: /home/kortex_ws/install/joint_limits/share/joint_limits/cmake/ament_cmake_export_include_directories-extras.cmake
[12.417s] -- Installing: /home/kortex_ws/install/joint_limits/share/joint_limits/cmake/joint_limitsConfig.cmake
[12.417s] -- Installing: /home/kortex_ws/install/joint_limits/share/joint_limits/cmake/joint_limitsConfig-version.cmake
[12.417s] -- Installing: /home/kortex_ws/install/joint_limits/share/joint_limits/package.xml
[12.427s] Invoked command in '/home/kortex_ws/build/joint_limits' returned '0': CMAKE_PREFIX_PATH=/opt/ros/humble /usr/bin/cmake --install /home/kortex_ws/build/joint_limits
