[0.438s] Invoking command in '/home/moveit/src/moveit2/moveit_configs_utils': PYTHONPATH=/home/moveit/build/moveit_configs_utils/prefix_override:/home/moveit/install/moveit_configs_utils/lib/python3.10/site-packages:${PYTHONPATH} /usr/bin/python3 -W ignore:setup.py install is deprecated setup.py egg_info --egg-base ../../../build/moveit_configs_utils build --build-base /home/moveit/build/moveit_configs_utils/build install --record /home/moveit/build/moveit_configs_utils/install.log --single-version-externally-managed install_data
[0.595s] running egg_info
[0.596s] creating ../../../build/moveit_configs_utils/moveit_configs_utils.egg-info
[0.596s] writing ../../../build/moveit_configs_utils/moveit_configs_utils.egg-info/PKG-INFO
[0.596s] writing dependency_links to ../../../build/moveit_configs_utils/moveit_configs_utils.egg-info/dependency_links.txt
[0.596s] writing entry points to ../../../build/moveit_configs_utils/moveit_configs_utils.egg-info/entry_points.txt
[0.596s] writing requirements to ../../../build/moveit_configs_utils/moveit_configs_utils.egg-info/requires.txt
[0.596s] writing top-level names to ../../../build/moveit_configs_utils/moveit_configs_utils.egg-info/top_level.txt
[0.596s] writing manifest file '../../../build/moveit_configs_utils/moveit_configs_utils.egg-info/SOURCES.txt'
[0.597s] reading manifest file '../../../build/moveit_configs_utils/moveit_configs_utils.egg-info/SOURCES.txt'
[0.598s] writing manifest file '../../../build/moveit_configs_utils/moveit_configs_utils.egg-info/SOURCES.txt'
[0.598s] running build
[0.598s] running build_py
[0.598s] creating /home/moveit/build/moveit_configs_utils/build
[0.598s] creating /home/moveit/build/moveit_configs_utils/build/lib
[0.598s] creating /home/moveit/build/moveit_configs_utils/build/lib/moveit_configs_utils
[0.598s] copying moveit_configs_utils/launch_utils.py -> /home/moveit/build/moveit_configs_utils/build/lib/moveit_configs_utils
[0.598s] copying moveit_configs_utils/launches.py -> /home/moveit/build/moveit_configs_utils/build/lib/moveit_configs_utils
[0.598s] copying moveit_configs_utils/__init__.py -> /home/moveit/build/moveit_configs_utils/build/lib/moveit_configs_utils
[0.599s] copying moveit_configs_utils/moveit_configs_builder.py -> /home/moveit/build/moveit_configs_utils/build/lib/moveit_configs_utils
[0.599s] creating /home/moveit/build/moveit_configs_utils/build/lib/moveit_configs_utils/substitutions
[0.599s] copying moveit_configs_utils/substitutions/xacro.py -> /home/moveit/build/moveit_configs_utils/build/lib/moveit_configs_utils/substitutions
[0.599s] copying moveit_configs_utils/substitutions/__init__.py -> /home/moveit/build/moveit_configs_utils/build/lib/moveit_configs_utils/substitutions
[0.599s] running install
[0.599s] running install_lib
[0.600s] creating /home/moveit/install/moveit_configs_utils/lib/python3.10/site-packages/moveit_configs_utils
[0.600s] copying /home/moveit/build/moveit_configs_utils/build/lib/moveit_configs_utils/launch_utils.py -> /home/moveit/install/moveit_configs_utils/lib/python3.10/site-packages/moveit_configs_utils
[0.600s] creating /home/moveit/install/moveit_configs_utils/lib/python3.10/site-packages/moveit_configs_utils/substitutions
[0.600s] copying /home/moveit/build/moveit_configs_utils/build/lib/moveit_configs_utils/substitutions/xacro.py -> /home/moveit/install/moveit_configs_utils/lib/python3.10/site-packages/moveit_configs_utils/substitutions
[0.600s] copying /home/moveit/build/moveit_configs_utils/build/lib/moveit_configs_utils/substitutions/__init__.py -> /home/moveit/install/moveit_configs_utils/lib/python3.10/site-packages/moveit_configs_utils/substitutions
[0.600s] copying /home/moveit/build/moveit_configs_utils/build/lib/moveit_configs_utils/launches.py -> /home/moveit/install/moveit_configs_utils/lib/python3.10/site-packages/moveit_configs_utils
[0.600s] copying /home/moveit/build/moveit_configs_utils/build/lib/moveit_configs_utils/__init__.py -> /home/moveit/install/moveit_configs_utils/lib/python3.10/site-packages/moveit_configs_utils
[0.600s] copying /home/moveit/build/moveit_configs_utils/build/lib/moveit_configs_utils/moveit_configs_builder.py -> /home/moveit/install/moveit_configs_utils/lib/python3.10/site-packages/moveit_configs_utils
[0.601s] byte-compiling /home/moveit/install/moveit_configs_utils/lib/python3.10/site-packages/moveit_configs_utils/launch_utils.py to launch_utils.cpython-310.pyc
[0.601s] byte-compiling /home/moveit/install/moveit_configs_utils/lib/python3.10/site-packages/moveit_configs_utils/substitutions/xacro.py to xacro.cpython-310.pyc
[0.601s] byte-compiling /home/moveit/install/moveit_configs_utils/lib/python3.10/site-packages/moveit_configs_utils/substitutions/__init__.py to __init__.cpython-310.pyc
[0.602s] byte-compiling /home/moveit/install/moveit_configs_utils/lib/python3.10/site-packages/moveit_configs_utils/launches.py to launches.cpython-310.pyc
[0.603s] byte-compiling /home/moveit/install/moveit_configs_utils/lib/python3.10/site-packages/moveit_configs_utils/__init__.py to __init__.cpython-310.pyc
[0.603s] byte-compiling /home/moveit/install/moveit_configs_utils/lib/python3.10/site-packages/moveit_configs_utils/moveit_configs_builder.py to moveit_configs_builder.cpython-310.pyc
[0.604s] running install_data
[0.604s] creating /home/moveit/install/moveit_configs_utils/share/ament_index
[0.604s] creating /home/moveit/install/moveit_configs_utils/share/ament_index/resource_index
[0.604s] creating /home/moveit/install/moveit_configs_utils/share/ament_index/resource_index/packages
[0.605s] copying resource/moveit_configs_utils -> /home/moveit/install/moveit_configs_utils/share/ament_index/resource_index/packages
[0.605s] copying package.xml -> /home/moveit/install/moveit_configs_utils/share/moveit_configs_utils
[0.605s] creating /home/moveit/install/moveit_configs_utils/share/moveit_configs_utils/default_configs
[0.605s] copying default_configs/stomp_planning.yaml -> /home/moveit/install/moveit_configs_utils/share/moveit_configs_utils/default_configs
[0.605s] copying default_configs/chomp_planning.yaml -> /home/moveit/install/moveit_configs_utils/share/moveit_configs_utils/default_configs
[0.605s] copying default_configs/ompl_defaults.yaml -> /home/moveit/install/moveit_configs_utils/share/moveit_configs_utils/default_configs
[0.605s] copying default_configs/ompl_planning.yaml -> /home/moveit/install/moveit_configs_utils/share/moveit_configs_utils/default_configs
[0.605s] copying default_configs/pilz_industrial_motion_planner_planning.yaml -> /home/moveit/install/moveit_configs_utils/share/moveit_configs_utils/default_configs
[0.605s] running install_egg_info
[0.606s] Copying ../../../build/moveit_configs_utils/moveit_configs_utils.egg-info to /home/moveit/install/moveit_configs_utils/lib/python3.10/site-packages/moveit_configs_utils-2.9.0-py3.10.egg-info
[0.607s] running install_scripts
[0.622s] writing list of installed files to '/home/moveit/build/moveit_configs_utils/install.log'
[0.640s] Invoked command in '/home/moveit/src/moveit2/moveit_configs_utils' returned '0': PYTHONPATH=/home/moveit/build/moveit_configs_utils/prefix_override:/home/moveit/install/moveit_configs_utils/lib/python3.10/site-packages:${PYTHONPATH} /usr/bin/python3 -W ignore:setup.py install is deprecated setup.py egg_info --egg-base ../../../build/moveit_configs_utils build --build-base /home/moveit/build/moveit_configs_utils/build install --record /home/moveit/build/moveit_configs_utils/install.log --single-version-externally-managed install_data
